INFO:root:*** PARAMETERS ***
INFO:root:{'adj_mat_time_window': 1,
 'class_weights': [0.8, 0.2],
 'comments': ['comments'],
 'data': 'sbm50',
 'data_loading_params': {'batch_size': 1, 'num_workers': 0},
 'dev_proportion': 0.1,
 'device': 'cpu',
 'early_stop_patience': 50,
 'eval_after_epochs': 5,
 'gcn_parameters': {'cls_feats': 100,
                    'cls_feats_max': 800,
                    'cls_feats_min': 100,
                    'feats_per_node': 100,
                    'feats_per_node_max': 256,
                    'feats_per_node_min': 50,
                    'k_top_grcu': 200,
                    'layer_1_feats': 100,
                    'layer_1_feats_max': 200,
                    'layer_1_feats_min': 10,
                    'layer_2_feats': 100,
                    'layer_2_feats_same_as_l1': True,
                    'lstm_l1_feats': 100,
                    'lstm_l1_feats_max': 200,
                    'lstm_l1_feats_min': 10,
                    'lstm_l1_layers': 1,
                    'lstm_l2_feats': 100,
                    'lstm_l2_feats_same_as_l1': True,
                    'lstm_l2_layers': 1,
                    'num_layers': 2},
 'learning_rate': 0.000432876,
 'learning_rate_max': 0.1,
 'learning_rate_min': 0.0001,
 'model': 'egcn_o',
 'negative_mult_test': 100,
 'negative_mult_training': 50,
 'num_epochs': 10,
 'num_hist_steps': 1,
 'num_hist_steps_max': 10,
 'num_hist_steps_min': 1,
 'rank': 0,
 'save_node_embeddings': False,
 'sbm50_args': {'aggr_time': 1,
                'edges_file': 'adj_monthly_sparse.csv',
                'feats_per_node': 3,
                'folder': './data/'},
 'sbm_args': <utils.Namespace object at 0x7fcfd5473048>,
 'seed': 1234,
 'smart_neg_sampling': True,
 'steps_accum_gradients': 1,
 'target_class': 1,
 'target_measure': 'MAP',
 'task': 'link_pred',
 'train_proportion': 0.7,
 'use_1_hot_node_feats': True,
 'use_2_hot_node_feats': False,
 'use_cuda': False,
 'use_logfile': True,
 'wsize': 1}
INFO:root:
INFO:root:################ TRAIN epoch 0 ###################
INFO:root:TRAIN mean losses tensor(0.4143)
INFO:root:TRAIN mean errors 0.30758577585220337
INFO:root:TRAIN mean MRR 0.0 - mean MAP 0.2302597165107727
INFO:root:TRAIN tp {0: tensor(9000), 1: tensor(0)},fn {0: tensor(0), 1: tensor(3998)},fp {0: tensor(3998), 1: tensor(0)}
INFO:root:TRAIN measures microavg - precision 0.6924 - recall 0.6924 - f1 0.6924 
INFO:root:TRAIN measures for class 0 - precision 0.6924 - recall 1.0000 - f1 0.8183 
INFO:root:TRAIN measures for class 1 - precision 0.0000 - recall 0.0000 - f1 0.0000 
INFO:root:TRAIN measures@10 microavg - precision 0.2467 - recall 0.0028 - f1 0.0056 
INFO:root:TRAIN measures@10 for class 0 - precision 0.2467 - recall 0.0041 - f1 0.0081 
INFO:root:TRAIN measures@10 for class 1 - precision 0.0000 - recall 0.0000 - f1 0.0000 
INFO:root:TRAIN measures@100 microavg - precision 0.4500 - recall 0.0519 - f1 0.0931 
INFO:root:TRAIN measures@100 for class 0 - precision 0.4500 - recall 0.0750 - f1 0.1286 
INFO:root:TRAIN measures@100 for class 1 - precision 0.0000 - recall 0.0000 - f1 0.0000 
INFO:root:TRAIN measures@1000 microavg - precision 0.6924 - recall 0.6924 - f1 0.6924 
INFO:root:TRAIN measures@1000 for class 0 - precision 0.6924 - recall 1.0000 - f1 0.8183 
INFO:root:TRAIN measures@1000 for class 1 - precision 0.0000 - recall 0.0000 - f1 0.0000 
INFO:root:TRAIN Total epoch time: 1.252649299975019
INFO:root:################ TRAIN epoch 1 ###################
INFO:root:TRAIN mean losses tensor(0.3766)
INFO:root:TRAIN mean errors 0.30758577585220337
INFO:root:TRAIN mean MRR 0.0 - mean MAP 0.22945094108581543
INFO:root:TRAIN tp {0: tensor(9000), 1: tensor(0)},fn {0: tensor(0), 1: tensor(3998)},fp {0: tensor(3998), 1: tensor(0)}
INFO:root:TRAIN measures microavg - precision 0.6924 - recall 0.6924 - f1 0.6924 
INFO:root:TRAIN measures for class 0 - precision 0.6924 - recall 1.0000 - f1 0.8183 
INFO:root:TRAIN measures for class 1 - precision 0.0000 - recall 0.0000 - f1 0.0000 
INFO:root:TRAIN measures@10 microavg - precision 0.1533 - recall 0.0018 - f1 0.0035 
INFO:root:TRAIN measures@10 for class 0 - precision 0.1533 - recall 0.0026 - f1 0.0050 
INFO:root:TRAIN measures@10 for class 1 - precision 0.0000 - recall 0.0000 - f1 0.0000 
INFO:root:TRAIN measures@100 microavg - precision 0.3893 - recall 0.0449 - f1 0.0806 
INFO:root:TRAIN measures@100 for class 0 - precision 0.3893 - recall 0.0649 - f1 0.1112 
INFO:root:TRAIN measures@100 for class 1 - precision 0.0000 - recall 0.0000 - f1 0.0000 
INFO:root:TRAIN measures@1000 microavg - precision 0.6924 - recall 0.6924 - f1 0.6924 
INFO:root:TRAIN measures@1000 for class 0 - precision 0.6924 - recall 1.0000 - f1 0.8183 
INFO:root:TRAIN measures@1000 for class 1 - precision 0.0000 - recall 0.0000 - f1 0.0000 
INFO:root:TRAIN Total epoch time: 1.3900286000280175
INFO:root:################ TRAIN epoch 2 ###################
INFO:root:TRAIN mean losses tensor(0.2555)
INFO:root:TRAIN mean errors 0.3076094388961792
INFO:root:TRAIN mean MRR 0.0 - mean MAP 0.2298714965581894
INFO:root:TRAIN tp {0: tensor(8999), 1: tensor(0)},fn {0: tensor(0), 1: tensor(3998)},fp {0: tensor(3998), 1: tensor(0)}
INFO:root:TRAIN measures microavg - precision 0.6924 - recall 0.6924 - f1 0.6924 
INFO:root:TRAIN measures for class 0 - precision 0.6924 - recall 1.0000 - f1 0.8182 
INFO:root:TRAIN measures for class 1 - precision 0.0000 - recall 0.0000 - f1 0.0000 
INFO:root:TRAIN measures@10 microavg - precision 0.1733 - recall 0.0020 - f1 0.0040 
INFO:root:TRAIN measures@10 for class 0 - precision 0.1733 - recall 0.0029 - f1 0.0057 
INFO:root:TRAIN measures@10 for class 1 - precision 0.0000 - recall 0.0000 - f1 0.0000 
INFO:root:TRAIN measures@100 microavg - precision 0.3653 - recall 0.0422 - f1 0.0756 
INFO:root:TRAIN measures@100 for class 0 - precision 0.3653 - recall 0.0609 - f1 0.1044 
INFO:root:TRAIN measures@100 for class 1 - precision 0.0000 - recall 0.0000 - f1 0.0000 
INFO:root:TRAIN measures@1000 microavg - precision 0.6924 - recall 0.6924 - f1 0.6924 
INFO:root:TRAIN measures@1000 for class 0 - precision 0.6924 - recall 1.0000 - f1 0.8182 
INFO:root:TRAIN measures@1000 for class 1 - precision 0.0000 - recall 0.0000 - f1 0.0000 
INFO:root:TRAIN Total epoch time: 1.4399982999893837
INFO:root:################ TRAIN epoch 3 ###################
INFO:root:TRAIN mean losses tensor(0.2372)
INFO:root:TRAIN mean errors 0.3076331317424774
INFO:root:TRAIN mean MRR 0.0 - mean MAP 0.231709823012352
INFO:root:TRAIN tp {0: tensor(8998), 1: tensor(0)},fn {0: tensor(0), 1: tensor(3998)},fp {0: tensor(3998), 1: tensor(0)}
INFO:root:TRAIN measures microavg - precision 0.6924 - recall 0.6924 - f1 0.6924 
INFO:root:TRAIN measures for class 0 - precision 0.6924 - recall 1.0000 - f1 0.8182 
INFO:root:TRAIN measures for class 1 - precision 0.0000 - recall 0.0000 - f1 0.0000 
INFO:root:TRAIN measures@10 microavg - precision 0.1733 - recall 0.0020 - f1 0.0040 
INFO:root:TRAIN measures@10 for class 0 - precision 0.1733 - recall 0.0029 - f1 0.0057 
INFO:root:TRAIN measures@10 for class 1 - precision 0.0000 - recall 0.0000 - f1 0.0000 
INFO:root:TRAIN measures@100 microavg - precision 0.3707 - recall 0.0428 - f1 0.0767 
INFO:root:TRAIN measures@100 for class 0 - precision 0.3707 - recall 0.0618 - f1 0.1059 
INFO:root:TRAIN measures@100 for class 1 - precision 0.0000 - recall 0.0000 - f1 0.0000 
INFO:root:TRAIN measures@1000 microavg - precision 0.6924 - recall 0.6924 - f1 0.6924 
INFO:root:TRAIN measures@1000 for class 0 - precision 0.6924 - recall 1.0000 - f1 0.8182 
INFO:root:TRAIN measures@1000 for class 1 - precision 0.0000 - recall 0.0000 - f1 0.0000 
INFO:root:TRAIN Total epoch time: 1.345335599995451
INFO:root:################ TRAIN epoch 4 ###################
INFO:root:TRAIN mean losses tensor(0.2210)
INFO:root:TRAIN mean errors 0.3076094388961792
INFO:root:TRAIN mean MRR 0.0 - mean MAP 0.2364451140165329
INFO:root:TRAIN tp {0: tensor(8999), 1: tensor(0)},fn {0: tensor(0), 1: tensor(3998)},fp {0: tensor(3998), 1: tensor(0)}
INFO:root:TRAIN measures microavg - precision 0.6924 - recall 0.6924 - f1 0.6924 
INFO:root:TRAIN measures for class 0 - precision 0.6924 - recall 1.0000 - f1 0.8182 
INFO:root:TRAIN measures for class 1 - precision 0.0000 - recall 0.0000 - f1 0.0000 
INFO:root:TRAIN measures@10 microavg - precision 0.1467 - recall 0.0017 - f1 0.0033 
INFO:root:TRAIN measures@10 for class 0 - precision 0.1467 - recall 0.0024 - f1 0.0048 
INFO:root:TRAIN measures@10 for class 1 - precision 0.0000 - recall 0.0000 - f1 0.0000 
INFO:root:TRAIN measures@100 microavg - precision 0.3767 - recall 0.0435 - f1 0.0779 
INFO:root:TRAIN measures@100 for class 0 - precision 0.3767 - recall 0.0628 - f1 0.1076 
INFO:root:TRAIN measures@100 for class 1 - precision 0.0000 - recall 0.0000 - f1 0.0000 
INFO:root:TRAIN measures@1000 microavg - precision 0.6924 - recall 0.6924 - f1 0.6924 
INFO:root:TRAIN measures@1000 for class 0 - precision 0.6924 - recall 1.0000 - f1 0.8182 
INFO:root:TRAIN measures@1000 for class 1 - precision 0.0000 - recall 0.0000 - f1 0.0000 
INFO:root:TRAIN Total epoch time: 1.530330600013258
INFO:root:################ TRAIN epoch 5 ###################
INFO:root:TRAIN mean losses tensor(0.2196)
INFO:root:TRAIN mean errors 0.30758577585220337
INFO:root:TRAIN mean MRR 0.0 - mean MAP 0.242509126663208
INFO:root:TRAIN tp {0: tensor(9000), 1: tensor(0)},fn {0: tensor(0), 1: tensor(3998)},fp {0: tensor(3998), 1: tensor(0)}
INFO:root:TRAIN measures microavg - precision 0.6924 - recall 0.6924 - f1 0.6924 
INFO:root:TRAIN measures for class 0 - precision 0.6924 - recall 1.0000 - f1 0.8183 
INFO:root:TRAIN measures for class 1 - precision 0.0000 - recall 0.0000 - f1 0.0000 
INFO:root:TRAIN measures@10 microavg - precision 0.1533 - recall 0.0018 - f1 0.0035 
INFO:root:TRAIN measures@10 for class 0 - precision 0.1533 - recall 0.0026 - f1 0.0050 
INFO:root:TRAIN measures@10 for class 1 - precision 0.0000 - recall 0.0000 - f1 0.0000 
INFO:root:TRAIN measures@100 microavg - precision 0.3960 - recall 0.0457 - f1 0.0819 
INFO:root:TRAIN measures@100 for class 0 - precision 0.3960 - recall 0.0660 - f1 0.1131 
INFO:root:TRAIN measures@100 for class 1 - precision 0.0000 - recall 0.0000 - f1 0.0000 
INFO:root:TRAIN measures@1000 microavg - precision 0.6924 - recall 0.6924 - f1 0.6924 
INFO:root:TRAIN measures@1000 for class 0 - precision 0.6924 - recall 1.0000 - f1 0.8183 
INFO:root:TRAIN measures@1000 for class 1 - precision 0.0000 - recall 0.0000 - f1 0.0000 
INFO:root:TRAIN Total epoch time: 1.4555656999873463
INFO:root:################ TRAIN epoch 6 ###################
INFO:root:TRAIN mean losses tensor(0.2171)
INFO:root:TRAIN mean errors 0.30756211280822754
INFO:root:TRAIN mean MRR 0.0 - mean MAP 0.25210294127464294
INFO:root:TRAIN tp {0: tensor(9001), 1: tensor(0)},fn {0: tensor(0), 1: tensor(3998)},fp {0: tensor(3998), 1: tensor(0)}
INFO:root:TRAIN measures microavg - precision 0.6924 - recall 0.6924 - f1 0.6924 
INFO:root:TRAIN measures for class 0 - precision 0.6924 - recall 1.0000 - f1 0.8183 
INFO:root:TRAIN measures for class 1 - precision 0.0000 - recall 0.0000 - f1 0.0000 
INFO:root:TRAIN measures@10 microavg - precision 0.1467 - recall 0.0017 - f1 0.0033 
INFO:root:TRAIN measures@10 for class 0 - precision 0.1467 - recall 0.0024 - f1 0.0048 
INFO:root:TRAIN measures@10 for class 1 - precision 0.0000 - recall 0.0000 - f1 0.0000 
INFO:root:TRAIN measures@100 microavg - precision 0.4347 - recall 0.0502 - f1 0.0899 
INFO:root:TRAIN measures@100 for class 0 - precision 0.4347 - recall 0.0724 - f1 0.1242 
INFO:root:TRAIN measures@100 for class 1 - precision 0.0000 - recall 0.0000 - f1 0.0000 
INFO:root:TRAIN measures@1000 microavg - precision 0.6924 - recall 0.6924 - f1 0.6924 
INFO:root:TRAIN measures@1000 for class 0 - precision 0.6924 - recall 1.0000 - f1 0.8183 
INFO:root:TRAIN measures@1000 for class 1 - precision 0.0000 - recall 0.0000 - f1 0.0000 
INFO:root:TRAIN Total epoch time: 1.1301422999822535
INFO:root:################ VALID epoch 6 ###################
INFO:root:VALID mean losses tensor(0.1661)
INFO:root:VALID mean errors 0.14277777075767517
INFO:root:VALID mean MRR 0.11191129684448242 - mean MAP 0.10283782333135605
INFO:root:VALID tp {0: tensor(1543), 1: tensor(0)},fn {0: tensor(0), 1: tensor(257)},fp {0: tensor(257), 1: tensor(0)}
INFO:root:VALID measures microavg - precision 0.8572 - recall 0.8572 - f1 0.8572 
INFO:root:VALID measures for class 0 - precision 0.8572 - recall 1.0000 - f1 0.9231 
INFO:root:VALID measures for class 1 - precision 0.0000 - recall 0.0000 - f1 0.0000 
INFO:root:VALID measures@10 microavg - precision 0.5500 - recall 0.0061 - f1 0.0121 
INFO:root:VALID measures@10 for class 0 - precision 0.5500 - recall 0.0071 - f1 0.0141 
INFO:root:VALID measures@10 for class 1 - precision 0.0000 - recall 0.0000 - f1 0.0000 
INFO:root:VALID measures@100 microavg - precision 0.6800 - recall 0.0756 - f1 0.1360 
INFO:root:VALID measures@100 for class 0 - precision 0.6800 - recall 0.0881 - f1 0.1561 
INFO:root:VALID measures@100 for class 1 - precision 0.0000 - recall 0.0000 - f1 0.0000 
INFO:root:VALID measures@1000 microavg - precision 0.8572 - recall 0.8572 - f1 0.8572 
INFO:root:VALID measures@1000 for class 0 - precision 0.8572 - recall 1.0000 - f1 0.9231 
INFO:root:VALID measures@1000 for class 1 - precision 0.0000 - recall 0.0000 - f1 0.0000 
INFO:root:VALID Total epoch time: 0.03762980000465177
INFO:root:################ TEST epoch 6 ###################
INFO:root:TEST batch 1 / 5 - partial error 0.1056 - partial loss 0.1352 - partial MRR  0.1024 - partial MAP 0.0780
INFO:root:TEST batch 1 / 5 -  partial tp {0: tensor(805), 1: tensor(0)},fn {0: tensor(0), 1: tensor(95)},fp {0: tensor(95), 1: tensor(0)}
INFO:root:TEST batch 1 / 5 - measures partial microavg - precision 0.8944 - recall 0.8944 - f1 0.8944 
INFO:root:TEST batch 1 / 5 - measures partial for class 0 - precision 0.8944 - recall 1.0000 - f1 0.9443 
INFO:root:TEST batch 1 / 5 - measures partial for class 1 - precision 0.0000 - recall 0.0000 - f1 0.0000 
INFO:root:TEST batch 1 / 5 - Batch time 0 
INFO:root:TEST batch 2 / 5 - partial error 0.1361 - partial loss 0.1502 - partial MRR  0.1026 - partial MAP 0.0957
INFO:root:TEST batch 2 / 5 -  partial tp {0: tensor(750), 1: tensor(0)},fn {0: tensor(0), 1: tensor(150)},fp {0: tensor(150), 1: tensor(0)}
INFO:root:TEST batch 2 / 5 - measures partial microavg - precision 0.8333 - recall 0.8333 - f1 0.8333 
INFO:root:TEST batch 2 / 5 - measures partial for class 0 - precision 0.8333 - recall 1.0000 - f1 0.9091 
INFO:root:TEST batch 2 / 5 - measures partial for class 1 - precision 0.0000 - recall 0.0000 - f1 0.0000 
INFO:root:TEST batch 2 / 5 - Batch time 0 
INFO:root:TEST batch 3 / 5 - partial error 0.1500 - partial loss 0.1564 - partial MRR  0.1139 - partial MAP 0.1084
INFO:root:TEST batch 3 / 5 -  partial tp {0: tensor(740), 1: tensor(0)},fn {0: tensor(0), 1: tensor(160)},fp {0: tensor(160), 1: tensor(0)}
INFO:root:TEST batch 3 / 5 - measures partial microavg - precision 0.8222 - recall 0.8222 - f1 0.8222 
INFO:root:TEST batch 3 / 5 - measures partial for class 0 - precision 0.8222 - recall 1.0000 - f1 0.9024 
INFO:root:TEST batch 3 / 5 - measures partial for class 1 - precision 0.0000 - recall 0.0000 - f1 0.0000 
INFO:root:TEST batch 3 / 5 - Batch time 0 
INFO:root:TEST batch 4 / 5 - partial error 0.1489 - partial loss 0.1592 - partial MRR  0.1144 - partial MAP 0.1099
INFO:root:TEST batch 4 / 5 -  partial tp {0: tensor(769), 1: tensor(0)},fn {0: tensor(0), 1: tensor(131)},fp {0: tensor(131), 1: tensor(0)}
INFO:root:TEST batch 4 / 5 - measures partial microavg - precision 0.8544 - recall 0.8544 - f1 0.8544 
INFO:root:TEST batch 4 / 5 - measures partial for class 0 - precision 0.8544 - recall 1.0000 - f1 0.9215 
INFO:root:TEST batch 4 / 5 - measures partial for class 1 - precision 0.0000 - recall 0.0000 - f1 0.0000 
INFO:root:TEST batch 4 / 5 - Batch time 0 
INFO:root:TEST batch 5 / 5 - partial error 0.1389 - partial loss 0.1566 - partial MRR  0.1165 - partial MAP 0.1010
INFO:root:TEST batch 5 / 5 -  partial tp {0: tensor(811), 1: tensor(0)},fn {0: tensor(0), 1: tensor(89)},fp {0: tensor(89), 1: tensor(0)}
INFO:root:TEST batch 5 / 5 - measures partial microavg - precision 0.9011 - recall 0.9011 - f1 0.9011 
INFO:root:TEST batch 5 / 5 - measures partial for class 0 - precision 0.9011 - recall 1.0000 - f1 0.9480 
INFO:root:TEST batch 5 / 5 - measures partial for class 1 - precision 0.0000 - recall 0.0000 - f1 0.0000 
INFO:root:TEST batch 5 / 5 - Batch time 0 
INFO:root:TEST mean losses tensor(0.1566)
INFO:root:TEST mean errors 0.1388888955116272
INFO:root:TEST mean MRR 0.11650659143924713 - mean MAP 0.10099334269762039
INFO:root:TEST tp {0: tensor(3875), 1: tensor(0)},fn {0: tensor(0), 1: tensor(625)},fp {0: tensor(625), 1: tensor(0)}
INFO:root:TEST measures microavg - precision 0.8611 - recall 0.8611 - f1 0.8611 
INFO:root:TEST measures for class 0 - precision 0.8611 - recall 1.0000 - f1 0.9254 
INFO:root:TEST measures for class 1 - precision 0.0000 - recall 0.0000 - f1 0.0000 
INFO:root:TEST measures@10 microavg - precision 0.3800 - recall 0.0042 - f1 0.0084 
INFO:root:TEST measures@10 for class 0 - precision 0.3800 - recall 0.0049 - f1 0.0097 
INFO:root:TEST measures@10 for class 1 - precision 0.0000 - recall 0.0000 - f1 0.0000 
INFO:root:TEST measures@100 microavg - precision 0.7020 - recall 0.0780 - f1 0.1404 
INFO:root:TEST measures@100 for class 0 - precision 0.7020 - recall 0.0906 - f1 0.1605 
INFO:root:TEST measures@100 for class 1 - precision 0.0000 - recall 0.0000 - f1 0.0000 
INFO:root:TEST measures@1000 microavg - precision 0.8611 - recall 0.8611 - f1 0.8611 
INFO:root:TEST measures@1000 for class 0 - precision 0.8611 - recall 1.0000 - f1 0.9254 
INFO:root:TEST measures@1000 for class 1 - precision 0.0000 - recall 0.0000 - f1 0.0000 
INFO:root:TEST Total epoch time: 0.11588830000255257
INFO:root:################ TRAIN epoch 7 ###################
INFO:root:TRAIN mean losses tensor(0.2159)
INFO:root:TRAIN mean errors 0.30756211280822754
INFO:root:TRAIN mean MRR 0.0 - mean MAP 0.26458442211151123
INFO:root:TRAIN tp {0: tensor(9001), 1: tensor(0)},fn {0: tensor(0), 1: tensor(3998)},fp {0: tensor(3998), 1: tensor(0)}
INFO:root:TRAIN measures microavg - precision 0.6924 - recall 0.6924 - f1 0.6924 
INFO:root:TRAIN measures for class 0 - precision 0.6924 - recall 1.0000 - f1 0.8183 
INFO:root:TRAIN measures for class 1 - precision 0.0000 - recall 0.0000 - f1 0.0000 
INFO:root:TRAIN measures@10 microavg - precision 0.1533 - recall 0.0018 - f1 0.0035 
INFO:root:TRAIN measures@10 for class 0 - precision 0.1533 - recall 0.0026 - f1 0.0050 
INFO:root:TRAIN measures@10 for class 1 - precision 0.0000 - recall 0.0000 - f1 0.0000 
INFO:root:TRAIN measures@100 microavg - precision 0.4707 - recall 0.0543 - f1 0.0974 
INFO:root:TRAIN measures@100 for class 0 - precision 0.4707 - recall 0.0784 - f1 0.1345 
INFO:root:TRAIN measures@100 for class 1 - precision 0.0000 - recall 0.0000 - f1 0.0000 
INFO:root:TRAIN measures@1000 microavg - precision 0.6924 - recall 0.6924 - f1 0.6924 
INFO:root:TRAIN measures@1000 for class 0 - precision 0.6924 - recall 1.0000 - f1 0.8183 
INFO:root:TRAIN measures@1000 for class 1 - precision 0.0000 - recall 0.0000 - f1 0.0000 
INFO:root:TRAIN Total epoch time: 1.4357343000010587
INFO:root:################ VALID epoch 7 ###################
INFO:root:VALID mean losses tensor(0.1677)
INFO:root:VALID mean errors 0.14277777075767517
INFO:root:VALID mean MRR 0.10908584296703339 - mean MAP 0.10832476615905762
INFO:root:VALID tp {0: tensor(1543), 1: tensor(0)},fn {0: tensor(0), 1: tensor(257)},fp {0: tensor(257), 1: tensor(0)}
INFO:root:VALID measures microavg - precision 0.8572 - recall 0.8572 - f1 0.8572 
INFO:root:VALID measures for class 0 - precision 0.8572 - recall 1.0000 - f1 0.9231 
INFO:root:VALID measures for class 1 - precision 0.0000 - recall 0.0000 - f1 0.0000 
INFO:root:VALID measures@10 microavg - precision 0.5000 - recall 0.0056 - f1 0.0110 
INFO:root:VALID measures@10 for class 0 - precision 0.5000 - recall 0.0065 - f1 0.0128 
INFO:root:VALID measures@10 for class 1 - precision 0.0000 - recall 0.0000 - f1 0.0000 
INFO:root:VALID measures@100 microavg - precision 0.7100 - recall 0.0789 - f1 0.1420 
INFO:root:VALID measures@100 for class 0 - precision 0.7100 - recall 0.0920 - f1 0.1629 
INFO:root:VALID measures@100 for class 1 - precision 0.0000 - recall 0.0000 - f1 0.0000 
INFO:root:VALID measures@1000 microavg - precision 0.8572 - recall 0.8572 - f1 0.8572 
INFO:root:VALID measures@1000 for class 0 - precision 0.8572 - recall 1.0000 - f1 0.9231 
INFO:root:VALID measures@1000 for class 1 - precision 0.0000 - recall 0.0000 - f1 0.0000 
INFO:root:VALID Total epoch time: 0.06982440000865608
INFO:root:################ TEST epoch 7 ###################
INFO:root:TEST batch 1 / 5 - partial error 0.1056 - partial loss 0.1374 - partial MRR  0.1030 - partial MAP 0.0820
INFO:root:TEST batch 1 / 5 -  partial tp {0: tensor(805), 1: tensor(0)},fn {0: tensor(0), 1: tensor(95)},fp {0: tensor(95), 1: tensor(0)}
INFO:root:TEST batch 1 / 5 - measures partial microavg - precision 0.8944 - recall 0.8944 - f1 0.8944 
INFO:root:TEST batch 1 / 5 - measures partial for class 0 - precision 0.8944 - recall 1.0000 - f1 0.9443 
INFO:root:TEST batch 1 / 5 - measures partial for class 1 - precision 0.0000 - recall 0.0000 - f1 0.0000 
INFO:root:TEST batch 1 / 5 - Batch time 0 
INFO:root:TEST batch 2 / 5 - partial error 0.1361 - partial loss 0.1518 - partial MRR  0.1051 - partial MAP 0.0998
INFO:root:TEST batch 2 / 5 -  partial tp {0: tensor(750), 1: tensor(0)},fn {0: tensor(0), 1: tensor(150)},fp {0: tensor(150), 1: tensor(0)}
INFO:root:TEST batch 2 / 5 - measures partial microavg - precision 0.8333 - recall 0.8333 - f1 0.8333 
INFO:root:TEST batch 2 / 5 - measures partial for class 0 - precision 0.8333 - recall 1.0000 - f1 0.9091 
INFO:root:TEST batch 2 / 5 - measures partial for class 1 - precision 0.0000 - recall 0.0000 - f1 0.0000 
INFO:root:TEST batch 2 / 5 - Batch time 0 
INFO:root:TEST batch 3 / 5 - partial error 0.1500 - partial loss 0.1579 - partial MRR  0.1156 - partial MAP 0.1130
INFO:root:TEST batch 3 / 5 -  partial tp {0: tensor(740), 1: tensor(0)},fn {0: tensor(0), 1: tensor(160)},fp {0: tensor(160), 1: tensor(0)}
INFO:root:TEST batch 3 / 5 - measures partial microavg - precision 0.8222 - recall 0.8222 - f1 0.8222 
INFO:root:TEST batch 3 / 5 - measures partial for class 0 - precision 0.8222 - recall 1.0000 - f1 0.9024 
INFO:root:TEST batch 3 / 5 - measures partial for class 1 - precision 0.0000 - recall 0.0000 - f1 0.0000 
INFO:root:TEST batch 3 / 5 - Batch time 0 
INFO:root:TEST batch 4 / 5 - partial error 0.1489 - partial loss 0.1608 - partial MRR  0.1154 - partial MAP 0.1150
INFO:root:TEST batch 4 / 5 -  partial tp {0: tensor(769), 1: tensor(0)},fn {0: tensor(0), 1: tensor(131)},fp {0: tensor(131), 1: tensor(0)}
INFO:root:TEST batch 4 / 5 - measures partial microavg - precision 0.8544 - recall 0.8544 - f1 0.8544 
INFO:root:TEST batch 4 / 5 - measures partial for class 0 - precision 0.8544 - recall 1.0000 - f1 0.9215 
INFO:root:TEST batch 4 / 5 - measures partial for class 1 - precision 0.0000 - recall 0.0000 - f1 0.0000 
INFO:root:TEST batch 4 / 5 - Batch time 0 
INFO:root:TEST batch 5 / 5 - partial error 0.1389 - partial loss 0.1583 - partial MRR  0.1174 - partial MAP 0.1058
INFO:root:TEST batch 5 / 5 -  partial tp {0: tensor(811), 1: tensor(0)},fn {0: tensor(0), 1: tensor(89)},fp {0: tensor(89), 1: tensor(0)}
INFO:root:TEST batch 5 / 5 - measures partial microavg - precision 0.9011 - recall 0.9011 - f1 0.9011 
INFO:root:TEST batch 5 / 5 - measures partial for class 0 - precision 0.9011 - recall 1.0000 - f1 0.9480 
INFO:root:TEST batch 5 / 5 - measures partial for class 1 - precision 0.0000 - recall 0.0000 - f1 0.0000 
INFO:root:TEST batch 5 / 5 - Batch time 0 
INFO:root:TEST mean losses tensor(0.1583)
INFO:root:TEST mean errors 0.1388888955116272
INFO:root:TEST mean MRR 0.11739092320203781 - mean MAP 0.10582979768514633
INFO:root:TEST tp {0: tensor(3875), 1: tensor(0)},fn {0: tensor(0), 1: tensor(625)},fp {0: tensor(625), 1: tensor(0)}
INFO:root:TEST measures microavg - precision 0.8611 - recall 0.8611 - f1 0.8611 
INFO:root:TEST measures for class 0 - precision 0.8611 - recall 1.0000 - f1 0.9254 
INFO:root:TEST measures for class 1 - precision 0.0000 - recall 0.0000 - f1 0.0000 
INFO:root:TEST measures@10 microavg - precision 0.4000 - recall 0.0044 - f1 0.0088 
INFO:root:TEST measures@10 for class 0 - precision 0.4000 - recall 0.0052 - f1 0.0102 
INFO:root:TEST measures@10 for class 1 - precision 0.0000 - recall 0.0000 - f1 0.0000 
INFO:root:TEST measures@100 microavg - precision 0.7300 - recall 0.0811 - f1 0.1460 
INFO:root:TEST measures@100 for class 0 - precision 0.7300 - recall 0.0942 - f1 0.1669 
INFO:root:TEST measures@100 for class 1 - precision 0.0000 - recall 0.0000 - f1 0.0000 
INFO:root:TEST measures@1000 microavg - precision 0.8611 - recall 0.8611 - f1 0.8611 
INFO:root:TEST measures@1000 for class 0 - precision 0.8611 - recall 1.0000 - f1 0.9254 
INFO:root:TEST measures@1000 for class 1 - precision 0.0000 - recall 0.0000 - f1 0.0000 
INFO:root:TEST Total epoch time: 0.13858510000864044
INFO:root:################ TRAIN epoch 8 ###################
INFO:root:TRAIN mean losses tensor(0.2142)
INFO:root:TRAIN mean errors 0.30756211280822754
INFO:root:TRAIN mean MRR 0.0 - mean MAP 0.2805013358592987
INFO:root:TRAIN tp {0: tensor(9001), 1: tensor(0)},fn {0: tensor(0), 1: tensor(3998)},fp {0: tensor(3998), 1: tensor(0)}
INFO:root:TRAIN measures microavg - precision 0.6924 - recall 0.6924 - f1 0.6924 
INFO:root:TRAIN measures for class 0 - precision 0.6924 - recall 1.0000 - f1 0.8183 
INFO:root:TRAIN measures for class 1 - precision 0.0000 - recall 0.0000 - f1 0.0000 
INFO:root:TRAIN measures@10 microavg - precision 0.1133 - recall 0.0013 - f1 0.0026 
INFO:root:TRAIN measures@10 for class 0 - precision 0.1133 - recall 0.0019 - f1 0.0037 
INFO:root:TRAIN measures@10 for class 1 - precision 0.0000 - recall 0.0000 - f1 0.0000 
INFO:root:TRAIN measures@100 microavg - precision 0.5007 - recall 0.0578 - f1 0.1036 
INFO:root:TRAIN measures@100 for class 0 - precision 0.5007 - recall 0.0834 - f1 0.1430 
INFO:root:TRAIN measures@100 for class 1 - precision 0.0000 - recall 0.0000 - f1 0.0000 
INFO:root:TRAIN measures@1000 microavg - precision 0.6924 - recall 0.6924 - f1 0.6924 
INFO:root:TRAIN measures@1000 for class 0 - precision 0.6924 - recall 1.0000 - f1 0.8183 
INFO:root:TRAIN measures@1000 for class 1 - precision 0.0000 - recall 0.0000 - f1 0.0000 
INFO:root:TRAIN Total epoch time: 1.5459212999849115
INFO:root:################ VALID epoch 8 ###################
INFO:root:VALID mean losses tensor(0.1652)
INFO:root:VALID mean errors 0.14277777075767517
INFO:root:VALID mean MRR 0.11303501576185226 - mean MAP 0.11504635214805603
INFO:root:VALID tp {0: tensor(1543), 1: tensor(0)},fn {0: tensor(0), 1: tensor(257)},fp {0: tensor(257), 1: tensor(0)}
INFO:root:VALID measures microavg - precision 0.8572 - recall 0.8572 - f1 0.8572 
INFO:root:VALID measures for class 0 - precision 0.8572 - recall 1.0000 - f1 0.9231 
INFO:root:VALID measures for class 1 - precision 0.0000 - recall 0.0000 - f1 0.0000 
INFO:root:VALID measures@10 microavg - precision 0.4500 - recall 0.0050 - f1 0.0099 
INFO:root:VALID measures@10 for class 0 - precision 0.4500 - recall 0.0058 - f1 0.0115 
INFO:root:VALID measures@10 for class 1 - precision 0.0000 - recall 0.0000 - f1 0.0000 
INFO:root:VALID measures@100 microavg - precision 0.7400 - recall 0.0822 - f1 0.1480 
INFO:root:VALID measures@100 for class 0 - precision 0.7400 - recall 0.0959 - f1 0.1698 
INFO:root:VALID measures@100 for class 1 - precision 0.0000 - recall 0.0000 - f1 0.0000 
INFO:root:VALID measures@1000 microavg - precision 0.8572 - recall 0.8572 - f1 0.8572 
INFO:root:VALID measures@1000 for class 0 - precision 0.8572 - recall 1.0000 - f1 0.9231 
INFO:root:VALID measures@1000 for class 1 - precision 0.0000 - recall 0.0000 - f1 0.0000 
INFO:root:VALID Total epoch time: 0.06939509999938309
INFO:root:################ TEST epoch 8 ###################
INFO:root:TEST batch 1 / 5 - partial error 0.1056 - partial loss 0.1358 - partial MRR  0.1053 - partial MAP 0.0865
INFO:root:TEST batch 1 / 5 -  partial tp {0: tensor(805), 1: tensor(0)},fn {0: tensor(0), 1: tensor(95)},fp {0: tensor(95), 1: tensor(0)}
INFO:root:TEST batch 1 / 5 - measures partial microavg - precision 0.8944 - recall 0.8944 - f1 0.8944 
INFO:root:TEST batch 1 / 5 - measures partial for class 0 - precision 0.8944 - recall 1.0000 - f1 0.9443 
INFO:root:TEST batch 1 / 5 - measures partial for class 1 - precision 0.0000 - recall 0.0000 - f1 0.0000 
INFO:root:TEST batch 1 / 5 - Batch time 0 
INFO:root:TEST batch 2 / 5 - partial error 0.1361 - partial loss 0.1504 - partial MRR  0.1048 - partial MAP 0.1048
INFO:root:TEST batch 2 / 5 -  partial tp {0: tensor(750), 1: tensor(0)},fn {0: tensor(0), 1: tensor(150)},fp {0: tensor(150), 1: tensor(0)}
INFO:root:TEST batch 2 / 5 - measures partial microavg - precision 0.8333 - recall 0.8333 - f1 0.8333 
INFO:root:TEST batch 2 / 5 - measures partial for class 0 - precision 0.8333 - recall 1.0000 - f1 0.9091 
INFO:root:TEST batch 2 / 5 - measures partial for class 1 - precision 0.0000 - recall 0.0000 - f1 0.0000 
INFO:root:TEST batch 2 / 5 - Batch time 0 
INFO:root:TEST batch 3 / 5 - partial error 0.1500 - partial loss 0.1567 - partial MRR  0.1171 - partial MAP 0.1185
INFO:root:TEST batch 3 / 5 -  partial tp {0: tensor(740), 1: tensor(0)},fn {0: tensor(0), 1: tensor(160)},fp {0: tensor(160), 1: tensor(0)}
INFO:root:TEST batch 3 / 5 - measures partial microavg - precision 0.8222 - recall 0.8222 - f1 0.8222 
INFO:root:TEST batch 3 / 5 - measures partial for class 0 - precision 0.8222 - recall 1.0000 - f1 0.9024 
INFO:root:TEST batch 3 / 5 - measures partial for class 1 - precision 0.0000 - recall 0.0000 - f1 0.0000 
INFO:root:TEST batch 3 / 5 - Batch time 0 
INFO:root:TEST batch 4 / 5 - partial error 0.1489 - partial loss 0.1593 - partial MRR  0.1168 - partial MAP 0.1208
INFO:root:TEST batch 4 / 5 -  partial tp {0: tensor(769), 1: tensor(0)},fn {0: tensor(0), 1: tensor(131)},fp {0: tensor(131), 1: tensor(0)}
INFO:root:TEST batch 4 / 5 - measures partial microavg - precision 0.8544 - recall 0.8544 - f1 0.8544 
INFO:root:TEST batch 4 / 5 - measures partial for class 0 - precision 0.8544 - recall 1.0000 - f1 0.9215 
INFO:root:TEST batch 4 / 5 - measures partial for class 1 - precision 0.0000 - recall 0.0000 - f1 0.0000 
INFO:root:TEST batch 4 / 5 - Batch time 0 
INFO:root:TEST batch 5 / 5 - partial error 0.1389 - partial loss 0.1565 - partial MRR  0.1184 - partial MAP 0.1116
INFO:root:TEST batch 5 / 5 -  partial tp {0: tensor(811), 1: tensor(0)},fn {0: tensor(0), 1: tensor(89)},fp {0: tensor(89), 1: tensor(0)}
INFO:root:TEST batch 5 / 5 - measures partial microavg - precision 0.9011 - recall 0.9011 - f1 0.9011 
INFO:root:TEST batch 5 / 5 - measures partial for class 0 - precision 0.9011 - recall 1.0000 - f1 0.9480 
INFO:root:TEST batch 5 / 5 - measures partial for class 1 - precision 0.0000 - recall 0.0000 - f1 0.0000 
INFO:root:TEST batch 5 / 5 - Batch time 0 
INFO:root:TEST mean losses tensor(0.1565)
INFO:root:TEST mean errors 0.1388888955116272
INFO:root:TEST mean MRR 0.11838565766811371 - mean MAP 0.11163941770792007
INFO:root:TEST tp {0: tensor(3875), 1: tensor(0)},fn {0: tensor(0), 1: tensor(625)},fp {0: tensor(625), 1: tensor(0)}
INFO:root:TEST measures microavg - precision 0.8611 - recall 0.8611 - f1 0.8611 
INFO:root:TEST measures for class 0 - precision 0.8611 - recall 1.0000 - f1 0.9254 
INFO:root:TEST measures for class 1 - precision 0.0000 - recall 0.0000 - f1 0.0000 
INFO:root:TEST measures@10 microavg - precision 0.3800 - recall 0.0042 - f1 0.0084 
INFO:root:TEST measures@10 for class 0 - precision 0.3800 - recall 0.0049 - f1 0.0097 
INFO:root:TEST measures@10 for class 1 - precision 0.0000 - recall 0.0000 - f1 0.0000 
INFO:root:TEST measures@100 microavg - precision 0.7320 - recall 0.0813 - f1 0.1464 
INFO:root:TEST measures@100 for class 0 - precision 0.7320 - recall 0.0945 - f1 0.1673 
INFO:root:TEST measures@100 for class 1 - precision 0.0000 - recall 0.0000 - f1 0.0000 
INFO:root:TEST measures@1000 microavg - precision 0.8611 - recall 0.8611 - f1 0.8611 
INFO:root:TEST measures@1000 for class 0 - precision 0.8611 - recall 1.0000 - f1 0.9254 
INFO:root:TEST measures@1000 for class 1 - precision 0.0000 - recall 0.0000 - f1 0.0000 
INFO:root:TEST Total epoch time: 0.10190750000765547
INFO:root:################ TRAIN epoch 9 ###################
INFO:root:TRAIN mean losses tensor(0.2130)
INFO:root:TRAIN mean errors 0.30756211280822754
INFO:root:TRAIN mean MRR 0.0 - mean MAP 0.2977920472621918
INFO:root:TRAIN tp {0: tensor(9001), 1: tensor(0)},fn {0: tensor(0), 1: tensor(3998)},fp {0: tensor(3998), 1: tensor(0)}
INFO:root:TRAIN measures microavg - precision 0.6924 - recall 0.6924 - f1 0.6924 
INFO:root:TRAIN measures for class 0 - precision 0.6924 - recall 1.0000 - f1 0.8183 
INFO:root:TRAIN measures for class 1 - precision 0.0000 - recall 0.0000 - f1 0.0000 
INFO:root:TRAIN measures@10 microavg - precision 0.1800 - recall 0.0021 - f1 0.0041 
INFO:root:TRAIN measures@10 for class 0 - precision 0.1800 - recall 0.0030 - f1 0.0059 
INFO:root:TRAIN measures@10 for class 1 - precision 0.0000 - recall 0.0000 - f1 0.0000 
INFO:root:TRAIN measures@100 microavg - precision 0.5433 - recall 0.0627 - f1 0.1124 
INFO:root:TRAIN measures@100 for class 0 - precision 0.5433 - recall 0.0905 - f1 0.1552 
INFO:root:TRAIN measures@100 for class 1 - precision 0.0000 - recall 0.0000 - f1 0.0000 
INFO:root:TRAIN measures@1000 microavg - precision 0.6924 - recall 0.6924 - f1 0.6924 
INFO:root:TRAIN measures@1000 for class 0 - precision 0.6924 - recall 1.0000 - f1 0.8183 
INFO:root:TRAIN measures@1000 for class 1 - precision 0.0000 - recall 0.0000 - f1 0.0000 
INFO:root:TRAIN Total epoch time: 1.3271327999827918
INFO:root:################ VALID epoch 9 ###################
INFO:root:VALID mean losses tensor(0.1652)
INFO:root:VALID mean errors 0.14277777075767517
INFO:root:VALID mean MRR 0.1097738966345787 - mean MAP 0.12369756400585175
INFO:root:VALID tp {0: tensor(1543), 1: tensor(0)},fn {0: tensor(0), 1: tensor(257)},fp {0: tensor(257), 1: tensor(0)}
INFO:root:VALID measures microavg - precision 0.8572 - recall 0.8572 - f1 0.8572 
INFO:root:VALID measures for class 0 - precision 0.8572 - recall 1.0000 - f1 0.9231 
INFO:root:VALID measures for class 1 - precision 0.0000 - recall 0.0000 - f1 0.0000 
INFO:root:VALID measures@10 microavg - precision 0.6500 - recall 0.0072 - f1 0.0143 
INFO:root:VALID measures@10 for class 0 - precision 0.6500 - recall 0.0084 - f1 0.0166 
INFO:root:VALID measures@10 for class 1 - precision 0.0000 - recall 0.0000 - f1 0.0000 
INFO:root:VALID measures@100 microavg - precision 0.7800 - recall 0.0867 - f1 0.1560 
INFO:root:VALID measures@100 for class 0 - precision 0.7800 - recall 0.1011 - f1 0.1790 
INFO:root:VALID measures@100 for class 1 - precision 0.0000 - recall 0.0000 - f1 0.0000 
INFO:root:VALID measures@1000 microavg - precision 0.8572 - recall 0.8572 - f1 0.8572 
INFO:root:VALID measures@1000 for class 0 - precision 0.8572 - recall 1.0000 - f1 0.9231 
INFO:root:VALID measures@1000 for class 1 - precision 0.0000 - recall 0.0000 - f1 0.0000 
INFO:root:VALID Total epoch time: 0.059082499996293336
INFO:root:################ TEST epoch 9 ###################
INFO:root:TEST batch 1 / 5 - partial error 0.1056 - partial loss 0.1374 - partial MRR  0.1023 - partial MAP 0.0931
INFO:root:TEST batch 1 / 5 -  partial tp {0: tensor(805), 1: tensor(0)},fn {0: tensor(0), 1: tensor(95)},fp {0: tensor(95), 1: tensor(0)}
INFO:root:TEST batch 1 / 5 - measures partial microavg - precision 0.8944 - recall 0.8944 - f1 0.8944 
INFO:root:TEST batch 1 / 5 - measures partial for class 0 - precision 0.8944 - recall 1.0000 - f1 0.9443 
INFO:root:TEST batch 1 / 5 - measures partial for class 1 - precision 0.0000 - recall 0.0000 - f1 0.0000 
INFO:root:TEST batch 1 / 5 - Batch time 0 
INFO:root:TEST batch 2 / 5 - partial error 0.1361 - partial loss 0.1515 - partial MRR  0.1055 - partial MAP 0.1131
INFO:root:TEST batch 2 / 5 -  partial tp {0: tensor(750), 1: tensor(0)},fn {0: tensor(0), 1: tensor(150)},fp {0: tensor(150), 1: tensor(0)}
INFO:root:TEST batch 2 / 5 - measures partial microavg - precision 0.8333 - recall 0.8333 - f1 0.8333 
INFO:root:TEST batch 2 / 5 - measures partial for class 0 - precision 0.8333 - recall 1.0000 - f1 0.9091 
INFO:root:TEST batch 2 / 5 - measures partial for class 1 - precision 0.0000 - recall 0.0000 - f1 0.0000 
INFO:root:TEST batch 2 / 5 - Batch time 0 
INFO:root:TEST batch 3 / 5 - partial error 0.1500 - partial loss 0.1578 - partial MRR  0.1163 - partial MAP 0.1256
INFO:root:TEST batch 3 / 5 -  partial tp {0: tensor(740), 1: tensor(0)},fn {0: tensor(0), 1: tensor(160)},fp {0: tensor(160), 1: tensor(0)}
INFO:root:TEST batch 3 / 5 - measures partial microavg - precision 0.8222 - recall 0.8222 - f1 0.8222 
INFO:root:TEST batch 3 / 5 - measures partial for class 0 - precision 0.8222 - recall 1.0000 - f1 0.9024 
INFO:root:TEST batch 3 / 5 - measures partial for class 1 - precision 0.0000 - recall 0.0000 - f1 0.0000 
INFO:root:TEST batch 3 / 5 - Batch time 0 
INFO:root:TEST batch 4 / 5 - partial error 0.1489 - partial loss 0.1601 - partial MRR  0.1154 - partial MAP 0.1278
INFO:root:TEST batch 4 / 5 -  partial tp {0: tensor(769), 1: tensor(0)},fn {0: tensor(0), 1: tensor(131)},fp {0: tensor(131), 1: tensor(0)}
INFO:root:TEST batch 4 / 5 - measures partial microavg - precision 0.8544 - recall 0.8544 - f1 0.8544 
INFO:root:TEST batch 4 / 5 - measures partial for class 0 - precision 0.8544 - recall 1.0000 - f1 0.9215 
INFO:root:TEST batch 4 / 5 - measures partial for class 1 - precision 0.0000 - recall 0.0000 - f1 0.0000 
INFO:root:TEST batch 4 / 5 - Batch time 0 
INFO:root:TEST batch 5 / 5 - partial error 0.1389 - partial loss 0.1573 - partial MRR  0.1173 - partial MAP 0.1191
INFO:root:TEST batch 5 / 5 -  partial tp {0: tensor(811), 1: tensor(0)},fn {0: tensor(0), 1: tensor(89)},fp {0: tensor(89), 1: tensor(0)}
INFO:root:TEST batch 5 / 5 - measures partial microavg - precision 0.9011 - recall 0.9011 - f1 0.9011 
INFO:root:TEST batch 5 / 5 - measures partial for class 0 - precision 0.9011 - recall 1.0000 - f1 0.9480 
INFO:root:TEST batch 5 / 5 - measures partial for class 1 - precision 0.0000 - recall 0.0000 - f1 0.0000 
INFO:root:TEST batch 5 / 5 - Batch time 0 
INFO:root:TEST mean losses tensor(0.1573)
INFO:root:TEST mean errors 0.1388888955116272
INFO:root:TEST mean MRR 0.11732390522956848 - mean MAP 0.11913598328828812
INFO:root:TEST tp {0: tensor(3875), 1: tensor(0)},fn {0: tensor(0), 1: tensor(625)},fp {0: tensor(625), 1: tensor(0)}
INFO:root:TEST measures microavg - precision 0.8611 - recall 0.8611 - f1 0.8611 
INFO:root:TEST measures for class 0 - precision 0.8611 - recall 1.0000 - f1 0.9254 
INFO:root:TEST measures for class 1 - precision 0.0000 - recall 0.0000 - f1 0.0000 
INFO:root:TEST measures@10 microavg - precision 0.7400 - recall 0.0082 - f1 0.0163 
INFO:root:TEST measures@10 for class 0 - precision 0.7400 - recall 0.0095 - f1 0.0189 
INFO:root:TEST measures@10 for class 1 - precision 0.0000 - recall 0.0000 - f1 0.0000 
INFO:root:TEST measures@100 microavg - precision 0.7760 - recall 0.0862 - f1 0.1552 
INFO:root:TEST measures@100 for class 0 - precision 0.7760 - recall 0.1001 - f1 0.1774 
INFO:root:TEST measures@100 for class 1 - precision 0.0000 - recall 0.0000 - f1 0.0000 
INFO:root:TEST measures@1000 microavg - precision 0.8611 - recall 0.8611 - f1 0.8611 
INFO:root:TEST measures@1000 for class 0 - precision 0.8611 - recall 1.0000 - f1 0.9254 
INFO:root:TEST measures@1000 for class 1 - precision 0.0000 - recall 0.0000 - f1 0.0000 
INFO:root:TEST Total epoch time: 0.13742489999276586
