INFO:root:*** PARAMETERS ***
INFO:root:{'adj_mat_time_window': 1,
 'class_weights': [0.1, 0.9],
 'comments': ['comments'],
 'data': 'sbm50',
 'data_loading_params': {'batch_size': 1, 'num_workers': 0},
 'dev_proportion': 0.1,
 'device': 'cpu',
 'early_stop_patience': 50,
 'eval_after_epochs': 5,
 'gcn_parameters': {'cls_feats': 100,
                    'cls_feats_max': 800,
                    'cls_feats_min': 100,
                    'feats_per_node': 100,
                    'feats_per_node_max': 256,
                    'feats_per_node_min': 50,
                    'k_top_grcu': 200,
                    'layer_1_feats': 100,
                    'layer_1_feats_max': 200,
                    'layer_1_feats_min': 10,
                    'layer_2_feats': 100,
                    'layer_2_feats_same_as_l1': True,
                    'lstm_l1_feats': 100,
                    'lstm_l1_feats_max': 200,
                    'lstm_l1_feats_min': 10,
                    'lstm_l1_layers': 1,
                    'lstm_l2_feats': 100,
                    'lstm_l2_feats_same_as_l1': True,
                    'lstm_l2_layers': 1,
                    'num_layers': 2},
 'learning_rate': 0.08697490026177834,
 'learning_rate_max': 0.1,
 'learning_rate_min': 0.0001,
 'model': 'egcn_o',
 'negative_mult_test': 100,
 'negative_mult_training': 50,
 'num_epochs': 10,
 'num_hist_steps': 1,
 'num_hist_steps_max': 10,
 'num_hist_steps_min': 1,
 'rank': 0,
 'save_node_embeddings': False,
 'sbm50_args': {'aggr_time': 1,
                'edges_file': 'adj_monthly_sparse.csv',
                'feats_per_node': 3,
                'folder': './data/'},
 'sbm_args': <utils.Namespace object at 0x7f3726d2d160>,
 'seed': 1234,
 'smart_neg_sampling': True,
 'steps_accum_gradients': 1,
 'target_class': 1,
 'target_measure': 'MAP',
 'task': 'link_pred',
 'train_proportion': 0.7,
 'use_1_hot_node_feats': True,
 'use_2_hot_node_feats': False,
 'use_cuda': False,
 'use_logfile': True,
 'wsize': 1}
INFO:root:
INFO:root:################ TRAIN epoch 0 ###################
INFO:root:TRAIN mean losses tensor(16.1340)
INFO:root:TRAIN mean errors 0.5486997961997986
INFO:root:TRAIN mean MRR 0.0 - mean MAP 0.3222406208515167
INFO:root:TRAIN tp {0: tensor(3630), 1: tensor(2236)},fn {0: tensor(5370), 1: tensor(1762)},fp {0: tensor(1762), 1: tensor(5370)}
INFO:root:TRAIN measures microavg - precision 0.4513 - recall 0.4513 - f1 0.4513 
INFO:root:TRAIN measures for class 0 - precision 0.6732 - recall 0.4033 - f1 0.5044 
INFO:root:TRAIN measures for class 1 - precision 0.2940 - recall 0.5593 - f1 0.3854 
INFO:root:TRAIN measures@10 microavg - precision 0.6919 - recall 0.0092 - f1 0.0181 
INFO:root:TRAIN measures@10 for class 0 - precision 0.6951 - recall 0.0063 - f1 0.0126 
INFO:root:TRAIN measures@10 for class 1 - precision 0.6889 - recall 0.0155 - f1 0.0303 
INFO:root:TRAIN measures@100 microavg - precision 0.5551 - recall 0.0690 - f1 0.1228 
INFO:root:TRAIN measures@100 for class 0 - precision 0.6117 - recall 0.0487 - f1 0.0902 
INFO:root:TRAIN measures@100 for class 1 - precision 0.5100 - recall 0.1148 - f1 0.1874 
INFO:root:TRAIN measures@1000 microavg - precision 0.4513 - recall 0.4513 - f1 0.4513 
INFO:root:TRAIN measures@1000 for class 0 - precision 0.6732 - recall 0.4033 - f1 0.5044 
INFO:root:TRAIN measures@1000 for class 1 - precision 0.2940 - recall 0.5593 - f1 0.3854 
INFO:root:TRAIN Total epoch time: 1.3649320999975316
INFO:root:################ TRAIN epoch 1 ###################
INFO:root:TRAIN mean losses tensor(1.0713)
INFO:root:TRAIN mean errors 0.6608709096908569
INFO:root:TRAIN mean MRR 0.0 - mean MAP 0.3182193636894226
INFO:root:TRAIN tp {0: tensor(741), 1: tensor(3667)},fn {0: tensor(8259), 1: tensor(331)},fp {0: tensor(331), 1: tensor(8259)}
INFO:root:TRAIN measures microavg - precision 0.3391 - recall 0.3391 - f1 0.3391 
INFO:root:TRAIN measures for class 0 - precision 0.6912 - recall 0.0823 - f1 0.1471 
INFO:root:TRAIN measures for class 1 - precision 0.3075 - recall 0.9172 - f1 0.4606 
INFO:root:TRAIN measures@10 microavg - precision 0.4652 - recall 0.0067 - f1 0.0132 
INFO:root:TRAIN measures@10 for class 0 - precision 0.6757 - recall 0.0028 - f1 0.0055 
INFO:root:TRAIN measures@10 for class 1 - precision 0.4133 - recall 0.0155 - f1 0.0299 
INFO:root:TRAIN measures@100 microavg - precision 0.3989 - recall 0.0543 - f1 0.0956 
INFO:root:TRAIN measures@100 for class 0 - precision 0.6852 - recall 0.0206 - f1 0.0399 
INFO:root:TRAIN measures@100 for class 1 - precision 0.3473 - recall 0.1303 - f1 0.1895 
INFO:root:TRAIN measures@1000 microavg - precision 0.3391 - recall 0.3391 - f1 0.3391 
INFO:root:TRAIN measures@1000 for class 0 - precision 0.6912 - recall 0.0823 - f1 0.1471 
INFO:root:TRAIN measures@1000 for class 1 - precision 0.3075 - recall 0.9172 - f1 0.4606 
INFO:root:TRAIN Total epoch time: 1.3290933000098448
INFO:root:################ TRAIN epoch 2 ###################
INFO:root:TRAIN mean losses tensor(0.2077)
INFO:root:TRAIN mean errors 0.6920058727264404
INFO:root:TRAIN mean MRR 0.0 - mean MAP 0.3012649714946747
INFO:root:TRAIN tp {0: tensor(11), 1: tensor(3992)},fn {0: tensor(8988), 1: tensor(6)},fp {0: tensor(6), 1: tensor(8988)}
INFO:root:TRAIN measures microavg - precision 0.3080 - recall 0.3080 - f1 0.3080 
INFO:root:TRAIN measures for class 0 - precision 0.6471 - recall 0.0012 - f1 0.0024 
INFO:root:TRAIN measures for class 1 - precision 0.3076 - recall 0.9985 - f1 0.4703 
INFO:root:TRAIN measures@10 microavg - precision 0.5597 - recall 0.0068 - f1 0.0135 
INFO:root:TRAIN measures@10 for class 0 - precision 0.6667 - recall 0.0007 - f1 0.0013 
INFO:root:TRAIN measures@10 for class 1 - precision 0.5533 - recall 0.0208 - f1 0.0400 
INFO:root:TRAIN measures@100 microavg - precision 0.1134 - recall 0.0132 - f1 0.0237 
INFO:root:TRAIN measures@100 for class 0 - precision 0.6471 - recall 0.0012 - f1 0.0024 
INFO:root:TRAIN measures@100 for class 1 - precision 0.1073 - recall 0.0403 - f1 0.0586 
INFO:root:TRAIN measures@1000 microavg - precision 0.3080 - recall 0.3080 - f1 0.3080 
INFO:root:TRAIN measures@1000 for class 0 - precision 0.6471 - recall 0.0012 - f1 0.0024 
INFO:root:TRAIN measures@1000 for class 1 - precision 0.3076 - recall 0.9985 - f1 0.4703 
INFO:root:TRAIN Total epoch time: 1.71717190000345
INFO:root:################ TRAIN epoch 3 ###################
INFO:root:TRAIN mean losses tensor(0.1733)
INFO:root:TRAIN mean errors 0.692366898059845
INFO:root:TRAIN mean MRR 0.0 - mean MAP 0.3075985312461853
INFO:root:TRAIN tp {0: tensor(0), 1: tensor(3998)},fn {0: tensor(8998), 1: tensor(0)},fp {0: tensor(0), 1: tensor(8998)}
INFO:root:TRAIN measures microavg - precision 0.3076 - recall 0.3076 - f1 0.3076 
INFO:root:TRAIN measures for class 0 - precision 0.0000 - recall 0.0000 - f1 0.0000 
INFO:root:TRAIN measures for class 1 - precision 0.3076 - recall 1.0000 - f1 0.4705 
INFO:root:TRAIN measures@10 microavg - precision 0.8667 - recall 0.0100 - f1 0.0198 
INFO:root:TRAIN measures@10 for class 0 - precision 0.0000 - recall 0.0000 - f1 0.0000 
INFO:root:TRAIN measures@10 for class 1 - precision 0.8667 - recall 0.0325 - f1 0.0627 
INFO:root:TRAIN measures@100 microavg - precision 0.0013 - recall 0.0002 - f1 0.0003 
INFO:root:TRAIN measures@100 for class 0 - precision 0.0000 - recall 0.0000 - f1 0.0000 
INFO:root:TRAIN measures@100 for class 1 - precision 0.0013 - recall 0.0005 - f1 0.0007 
INFO:root:TRAIN measures@1000 microavg - precision 0.3076 - recall 0.3076 - f1 0.3076 
INFO:root:TRAIN measures@1000 for class 0 - precision 0.0000 - recall 0.0000 - f1 0.0000 
INFO:root:TRAIN measures@1000 for class 1 - precision 0.3076 - recall 1.0000 - f1 0.4705 
INFO:root:TRAIN Total epoch time: 1.322831400000723
INFO:root:################ TRAIN epoch 4 ###################
INFO:root:TRAIN mean losses tensor(0.1733)
INFO:root:TRAIN mean errors 0.6923905611038208
INFO:root:TRAIN mean MRR 0.0 - mean MAP 0.30852630734443665
INFO:root:TRAIN tp {0: tensor(0), 1: tensor(3998)},fn {0: tensor(8999), 1: tensor(0)},fp {0: tensor(0), 1: tensor(8999)}
INFO:root:TRAIN measures microavg - precision 0.3076 - recall 0.3076 - f1 0.3076 
INFO:root:TRAIN measures for class 0 - precision 0.0000 - recall 0.0000 - f1 0.0000 
INFO:root:TRAIN measures for class 1 - precision 0.3076 - recall 1.0000 - f1 0.4705 
INFO:root:TRAIN measures@10 microavg - precision 0.9067 - recall 0.0105 - f1 0.0207 
INFO:root:TRAIN measures@10 for class 0 - precision 0.0000 - recall 0.0000 - f1 0.0000 
INFO:root:TRAIN measures@10 for class 1 - precision 0.9067 - recall 0.0340 - f1 0.0656 
INFO:root:TRAIN measures@100 microavg - precision 0.0047 - recall 0.0005 - f1 0.0010 
INFO:root:TRAIN measures@100 for class 0 - precision 0.0000 - recall 0.0000 - f1 0.0000 
INFO:root:TRAIN measures@100 for class 1 - precision 0.0047 - recall 0.0018 - f1 0.0025 
INFO:root:TRAIN measures@1000 microavg - precision 0.3076 - recall 0.3076 - f1 0.3076 
INFO:root:TRAIN measures@1000 for class 0 - precision 0.0000 - recall 0.0000 - f1 0.0000 
INFO:root:TRAIN measures@1000 for class 1 - precision 0.3076 - recall 1.0000 - f1 0.4705 
INFO:root:TRAIN Total epoch time: 1.2550765000050887
INFO:root:################ TRAIN epoch 5 ###################
INFO:root:TRAIN mean losses tensor(0.1733)
INFO:root:TRAIN mean errors 0.6924142241477966
INFO:root:TRAIN mean MRR 0.0 - mean MAP 0.30874013900756836
INFO:root:TRAIN tp {0: tensor(0), 1: tensor(3998)},fn {0: tensor(9000), 1: tensor(0)},fp {0: tensor(0), 1: tensor(9000)}
INFO:root:TRAIN measures microavg - precision 0.3076 - recall 0.3076 - f1 0.3076 
INFO:root:TRAIN measures for class 0 - precision 0.0000 - recall 0.0000 - f1 0.0000 
INFO:root:TRAIN measures for class 1 - precision 0.3076 - recall 1.0000 - f1 0.4705 
INFO:root:TRAIN measures@10 microavg - precision 0.9067 - recall 0.0105 - f1 0.0207 
INFO:root:TRAIN measures@10 for class 0 - precision 0.0000 - recall 0.0000 - f1 0.0000 
INFO:root:TRAIN measures@10 for class 1 - precision 0.9067 - recall 0.0340 - f1 0.0656 
INFO:root:TRAIN measures@100 microavg - precision 0.0073 - recall 0.0008 - f1 0.0015 
INFO:root:TRAIN measures@100 for class 0 - precision 0.0000 - recall 0.0000 - f1 0.0000 
INFO:root:TRAIN measures@100 for class 1 - precision 0.0073 - recall 0.0028 - f1 0.0040 
INFO:root:TRAIN measures@1000 microavg - precision 0.3076 - recall 0.3076 - f1 0.3076 
INFO:root:TRAIN measures@1000 for class 0 - precision 0.0000 - recall 0.0000 - f1 0.0000 
INFO:root:TRAIN measures@1000 for class 1 - precision 0.3076 - recall 1.0000 - f1 0.4705 
INFO:root:TRAIN Total epoch time: 1.3223243999818806
INFO:root:################ TRAIN epoch 6 ###################
INFO:root:TRAIN mean losses tensor(0.1734)
INFO:root:TRAIN mean errors 0.6924378871917725
INFO:root:TRAIN mean MRR 0.0 - mean MAP 0.30772799253463745
INFO:root:TRAIN tp {0: tensor(0), 1: tensor(3998)},fn {0: tensor(9001), 1: tensor(0)},fp {0: tensor(0), 1: tensor(9001)}
INFO:root:TRAIN measures microavg - precision 0.3076 - recall 0.3076 - f1 0.3076 
INFO:root:TRAIN measures for class 0 - precision 0.0000 - recall 0.0000 - f1 0.0000 
INFO:root:TRAIN measures for class 1 - precision 0.3076 - recall 1.0000 - f1 0.4704 
INFO:root:TRAIN measures@10 microavg - precision 0.8467 - recall 0.0098 - f1 0.0193 
INFO:root:TRAIN measures@10 for class 0 - precision 0.0000 - recall 0.0000 - f1 0.0000 
INFO:root:TRAIN measures@10 for class 1 - precision 0.8467 - recall 0.0318 - f1 0.0612 
INFO:root:TRAIN measures@100 microavg - precision 0.0087 - recall 0.0010 - f1 0.0018 
INFO:root:TRAIN measures@100 for class 0 - precision 0.0000 - recall 0.0000 - f1 0.0000 
INFO:root:TRAIN measures@100 for class 1 - precision 0.0087 - recall 0.0033 - f1 0.0047 
INFO:root:TRAIN measures@1000 microavg - precision 0.3076 - recall 0.3076 - f1 0.3076 
INFO:root:TRAIN measures@1000 for class 0 - precision 0.0000 - recall 0.0000 - f1 0.0000 
INFO:root:TRAIN measures@1000 for class 1 - precision 0.3076 - recall 1.0000 - f1 0.4704 
INFO:root:TRAIN Total epoch time: 1.290476399997715
INFO:root:################ VALID epoch 6 ###################
INFO:root:VALID mean losses tensor(0.1672)
INFO:root:VALID mean errors 0.8572221994400024
INFO:root:VALID mean MRR 0.173399418592453 - mean MAP 0.14711327850818634
INFO:root:VALID tp {0: tensor(0), 1: tensor(257)},fn {0: tensor(1543), 1: tensor(0)},fp {0: tensor(0), 1: tensor(1543)}
INFO:root:VALID measures microavg - precision 0.1428 - recall 0.1428 - f1 0.1428 
INFO:root:VALID measures for class 0 - precision 0.0000 - recall 0.0000 - f1 0.0000 
INFO:root:VALID measures for class 1 - precision 0.1428 - recall 1.0000 - f1 0.2499 
INFO:root:VALID measures@10 microavg - precision 0.6000 - recall 0.0067 - f1 0.0132 
INFO:root:VALID measures@10 for class 0 - precision 0.0000 - recall 0.0000 - f1 0.0000 
INFO:root:VALID measures@10 for class 1 - precision 0.6000 - recall 0.0467 - f1 0.0866 
INFO:root:VALID measures@100 microavg - precision 0.0100 - recall 0.0011 - f1 0.0020 
INFO:root:VALID measures@100 for class 0 - precision 0.0000 - recall 0.0000 - f1 0.0000 
INFO:root:VALID measures@100 for class 1 - precision 0.0100 - recall 0.0078 - f1 0.0088 
INFO:root:VALID measures@1000 microavg - precision 0.1428 - recall 0.1428 - f1 0.1428 
INFO:root:VALID measures@1000 for class 0 - precision 0.0000 - recall 0.0000 - f1 0.0000 
INFO:root:VALID measures@1000 for class 1 - precision 0.1428 - recall 1.0000 - f1 0.2499 
INFO:root:VALID Total epoch time: 0.05272720000357367
INFO:root:################ TEST epoch 6 ###################
INFO:root:TEST batch 1 / 5 - partial error 0.8944 - partial loss 0.1657 - partial MRR  0.1466 - partial MAP 0.1150
INFO:root:TEST batch 1 / 5 -  partial tp {0: tensor(0), 1: tensor(95)},fn {0: tensor(805), 1: tensor(0)},fp {0: tensor(0), 1: tensor(805)}
INFO:root:TEST batch 1 / 5 - measures partial microavg - precision 0.1056 - recall 0.1056 - f1 0.1056 
INFO:root:TEST batch 1 / 5 - measures partial for class 0 - precision 0.0000 - recall 0.0000 - f1 0.0000 
INFO:root:TEST batch 1 / 5 - measures partial for class 1 - precision 0.1056 - recall 1.0000 - f1 0.1910 
INFO:root:TEST batch 1 / 5 - Batch time 0 
INFO:root:TEST batch 2 / 5 - partial error 0.8639 - partial loss 0.1669 - partial MRR  0.1225 - partial MAP 0.1408
INFO:root:TEST batch 2 / 5 -  partial tp {0: tensor(0), 1: tensor(150)},fn {0: tensor(750), 1: tensor(0)},fp {0: tensor(0), 1: tensor(750)}
INFO:root:TEST batch 2 / 5 - measures partial microavg - precision 0.1667 - recall 0.1667 - f1 0.1667 
INFO:root:TEST batch 2 / 5 - measures partial for class 0 - precision 0.0000 - recall 0.0000 - f1 0.0000 
INFO:root:TEST batch 2 / 5 - measures partial for class 1 - precision 0.1667 - recall 1.0000 - f1 0.2857 
INFO:root:TEST batch 2 / 5 - Batch time 0 
INFO:root:TEST batch 3 / 5 - partial error 0.8500 - partial loss 0.1674 - partial MRR  0.1349 - partial MAP 0.1533
INFO:root:TEST batch 3 / 5 -  partial tp {0: tensor(0), 1: tensor(160)},fn {0: tensor(740), 1: tensor(0)},fp {0: tensor(0), 1: tensor(740)}
INFO:root:TEST batch 3 / 5 - measures partial microavg - precision 0.1778 - recall 0.1778 - f1 0.1778 
INFO:root:TEST batch 3 / 5 - measures partial for class 0 - precision 0.0000 - recall 0.0000 - f1 0.0000 
INFO:root:TEST batch 3 / 5 - measures partial for class 1 - precision 0.1778 - recall 1.0000 - f1 0.3019 
INFO:root:TEST batch 3 / 5 - Batch time 0 
INFO:root:TEST batch 4 / 5 - partial error 0.8511 - partial loss 0.1674 - partial MRR  0.1311 - partial MAP 0.1514
INFO:root:TEST batch 4 / 5 -  partial tp {0: tensor(0), 1: tensor(131)},fn {0: tensor(769), 1: tensor(0)},fp {0: tensor(0), 1: tensor(769)}
INFO:root:TEST batch 4 / 5 - measures partial microavg - precision 0.1456 - recall 0.1456 - f1 0.1456 
INFO:root:TEST batch 4 / 5 - measures partial for class 0 - precision 0.0000 - recall 0.0000 - f1 0.0000 
INFO:root:TEST batch 4 / 5 - measures partial for class 1 - precision 0.1456 - recall 1.0000 - f1 0.2541 
INFO:root:TEST batch 4 / 5 - Batch time 0 
INFO:root:TEST batch 5 / 5 - partial error 0.8611 - partial loss 0.1670 - partial MRR  0.1390 - partial MAP 0.1418
INFO:root:TEST batch 5 / 5 -  partial tp {0: tensor(0), 1: tensor(89)},fn {0: tensor(811), 1: tensor(0)},fp {0: tensor(0), 1: tensor(811)}
INFO:root:TEST batch 5 / 5 - measures partial microavg - precision 0.0989 - recall 0.0989 - f1 0.0989 
INFO:root:TEST batch 5 / 5 - measures partial for class 0 - precision 0.0000 - recall 0.0000 - f1 0.0000 
INFO:root:TEST batch 5 / 5 - measures partial for class 1 - precision 0.0989 - recall 1.0000 - f1 0.1800 
INFO:root:TEST batch 5 / 5 - Batch time 0 
INFO:root:TEST mean losses tensor(0.1670)
INFO:root:TEST mean errors 0.8611111044883728
INFO:root:TEST mean MRR 0.13901712000370026 - mean MAP 0.1417635828256607
INFO:root:TEST tp {0: tensor(0), 1: tensor(625)},fn {0: tensor(3875), 1: tensor(0)},fp {0: tensor(0), 1: tensor(3875)}
INFO:root:TEST measures microavg - precision 0.1389 - recall 0.1389 - f1 0.1389 
INFO:root:TEST measures for class 0 - precision 0.0000 - recall 0.0000 - f1 0.0000 
INFO:root:TEST measures for class 1 - precision 0.1389 - recall 1.0000 - f1 0.2439 
INFO:root:TEST measures@10 microavg - precision 0.7200 - recall 0.0080 - f1 0.0158 
INFO:root:TEST measures@10 for class 0 - precision 0.0000 - recall 0.0000 - f1 0.0000 
INFO:root:TEST measures@10 for class 1 - precision 0.7200 - recall 0.0576 - f1 0.1067 
INFO:root:TEST measures@100 microavg - precision 0.0060 - recall 0.0007 - f1 0.0012 
INFO:root:TEST measures@100 for class 0 - precision 0.0000 - recall 0.0000 - f1 0.0000 
INFO:root:TEST measures@100 for class 1 - precision 0.0060 - recall 0.0048 - f1 0.0053 
INFO:root:TEST measures@1000 microavg - precision 0.1389 - recall 0.1389 - f1 0.1389 
INFO:root:TEST measures@1000 for class 0 - precision 0.0000 - recall 0.0000 - f1 0.0000 
INFO:root:TEST measures@1000 for class 1 - precision 0.1389 - recall 1.0000 - f1 0.2439 
INFO:root:TEST Total epoch time: 0.17919809999875724
INFO:root:################ TRAIN epoch 7 ###################
INFO:root:TRAIN mean losses tensor(0.1733)
INFO:root:TRAIN mean errors 0.6924378871917725
INFO:root:TRAIN mean MRR 0.0 - mean MAP 0.30747750401496887
INFO:root:TRAIN tp {0: tensor(0), 1: tensor(3998)},fn {0: tensor(9001), 1: tensor(0)},fp {0: tensor(0), 1: tensor(9001)}
INFO:root:TRAIN measures microavg - precision 0.3076 - recall 0.3076 - f1 0.3076 
INFO:root:TRAIN measures for class 0 - precision 0.0000 - recall 0.0000 - f1 0.0000 
INFO:root:TRAIN measures for class 1 - precision 0.3076 - recall 1.0000 - f1 0.4704 
INFO:root:TRAIN measures@10 microavg - precision 0.8667 - recall 0.0100 - f1 0.0198 
INFO:root:TRAIN measures@10 for class 0 - precision 0.0000 - recall 0.0000 - f1 0.0000 
INFO:root:TRAIN measures@10 for class 1 - precision 0.8667 - recall 0.0325 - f1 0.0627 
INFO:root:TRAIN measures@100 microavg - precision 0.0013 - recall 0.0002 - f1 0.0003 
INFO:root:TRAIN measures@100 for class 0 - precision 0.0000 - recall 0.0000 - f1 0.0000 
INFO:root:TRAIN measures@100 for class 1 - precision 0.0013 - recall 0.0005 - f1 0.0007 
INFO:root:TRAIN measures@1000 microavg - precision 0.3076 - recall 0.3076 - f1 0.3076 
INFO:root:TRAIN measures@1000 for class 0 - precision 0.0000 - recall 0.0000 - f1 0.0000 
INFO:root:TRAIN measures@1000 for class 1 - precision 0.3076 - recall 1.0000 - f1 0.4704 
INFO:root:TRAIN Total epoch time: 1.4883222000207752
INFO:root:################ VALID epoch 7 ###################
INFO:root:VALID mean losses tensor(0.1674)
INFO:root:VALID mean errors 0.8572221994400024
INFO:root:VALID mean MRR 0.15479788184165955 - mean MAP 0.14277777075767517
INFO:root:VALID tp {0: tensor(0), 1: tensor(257)},fn {0: tensor(1543), 1: tensor(0)},fp {0: tensor(0), 1: tensor(1543)}
INFO:root:VALID measures microavg - precision 0.1428 - recall 0.1428 - f1 0.1428 
INFO:root:VALID measures for class 0 - precision 0.0000 - recall 0.0000 - f1 0.0000 
INFO:root:VALID measures for class 1 - precision 0.1428 - recall 1.0000 - f1 0.2499 
INFO:root:VALID measures@10 microavg - precision 1.0000 - recall 0.0111 - f1 0.0220 
INFO:root:VALID measures@10 for class 0 - precision 0.0000 - recall 0.0000 - f1 0.0000 
INFO:root:VALID measures@10 for class 1 - precision 1.0000 - recall 0.0778 - f1 0.1444 
INFO:root:VALID measures@100 microavg - precision 0.0000 - recall 0.0000 - f1 0.0000 
INFO:root:VALID measures@100 for class 0 - precision 0.0000 - recall 0.0000 - f1 0.0000 
INFO:root:VALID measures@100 for class 1 - precision 0.0000 - recall 0.0000 - f1 0.0000 
INFO:root:VALID measures@1000 microavg - precision 0.1428 - recall 0.1428 - f1 0.1428 
INFO:root:VALID measures@1000 for class 0 - precision 0.0000 - recall 0.0000 - f1 0.0000 
INFO:root:VALID measures@1000 for class 1 - precision 0.1428 - recall 1.0000 - f1 0.2499 
INFO:root:VALID Total epoch time: 0.06580500002019107
INFO:root:################ TEST epoch 7 ###################
INFO:root:TEST batch 1 / 5 - partial error 0.8944 - partial loss 0.1661 - partial MRR  0.1256 - partial MAP 0.1056
INFO:root:TEST batch 1 / 5 -  partial tp {0: tensor(0), 1: tensor(95)},fn {0: tensor(805), 1: tensor(0)},fp {0: tensor(0), 1: tensor(805)}
INFO:root:TEST batch 1 / 5 - measures partial microavg - precision 0.1056 - recall 0.1056 - f1 0.1056 
INFO:root:TEST batch 1 / 5 - measures partial for class 0 - precision 0.0000 - recall 0.0000 - f1 0.0000 
INFO:root:TEST batch 1 / 5 - measures partial for class 1 - precision 0.1056 - recall 1.0000 - f1 0.1910 
INFO:root:TEST batch 1 / 5 - Batch time 0 
INFO:root:TEST batch 2 / 5 - partial error 0.8639 - partial loss 0.1672 - partial MRR  0.1120 - partial MAP 0.1361
INFO:root:TEST batch 2 / 5 -  partial tp {0: tensor(0), 1: tensor(150)},fn {0: tensor(750), 1: tensor(0)},fp {0: tensor(0), 1: tensor(750)}
INFO:root:TEST batch 2 / 5 - measures partial microavg - precision 0.1667 - recall 0.1667 - f1 0.1667 
INFO:root:TEST batch 2 / 5 - measures partial for class 0 - precision 0.0000 - recall 0.0000 - f1 0.0000 
INFO:root:TEST batch 2 / 5 - measures partial for class 1 - precision 0.1667 - recall 1.0000 - f1 0.2857 
INFO:root:TEST batch 2 / 5 - Batch time 0 
INFO:root:TEST batch 3 / 5 - partial error 0.8500 - partial loss 0.1677 - partial MRR  0.1172 - partial MAP 0.1500
INFO:root:TEST batch 3 / 5 -  partial tp {0: tensor(0), 1: tensor(160)},fn {0: tensor(740), 1: tensor(0)},fp {0: tensor(0), 1: tensor(740)}
INFO:root:TEST batch 3 / 5 - measures partial microavg - precision 0.1778 - recall 0.1778 - f1 0.1778 
INFO:root:TEST batch 3 / 5 - measures partial for class 0 - precision 0.0000 - recall 0.0000 - f1 0.0000 
INFO:root:TEST batch 3 / 5 - measures partial for class 1 - precision 0.1778 - recall 1.0000 - f1 0.3019 
INFO:root:TEST batch 3 / 5 - Batch time 0 
INFO:root:TEST batch 4 / 5 - partial error 0.8511 - partial loss 0.1677 - partial MRR  0.1179 - partial MAP 0.1489
INFO:root:TEST batch 4 / 5 -  partial tp {0: tensor(0), 1: tensor(131)},fn {0: tensor(769), 1: tensor(0)},fp {0: tensor(0), 1: tensor(769)}
INFO:root:TEST batch 4 / 5 - measures partial microavg - precision 0.1456 - recall 0.1456 - f1 0.1456 
INFO:root:TEST batch 4 / 5 - measures partial for class 0 - precision 0.0000 - recall 0.0000 - f1 0.0000 
INFO:root:TEST batch 4 / 5 - measures partial for class 1 - precision 0.1456 - recall 1.0000 - f1 0.2541 
INFO:root:TEST batch 4 / 5 - Batch time 0 
INFO:root:TEST batch 5 / 5 - partial error 0.8611 - partial loss 0.1673 - partial MRR  0.1193 - partial MAP 0.1389
INFO:root:TEST batch 5 / 5 -  partial tp {0: tensor(0), 1: tensor(89)},fn {0: tensor(811), 1: tensor(0)},fp {0: tensor(0), 1: tensor(811)}
INFO:root:TEST batch 5 / 5 - measures partial microavg - precision 0.0989 - recall 0.0989 - f1 0.0989 
INFO:root:TEST batch 5 / 5 - measures partial for class 0 - precision 0.0000 - recall 0.0000 - f1 0.0000 
INFO:root:TEST batch 5 / 5 - measures partial for class 1 - precision 0.0989 - recall 1.0000 - f1 0.1800 
INFO:root:TEST batch 5 / 5 - Batch time 0 
INFO:root:TEST mean losses tensor(0.1673)
INFO:root:TEST mean errors 0.8611111044883728
INFO:root:TEST mean MRR 0.11925499141216278 - mean MAP 0.1388888955116272
INFO:root:TEST tp {0: tensor(0), 1: tensor(625)},fn {0: tensor(3875), 1: tensor(0)},fp {0: tensor(0), 1: tensor(3875)}
INFO:root:TEST measures microavg - precision 0.1389 - recall 0.1389 - f1 0.1389 
INFO:root:TEST measures for class 0 - precision 0.0000 - recall 0.0000 - f1 0.0000 
INFO:root:TEST measures for class 1 - precision 0.1389 - recall 1.0000 - f1 0.2439 
INFO:root:TEST measures@10 microavg - precision 1.0000 - recall 0.0111 - f1 0.0220 
INFO:root:TEST measures@10 for class 0 - precision 0.0000 - recall 0.0000 - f1 0.0000 
INFO:root:TEST measures@10 for class 1 - precision 1.0000 - recall 0.0800 - f1 0.1481 
INFO:root:TEST measures@100 microavg - precision 0.0000 - recall 0.0000 - f1 0.0000 
INFO:root:TEST measures@100 for class 0 - precision 0.0000 - recall 0.0000 - f1 0.0000 
INFO:root:TEST measures@100 for class 1 - precision 0.0000 - recall 0.0000 - f1 0.0000 
INFO:root:TEST measures@1000 microavg - precision 0.1389 - recall 0.1389 - f1 0.1389 
INFO:root:TEST measures@1000 for class 0 - precision 0.0000 - recall 0.0000 - f1 0.0000 
INFO:root:TEST measures@1000 for class 1 - precision 0.1389 - recall 1.0000 - f1 0.2439 
INFO:root:TEST Total epoch time: 0.12656069998047315
INFO:root:################ TRAIN epoch 8 ###################
INFO:root:TRAIN mean losses tensor(0.1733)
INFO:root:TRAIN mean errors 0.6924378871917725
INFO:root:TRAIN mean MRR 0.0 - mean MAP 0.30756211280822754
INFO:root:TRAIN tp {0: tensor(0), 1: tensor(3998)},fn {0: tensor(9001), 1: tensor(0)},fp {0: tensor(0), 1: tensor(9001)}
INFO:root:TRAIN measures microavg - precision 0.3076 - recall 0.3076 - f1 0.3076 
INFO:root:TRAIN measures for class 0 - precision 0.0000 - recall 0.0000 - f1 0.0000 
INFO:root:TRAIN measures for class 1 - precision 0.3076 - recall 1.0000 - f1 0.4704 
INFO:root:TRAIN measures@10 microavg - precision 1.0000 - recall 0.0115 - f1 0.0228 
INFO:root:TRAIN measures@10 for class 0 - precision 0.0000 - recall 0.0000 - f1 0.0000 
INFO:root:TRAIN measures@10 for class 1 - precision 1.0000 - recall 0.0375 - f1 0.0723 
INFO:root:TRAIN measures@100 microavg - precision 0.0000 - recall 0.0000 - f1 0.0000 
INFO:root:TRAIN measures@100 for class 0 - precision 0.0000 - recall 0.0000 - f1 0.0000 
INFO:root:TRAIN measures@100 for class 1 - precision 0.0000 - recall 0.0000 - f1 0.0000 
INFO:root:TRAIN measures@1000 microavg - precision 0.3076 - recall 0.3076 - f1 0.3076 
INFO:root:TRAIN measures@1000 for class 0 - precision 0.0000 - recall 0.0000 - f1 0.0000 
INFO:root:TRAIN measures@1000 for class 1 - precision 0.3076 - recall 1.0000 - f1 0.4704 
INFO:root:TRAIN Total epoch time: 1.3163162000128068
INFO:root:################ VALID epoch 8 ###################
INFO:root:VALID mean losses tensor(0.1676)
INFO:root:VALID mean errors 0.8572221994400024
INFO:root:VALID mean MRR 0.15479788184165955 - mean MAP 0.14277777075767517
INFO:root:VALID tp {0: tensor(0), 1: tensor(257)},fn {0: tensor(1543), 1: tensor(0)},fp {0: tensor(0), 1: tensor(1543)}
INFO:root:VALID measures microavg - precision 0.1428 - recall 0.1428 - f1 0.1428 
INFO:root:VALID measures for class 0 - precision 0.0000 - recall 0.0000 - f1 0.0000 
INFO:root:VALID measures for class 1 - precision 0.1428 - recall 1.0000 - f1 0.2499 
INFO:root:VALID measures@10 microavg - precision 1.0000 - recall 0.0111 - f1 0.0220 
INFO:root:VALID measures@10 for class 0 - precision 0.0000 - recall 0.0000 - f1 0.0000 
INFO:root:VALID measures@10 for class 1 - precision 1.0000 - recall 0.0778 - f1 0.1444 
INFO:root:VALID measures@100 microavg - precision 0.0000 - recall 0.0000 - f1 0.0000 
INFO:root:VALID measures@100 for class 0 - precision 0.0000 - recall 0.0000 - f1 0.0000 
INFO:root:VALID measures@100 for class 1 - precision 0.0000 - recall 0.0000 - f1 0.0000 
INFO:root:VALID measures@1000 microavg - precision 0.1428 - recall 0.1428 - f1 0.1428 
INFO:root:VALID measures@1000 for class 0 - precision 0.0000 - recall 0.0000 - f1 0.0000 
INFO:root:VALID measures@1000 for class 1 - precision 0.1428 - recall 1.0000 - f1 0.2499 
INFO:root:VALID Total epoch time: 0.05051359999924898
INFO:root:################ TEST epoch 8 ###################
INFO:root:TEST batch 1 / 5 - partial error 0.8944 - partial loss 0.1663 - partial MRR  0.1256 - partial MAP 0.1056
INFO:root:TEST batch 1 / 5 -  partial tp {0: tensor(0), 1: tensor(95)},fn {0: tensor(805), 1: tensor(0)},fp {0: tensor(0), 1: tensor(805)}
INFO:root:TEST batch 1 / 5 - measures partial microavg - precision 0.1056 - recall 0.1056 - f1 0.1056 
INFO:root:TEST batch 1 / 5 - measures partial for class 0 - precision 0.0000 - recall 0.0000 - f1 0.0000 
INFO:root:TEST batch 1 / 5 - measures partial for class 1 - precision 0.1056 - recall 1.0000 - f1 0.1910 
INFO:root:TEST batch 1 / 5 - Batch time 0 
INFO:root:TEST batch 2 / 5 - partial error 0.8639 - partial loss 0.1674 - partial MRR  0.1120 - partial MAP 0.1361
INFO:root:TEST batch 2 / 5 -  partial tp {0: tensor(0), 1: tensor(150)},fn {0: tensor(750), 1: tensor(0)},fp {0: tensor(0), 1: tensor(750)}
INFO:root:TEST batch 2 / 5 - measures partial microavg - precision 0.1667 - recall 0.1667 - f1 0.1667 
INFO:root:TEST batch 2 / 5 - measures partial for class 0 - precision 0.0000 - recall 0.0000 - f1 0.0000 
INFO:root:TEST batch 2 / 5 - measures partial for class 1 - precision 0.1667 - recall 1.0000 - f1 0.2857 
INFO:root:TEST batch 2 / 5 - Batch time 0 
INFO:root:TEST batch 3 / 5 - partial error 0.8500 - partial loss 0.1678 - partial MRR  0.1172 - partial MAP 0.1500
INFO:root:TEST batch 3 / 5 -  partial tp {0: tensor(0), 1: tensor(160)},fn {0: tensor(740), 1: tensor(0)},fp {0: tensor(0), 1: tensor(740)}
INFO:root:TEST batch 3 / 5 - measures partial microavg - precision 0.1778 - recall 0.1778 - f1 0.1778 
INFO:root:TEST batch 3 / 5 - measures partial for class 0 - precision 0.0000 - recall 0.0000 - f1 0.0000 
INFO:root:TEST batch 3 / 5 - measures partial for class 1 - precision 0.1778 - recall 1.0000 - f1 0.3019 
INFO:root:TEST batch 3 / 5 - Batch time 0 
INFO:root:TEST batch 4 / 5 - partial error 0.8511 - partial loss 0.1678 - partial MRR  0.1179 - partial MAP 0.1489
INFO:root:TEST batch 4 / 5 -  partial tp {0: tensor(0), 1: tensor(131)},fn {0: tensor(769), 1: tensor(0)},fp {0: tensor(0), 1: tensor(769)}
INFO:root:TEST batch 4 / 5 - measures partial microavg - precision 0.1456 - recall 0.1456 - f1 0.1456 
INFO:root:TEST batch 4 / 5 - measures partial for class 0 - precision 0.0000 - recall 0.0000 - f1 0.0000 
INFO:root:TEST batch 4 / 5 - measures partial for class 1 - precision 0.1456 - recall 1.0000 - f1 0.2541 
INFO:root:TEST batch 4 / 5 - Batch time 0 
INFO:root:TEST batch 5 / 5 - partial error 0.8611 - partial loss 0.1675 - partial MRR  0.1193 - partial MAP 0.1389
INFO:root:TEST batch 5 / 5 -  partial tp {0: tensor(0), 1: tensor(89)},fn {0: tensor(811), 1: tensor(0)},fp {0: tensor(0), 1: tensor(811)}
INFO:root:TEST batch 5 / 5 - measures partial microavg - precision 0.0989 - recall 0.0989 - f1 0.0989 
INFO:root:TEST batch 5 / 5 - measures partial for class 0 - precision 0.0000 - recall 0.0000 - f1 0.0000 
INFO:root:TEST batch 5 / 5 - measures partial for class 1 - precision 0.0989 - recall 1.0000 - f1 0.1800 
INFO:root:TEST batch 5 / 5 - Batch time 0 
INFO:root:TEST mean losses tensor(0.1675)
INFO:root:TEST mean errors 0.8611111044883728
INFO:root:TEST mean MRR 0.11925499141216278 - mean MAP 0.1388888955116272
INFO:root:TEST tp {0: tensor(0), 1: tensor(625)},fn {0: tensor(3875), 1: tensor(0)},fp {0: tensor(0), 1: tensor(3875)}
INFO:root:TEST measures microavg - precision 0.1389 - recall 0.1389 - f1 0.1389 
INFO:root:TEST measures for class 0 - precision 0.0000 - recall 0.0000 - f1 0.0000 
INFO:root:TEST measures for class 1 - precision 0.1389 - recall 1.0000 - f1 0.2439 
INFO:root:TEST measures@10 microavg - precision 1.0000 - recall 0.0111 - f1 0.0220 
INFO:root:TEST measures@10 for class 0 - precision 0.0000 - recall 0.0000 - f1 0.0000 
INFO:root:TEST measures@10 for class 1 - precision 1.0000 - recall 0.0800 - f1 0.1481 
INFO:root:TEST measures@100 microavg - precision 0.0000 - recall 0.0000 - f1 0.0000 
INFO:root:TEST measures@100 for class 0 - precision 0.0000 - recall 0.0000 - f1 0.0000 
INFO:root:TEST measures@100 for class 1 - precision 0.0000 - recall 0.0000 - f1 0.0000 
INFO:root:TEST measures@1000 microavg - precision 0.1389 - recall 0.1389 - f1 0.1389 
INFO:root:TEST measures@1000 for class 0 - precision 0.0000 - recall 0.0000 - f1 0.0000 
INFO:root:TEST measures@1000 for class 1 - precision 0.1389 - recall 1.0000 - f1 0.2439 
INFO:root:TEST Total epoch time: 0.131428099994082
INFO:root:################ TRAIN epoch 9 ###################
INFO:root:TRAIN mean losses tensor(0.1733)
INFO:root:TRAIN mean errors 0.6924378871917725
INFO:root:TRAIN mean MRR 0.0 - mean MAP 0.3075786232948303
INFO:root:TRAIN tp {0: tensor(0), 1: tensor(3998)},fn {0: tensor(9001), 1: tensor(0)},fp {0: tensor(0), 1: tensor(9001)}
INFO:root:TRAIN measures microavg - precision 0.3076 - recall 0.3076 - f1 0.3076 
INFO:root:TRAIN measures for class 0 - precision 0.0000 - recall 0.0000 - f1 0.0000 
INFO:root:TRAIN measures for class 1 - precision 0.3076 - recall 1.0000 - f1 0.4704 
INFO:root:TRAIN measures@10 microavg - precision 0.9800 - recall 0.0113 - f1 0.0224 
INFO:root:TRAIN measures@10 for class 0 - precision 0.0000 - recall 0.0000 - f1 0.0000 
INFO:root:TRAIN measures@10 for class 1 - precision 0.9800 - recall 0.0368 - f1 0.0709 
INFO:root:TRAIN measures@100 microavg - precision 0.0007 - recall 0.0001 - f1 0.0001 
INFO:root:TRAIN measures@100 for class 0 - precision 0.0000 - recall 0.0000 - f1 0.0000 
INFO:root:TRAIN measures@100 for class 1 - precision 0.0007 - recall 0.0003 - f1 0.0004 
INFO:root:TRAIN measures@1000 microavg - precision 0.3076 - recall 0.3076 - f1 0.3076 
INFO:root:TRAIN measures@1000 for class 0 - precision 0.0000 - recall 0.0000 - f1 0.0000 
INFO:root:TRAIN measures@1000 for class 1 - precision 0.3076 - recall 1.0000 - f1 0.4704 
INFO:root:TRAIN Total epoch time: 1.3865202000015415
INFO:root:################ VALID epoch 9 ###################
INFO:root:VALID mean losses tensor(0.1676)
INFO:root:VALID mean errors 0.8572221994400024
INFO:root:VALID mean MRR 0.15479788184165955 - mean MAP 0.14277777075767517
INFO:root:VALID tp {0: tensor(0), 1: tensor(257)},fn {0: tensor(1543), 1: tensor(0)},fp {0: tensor(0), 1: tensor(1543)}
INFO:root:VALID measures microavg - precision 0.1428 - recall 0.1428 - f1 0.1428 
INFO:root:VALID measures for class 0 - precision 0.0000 - recall 0.0000 - f1 0.0000 
INFO:root:VALID measures for class 1 - precision 0.1428 - recall 1.0000 - f1 0.2499 
INFO:root:VALID measures@10 microavg - precision 1.0000 - recall 0.0111 - f1 0.0220 
INFO:root:VALID measures@10 for class 0 - precision 0.0000 - recall 0.0000 - f1 0.0000 
INFO:root:VALID measures@10 for class 1 - precision 1.0000 - recall 0.0778 - f1 0.1444 
INFO:root:VALID measures@100 microavg - precision 0.0000 - recall 0.0000 - f1 0.0000 
INFO:root:VALID measures@100 for class 0 - precision 0.0000 - recall 0.0000 - f1 0.0000 
INFO:root:VALID measures@100 for class 1 - precision 0.0000 - recall 0.0000 - f1 0.0000 
INFO:root:VALID measures@1000 microavg - precision 0.1428 - recall 0.1428 - f1 0.1428 
INFO:root:VALID measures@1000 for class 0 - precision 0.0000 - recall 0.0000 - f1 0.0000 
INFO:root:VALID measures@1000 for class 1 - precision 0.1428 - recall 1.0000 - f1 0.2499 
INFO:root:VALID Total epoch time: 0.05407439998816699
INFO:root:################ TEST epoch 9 ###################
INFO:root:TEST batch 1 / 5 - partial error 0.8944 - partial loss 0.1663 - partial MRR  0.1256 - partial MAP 0.1056
INFO:root:TEST batch 1 / 5 -  partial tp {0: tensor(0), 1: tensor(95)},fn {0: tensor(805), 1: tensor(0)},fp {0: tensor(0), 1: tensor(805)}
INFO:root:TEST batch 1 / 5 - measures partial microavg - precision 0.1056 - recall 0.1056 - f1 0.1056 
INFO:root:TEST batch 1 / 5 - measures partial for class 0 - precision 0.0000 - recall 0.0000 - f1 0.0000 
INFO:root:TEST batch 1 / 5 - measures partial for class 1 - precision 0.1056 - recall 1.0000 - f1 0.1910 
INFO:root:TEST batch 1 / 5 - Batch time 0 
INFO:root:TEST batch 2 / 5 - partial error 0.8639 - partial loss 0.1674 - partial MRR  0.1120 - partial MAP 0.1361
INFO:root:TEST batch 2 / 5 -  partial tp {0: tensor(0), 1: tensor(150)},fn {0: tensor(750), 1: tensor(0)},fp {0: tensor(0), 1: tensor(750)}
INFO:root:TEST batch 2 / 5 - measures partial microavg - precision 0.1667 - recall 0.1667 - f1 0.1667 
INFO:root:TEST batch 2 / 5 - measures partial for class 0 - precision 0.0000 - recall 0.0000 - f1 0.0000 
INFO:root:TEST batch 2 / 5 - measures partial for class 1 - precision 0.1667 - recall 1.0000 - f1 0.2857 
INFO:root:TEST batch 2 / 5 - Batch time 0 
INFO:root:TEST batch 3 / 5 - partial error 0.8500 - partial loss 0.1678 - partial MRR  0.1172 - partial MAP 0.1500
INFO:root:TEST batch 3 / 5 -  partial tp {0: tensor(0), 1: tensor(160)},fn {0: tensor(740), 1: tensor(0)},fp {0: tensor(0), 1: tensor(740)}
INFO:root:TEST batch 3 / 5 - measures partial microavg - precision 0.1778 - recall 0.1778 - f1 0.1778 
INFO:root:TEST batch 3 / 5 - measures partial for class 0 - precision 0.0000 - recall 0.0000 - f1 0.0000 
INFO:root:TEST batch 3 / 5 - measures partial for class 1 - precision 0.1778 - recall 1.0000 - f1 0.3019 
INFO:root:TEST batch 3 / 5 - Batch time 0 
INFO:root:TEST batch 4 / 5 - partial error 0.8511 - partial loss 0.1678 - partial MRR  0.1179 - partial MAP 0.1489
INFO:root:TEST batch 4 / 5 -  partial tp {0: tensor(0), 1: tensor(131)},fn {0: tensor(769), 1: tensor(0)},fp {0: tensor(0), 1: tensor(769)}
INFO:root:TEST batch 4 / 5 - measures partial microavg - precision 0.1456 - recall 0.1456 - f1 0.1456 
INFO:root:TEST batch 4 / 5 - measures partial for class 0 - precision 0.0000 - recall 0.0000 - f1 0.0000 
INFO:root:TEST batch 4 / 5 - measures partial for class 1 - precision 0.1456 - recall 1.0000 - f1 0.2541 
INFO:root:TEST batch 4 / 5 - Batch time 0 
INFO:root:TEST batch 5 / 5 - partial error 0.8611 - partial loss 0.1674 - partial MRR  0.1193 - partial MAP 0.1389
INFO:root:TEST batch 5 / 5 -  partial tp {0: tensor(0), 1: tensor(89)},fn {0: tensor(811), 1: tensor(0)},fp {0: tensor(0), 1: tensor(811)}
INFO:root:TEST batch 5 / 5 - measures partial microavg - precision 0.0989 - recall 0.0989 - f1 0.0989 
INFO:root:TEST batch 5 / 5 - measures partial for class 0 - precision 0.0000 - recall 0.0000 - f1 0.0000 
INFO:root:TEST batch 5 / 5 - measures partial for class 1 - precision 0.0989 - recall 1.0000 - f1 0.1800 
INFO:root:TEST batch 5 / 5 - Batch time 0 
INFO:root:TEST mean losses tensor(0.1674)
INFO:root:TEST mean errors 0.8611111044883728
INFO:root:TEST mean MRR 0.11925499141216278 - mean MAP 0.1388888955116272
INFO:root:TEST tp {0: tensor(0), 1: tensor(625)},fn {0: tensor(3875), 1: tensor(0)},fp {0: tensor(0), 1: tensor(3875)}
INFO:root:TEST measures microavg - precision 0.1389 - recall 0.1389 - f1 0.1389 
INFO:root:TEST measures for class 0 - precision 0.0000 - recall 0.0000 - f1 0.0000 
INFO:root:TEST measures for class 1 - precision 0.1389 - recall 1.0000 - f1 0.2439 
INFO:root:TEST measures@10 microavg - precision 1.0000 - recall 0.0111 - f1 0.0220 
INFO:root:TEST measures@10 for class 0 - precision 0.0000 - recall 0.0000 - f1 0.0000 
INFO:root:TEST measures@10 for class 1 - precision 1.0000 - recall 0.0800 - f1 0.1481 
INFO:root:TEST measures@100 microavg - precision 0.0000 - recall 0.0000 - f1 0.0000 
INFO:root:TEST measures@100 for class 0 - precision 0.0000 - recall 0.0000 - f1 0.0000 
INFO:root:TEST measures@100 for class 1 - precision 0.0000 - recall 0.0000 - f1 0.0000 
INFO:root:TEST measures@1000 microavg - precision 0.1389 - recall 0.1389 - f1 0.1389 
INFO:root:TEST measures@1000 for class 0 - precision 0.0000 - recall 0.0000 - f1 0.0000 
INFO:root:TEST measures@1000 for class 1 - precision 0.1389 - recall 1.0000 - f1 0.2439 
INFO:root:TEST Total epoch time: 0.13078150001820177
