INFO:root:*** PARAMETERS ***
INFO:root:{'adj_mat_time_window': 1,
 'class_weights': [0.1, 0.9],
 'comments': ['comments'],
 'data': 'sbm50',
 'data_loading_params': {'batch_size': 1, 'num_workers': 0},
 'dev_proportion': 0.1,
 'device': 'cpu',
 'early_stop_patience': 50,
 'eval_after_epochs': 5,
 'gcn_parameters': {'cls_feats': 100,
                    'cls_feats_max': 800,
                    'cls_feats_min': 100,
                    'feats_per_node': 100,
                    'feats_per_node_max': 256,
                    'feats_per_node_min': 50,
                    'k_top_grcu': 200,
                    'layer_1_feats': 100,
                    'layer_1_feats_max': 200,
                    'layer_1_feats_min': 10,
                    'layer_2_feats': 100,
                    'layer_2_feats_same_as_l1': True,
                    'lstm_l1_feats': 100,
                    'lstm_l1_feats_max': 200,
                    'lstm_l1_feats_min': 10,
                    'lstm_l1_layers': 1,
                    'lstm_l2_feats': 100,
                    'lstm_l2_feats_same_as_l1': True,
                    'lstm_l2_layers': 1,
                    'num_layers': 2},
 'learning_rate': 0.02848035868435802,
 'learning_rate_max': 0.1,
 'learning_rate_min': 0.0001,
 'model': 'egcn_o',
 'negative_mult_test': 100,
 'negative_mult_training': 50,
 'num_epochs': 10,
 'num_hist_steps': 1,
 'num_hist_steps_max': 10,
 'num_hist_steps_min': 1,
 'rank': 0,
 'save_node_embeddings': False,
 'sbm50_args': {'aggr_time': 1,
                'edges_file': 'adj_monthly_sparse.csv',
                'feats_per_node': 3,
                'folder': './data/'},
 'sbm_args': <utils.Namespace object at 0x7fdcccfff160>,
 'seed': 1234,
 'smart_neg_sampling': True,
 'steps_accum_gradients': 1,
 'target_class': 1,
 'target_measure': 'MAP',
 'task': 'link_pred',
 'train_proportion': 0.7,
 'use_1_hot_node_feats': True,
 'use_2_hot_node_feats': False,
 'use_cuda': False,
 'use_logfile': True,
 'wsize': 1}
INFO:root:
INFO:root:################ TRAIN epoch 0 ###################
INFO:root:TRAIN mean losses tensor(0.2311)
INFO:root:TRAIN mean errors 0.6591783165931702
INFO:root:TRAIN mean MRR 0.0 - mean MAP 0.4376629590988159
INFO:root:TRAIN tp {0: tensor(679), 1: tensor(3751)},fn {0: tensor(8321), 1: tensor(247)},fp {0: tensor(247), 1: tensor(8321)}
INFO:root:TRAIN measures microavg - precision 0.3408 - recall 0.3408 - f1 0.3408 
INFO:root:TRAIN measures for class 0 - precision 0.7333 - recall 0.0754 - f1 0.1368 
INFO:root:TRAIN measures for class 1 - precision 0.3107 - recall 0.9382 - f1 0.4668 
INFO:root:TRAIN measures@10 microavg - precision 0.7012 - recall 0.0088 - f1 0.0175 
INFO:root:TRAIN measures@10 for class 0 - precision 0.7917 - recall 0.0021 - f1 0.0042 
INFO:root:TRAIN measures@10 for class 1 - precision 0.6857 - recall 0.0240 - f1 0.0464 
INFO:root:TRAIN measures@100 microavg - precision 0.5442 - recall 0.0649 - f1 0.1160 
INFO:root:TRAIN measures@100 for class 0 - precision 0.8344 - recall 0.0140 - f1 0.0275 
INFO:root:TRAIN measures@100 for class 1 - precision 0.5129 - recall 0.1796 - f1 0.2660 
INFO:root:TRAIN measures@1000 microavg - precision 0.3408 - recall 0.3408 - f1 0.3408 
INFO:root:TRAIN measures@1000 for class 0 - precision 0.7333 - recall 0.0754 - f1 0.1368 
INFO:root:TRAIN measures@1000 for class 1 - precision 0.3107 - recall 0.9382 - f1 0.4668 
INFO:root:TRAIN Total epoch time: 1.4381734000053257
INFO:root:################ TRAIN epoch 1 ###################
INFO:root:TRAIN mean losses tensor(0.2849)
INFO:root:TRAIN mean errors 0.6177104115486145
INFO:root:TRAIN mean MRR 0.0 - mean MAP 0.40580782294273376
INFO:root:TRAIN tp {0: tensor(1739), 1: tensor(3230)},fn {0: tensor(7261), 1: tensor(768)},fp {0: tensor(768), 1: tensor(7261)}
INFO:root:TRAIN measures microavg - precision 0.3823 - recall 0.3823 - f1 0.3823 
INFO:root:TRAIN measures for class 0 - precision 0.6937 - recall 0.1932 - f1 0.3023 
INFO:root:TRAIN measures for class 1 - precision 0.3079 - recall 0.8079 - f1 0.4459 
INFO:root:TRAIN measures@10 microavg - precision 0.5818 - recall 0.0074 - f1 0.0146 
INFO:root:TRAIN measures@10 for class 0 - precision 0.4333 - recall 0.0014 - f1 0.0029 
INFO:root:TRAIN measures@10 for class 1 - precision 0.6148 - recall 0.0208 - f1 0.0402 
INFO:root:TRAIN measures@100 microavg - precision 0.5058 - recall 0.0609 - f1 0.1086 
INFO:root:TRAIN measures@100 for class 0 - precision 0.5700 - recall 0.0190 - f1 0.0368 
INFO:root:TRAIN measures@100 for class 1 - precision 0.4905 - recall 0.1551 - f1 0.2357 
INFO:root:TRAIN measures@1000 microavg - precision 0.3823 - recall 0.3823 - f1 0.3823 
INFO:root:TRAIN measures@1000 for class 0 - precision 0.6937 - recall 0.1932 - f1 0.3023 
INFO:root:TRAIN measures@1000 for class 1 - precision 0.3079 - recall 0.8079 - f1 0.4459 
INFO:root:TRAIN Total epoch time: 1.3353608000034
INFO:root:################ TRAIN epoch 2 ###################
INFO:root:TRAIN mean losses tensor(0.1927)
INFO:root:TRAIN mean errors 0.6544587016105652
INFO:root:TRAIN mean MRR 0.0 - mean MAP 0.411776065826416
INFO:root:TRAIN tp {0: tensor(830), 1: tensor(3661)},fn {0: tensor(8169), 1: tensor(337)},fp {0: tensor(337), 1: tensor(8169)}
INFO:root:TRAIN measures microavg - precision 0.3455 - recall 0.3455 - f1 0.3455 
INFO:root:TRAIN measures for class 0 - precision 0.7112 - recall 0.0922 - f1 0.1633 
INFO:root:TRAIN measures for class 1 - precision 0.3095 - recall 0.9157 - f1 0.4626 
INFO:root:TRAIN measures@10 microavg - precision 0.4118 - recall 0.0054 - f1 0.0106 
INFO:root:TRAIN measures@10 for class 0 - precision 0.1000 - recall 0.0002 - f1 0.0004 
INFO:root:TRAIN measures@10 for class 1 - precision 0.4533 - recall 0.0170 - f1 0.0328 
INFO:root:TRAIN measures@100 microavg - precision 0.4679 - recall 0.0611 - f1 0.1081 
INFO:root:TRAIN measures@100 for class 0 - precision 0.4600 - recall 0.0102 - f1 0.0200 
INFO:root:TRAIN measures@100 for class 1 - precision 0.4689 - recall 0.1756 - f1 0.2555 
INFO:root:TRAIN measures@1000 microavg - precision 0.3455 - recall 0.3455 - f1 0.3455 
INFO:root:TRAIN measures@1000 for class 0 - precision 0.7112 - recall 0.0922 - f1 0.1633 
INFO:root:TRAIN measures@1000 for class 1 - precision 0.3095 - recall 0.9157 - f1 0.4626 
INFO:root:TRAIN Total epoch time: 1.5581438000081107
INFO:root:################ TRAIN epoch 3 ###################
INFO:root:TRAIN mean losses tensor(0.1745)
INFO:root:TRAIN mean errors 0.6920590996742249
INFO:root:TRAIN mean MRR 0.0 - mean MAP 0.5228782296180725
INFO:root:TRAIN tp {0: tensor(6), 1: tensor(3996)},fn {0: tensor(8992), 1: tensor(2)},fp {0: tensor(2), 1: tensor(8992)}
INFO:root:TRAIN measures microavg - precision 0.3079 - recall 0.3079 - f1 0.3079 
INFO:root:TRAIN measures for class 0 - precision 0.7500 - recall 0.0007 - f1 0.0013 
INFO:root:TRAIN measures for class 1 - precision 0.3077 - recall 0.9995 - f1 0.4705 
INFO:root:TRAIN measures@10 microavg - precision 0.7748 - recall 0.0090 - f1 0.0178 
INFO:root:TRAIN measures@10 for class 0 - precision 0.0000 - recall 0.0000 - f1 0.0000 
INFO:root:TRAIN measures@10 for class 1 - precision 0.7800 - recall 0.0293 - f1 0.0564 
INFO:root:TRAIN measures@100 microavg - precision 0.6373 - recall 0.0739 - f1 0.1325 
INFO:root:TRAIN measures@100 for class 0 - precision 0.7500 - recall 0.0007 - f1 0.0013 
INFO:root:TRAIN measures@100 for class 1 - precision 0.6367 - recall 0.2389 - f1 0.3474 
INFO:root:TRAIN measures@1000 microavg - precision 0.3079 - recall 0.3079 - f1 0.3079 
INFO:root:TRAIN measures@1000 for class 0 - precision 0.7500 - recall 0.0007 - f1 0.0013 
INFO:root:TRAIN measures@1000 for class 1 - precision 0.3077 - recall 0.9995 - f1 0.4705 
INFO:root:TRAIN Total epoch time: 1.3480458999983966
INFO:root:################ TRAIN epoch 4 ###################
INFO:root:TRAIN mean losses tensor(0.1667)
INFO:root:TRAIN mean errors 0.6923905611038208
INFO:root:TRAIN mean MRR 0.0 - mean MAP 0.5507225394248962
INFO:root:TRAIN tp {0: tensor(0), 1: tensor(3998)},fn {0: tensor(8999), 1: tensor(0)},fp {0: tensor(0), 1: tensor(8999)}
INFO:root:TRAIN measures microavg - precision 0.3076 - recall 0.3076 - f1 0.3076 
INFO:root:TRAIN measures for class 0 - precision 0.0000 - recall 0.0000 - f1 0.0000 
INFO:root:TRAIN measures for class 1 - precision 0.3076 - recall 1.0000 - f1 0.4705 
INFO:root:TRAIN measures@10 microavg - precision 0.8733 - recall 0.0101 - f1 0.0199 
INFO:root:TRAIN measures@10 for class 0 - precision 0.0000 - recall 0.0000 - f1 0.0000 
INFO:root:TRAIN measures@10 for class 1 - precision 0.8733 - recall 0.0328 - f1 0.0632 
INFO:root:TRAIN measures@100 microavg - precision 0.6567 - recall 0.0758 - f1 0.1359 
INFO:root:TRAIN measures@100 for class 0 - precision 0.0000 - recall 0.0000 - f1 0.0000 
INFO:root:TRAIN measures@100 for class 1 - precision 0.6567 - recall 0.2464 - f1 0.3583 
INFO:root:TRAIN measures@1000 microavg - precision 0.3076 - recall 0.3076 - f1 0.3076 
INFO:root:TRAIN measures@1000 for class 0 - precision 0.0000 - recall 0.0000 - f1 0.0000 
INFO:root:TRAIN measures@1000 for class 1 - precision 0.3076 - recall 1.0000 - f1 0.4705 
INFO:root:TRAIN Total epoch time: 1.3005025000020396
INFO:root:################ TRAIN epoch 5 ###################
INFO:root:TRAIN mean losses tensor(0.1654)
INFO:root:TRAIN mean errors 0.6924142241477966
INFO:root:TRAIN mean MRR 0.0 - mean MAP 0.5388380289077759
INFO:root:TRAIN tp {0: tensor(0), 1: tensor(3998)},fn {0: tensor(9000), 1: tensor(0)},fp {0: tensor(0), 1: tensor(9000)}
INFO:root:TRAIN measures microavg - precision 0.3076 - recall 0.3076 - f1 0.3076 
INFO:root:TRAIN measures for class 0 - precision 0.0000 - recall 0.0000 - f1 0.0000 
INFO:root:TRAIN measures for class 1 - precision 0.3076 - recall 1.0000 - f1 0.4705 
INFO:root:TRAIN measures@10 microavg - precision 0.7400 - recall 0.0085 - f1 0.0169 
INFO:root:TRAIN measures@10 for class 0 - precision 0.0000 - recall 0.0000 - f1 0.0000 
INFO:root:TRAIN measures@10 for class 1 - precision 0.7400 - recall 0.0278 - f1 0.0535 
INFO:root:TRAIN measures@100 microavg - precision 0.6600 - recall 0.0762 - f1 0.1366 
INFO:root:TRAIN measures@100 for class 0 - precision 0.0000 - recall 0.0000 - f1 0.0000 
INFO:root:TRAIN measures@100 for class 1 - precision 0.6600 - recall 0.2476 - f1 0.3601 
INFO:root:TRAIN measures@1000 microavg - precision 0.3076 - recall 0.3076 - f1 0.3076 
INFO:root:TRAIN measures@1000 for class 0 - precision 0.0000 - recall 0.0000 - f1 0.0000 
INFO:root:TRAIN measures@1000 for class 1 - precision 0.3076 - recall 1.0000 - f1 0.4705 
INFO:root:TRAIN Total epoch time: 1.5045788999996148
INFO:root:################ TRAIN epoch 6 ###################
INFO:root:TRAIN mean losses tensor(0.1616)
INFO:root:TRAIN mean errors 0.6924378871917725
INFO:root:TRAIN mean MRR 0.0 - mean MAP 0.5326648950576782
INFO:root:TRAIN tp {0: tensor(0), 1: tensor(3998)},fn {0: tensor(9001), 1: tensor(0)},fp {0: tensor(0), 1: tensor(9001)}
INFO:root:TRAIN measures microavg - precision 0.3076 - recall 0.3076 - f1 0.3076 
INFO:root:TRAIN measures for class 0 - precision 0.0000 - recall 0.0000 - f1 0.0000 
INFO:root:TRAIN measures for class 1 - precision 0.3076 - recall 1.0000 - f1 0.4704 
INFO:root:TRAIN measures@10 microavg - precision 0.7800 - recall 0.0090 - f1 0.0178 
INFO:root:TRAIN measures@10 for class 0 - precision 0.0000 - recall 0.0000 - f1 0.0000 
INFO:root:TRAIN measures@10 for class 1 - precision 0.7800 - recall 0.0293 - f1 0.0564 
INFO:root:TRAIN measures@100 microavg - precision 0.6593 - recall 0.0761 - f1 0.1364 
INFO:root:TRAIN measures@100 for class 0 - precision 0.0000 - recall 0.0000 - f1 0.0000 
INFO:root:TRAIN measures@100 for class 1 - precision 0.6593 - recall 0.2474 - f1 0.3598 
INFO:root:TRAIN measures@1000 microavg - precision 0.3076 - recall 0.3076 - f1 0.3076 
INFO:root:TRAIN measures@1000 for class 0 - precision 0.0000 - recall 0.0000 - f1 0.0000 
INFO:root:TRAIN measures@1000 for class 1 - precision 0.3076 - recall 1.0000 - f1 0.4704 
INFO:root:TRAIN Total epoch time: 1.2186389999988023
INFO:root:################ VALID epoch 6 ###################
INFO:root:VALID mean losses tensor(0.1394)
INFO:root:VALID mean errors 0.8572221994400024
INFO:root:VALID mean MRR 0.13896474242210388 - mean MAP 0.31548169255256653
INFO:root:VALID tp {0: tensor(0), 1: tensor(257)},fn {0: tensor(1543), 1: tensor(0)},fp {0: tensor(0), 1: tensor(1543)}
INFO:root:VALID measures microavg - precision 0.1428 - recall 0.1428 - f1 0.1428 
INFO:root:VALID measures for class 0 - precision 0.0000 - recall 0.0000 - f1 0.0000 
INFO:root:VALID measures for class 1 - precision 0.1428 - recall 1.0000 - f1 0.2499 
INFO:root:VALID measures@10 microavg - precision 0.4000 - recall 0.0044 - f1 0.0088 
INFO:root:VALID measures@10 for class 0 - precision 0.0000 - recall 0.0000 - f1 0.0000 
INFO:root:VALID measures@10 for class 1 - precision 0.4000 - recall 0.0311 - f1 0.0578 
INFO:root:VALID measures@100 microavg - precision 0.3900 - recall 0.0433 - f1 0.0780 
INFO:root:VALID measures@100 for class 0 - precision 0.0000 - recall 0.0000 - f1 0.0000 
INFO:root:VALID measures@100 for class 1 - precision 0.3900 - recall 0.3035 - f1 0.3414 
INFO:root:VALID measures@1000 microavg - precision 0.1428 - recall 0.1428 - f1 0.1428 
INFO:root:VALID measures@1000 for class 0 - precision 0.0000 - recall 0.0000 - f1 0.0000 
INFO:root:VALID measures@1000 for class 1 - precision 0.1428 - recall 1.0000 - f1 0.2499 
INFO:root:VALID Total epoch time: 0.033631500002229586
INFO:root:################ TEST epoch 6 ###################
INFO:root:TEST batch 1 / 5 - partial error 0.8944 - partial loss 0.1369 - partial MRR  0.1195 - partial MAP 0.2154
INFO:root:TEST batch 1 / 5 -  partial tp {0: tensor(0), 1: tensor(95)},fn {0: tensor(805), 1: tensor(0)},fp {0: tensor(0), 1: tensor(805)}
INFO:root:TEST batch 1 / 5 - measures partial microavg - precision 0.1056 - recall 0.1056 - f1 0.1056 
INFO:root:TEST batch 1 / 5 - measures partial for class 0 - precision 0.0000 - recall 0.0000 - f1 0.0000 
INFO:root:TEST batch 1 / 5 - measures partial for class 1 - precision 0.1056 - recall 1.0000 - f1 0.1910 
INFO:root:TEST batch 1 / 5 - Batch time 0 
INFO:root:TEST batch 2 / 5 - partial error 0.8639 - partial loss 0.1434 - partial MRR  0.1035 - partial MAP 0.2492
INFO:root:TEST batch 2 / 5 -  partial tp {0: tensor(0), 1: tensor(150)},fn {0: tensor(750), 1: tensor(0)},fp {0: tensor(0), 1: tensor(750)}
INFO:root:TEST batch 2 / 5 - measures partial microavg - precision 0.1667 - recall 0.1667 - f1 0.1667 
INFO:root:TEST batch 2 / 5 - measures partial for class 0 - precision 0.0000 - recall 0.0000 - f1 0.0000 
INFO:root:TEST batch 2 / 5 - measures partial for class 1 - precision 0.1667 - recall 1.0000 - f1 0.2857 
INFO:root:TEST batch 2 / 5 - Batch time 0 
INFO:root:TEST batch 3 / 5 - partial error 0.8500 - partial loss 0.1463 - partial MRR  0.1085 - partial MAP 0.2615
INFO:root:TEST batch 3 / 5 -  partial tp {0: tensor(0), 1: tensor(160)},fn {0: tensor(740), 1: tensor(0)},fp {0: tensor(0), 1: tensor(740)}
INFO:root:TEST batch 3 / 5 - measures partial microavg - precision 0.1778 - recall 0.1778 - f1 0.1778 
INFO:root:TEST batch 3 / 5 - measures partial for class 0 - precision 0.0000 - recall 0.0000 - f1 0.0000 
INFO:root:TEST batch 3 / 5 - measures partial for class 1 - precision 0.1778 - recall 1.0000 - f1 0.3019 
INFO:root:TEST batch 3 / 5 - Batch time 0 
INFO:root:TEST batch 4 / 5 - partial error 0.8511 - partial loss 0.1454 - partial MRR  0.1097 - partial MAP 0.2655
INFO:root:TEST batch 4 / 5 -  partial tp {0: tensor(0), 1: tensor(131)},fn {0: tensor(769), 1: tensor(0)},fp {0: tensor(0), 1: tensor(769)}
INFO:root:TEST batch 4 / 5 - measures partial microavg - precision 0.1456 - recall 0.1456 - f1 0.1456 
INFO:root:TEST batch 4 / 5 - measures partial for class 0 - precision 0.0000 - recall 0.0000 - f1 0.0000 
INFO:root:TEST batch 4 / 5 - measures partial for class 1 - precision 0.1456 - recall 1.0000 - f1 0.2541 
INFO:root:TEST batch 4 / 5 - Batch time 0 
INFO:root:TEST batch 5 / 5 - partial error 0.8611 - partial loss 0.1428 - partial MRR  0.1276 - partial MAP 0.2670
INFO:root:TEST batch 5 / 5 -  partial tp {0: tensor(0), 1: tensor(89)},fn {0: tensor(811), 1: tensor(0)},fp {0: tensor(0), 1: tensor(811)}
INFO:root:TEST batch 5 / 5 - measures partial microavg - precision 0.0989 - recall 0.0989 - f1 0.0989 
INFO:root:TEST batch 5 / 5 - measures partial for class 0 - precision 0.0000 - recall 0.0000 - f1 0.0000 
INFO:root:TEST batch 5 / 5 - measures partial for class 1 - precision 0.0989 - recall 1.0000 - f1 0.1800 
INFO:root:TEST batch 5 / 5 - Batch time 0 
INFO:root:TEST mean losses tensor(0.1428)
INFO:root:TEST mean errors 0.8611111044883728
INFO:root:TEST mean MRR 0.12762735784053802 - mean MAP 0.26702219247817993
INFO:root:TEST tp {0: tensor(0), 1: tensor(625)},fn {0: tensor(3875), 1: tensor(0)},fp {0: tensor(0), 1: tensor(3875)}
INFO:root:TEST measures microavg - precision 0.1389 - recall 0.1389 - f1 0.1389 
INFO:root:TEST measures for class 0 - precision 0.0000 - recall 0.0000 - f1 0.0000 
INFO:root:TEST measures for class 1 - precision 0.1389 - recall 1.0000 - f1 0.2439 
INFO:root:TEST measures@10 microavg - precision 0.4600 - recall 0.0051 - f1 0.0101 
INFO:root:TEST measures@10 for class 0 - precision 0.0000 - recall 0.0000 - f1 0.0000 
INFO:root:TEST measures@10 for class 1 - precision 0.4600 - recall 0.0368 - f1 0.0681 
INFO:root:TEST measures@100 microavg - precision 0.3400 - recall 0.0378 - f1 0.0680 
INFO:root:TEST measures@100 for class 0 - precision 0.0000 - recall 0.0000 - f1 0.0000 
INFO:root:TEST measures@100 for class 1 - precision 0.3400 - recall 0.2720 - f1 0.3022 
INFO:root:TEST measures@1000 microavg - precision 0.1389 - recall 0.1389 - f1 0.1389 
INFO:root:TEST measures@1000 for class 0 - precision 0.0000 - recall 0.0000 - f1 0.0000 
INFO:root:TEST measures@1000 for class 1 - precision 0.1389 - recall 1.0000 - f1 0.2439 
INFO:root:TEST Total epoch time: 0.15401550001115538
INFO:root:################ TRAIN epoch 7 ###################
INFO:root:TRAIN mean losses tensor(0.1643)
INFO:root:TRAIN mean errors 0.6924378871917725
INFO:root:TRAIN mean MRR 0.0 - mean MAP 0.5300845503807068
INFO:root:TRAIN tp {0: tensor(0), 1: tensor(3998)},fn {0: tensor(9001), 1: tensor(0)},fp {0: tensor(0), 1: tensor(9001)}
INFO:root:TRAIN measures microavg - precision 0.3076 - recall 0.3076 - f1 0.3076 
INFO:root:TRAIN measures for class 0 - precision 0.0000 - recall 0.0000 - f1 0.0000 
INFO:root:TRAIN measures for class 1 - precision 0.3076 - recall 1.0000 - f1 0.4704 
INFO:root:TRAIN measures@10 microavg - precision 0.7667 - recall 0.0088 - f1 0.0175 
INFO:root:TRAIN measures@10 for class 0 - precision 0.0000 - recall 0.0000 - f1 0.0000 
INFO:root:TRAIN measures@10 for class 1 - precision 0.7667 - recall 0.0288 - f1 0.0554 
INFO:root:TRAIN measures@100 microavg - precision 0.6447 - recall 0.0744 - f1 0.1334 
INFO:root:TRAIN measures@100 for class 0 - precision 0.0000 - recall 0.0000 - f1 0.0000 
INFO:root:TRAIN measures@100 for class 1 - precision 0.6447 - recall 0.2419 - f1 0.3518 
INFO:root:TRAIN measures@1000 microavg - precision 0.3076 - recall 0.3076 - f1 0.3076 
INFO:root:TRAIN measures@1000 for class 0 - precision 0.0000 - recall 0.0000 - f1 0.0000 
INFO:root:TRAIN measures@1000 for class 1 - precision 0.3076 - recall 1.0000 - f1 0.4704 
INFO:root:TRAIN Total epoch time: 1.1986835999996401
INFO:root:################ VALID epoch 7 ###################
INFO:root:VALID mean losses tensor(0.1400)
INFO:root:VALID mean errors 0.8572221994400024
INFO:root:VALID mean MRR 0.13339878618717194 - mean MAP 0.30492958426475525
INFO:root:VALID tp {0: tensor(0), 1: tensor(257)},fn {0: tensor(1543), 1: tensor(0)},fp {0: tensor(0), 1: tensor(1543)}
INFO:root:VALID measures microavg - precision 0.1428 - recall 0.1428 - f1 0.1428 
INFO:root:VALID measures for class 0 - precision 0.0000 - recall 0.0000 - f1 0.0000 
INFO:root:VALID measures for class 1 - precision 0.1428 - recall 1.0000 - f1 0.2499 
INFO:root:VALID measures@10 microavg - precision 0.5500 - recall 0.0061 - f1 0.0121 
INFO:root:VALID measures@10 for class 0 - precision 0.0000 - recall 0.0000 - f1 0.0000 
INFO:root:VALID measures@10 for class 1 - precision 0.5500 - recall 0.0428 - f1 0.0794 
INFO:root:VALID measures@100 microavg - precision 0.3800 - recall 0.0422 - f1 0.0760 
INFO:root:VALID measures@100 for class 0 - precision 0.0000 - recall 0.0000 - f1 0.0000 
INFO:root:VALID measures@100 for class 1 - precision 0.3800 - recall 0.2957 - f1 0.3326 
INFO:root:VALID measures@1000 microavg - precision 0.1428 - recall 0.1428 - f1 0.1428 
INFO:root:VALID measures@1000 for class 0 - precision 0.0000 - recall 0.0000 - f1 0.0000 
INFO:root:VALID measures@1000 for class 1 - precision 0.1428 - recall 1.0000 - f1 0.2499 
INFO:root:VALID Total epoch time: 0.07351869999547489
INFO:root:################ TEST epoch 7 ###################
INFO:root:TEST batch 1 / 5 - partial error 0.8944 - partial loss 0.1364 - partial MRR  0.1255 - partial MAP 0.2128
INFO:root:TEST batch 1 / 5 -  partial tp {0: tensor(0), 1: tensor(95)},fn {0: tensor(805), 1: tensor(0)},fp {0: tensor(0), 1: tensor(805)}
INFO:root:TEST batch 1 / 5 - measures partial microavg - precision 0.1056 - recall 0.1056 - f1 0.1056 
INFO:root:TEST batch 1 / 5 - measures partial for class 0 - precision 0.0000 - recall 0.0000 - f1 0.0000 
INFO:root:TEST batch 1 / 5 - measures partial for class 1 - precision 0.1056 - recall 1.0000 - f1 0.1910 
INFO:root:TEST batch 1 / 5 - Batch time 0 
INFO:root:TEST batch 2 / 5 - partial error 0.8639 - partial loss 0.1420 - partial MRR  0.1231 - partial MAP 0.2628
INFO:root:TEST batch 2 / 5 -  partial tp {0: tensor(0), 1: tensor(150)},fn {0: tensor(750), 1: tensor(0)},fp {0: tensor(0), 1: tensor(750)}
INFO:root:TEST batch 2 / 5 - measures partial microavg - precision 0.1667 - recall 0.1667 - f1 0.1667 
INFO:root:TEST batch 2 / 5 - measures partial for class 0 - precision 0.0000 - recall 0.0000 - f1 0.0000 
INFO:root:TEST batch 2 / 5 - measures partial for class 1 - precision 0.1667 - recall 1.0000 - f1 0.2857 
INFO:root:TEST batch 2 / 5 - Batch time 0 
INFO:root:TEST batch 3 / 5 - partial error 0.8500 - partial loss 0.1453 - partial MRR  0.1315 - partial MAP 0.2782
INFO:root:TEST batch 3 / 5 -  partial tp {0: tensor(0), 1: tensor(160)},fn {0: tensor(740), 1: tensor(0)},fp {0: tensor(0), 1: tensor(740)}
INFO:root:TEST batch 3 / 5 - measures partial microavg - precision 0.1778 - recall 0.1778 - f1 0.1778 
INFO:root:TEST batch 3 / 5 - measures partial for class 0 - precision 0.0000 - recall 0.0000 - f1 0.0000 
INFO:root:TEST batch 3 / 5 - measures partial for class 1 - precision 0.1778 - recall 1.0000 - f1 0.3019 
INFO:root:TEST batch 3 / 5 - Batch time 0 
INFO:root:TEST batch 4 / 5 - partial error 0.8511 - partial loss 0.1445 - partial MRR  0.1274 - partial MAP 0.2700
INFO:root:TEST batch 4 / 5 -  partial tp {0: tensor(0), 1: tensor(131)},fn {0: tensor(769), 1: tensor(0)},fp {0: tensor(0), 1: tensor(769)}
INFO:root:TEST batch 4 / 5 - measures partial microavg - precision 0.1456 - recall 0.1456 - f1 0.1456 
INFO:root:TEST batch 4 / 5 - measures partial for class 0 - precision 0.0000 - recall 0.0000 - f1 0.0000 
INFO:root:TEST batch 4 / 5 - measures partial for class 1 - precision 0.1456 - recall 1.0000 - f1 0.2541 
INFO:root:TEST batch 4 / 5 - Batch time 0 
INFO:root:TEST batch 5 / 5 - partial error 0.8611 - partial loss 0.1417 - partial MRR  0.1396 - partial MAP 0.2720
INFO:root:TEST batch 5 / 5 -  partial tp {0: tensor(0), 1: tensor(89)},fn {0: tensor(811), 1: tensor(0)},fp {0: tensor(0), 1: tensor(811)}
INFO:root:TEST batch 5 / 5 - measures partial microavg - precision 0.0989 - recall 0.0989 - f1 0.0989 
INFO:root:TEST batch 5 / 5 - measures partial for class 0 - precision 0.0000 - recall 0.0000 - f1 0.0000 
INFO:root:TEST batch 5 / 5 - measures partial for class 1 - precision 0.0989 - recall 1.0000 - f1 0.1800 
INFO:root:TEST batch 5 / 5 - Batch time 0 
INFO:root:TEST mean losses tensor(0.1417)
INFO:root:TEST mean errors 0.8611111044883728
INFO:root:TEST mean MRR 0.1396472305059433 - mean MAP 0.2720140218734741
INFO:root:TEST tp {0: tensor(0), 1: tensor(625)},fn {0: tensor(3875), 1: tensor(0)},fp {0: tensor(0), 1: tensor(3875)}
INFO:root:TEST measures microavg - precision 0.1389 - recall 0.1389 - f1 0.1389 
INFO:root:TEST measures for class 0 - precision 0.0000 - recall 0.0000 - f1 0.0000 
INFO:root:TEST measures for class 1 - precision 0.1389 - recall 1.0000 - f1 0.2439 
INFO:root:TEST measures@10 microavg - precision 0.5000 - recall 0.0056 - f1 0.0110 
INFO:root:TEST measures@10 for class 0 - precision 0.0000 - recall 0.0000 - f1 0.0000 
INFO:root:TEST measures@10 for class 1 - precision 0.5000 - recall 0.0400 - f1 0.0741 
INFO:root:TEST measures@100 microavg - precision 0.3380 - recall 0.0376 - f1 0.0676 
INFO:root:TEST measures@100 for class 0 - precision 0.0000 - recall 0.0000 - f1 0.0000 
INFO:root:TEST measures@100 for class 1 - precision 0.3380 - recall 0.2704 - f1 0.3004 
INFO:root:TEST measures@1000 microavg - precision 0.1389 - recall 0.1389 - f1 0.1389 
INFO:root:TEST measures@1000 for class 0 - precision 0.0000 - recall 0.0000 - f1 0.0000 
INFO:root:TEST measures@1000 for class 1 - precision 0.1389 - recall 1.0000 - f1 0.2439 
INFO:root:TEST Total epoch time: 0.1030923999787774
INFO:root:################ TRAIN epoch 8 ###################
INFO:root:TRAIN mean losses tensor(0.1654)
INFO:root:TRAIN mean errors 0.6924378871917725
INFO:root:TRAIN mean MRR 0.0 - mean MAP 0.5514438152313232
INFO:root:TRAIN tp {0: tensor(0), 1: tensor(3998)},fn {0: tensor(9001), 1: tensor(0)},fp {0: tensor(0), 1: tensor(9001)}
INFO:root:TRAIN measures microavg - precision 0.3076 - recall 0.3076 - f1 0.3076 
INFO:root:TRAIN measures for class 0 - precision 0.0000 - recall 0.0000 - f1 0.0000 
INFO:root:TRAIN measures for class 1 - precision 0.3076 - recall 1.0000 - f1 0.4704 
INFO:root:TRAIN measures@10 microavg - precision 0.7800 - recall 0.0090 - f1 0.0178 
INFO:root:TRAIN measures@10 for class 0 - precision 0.0000 - recall 0.0000 - f1 0.0000 
INFO:root:TRAIN measures@10 for class 1 - precision 0.7800 - recall 0.0293 - f1 0.0564 
INFO:root:TRAIN measures@100 microavg - precision 0.6620 - recall 0.0764 - f1 0.1370 
INFO:root:TRAIN measures@100 for class 0 - precision 0.0000 - recall 0.0000 - f1 0.0000 
INFO:root:TRAIN measures@100 for class 1 - precision 0.6620 - recall 0.2484 - f1 0.3612 
INFO:root:TRAIN measures@1000 microavg - precision 0.3076 - recall 0.3076 - f1 0.3076 
INFO:root:TRAIN measures@1000 for class 0 - precision 0.0000 - recall 0.0000 - f1 0.0000 
INFO:root:TRAIN measures@1000 for class 1 - precision 0.3076 - recall 1.0000 - f1 0.4704 
INFO:root:TRAIN Total epoch time: 0.9880700999929104
INFO:root:################ VALID epoch 8 ###################
INFO:root:VALID mean losses tensor(0.1451)
INFO:root:VALID mean errors 0.8572221994400024
INFO:root:VALID mean MRR 0.1383398026227951 - mean MAP 0.3389796316623688
INFO:root:VALID tp {0: tensor(0), 1: tensor(257)},fn {0: tensor(1543), 1: tensor(0)},fp {0: tensor(0), 1: tensor(1543)}
INFO:root:VALID measures microavg - precision 0.1428 - recall 0.1428 - f1 0.1428 
INFO:root:VALID measures for class 0 - precision 0.0000 - recall 0.0000 - f1 0.0000 
INFO:root:VALID measures for class 1 - precision 0.1428 - recall 1.0000 - f1 0.2499 
INFO:root:VALID measures@10 microavg - precision 0.5000 - recall 0.0056 - f1 0.0110 
INFO:root:VALID measures@10 for class 0 - precision 0.0000 - recall 0.0000 - f1 0.0000 
INFO:root:VALID measures@10 for class 1 - precision 0.5000 - recall 0.0389 - f1 0.0722 
INFO:root:VALID measures@100 microavg - precision 0.4000 - recall 0.0444 - f1 0.0800 
INFO:root:VALID measures@100 for class 0 - precision 0.0000 - recall 0.0000 - f1 0.0000 
INFO:root:VALID measures@100 for class 1 - precision 0.4000 - recall 0.3113 - f1 0.3501 
INFO:root:VALID measures@1000 microavg - precision 0.1428 - recall 0.1428 - f1 0.1428 
INFO:root:VALID measures@1000 for class 0 - precision 0.0000 - recall 0.0000 - f1 0.0000 
INFO:root:VALID measures@1000 for class 1 - precision 0.1428 - recall 1.0000 - f1 0.2499 
INFO:root:VALID Total epoch time: 0.06401909998385236
INFO:root:################ TEST epoch 8 ###################
INFO:root:TEST batch 1 / 5 - partial error 0.8944 - partial loss 0.1403 - partial MRR  0.0980 - partial MAP 0.1899
INFO:root:TEST batch 1 / 5 -  partial tp {0: tensor(0), 1: tensor(95)},fn {0: tensor(805), 1: tensor(0)},fp {0: tensor(0), 1: tensor(805)}
INFO:root:TEST batch 1 / 5 - measures partial microavg - precision 0.1056 - recall 0.1056 - f1 0.1056 
INFO:root:TEST batch 1 / 5 - measures partial for class 0 - precision 0.0000 - recall 0.0000 - f1 0.0000 
INFO:root:TEST batch 1 / 5 - measures partial for class 1 - precision 0.1056 - recall 1.0000 - f1 0.1910 
INFO:root:TEST batch 1 / 5 - Batch time 0 
INFO:root:TEST batch 2 / 5 - partial error 0.8639 - partial loss 0.1426 - partial MRR  0.0920 - partial MAP 0.2497
INFO:root:TEST batch 2 / 5 -  partial tp {0: tensor(0), 1: tensor(150)},fn {0: tensor(750), 1: tensor(0)},fp {0: tensor(0), 1: tensor(750)}
INFO:root:TEST batch 2 / 5 - measures partial microavg - precision 0.1667 - recall 0.1667 - f1 0.1667 
INFO:root:TEST batch 2 / 5 - measures partial for class 0 - precision 0.0000 - recall 0.0000 - f1 0.0000 
INFO:root:TEST batch 2 / 5 - measures partial for class 1 - precision 0.1667 - recall 1.0000 - f1 0.2857 
INFO:root:TEST batch 2 / 5 - Batch time 0 
INFO:root:TEST batch 3 / 5 - partial error 0.8500 - partial loss 0.1454 - partial MRR  0.1043 - partial MAP 0.2768
INFO:root:TEST batch 3 / 5 -  partial tp {0: tensor(0), 1: tensor(160)},fn {0: tensor(740), 1: tensor(0)},fp {0: tensor(0), 1: tensor(740)}
INFO:root:TEST batch 3 / 5 - measures partial microavg - precision 0.1778 - recall 0.1778 - f1 0.1778 
INFO:root:TEST batch 3 / 5 - measures partial for class 0 - precision 0.0000 - recall 0.0000 - f1 0.0000 
INFO:root:TEST batch 3 / 5 - measures partial for class 1 - precision 0.1778 - recall 1.0000 - f1 0.3019 
INFO:root:TEST batch 3 / 5 - Batch time 0 
INFO:root:TEST batch 4 / 5 - partial error 0.8511 - partial loss 0.1449 - partial MRR  0.1068 - partial MAP 0.2711
INFO:root:TEST batch 4 / 5 -  partial tp {0: tensor(0), 1: tensor(131)},fn {0: tensor(769), 1: tensor(0)},fp {0: tensor(0), 1: tensor(769)}
INFO:root:TEST batch 4 / 5 - measures partial microavg - precision 0.1456 - recall 0.1456 - f1 0.1456 
INFO:root:TEST batch 4 / 5 - measures partial for class 0 - precision 0.0000 - recall 0.0000 - f1 0.0000 
INFO:root:TEST batch 4 / 5 - measures partial for class 1 - precision 0.1456 - recall 1.0000 - f1 0.2541 
INFO:root:TEST batch 4 / 5 - Batch time 0 
INFO:root:TEST batch 5 / 5 - partial error 0.8611 - partial loss 0.1424 - partial MRR  0.1225 - partial MAP 0.2710
INFO:root:TEST batch 5 / 5 -  partial tp {0: tensor(0), 1: tensor(89)},fn {0: tensor(811), 1: tensor(0)},fp {0: tensor(0), 1: tensor(811)}
INFO:root:TEST batch 5 / 5 - measures partial microavg - precision 0.0989 - recall 0.0989 - f1 0.0989 
INFO:root:TEST batch 5 / 5 - measures partial for class 0 - precision 0.0000 - recall 0.0000 - f1 0.0000 
INFO:root:TEST batch 5 / 5 - measures partial for class 1 - precision 0.0989 - recall 1.0000 - f1 0.1800 
INFO:root:TEST batch 5 / 5 - Batch time 0 
INFO:root:TEST mean losses tensor(0.1424)
INFO:root:TEST mean errors 0.8611111044883728
INFO:root:TEST mean MRR 0.12253426015377045 - mean MAP 0.2709999978542328
INFO:root:TEST tp {0: tensor(0), 1: tensor(625)},fn {0: tensor(3875), 1: tensor(0)},fp {0: tensor(0), 1: tensor(3875)}
INFO:root:TEST measures microavg - precision 0.1389 - recall 0.1389 - f1 0.1389 
INFO:root:TEST measures for class 0 - precision 0.0000 - recall 0.0000 - f1 0.0000 
INFO:root:TEST measures for class 1 - precision 0.1389 - recall 1.0000 - f1 0.2439 
INFO:root:TEST measures@10 microavg - precision 0.4600 - recall 0.0051 - f1 0.0101 
INFO:root:TEST measures@10 for class 0 - precision 0.0000 - recall 0.0000 - f1 0.0000 
INFO:root:TEST measures@10 for class 1 - precision 0.4600 - recall 0.0368 - f1 0.0681 
INFO:root:TEST measures@100 microavg - precision 0.3420 - recall 0.0380 - f1 0.0684 
INFO:root:TEST measures@100 for class 0 - precision 0.0000 - recall 0.0000 - f1 0.0000 
INFO:root:TEST measures@100 for class 1 - precision 0.3420 - recall 0.2736 - f1 0.3040 
INFO:root:TEST measures@1000 microavg - precision 0.1389 - recall 0.1389 - f1 0.1389 
INFO:root:TEST measures@1000 for class 0 - precision 0.0000 - recall 0.0000 - f1 0.0000 
INFO:root:TEST measures@1000 for class 1 - precision 0.1389 - recall 1.0000 - f1 0.2439 
INFO:root:TEST Total epoch time: 0.11446330000762828
INFO:root:################ TRAIN epoch 9 ###################
INFO:root:TRAIN mean losses tensor(0.1854)
INFO:root:TRAIN mean errors 0.6924378871917725
INFO:root:TRAIN mean MRR 0.0 - mean MAP 0.5451352596282959
INFO:root:TRAIN tp {0: tensor(0), 1: tensor(3998)},fn {0: tensor(9001), 1: tensor(0)},fp {0: tensor(0), 1: tensor(9001)}
INFO:root:TRAIN measures microavg - precision 0.3076 - recall 0.3076 - f1 0.3076 
INFO:root:TRAIN measures for class 0 - precision 0.0000 - recall 0.0000 - f1 0.0000 
INFO:root:TRAIN measures for class 1 - precision 0.3076 - recall 1.0000 - f1 0.4704 
INFO:root:TRAIN measures@10 microavg - precision 0.8533 - recall 0.0098 - f1 0.0195 
INFO:root:TRAIN measures@10 for class 0 - precision 0.0000 - recall 0.0000 - f1 0.0000 
INFO:root:TRAIN measures@10 for class 1 - precision 0.8533 - recall 0.0320 - f1 0.0617 
INFO:root:TRAIN measures@100 microavg - precision 0.6573 - recall 0.0759 - f1 0.1360 
INFO:root:TRAIN measures@100 for class 0 - precision 0.0000 - recall 0.0000 - f1 0.0000 
INFO:root:TRAIN measures@100 for class 1 - precision 0.6573 - recall 0.2466 - f1 0.3587 
INFO:root:TRAIN measures@1000 microavg - precision 0.3076 - recall 0.3076 - f1 0.3076 
INFO:root:TRAIN measures@1000 for class 0 - precision 0.0000 - recall 0.0000 - f1 0.0000 
INFO:root:TRAIN measures@1000 for class 1 - precision 0.3076 - recall 1.0000 - f1 0.4704 
INFO:root:TRAIN Total epoch time: 1.0092751999909524
INFO:root:################ VALID epoch 9 ###################
INFO:root:VALID mean losses tensor(0.2081)
INFO:root:VALID mean errors 0.8572221994400024
INFO:root:VALID mean MRR 0.12009354680776596 - mean MAP 0.33616214990615845
INFO:root:VALID tp {0: tensor(0), 1: tensor(257)},fn {0: tensor(1543), 1: tensor(0)},fp {0: tensor(0), 1: tensor(1543)}
INFO:root:VALID measures microavg - precision 0.1428 - recall 0.1428 - f1 0.1428 
INFO:root:VALID measures for class 0 - precision 0.0000 - recall 0.0000 - f1 0.0000 
INFO:root:VALID measures for class 1 - precision 0.1428 - recall 1.0000 - f1 0.2499 
INFO:root:VALID measures@10 microavg - precision 0.4500 - recall 0.0050 - f1 0.0099 
INFO:root:VALID measures@10 for class 0 - precision 0.0000 - recall 0.0000 - f1 0.0000 
INFO:root:VALID measures@10 for class 1 - precision 0.4500 - recall 0.0350 - f1 0.0650 
INFO:root:VALID measures@100 microavg - precision 0.3750 - recall 0.0417 - f1 0.0750 
INFO:root:VALID measures@100 for class 0 - precision 0.0000 - recall 0.0000 - f1 0.0000 
INFO:root:VALID measures@100 for class 1 - precision 0.3750 - recall 0.2918 - f1 0.3282 
INFO:root:VALID measures@1000 microavg - precision 0.1428 - recall 0.1428 - f1 0.1428 
INFO:root:VALID measures@1000 for class 0 - precision 0.0000 - recall 0.0000 - f1 0.0000 
INFO:root:VALID measures@1000 for class 1 - precision 0.1428 - recall 1.0000 - f1 0.2499 
INFO:root:VALID Total epoch time: 0.06693990001804195
INFO:root:################ TEST epoch 9 ###################
INFO:root:TEST batch 1 / 5 - partial error 0.8944 - partial loss 0.2070 - partial MRR  0.1247 - partial MAP 0.1300
INFO:root:TEST batch 1 / 5 -  partial tp {0: tensor(0), 1: tensor(95)},fn {0: tensor(805), 1: tensor(0)},fp {0: tensor(0), 1: tensor(805)}
INFO:root:TEST batch 1 / 5 - measures partial microavg - precision 0.1056 - recall 0.1056 - f1 0.1056 
INFO:root:TEST batch 1 / 5 - measures partial for class 0 - precision 0.0000 - recall 0.0000 - f1 0.0000 
INFO:root:TEST batch 1 / 5 - measures partial for class 1 - precision 0.1056 - recall 1.0000 - f1 0.1910 
INFO:root:TEST batch 1 / 5 - Batch time 0 
INFO:root:TEST batch 2 / 5 - partial error 0.8639 - partial loss 0.1882 - partial MRR  0.1144 - partial MAP 0.1850
INFO:root:TEST batch 2 / 5 -  partial tp {0: tensor(0), 1: tensor(150)},fn {0: tensor(750), 1: tensor(0)},fp {0: tensor(0), 1: tensor(750)}
INFO:root:TEST batch 2 / 5 - measures partial microavg - precision 0.1667 - recall 0.1667 - f1 0.1667 
INFO:root:TEST batch 2 / 5 - measures partial for class 0 - precision 0.0000 - recall 0.0000 - f1 0.0000 
INFO:root:TEST batch 2 / 5 - measures partial for class 1 - precision 0.1667 - recall 1.0000 - f1 0.2857 
INFO:root:TEST batch 2 / 5 - Batch time 0 
INFO:root:TEST batch 3 / 5 - partial error 0.8500 - partial loss 0.1948 - partial MRR  0.1076 - partial MAP 0.2166
INFO:root:TEST batch 3 / 5 -  partial tp {0: tensor(0), 1: tensor(160)},fn {0: tensor(740), 1: tensor(0)},fp {0: tensor(0), 1: tensor(740)}
INFO:root:TEST batch 3 / 5 - measures partial microavg - precision 0.1778 - recall 0.1778 - f1 0.1778 
INFO:root:TEST batch 3 / 5 - measures partial for class 0 - precision 0.0000 - recall 0.0000 - f1 0.0000 
INFO:root:TEST batch 3 / 5 - measures partial for class 1 - precision 0.1778 - recall 1.0000 - f1 0.3019 
INFO:root:TEST batch 3 / 5 - Batch time 0 
INFO:root:TEST batch 4 / 5 - partial error 0.8511 - partial loss 0.1904 - partial MRR  0.1142 - partial MAP 0.2133
INFO:root:TEST batch 4 / 5 -  partial tp {0: tensor(0), 1: tensor(131)},fn {0: tensor(769), 1: tensor(0)},fp {0: tensor(0), 1: tensor(769)}
INFO:root:TEST batch 4 / 5 - measures partial microavg - precision 0.1456 - recall 0.1456 - f1 0.1456 
INFO:root:TEST batch 4 / 5 - measures partial for class 0 - precision 0.0000 - recall 0.0000 - f1 0.0000 
INFO:root:TEST batch 4 / 5 - measures partial for class 1 - precision 0.1456 - recall 1.0000 - f1 0.2541 
INFO:root:TEST batch 4 / 5 - Batch time 0 
INFO:root:TEST batch 5 / 5 - partial error 0.8611 - partial loss 0.1867 - partial MRR  0.1076 - partial MAP 0.2226
INFO:root:TEST batch 5 / 5 -  partial tp {0: tensor(0), 1: tensor(89)},fn {0: tensor(811), 1: tensor(0)},fp {0: tensor(0), 1: tensor(811)}
INFO:root:TEST batch 5 / 5 - measures partial microavg - precision 0.0989 - recall 0.0989 - f1 0.0989 
INFO:root:TEST batch 5 / 5 - measures partial for class 0 - precision 0.0000 - recall 0.0000 - f1 0.0000 
INFO:root:TEST batch 5 / 5 - measures partial for class 1 - precision 0.0989 - recall 1.0000 - f1 0.1800 
INFO:root:TEST batch 5 / 5 - Batch time 0 
INFO:root:TEST mean losses tensor(0.1867)
INFO:root:TEST mean errors 0.8611111044883728
INFO:root:TEST mean MRR 0.10762543231248856 - mean MAP 0.22264929115772247
INFO:root:TEST tp {0: tensor(0), 1: tensor(625)},fn {0: tensor(3875), 1: tensor(0)},fp {0: tensor(0), 1: tensor(3875)}
INFO:root:TEST measures microavg - precision 0.1389 - recall 0.1389 - f1 0.1389 
INFO:root:TEST measures for class 0 - precision 0.0000 - recall 0.0000 - f1 0.0000 
INFO:root:TEST measures for class 1 - precision 0.1389 - recall 1.0000 - f1 0.2439 
INFO:root:TEST measures@10 microavg - precision 0.3200 - recall 0.0036 - f1 0.0070 
INFO:root:TEST measures@10 for class 0 - precision 0.0000 - recall 0.0000 - f1 0.0000 
INFO:root:TEST measures@10 for class 1 - precision 0.3200 - recall 0.0256 - f1 0.0474 
INFO:root:TEST measures@100 microavg - precision 0.2420 - recall 0.0269 - f1 0.0484 
INFO:root:TEST measures@100 for class 0 - precision 0.0000 - recall 0.0000 - f1 0.0000 
INFO:root:TEST measures@100 for class 1 - precision 0.2420 - recall 0.1936 - f1 0.2151 
INFO:root:TEST measures@1000 microavg - precision 0.1389 - recall 0.1389 - f1 0.1389 
INFO:root:TEST measures@1000 for class 0 - precision 0.0000 - recall 0.0000 - f1 0.0000 
INFO:root:TEST measures@1000 for class 1 - precision 0.1389 - recall 1.0000 - f1 0.2439 
INFO:root:TEST Total epoch time: 0.11457740000332706
