INFO:root:*** PARAMETERS ***
INFO:root:{'adj_mat_time_window': 1,
 'class_weights': [0.2, 0.8],
 'comments': ['comments'],
 'data': 'sbm50',
 'data_loading_params': {'batch_size': 1, 'num_workers': 0},
 'dev_proportion': 0.1,
 'device': 'cpu',
 'early_stop_patience': 50,
 'eval_after_epochs': 5,
 'gcn_parameters': {'cls_feats': 100,
                    'cls_feats_max': 800,
                    'cls_feats_min': 100,
                    'feats_per_node': 100,
                    'feats_per_node_max': 256,
                    'feats_per_node_min': 50,
                    'k_top_grcu': 200,
                    'layer_1_feats': 100,
                    'layer_1_feats_max': 200,
                    'layer_1_feats_min': 10,
                    'layer_2_feats': 100,
                    'layer_2_feats_same_as_l1': True,
                    'lstm_l1_feats': 100,
                    'lstm_l1_feats_max': 200,
                    'lstm_l1_feats_min': 10,
                    'lstm_l1_layers': 1,
                    'lstm_l2_feats': 100,
                    'lstm_l2_feats_same_as_l1': True,
                    'lstm_l2_layers': 1,
                    'num_layers': 2},
 'learning_rate': 0.000432876,
 'learning_rate_max': 0.1,
 'learning_rate_min': 0.0001,
 'model': 'egcn_o',
 'negative_mult_test': 100,
 'negative_mult_training': 50,
 'num_epochs': 10,
 'num_hist_steps': 1,
 'num_hist_steps_max': 10,
 'num_hist_steps_min': 1,
 'rank': 0,
 'save_node_embeddings': False,
 'sbm50_args': {'aggr_time': 1,
                'edges_file': 'adj_monthly_sparse.csv',
                'feats_per_node': 3,
                'folder': './data/'},
 'sbm_args': <utils.Namespace object at 0x7fb716c46048>,
 'seed': 1234,
 'smart_neg_sampling': True,
 'steps_accum_gradients': 1,
 'target_class': 1,
 'target_measure': 'MAP',
 'task': 'link_pred',
 'train_proportion': 0.7,
 'use_1_hot_node_feats': True,
 'use_2_hot_node_feats': False,
 'use_cuda': False,
 'use_logfile': True,
 'wsize': 1}
INFO:root:
INFO:root:################ TRAIN epoch 0 ###################
INFO:root:TRAIN mean losses tensor(0.2659)
INFO:root:TRAIN mean errors 0.5453916192054749
INFO:root:TRAIN mean MRR 0.0 - mean MAP 0.4610283374786377
INFO:root:TRAIN tp {0: tensor(3120), 1: tensor(2789)},fn {0: tensor(5880), 1: tensor(1209)},fp {0: tensor(1209), 1: tensor(5880)}
INFO:root:TRAIN measures microavg - precision 0.4546 - recall 0.4546 - f1 0.4546 
INFO:root:TRAIN measures for class 0 - precision 0.7207 - recall 0.3467 - f1 0.4682 
INFO:root:TRAIN measures for class 1 - precision 0.3217 - recall 0.6976 - f1 0.4404 
INFO:root:TRAIN measures@10 microavg - precision 0.8170 - recall 0.0096 - f1 0.0190 
INFO:root:TRAIN measures@10 for class 0 - precision 0.8113 - recall 0.0048 - f1 0.0095 
INFO:root:TRAIN measures@10 for class 1 - precision 0.8200 - recall 0.0205 - f1 0.0400 
INFO:root:TRAIN measures@100 microavg - precision 0.6620 - recall 0.0766 - f1 0.1372 
INFO:root:TRAIN measures@100 for class 0 - precision 0.7753 - recall 0.0433 - f1 0.0821 
INFO:root:TRAIN measures@100 for class 1 - precision 0.6050 - recall 0.1513 - f1 0.2421 
INFO:root:TRAIN measures@1000 microavg - precision 0.4546 - recall 0.4546 - f1 0.4546 
INFO:root:TRAIN measures@1000 for class 0 - precision 0.7207 - recall 0.3467 - f1 0.4682 
INFO:root:TRAIN measures@1000 for class 1 - precision 0.3217 - recall 0.6976 - f1 0.4404 
INFO:root:TRAIN Total epoch time: 1.4865461000008509
INFO:root:################ TRAIN epoch 1 ###################
INFO:root:TRAIN mean losses tensor(0.2598)
INFO:root:TRAIN mean errors 0.6924142241477966
INFO:root:TRAIN mean MRR 0.0 - mean MAP 0.5151451826095581
INFO:root:TRAIN tp {0: tensor(0), 1: tensor(3998)},fn {0: tensor(9000), 1: tensor(0)},fp {0: tensor(0), 1: tensor(9000)}
INFO:root:TRAIN measures microavg - precision 0.3076 - recall 0.3076 - f1 0.3076 
INFO:root:TRAIN measures for class 0 - precision 0.0000 - recall 0.0000 - f1 0.0000 
INFO:root:TRAIN measures for class 1 - precision 0.3076 - recall 1.0000 - f1 0.4705 
INFO:root:TRAIN measures@10 microavg - precision 0.8267 - recall 0.0095 - f1 0.0189 
INFO:root:TRAIN measures@10 for class 0 - precision 0.0000 - recall 0.0000 - f1 0.0000 
INFO:root:TRAIN measures@10 for class 1 - precision 0.8267 - recall 0.0310 - f1 0.0598 
INFO:root:TRAIN measures@100 microavg - precision 0.6227 - recall 0.0719 - f1 0.1288 
INFO:root:TRAIN measures@100 for class 0 - precision 0.0000 - recall 0.0000 - f1 0.0000 
INFO:root:TRAIN measures@100 for class 1 - precision 0.6227 - recall 0.2336 - f1 0.3398 
INFO:root:TRAIN measures@1000 microavg - precision 0.3076 - recall 0.3076 - f1 0.3076 
INFO:root:TRAIN measures@1000 for class 0 - precision 0.0000 - recall 0.0000 - f1 0.0000 
INFO:root:TRAIN measures@1000 for class 1 - precision 0.3076 - recall 1.0000 - f1 0.4705 
INFO:root:TRAIN Total epoch time: 1.3692353999940678
INFO:root:################ TRAIN epoch 2 ###################
INFO:root:TRAIN mean losses tensor(0.2487)
INFO:root:TRAIN mean errors 0.6923905611038208
INFO:root:TRAIN mean MRR 0.0 - mean MAP 0.52692049741745
INFO:root:TRAIN tp {0: tensor(0), 1: tensor(3998)},fn {0: tensor(8999), 1: tensor(0)},fp {0: tensor(0), 1: tensor(8999)}
INFO:root:TRAIN measures microavg - precision 0.3076 - recall 0.3076 - f1 0.3076 
INFO:root:TRAIN measures for class 0 - precision 0.0000 - recall 0.0000 - f1 0.0000 
INFO:root:TRAIN measures for class 1 - precision 0.3076 - recall 1.0000 - f1 0.4705 
INFO:root:TRAIN measures@10 microavg - precision 0.8467 - recall 0.0098 - f1 0.0193 
INFO:root:TRAIN measures@10 for class 0 - precision 0.0000 - recall 0.0000 - f1 0.0000 
INFO:root:TRAIN measures@10 for class 1 - precision 0.8467 - recall 0.0318 - f1 0.0612 
INFO:root:TRAIN measures@100 microavg - precision 0.6367 - recall 0.0735 - f1 0.1318 
INFO:root:TRAIN measures@100 for class 0 - precision 0.0000 - recall 0.0000 - f1 0.0000 
INFO:root:TRAIN measures@100 for class 1 - precision 0.6367 - recall 0.2389 - f1 0.3474 
INFO:root:TRAIN measures@1000 microavg - precision 0.3076 - recall 0.3076 - f1 0.3076 
INFO:root:TRAIN measures@1000 for class 0 - precision 0.0000 - recall 0.0000 - f1 0.0000 
INFO:root:TRAIN measures@1000 for class 1 - precision 0.3076 - recall 1.0000 - f1 0.4705 
INFO:root:TRAIN Total epoch time: 1.3811837999965064
INFO:root:################ TRAIN epoch 3 ###################
INFO:root:TRAIN mean losses tensor(0.2491)
INFO:root:TRAIN mean errors 0.692366898059845
INFO:root:TRAIN mean MRR 0.0 - mean MAP 0.5477441549301147
INFO:root:TRAIN tp {0: tensor(0), 1: tensor(3998)},fn {0: tensor(8998), 1: tensor(0)},fp {0: tensor(0), 1: tensor(8998)}
INFO:root:TRAIN measures microavg - precision 0.3076 - recall 0.3076 - f1 0.3076 
INFO:root:TRAIN measures for class 0 - precision 0.0000 - recall 0.0000 - f1 0.0000 
INFO:root:TRAIN measures for class 1 - precision 0.3076 - recall 1.0000 - f1 0.4705 
INFO:root:TRAIN measures@10 microavg - precision 0.8800 - recall 0.0102 - f1 0.0201 
INFO:root:TRAIN measures@10 for class 0 - precision 0.0000 - recall 0.0000 - f1 0.0000 
INFO:root:TRAIN measures@10 for class 1 - precision 0.8800 - recall 0.0330 - f1 0.0636 
INFO:root:TRAIN measures@100 microavg - precision 0.6660 - recall 0.0769 - f1 0.1378 
INFO:root:TRAIN measures@100 for class 0 - precision 0.0000 - recall 0.0000 - f1 0.0000 
INFO:root:TRAIN measures@100 for class 1 - precision 0.6660 - recall 0.2499 - f1 0.3634 
INFO:root:TRAIN measures@1000 microavg - precision 0.3076 - recall 0.3076 - f1 0.3076 
INFO:root:TRAIN measures@1000 for class 0 - precision 0.0000 - recall 0.0000 - f1 0.0000 
INFO:root:TRAIN measures@1000 for class 1 - precision 0.3076 - recall 1.0000 - f1 0.4705 
INFO:root:TRAIN Total epoch time: 1.1506479999807198
INFO:root:################ TRAIN epoch 4 ###################
INFO:root:TRAIN mean losses tensor(0.2446)
INFO:root:TRAIN mean errors 0.6923905611038208
INFO:root:TRAIN mean MRR 0.0 - mean MAP 0.5656137466430664
INFO:root:TRAIN tp {0: tensor(0), 1: tensor(3998)},fn {0: tensor(8999), 1: tensor(0)},fp {0: tensor(0), 1: tensor(8999)}
INFO:root:TRAIN measures microavg - precision 0.3076 - recall 0.3076 - f1 0.3076 
INFO:root:TRAIN measures for class 0 - precision 0.0000 - recall 0.0000 - f1 0.0000 
INFO:root:TRAIN measures for class 1 - precision 0.3076 - recall 1.0000 - f1 0.4705 
INFO:root:TRAIN measures@10 microavg - precision 0.8800 - recall 0.0102 - f1 0.0201 
INFO:root:TRAIN measures@10 for class 0 - precision 0.0000 - recall 0.0000 - f1 0.0000 
INFO:root:TRAIN measures@10 for class 1 - precision 0.8800 - recall 0.0330 - f1 0.0636 
INFO:root:TRAIN measures@100 microavg - precision 0.6827 - recall 0.0788 - f1 0.1413 
INFO:root:TRAIN measures@100 for class 0 - precision 0.0000 - recall 0.0000 - f1 0.0000 
INFO:root:TRAIN measures@100 for class 1 - precision 0.6827 - recall 0.2561 - f1 0.3725 
INFO:root:TRAIN measures@1000 microavg - precision 0.3076 - recall 0.3076 - f1 0.3076 
INFO:root:TRAIN measures@1000 for class 0 - precision 0.0000 - recall 0.0000 - f1 0.0000 
INFO:root:TRAIN measures@1000 for class 1 - precision 0.3076 - recall 1.0000 - f1 0.4705 
INFO:root:TRAIN Total epoch time: 1.3193527999974322
INFO:root:################ TRAIN epoch 5 ###################
INFO:root:TRAIN mean losses tensor(0.2425)
INFO:root:TRAIN mean errors 0.6924142241477966
INFO:root:TRAIN mean MRR 0.0 - mean MAP 0.5763283371925354
INFO:root:TRAIN tp {0: tensor(0), 1: tensor(3998)},fn {0: tensor(9000), 1: tensor(0)},fp {0: tensor(0), 1: tensor(9000)}
INFO:root:TRAIN measures microavg - precision 0.3076 - recall 0.3076 - f1 0.3076 
INFO:root:TRAIN measures for class 0 - precision 0.0000 - recall 0.0000 - f1 0.0000 
INFO:root:TRAIN measures for class 1 - precision 0.3076 - recall 1.0000 - f1 0.4705 
INFO:root:TRAIN measures@10 microavg - precision 0.8800 - recall 0.0102 - f1 0.0201 
INFO:root:TRAIN measures@10 for class 0 - precision 0.0000 - recall 0.0000 - f1 0.0000 
INFO:root:TRAIN measures@10 for class 1 - precision 0.8800 - recall 0.0330 - f1 0.0636 
INFO:root:TRAIN measures@100 microavg - precision 0.6927 - recall 0.0799 - f1 0.1433 
INFO:root:TRAIN measures@100 for class 0 - precision 0.0000 - recall 0.0000 - f1 0.0000 
INFO:root:TRAIN measures@100 for class 1 - precision 0.6927 - recall 0.2599 - f1 0.3780 
INFO:root:TRAIN measures@1000 microavg - precision 0.3076 - recall 0.3076 - f1 0.3076 
INFO:root:TRAIN measures@1000 for class 0 - precision 0.0000 - recall 0.0000 - f1 0.0000 
INFO:root:TRAIN measures@1000 for class 1 - precision 0.3076 - recall 1.0000 - f1 0.4705 
INFO:root:TRAIN Total epoch time: 1.4650763999961782
INFO:root:################ TRAIN epoch 6 ###################
INFO:root:TRAIN mean losses tensor(0.2410)
INFO:root:TRAIN mean errors 0.6924378871917725
INFO:root:TRAIN mean MRR 0.0 - mean MAP 0.583609402179718
INFO:root:TRAIN tp {0: tensor(0), 1: tensor(3998)},fn {0: tensor(9001), 1: tensor(0)},fp {0: tensor(0), 1: tensor(9001)}
INFO:root:TRAIN measures microavg - precision 0.3076 - recall 0.3076 - f1 0.3076 
INFO:root:TRAIN measures for class 0 - precision 0.0000 - recall 0.0000 - f1 0.0000 
INFO:root:TRAIN measures for class 1 - precision 0.3076 - recall 1.0000 - f1 0.4704 
INFO:root:TRAIN measures@10 microavg - precision 0.9000 - recall 0.0104 - f1 0.0205 
INFO:root:TRAIN measures@10 for class 0 - precision 0.0000 - recall 0.0000 - f1 0.0000 
INFO:root:TRAIN measures@10 for class 1 - precision 0.9000 - recall 0.0338 - f1 0.0651 
INFO:root:TRAIN measures@100 microavg - precision 0.7073 - recall 0.0816 - f1 0.1464 
INFO:root:TRAIN measures@100 for class 0 - precision 0.0000 - recall 0.0000 - f1 0.0000 
INFO:root:TRAIN measures@100 for class 1 - precision 0.7073 - recall 0.2654 - f1 0.3860 
INFO:root:TRAIN measures@1000 microavg - precision 0.3076 - recall 0.3076 - f1 0.3076 
INFO:root:TRAIN measures@1000 for class 0 - precision 0.0000 - recall 0.0000 - f1 0.0000 
INFO:root:TRAIN measures@1000 for class 1 - precision 0.3076 - recall 1.0000 - f1 0.4704 
INFO:root:TRAIN Total epoch time: 1.438998099998571
INFO:root:################ VALID epoch 6 ###################
INFO:root:VALID mean losses tensor(0.2203)
INFO:root:VALID mean errors 0.8572221994400024
INFO:root:VALID mean MRR 0.24907290935516357 - mean MAP 0.3684994876384735
INFO:root:VALID tp {0: tensor(0), 1: tensor(257)},fn {0: tensor(1543), 1: tensor(0)},fp {0: tensor(0), 1: tensor(1543)}
INFO:root:VALID measures microavg - precision 0.1428 - recall 0.1428 - f1 0.1428 
INFO:root:VALID measures for class 0 - precision 0.0000 - recall 0.0000 - f1 0.0000 
INFO:root:VALID measures for class 1 - precision 0.1428 - recall 1.0000 - f1 0.2499 
INFO:root:VALID measures@10 microavg - precision 0.6500 - recall 0.0072 - f1 0.0143 
INFO:root:VALID measures@10 for class 0 - precision 0.0000 - recall 0.0000 - f1 0.0000 
INFO:root:VALID measures@10 for class 1 - precision 0.6500 - recall 0.0506 - f1 0.0939 
INFO:root:VALID measures@100 microavg - precision 0.4550 - recall 0.0506 - f1 0.0910 
INFO:root:VALID measures@100 for class 0 - precision 0.0000 - recall 0.0000 - f1 0.0000 
INFO:root:VALID measures@100 for class 1 - precision 0.4550 - recall 0.3541 - f1 0.3982 
INFO:root:VALID measures@1000 microavg - precision 0.1428 - recall 0.1428 - f1 0.1428 
INFO:root:VALID measures@1000 for class 0 - precision 0.0000 - recall 0.0000 - f1 0.0000 
INFO:root:VALID measures@1000 for class 1 - precision 0.1428 - recall 1.0000 - f1 0.2499 
INFO:root:VALID Total epoch time: 0.06706390000181273
INFO:root:################ TEST epoch 6 ###################
INFO:root:TEST batch 1 / 5 - partial error 0.8944 - partial loss 0.2156 - partial MRR  0.1851 - partial MAP 0.2570
INFO:root:TEST batch 1 / 5 -  partial tp {0: tensor(0), 1: tensor(95)},fn {0: tensor(805), 1: tensor(0)},fp {0: tensor(0), 1: tensor(805)}
INFO:root:TEST batch 1 / 5 - measures partial microavg - precision 0.1056 - recall 0.1056 - f1 0.1056 
INFO:root:TEST batch 1 / 5 - measures partial for class 0 - precision 0.0000 - recall 0.0000 - f1 0.0000 
INFO:root:TEST batch 1 / 5 - measures partial for class 1 - precision 0.1056 - recall 1.0000 - f1 0.1910 
INFO:root:TEST batch 1 / 5 - Batch time 0 
INFO:root:TEST batch 2 / 5 - partial error 0.8639 - partial loss 0.2173 - partial MRR  0.1782 - partial MAP 0.3184
INFO:root:TEST batch 2 / 5 -  partial tp {0: tensor(0), 1: tensor(150)},fn {0: tensor(750), 1: tensor(0)},fp {0: tensor(0), 1: tensor(750)}
INFO:root:TEST batch 2 / 5 - measures partial microavg - precision 0.1667 - recall 0.1667 - f1 0.1667 
INFO:root:TEST batch 2 / 5 - measures partial for class 0 - precision 0.0000 - recall 0.0000 - f1 0.0000 
INFO:root:TEST batch 2 / 5 - measures partial for class 1 - precision 0.1667 - recall 1.0000 - f1 0.2857 
INFO:root:TEST batch 2 / 5 - Batch time 0 
INFO:root:TEST batch 3 / 5 - partial error 0.8500 - partial loss 0.2193 - partial MRR  0.1820 - partial MAP 0.3418
INFO:root:TEST batch 3 / 5 -  partial tp {0: tensor(0), 1: tensor(160)},fn {0: tensor(740), 1: tensor(0)},fp {0: tensor(0), 1: tensor(740)}
INFO:root:TEST batch 3 / 5 - measures partial microavg - precision 0.1778 - recall 0.1778 - f1 0.1778 
INFO:root:TEST batch 3 / 5 - measures partial for class 0 - precision 0.0000 - recall 0.0000 - f1 0.0000 
INFO:root:TEST batch 3 / 5 - measures partial for class 1 - precision 0.1778 - recall 1.0000 - f1 0.3019 
INFO:root:TEST batch 3 / 5 - Batch time 0 
INFO:root:TEST batch 4 / 5 - partial error 0.8511 - partial loss 0.2194 - partial MRR  0.1906 - partial MAP 0.3431
INFO:root:TEST batch 4 / 5 -  partial tp {0: tensor(0), 1: tensor(131)},fn {0: tensor(769), 1: tensor(0)},fp {0: tensor(0), 1: tensor(769)}
INFO:root:TEST batch 4 / 5 - measures partial microavg - precision 0.1456 - recall 0.1456 - f1 0.1456 
INFO:root:TEST batch 4 / 5 - measures partial for class 0 - precision 0.0000 - recall 0.0000 - f1 0.0000 
INFO:root:TEST batch 4 / 5 - measures partial for class 1 - precision 0.1456 - recall 1.0000 - f1 0.2541 
INFO:root:TEST batch 4 / 5 - Batch time 0 
INFO:root:TEST batch 5 / 5 - partial error 0.8611 - partial loss 0.2184 - partial MRR  0.2211 - partial MAP 0.3439
INFO:root:TEST batch 5 / 5 -  partial tp {0: tensor(0), 1: tensor(89)},fn {0: tensor(811), 1: tensor(0)},fp {0: tensor(0), 1: tensor(811)}
INFO:root:TEST batch 5 / 5 - measures partial microavg - precision 0.0989 - recall 0.0989 - f1 0.0989 
INFO:root:TEST batch 5 / 5 - measures partial for class 0 - precision 0.0000 - recall 0.0000 - f1 0.0000 
INFO:root:TEST batch 5 / 5 - measures partial for class 1 - precision 0.0989 - recall 1.0000 - f1 0.1800 
INFO:root:TEST batch 5 / 5 - Batch time 0 
INFO:root:TEST mean losses tensor(0.2184)
INFO:root:TEST mean errors 0.8611111044883728
INFO:root:TEST mean MRR 0.22111766040325165 - mean MAP 0.34391677379608154
INFO:root:TEST tp {0: tensor(0), 1: tensor(625)},fn {0: tensor(3875), 1: tensor(0)},fp {0: tensor(0), 1: tensor(3875)}
INFO:root:TEST measures microavg - precision 0.1389 - recall 0.1389 - f1 0.1389 
INFO:root:TEST measures for class 0 - precision 0.0000 - recall 0.0000 - f1 0.0000 
INFO:root:TEST measures for class 1 - precision 0.1389 - recall 1.0000 - f1 0.2439 
INFO:root:TEST measures@10 microavg - precision 0.5600 - recall 0.0062 - f1 0.0123 
INFO:root:TEST measures@10 for class 0 - precision 0.0000 - recall 0.0000 - f1 0.0000 
INFO:root:TEST measures@10 for class 1 - precision 0.5600 - recall 0.0448 - f1 0.0830 
INFO:root:TEST measures@100 microavg - precision 0.3920 - recall 0.0436 - f1 0.0784 
INFO:root:TEST measures@100 for class 0 - precision 0.0000 - recall 0.0000 - f1 0.0000 
INFO:root:TEST measures@100 for class 1 - precision 0.3920 - recall 0.3136 - f1 0.3484 
INFO:root:TEST measures@1000 microavg - precision 0.1389 - recall 0.1389 - f1 0.1389 
INFO:root:TEST measures@1000 for class 0 - precision 0.0000 - recall 0.0000 - f1 0.0000 
INFO:root:TEST measures@1000 for class 1 - precision 0.1389 - recall 1.0000 - f1 0.2439 
INFO:root:TEST Total epoch time: 0.14294449999579228
INFO:root:################ TRAIN epoch 7 ###################
INFO:root:TRAIN mean losses tensor(0.2391)
INFO:root:TRAIN mean errors 0.6924378871917725
INFO:root:TRAIN mean MRR 0.0 - mean MAP 0.5813407897949219
INFO:root:TRAIN tp {0: tensor(0), 1: tensor(3998)},fn {0: tensor(9001), 1: tensor(0)},fp {0: tensor(0), 1: tensor(9001)}
INFO:root:TRAIN measures microavg - precision 0.3076 - recall 0.3076 - f1 0.3076 
INFO:root:TRAIN measures for class 0 - precision 0.0000 - recall 0.0000 - f1 0.0000 
INFO:root:TRAIN measures for class 1 - precision 0.3076 - recall 1.0000 - f1 0.4704 
INFO:root:TRAIN measures@10 microavg - precision 0.8867 - recall 0.0102 - f1 0.0202 
INFO:root:TRAIN measures@10 for class 0 - precision 0.0000 - recall 0.0000 - f1 0.0000 
INFO:root:TRAIN measures@10 for class 1 - precision 0.8867 - recall 0.0333 - f1 0.0641 
INFO:root:TRAIN measures@100 microavg - precision 0.7013 - recall 0.0809 - f1 0.1451 
INFO:root:TRAIN measures@100 for class 0 - precision 0.0000 - recall 0.0000 - f1 0.0000 
INFO:root:TRAIN measures@100 for class 1 - precision 0.7013 - recall 0.2631 - f1 0.3827 
INFO:root:TRAIN measures@1000 microavg - precision 0.3076 - recall 0.3076 - f1 0.3076 
INFO:root:TRAIN measures@1000 for class 0 - precision 0.0000 - recall 0.0000 - f1 0.0000 
INFO:root:TRAIN measures@1000 for class 1 - precision 0.3076 - recall 1.0000 - f1 0.4704 
INFO:root:TRAIN Total epoch time: 1.6213891999796033
INFO:root:################ VALID epoch 7 ###################
INFO:root:VALID mean losses tensor(0.2198)
INFO:root:VALID mean errors 0.8572221994400024
INFO:root:VALID mean MRR 0.15363813936710358 - mean MAP 0.3595135509967804
INFO:root:VALID tp {0: tensor(0), 1: tensor(257)},fn {0: tensor(1543), 1: tensor(0)},fp {0: tensor(0), 1: tensor(1543)}
INFO:root:VALID measures microavg - precision 0.1428 - recall 0.1428 - f1 0.1428 
INFO:root:VALID measures for class 0 - precision 0.0000 - recall 0.0000 - f1 0.0000 
INFO:root:VALID measures for class 1 - precision 0.1428 - recall 1.0000 - f1 0.2499 
INFO:root:VALID measures@10 microavg - precision 0.4000 - recall 0.0044 - f1 0.0088 
INFO:root:VALID measures@10 for class 0 - precision 0.0000 - recall 0.0000 - f1 0.0000 
INFO:root:VALID measures@10 for class 1 - precision 0.4000 - recall 0.0311 - f1 0.0578 
INFO:root:VALID measures@100 microavg - precision 0.4400 - recall 0.0489 - f1 0.0880 
INFO:root:VALID measures@100 for class 0 - precision 0.0000 - recall 0.0000 - f1 0.0000 
INFO:root:VALID measures@100 for class 1 - precision 0.4400 - recall 0.3424 - f1 0.3851 
INFO:root:VALID measures@1000 microavg - precision 0.1428 - recall 0.1428 - f1 0.1428 
INFO:root:VALID measures@1000 for class 0 - precision 0.0000 - recall 0.0000 - f1 0.0000 
INFO:root:VALID measures@1000 for class 1 - precision 0.1428 - recall 1.0000 - f1 0.2499 
INFO:root:VALID Total epoch time: 0.061250299972016364
INFO:root:################ TEST epoch 7 ###################
INFO:root:TEST batch 1 / 5 - partial error 0.8944 - partial loss 0.2132 - partial MRR  0.1183 - partial MAP 0.2348
INFO:root:TEST batch 1 / 5 -  partial tp {0: tensor(0), 1: tensor(95)},fn {0: tensor(805), 1: tensor(0)},fp {0: tensor(0), 1: tensor(805)}
INFO:root:TEST batch 1 / 5 - measures partial microavg - precision 0.1056 - recall 0.1056 - f1 0.1056 
INFO:root:TEST batch 1 / 5 - measures partial for class 0 - precision 0.0000 - recall 0.0000 - f1 0.0000 
INFO:root:TEST batch 1 / 5 - measures partial for class 1 - precision 0.1056 - recall 1.0000 - f1 0.1910 
INFO:root:TEST batch 1 / 5 - Batch time 0 
INFO:root:TEST batch 2 / 5 - partial error 0.8639 - partial loss 0.2147 - partial MRR  0.1117 - partial MAP 0.2804
INFO:root:TEST batch 2 / 5 -  partial tp {0: tensor(0), 1: tensor(150)},fn {0: tensor(750), 1: tensor(0)},fp {0: tensor(0), 1: tensor(750)}
INFO:root:TEST batch 2 / 5 - measures partial microavg - precision 0.1667 - recall 0.1667 - f1 0.1667 
INFO:root:TEST batch 2 / 5 - measures partial for class 0 - precision 0.0000 - recall 0.0000 - f1 0.0000 
INFO:root:TEST batch 2 / 5 - measures partial for class 1 - precision 0.1667 - recall 1.0000 - f1 0.2857 
INFO:root:TEST batch 2 / 5 - Batch time 0 
INFO:root:TEST batch 3 / 5 - partial error 0.8500 - partial loss 0.2170 - partial MRR  0.1120 - partial MAP 0.3046
INFO:root:TEST batch 3 / 5 -  partial tp {0: tensor(0), 1: tensor(160)},fn {0: tensor(740), 1: tensor(0)},fp {0: tensor(0), 1: tensor(740)}
INFO:root:TEST batch 3 / 5 - measures partial microavg - precision 0.1778 - recall 0.1778 - f1 0.1778 
INFO:root:TEST batch 3 / 5 - measures partial for class 0 - precision 0.0000 - recall 0.0000 - f1 0.0000 
INFO:root:TEST batch 3 / 5 - measures partial for class 1 - precision 0.1778 - recall 1.0000 - f1 0.3019 
INFO:root:TEST batch 3 / 5 - Batch time 0 
INFO:root:TEST batch 4 / 5 - partial error 0.8511 - partial loss 0.2174 - partial MRR  0.1244 - partial MAP 0.3160
INFO:root:TEST batch 4 / 5 -  partial tp {0: tensor(0), 1: tensor(131)},fn {0: tensor(769), 1: tensor(0)},fp {0: tensor(0), 1: tensor(769)}
INFO:root:TEST batch 4 / 5 - measures partial microavg - precision 0.1456 - recall 0.1456 - f1 0.1456 
INFO:root:TEST batch 4 / 5 - measures partial for class 0 - precision 0.0000 - recall 0.0000 - f1 0.0000 
INFO:root:TEST batch 4 / 5 - measures partial for class 1 - precision 0.1456 - recall 1.0000 - f1 0.2541 
INFO:root:TEST batch 4 / 5 - Batch time 0 
INFO:root:TEST batch 5 / 5 - partial error 0.8611 - partial loss 0.2164 - partial MRR  0.1296 - partial MAP 0.3088
INFO:root:TEST batch 5 / 5 -  partial tp {0: tensor(0), 1: tensor(89)},fn {0: tensor(811), 1: tensor(0)},fp {0: tensor(0), 1: tensor(811)}
INFO:root:TEST batch 5 / 5 - measures partial microavg - precision 0.0989 - recall 0.0989 - f1 0.0989 
INFO:root:TEST batch 5 / 5 - measures partial for class 0 - precision 0.0000 - recall 0.0000 - f1 0.0000 
INFO:root:TEST batch 5 / 5 - measures partial for class 1 - precision 0.0989 - recall 1.0000 - f1 0.1800 
INFO:root:TEST batch 5 / 5 - Batch time 0 
INFO:root:TEST mean losses tensor(0.2164)
INFO:root:TEST mean errors 0.8611111044883728
INFO:root:TEST mean MRR 0.1296248584985733 - mean MAP 0.3087545335292816
INFO:root:TEST tp {0: tensor(0), 1: tensor(625)},fn {0: tensor(3875), 1: tensor(0)},fp {0: tensor(0), 1: tensor(3875)}
INFO:root:TEST measures microavg - precision 0.1389 - recall 0.1389 - f1 0.1389 
INFO:root:TEST measures for class 0 - precision 0.0000 - recall 0.0000 - f1 0.0000 
INFO:root:TEST measures for class 1 - precision 0.1389 - recall 1.0000 - f1 0.2439 
INFO:root:TEST measures@10 microavg - precision 0.4400 - recall 0.0049 - f1 0.0097 
INFO:root:TEST measures@10 for class 0 - precision 0.0000 - recall 0.0000 - f1 0.0000 
INFO:root:TEST measures@10 for class 1 - precision 0.4400 - recall 0.0352 - f1 0.0652 
INFO:root:TEST measures@100 microavg - precision 0.3480 - recall 0.0387 - f1 0.0696 
INFO:root:TEST measures@100 for class 0 - precision 0.0000 - recall 0.0000 - f1 0.0000 
INFO:root:TEST measures@100 for class 1 - precision 0.3480 - recall 0.2784 - f1 0.3093 
INFO:root:TEST measures@1000 microavg - precision 0.1389 - recall 0.1389 - f1 0.1389 
INFO:root:TEST measures@1000 for class 0 - precision 0.0000 - recall 0.0000 - f1 0.0000 
INFO:root:TEST measures@1000 for class 1 - precision 0.1389 - recall 1.0000 - f1 0.2439 
INFO:root:TEST Total epoch time: 0.1185434999933932
INFO:root:################ TRAIN epoch 8 ###################
INFO:root:TRAIN mean losses tensor(0.2368)
INFO:root:TRAIN mean errors 0.6924378871917725
INFO:root:TRAIN mean MRR 0.0 - mean MAP 0.5687379240989685
INFO:root:TRAIN tp {0: tensor(0), 1: tensor(3998)},fn {0: tensor(9001), 1: tensor(0)},fp {0: tensor(0), 1: tensor(9001)}
INFO:root:TRAIN measures microavg - precision 0.3076 - recall 0.3076 - f1 0.3076 
INFO:root:TRAIN measures for class 0 - precision 0.0000 - recall 0.0000 - f1 0.0000 
INFO:root:TRAIN measures for class 1 - precision 0.3076 - recall 1.0000 - f1 0.4704 
INFO:root:TRAIN measures@10 microavg - precision 0.8267 - recall 0.0095 - f1 0.0189 
INFO:root:TRAIN measures@10 for class 0 - precision 0.0000 - recall 0.0000 - f1 0.0000 
INFO:root:TRAIN measures@10 for class 1 - precision 0.8267 - recall 0.0310 - f1 0.0598 
INFO:root:TRAIN measures@100 microavg - precision 0.6927 - recall 0.0799 - f1 0.1433 
INFO:root:TRAIN measures@100 for class 0 - precision 0.0000 - recall 0.0000 - f1 0.0000 
INFO:root:TRAIN measures@100 for class 1 - precision 0.6927 - recall 0.2599 - f1 0.3780 
INFO:root:TRAIN measures@1000 microavg - precision 0.3076 - recall 0.3076 - f1 0.3076 
INFO:root:TRAIN measures@1000 for class 0 - precision 0.0000 - recall 0.0000 - f1 0.0000 
INFO:root:TRAIN measures@1000 for class 1 - precision 0.3076 - recall 1.0000 - f1 0.4704 
INFO:root:TRAIN Total epoch time: 1.3041651000094134
INFO:root:################ VALID epoch 8 ###################
INFO:root:VALID mean losses tensor(0.2185)
INFO:root:VALID mean errors 0.8572221994400024
INFO:root:VALID mean MRR 0.12922421097755432 - mean MAP 0.347774863243103
INFO:root:VALID tp {0: tensor(0), 1: tensor(257)},fn {0: tensor(1543), 1: tensor(0)},fp {0: tensor(0), 1: tensor(1543)}
INFO:root:VALID measures microavg - precision 0.1428 - recall 0.1428 - f1 0.1428 
INFO:root:VALID measures for class 0 - precision 0.0000 - recall 0.0000 - f1 0.0000 
INFO:root:VALID measures for class 1 - precision 0.1428 - recall 1.0000 - f1 0.2499 
INFO:root:VALID measures@10 microavg - precision 0.5500 - recall 0.0061 - f1 0.0121 
INFO:root:VALID measures@10 for class 0 - precision 0.0000 - recall 0.0000 - f1 0.0000 
INFO:root:VALID measures@10 for class 1 - precision 0.5500 - recall 0.0428 - f1 0.0794 
INFO:root:VALID measures@100 microavg - precision 0.4250 - recall 0.0472 - f1 0.0850 
INFO:root:VALID measures@100 for class 0 - precision 0.0000 - recall 0.0000 - f1 0.0000 
INFO:root:VALID measures@100 for class 1 - precision 0.4250 - recall 0.3307 - f1 0.3720 
INFO:root:VALID measures@1000 microavg - precision 0.1428 - recall 0.1428 - f1 0.1428 
INFO:root:VALID measures@1000 for class 0 - precision 0.0000 - recall 0.0000 - f1 0.0000 
INFO:root:VALID measures@1000 for class 1 - precision 0.1428 - recall 1.0000 - f1 0.2499 
INFO:root:VALID Total epoch time: 0.0677657000196632
INFO:root:################ TEST epoch 8 ###################
INFO:root:TEST batch 1 / 5 - partial error 0.8944 - partial loss 0.2103 - partial MRR  0.1252 - partial MAP 0.2138
INFO:root:TEST batch 1 / 5 -  partial tp {0: tensor(0), 1: tensor(95)},fn {0: tensor(805), 1: tensor(0)},fp {0: tensor(0), 1: tensor(805)}
INFO:root:TEST batch 1 / 5 - measures partial microavg - precision 0.1056 - recall 0.1056 - f1 0.1056 
INFO:root:TEST batch 1 / 5 - measures partial for class 0 - precision 0.0000 - recall 0.0000 - f1 0.0000 
INFO:root:TEST batch 1 / 5 - measures partial for class 1 - precision 0.1056 - recall 1.0000 - f1 0.1910 
INFO:root:TEST batch 1 / 5 - Batch time 0 
INFO:root:TEST batch 2 / 5 - partial error 0.8639 - partial loss 0.2118 - partial MRR  0.1119 - partial MAP 0.2582
INFO:root:TEST batch 2 / 5 -  partial tp {0: tensor(0), 1: tensor(150)},fn {0: tensor(750), 1: tensor(0)},fp {0: tensor(0), 1: tensor(750)}
INFO:root:TEST batch 2 / 5 - measures partial microavg - precision 0.1667 - recall 0.1667 - f1 0.1667 
INFO:root:TEST batch 2 / 5 - measures partial for class 0 - precision 0.0000 - recall 0.0000 - f1 0.0000 
INFO:root:TEST batch 2 / 5 - measures partial for class 1 - precision 0.1667 - recall 1.0000 - f1 0.2857 
INFO:root:TEST batch 2 / 5 - Batch time 0 
INFO:root:TEST batch 3 / 5 - partial error 0.8500 - partial loss 0.2147 - partial MRR  0.1021 - partial MAP 0.2749
INFO:root:TEST batch 3 / 5 -  partial tp {0: tensor(0), 1: tensor(160)},fn {0: tensor(740), 1: tensor(0)},fp {0: tensor(0), 1: tensor(740)}
INFO:root:TEST batch 3 / 5 - measures partial microavg - precision 0.1778 - recall 0.1778 - f1 0.1778 
INFO:root:TEST batch 3 / 5 - measures partial for class 0 - precision 0.0000 - recall 0.0000 - f1 0.0000 
INFO:root:TEST batch 3 / 5 - measures partial for class 1 - precision 0.1778 - recall 1.0000 - f1 0.3019 
INFO:root:TEST batch 3 / 5 - Batch time 0 
INFO:root:TEST batch 4 / 5 - partial error 0.8511 - partial loss 0.2151 - partial MRR  0.1086 - partial MAP 0.2901
INFO:root:TEST batch 4 / 5 -  partial tp {0: tensor(0), 1: tensor(131)},fn {0: tensor(769), 1: tensor(0)},fp {0: tensor(0), 1: tensor(769)}
INFO:root:TEST batch 4 / 5 - measures partial microavg - precision 0.1456 - recall 0.1456 - f1 0.1456 
INFO:root:TEST batch 4 / 5 - measures partial for class 0 - precision 0.0000 - recall 0.0000 - f1 0.0000 
INFO:root:TEST batch 4 / 5 - measures partial for class 1 - precision 0.1456 - recall 1.0000 - f1 0.2541 
INFO:root:TEST batch 4 / 5 - Batch time 0 
INFO:root:TEST batch 5 / 5 - partial error 0.8611 - partial loss 0.2142 - partial MRR  0.1068 - partial MAP 0.2870
INFO:root:TEST batch 5 / 5 -  partial tp {0: tensor(0), 1: tensor(89)},fn {0: tensor(811), 1: tensor(0)},fp {0: tensor(0), 1: tensor(811)}
INFO:root:TEST batch 5 / 5 - measures partial microavg - precision 0.0989 - recall 0.0989 - f1 0.0989 
INFO:root:TEST batch 5 / 5 - measures partial for class 0 - precision 0.0000 - recall 0.0000 - f1 0.0000 
INFO:root:TEST batch 5 / 5 - measures partial for class 1 - precision 0.0989 - recall 1.0000 - f1 0.1800 
INFO:root:TEST batch 5 / 5 - Batch time 0 
INFO:root:TEST mean losses tensor(0.2142)
INFO:root:TEST mean errors 0.8611111044883728
INFO:root:TEST mean MRR 0.10681725293397903 - mean MAP 0.28697094321250916
INFO:root:TEST tp {0: tensor(0), 1: tensor(625)},fn {0: tensor(3875), 1: tensor(0)},fp {0: tensor(0), 1: tensor(3875)}
INFO:root:TEST measures microavg - precision 0.1389 - recall 0.1389 - f1 0.1389 
INFO:root:TEST measures for class 0 - precision 0.0000 - recall 0.0000 - f1 0.0000 
INFO:root:TEST measures for class 1 - precision 0.1389 - recall 1.0000 - f1 0.2439 
INFO:root:TEST measures@10 microavg - precision 0.4000 - recall 0.0044 - f1 0.0088 
INFO:root:TEST measures@10 for class 0 - precision 0.0000 - recall 0.0000 - f1 0.0000 
INFO:root:TEST measures@10 for class 1 - precision 0.4000 - recall 0.0320 - f1 0.0593 
INFO:root:TEST measures@100 microavg - precision 0.3120 - recall 0.0347 - f1 0.0624 
INFO:root:TEST measures@100 for class 0 - precision 0.0000 - recall 0.0000 - f1 0.0000 
INFO:root:TEST measures@100 for class 1 - precision 0.3120 - recall 0.2496 - f1 0.2773 
INFO:root:TEST measures@1000 microavg - precision 0.1389 - recall 0.1389 - f1 0.1389 
INFO:root:TEST measures@1000 for class 0 - precision 0.0000 - recall 0.0000 - f1 0.0000 
INFO:root:TEST measures@1000 for class 1 - precision 0.1389 - recall 1.0000 - f1 0.2439 
INFO:root:TEST Total epoch time: 0.13566989998798817
INFO:root:################ TRAIN epoch 9 ###################
INFO:root:TRAIN mean losses tensor(0.2343)
INFO:root:TRAIN mean errors 0.6862835884094238
INFO:root:TRAIN mean MRR 0.0 - mean MAP 0.5535592436790466
INFO:root:TRAIN tp {0: tensor(95), 1: tensor(3983)},fn {0: tensor(8906), 1: tensor(15)},fp {0: tensor(15), 1: tensor(8906)}
INFO:root:TRAIN measures microavg - precision 0.3137 - recall 0.3137 - f1 0.3137 
INFO:root:TRAIN measures for class 0 - precision 0.8636 - recall 0.0106 - f1 0.0209 
INFO:root:TRAIN measures for class 1 - precision 0.3090 - recall 0.9962 - f1 0.4717 
INFO:root:TRAIN measures@10 microavg - precision 0.8088 - recall 0.0127 - f1 0.0250 
INFO:root:TRAIN measures@10 for class 0 - precision 0.8148 - recall 0.0049 - f1 0.0097 
INFO:root:TRAIN measures@10 for class 1 - precision 0.8067 - recall 0.0303 - f1 0.0583 
INFO:root:TRAIN measures@100 microavg - precision 0.6938 - recall 0.0859 - f1 0.1529 
INFO:root:TRAIN measures@100 for class 0 - precision 0.8636 - recall 0.0106 - f1 0.0209 
INFO:root:TRAIN measures@100 for class 1 - precision 0.6813 - recall 0.2556 - f1 0.3718 
INFO:root:TRAIN measures@1000 microavg - precision 0.3137 - recall 0.3137 - f1 0.3137 
INFO:root:TRAIN measures@1000 for class 0 - precision 0.8636 - recall 0.0106 - f1 0.0209 
INFO:root:TRAIN measures@1000 for class 1 - precision 0.3090 - recall 0.9962 - f1 0.4717 
INFO:root:TRAIN Total epoch time: 1.0938748999906238
INFO:root:################ VALID epoch 9 ###################
INFO:root:VALID mean losses tensor(0.2174)
INFO:root:VALID mean errors 0.8349999785423279
INFO:root:VALID mean MRR 0.12818510830402374 - mean MAP 0.3299849331378937
INFO:root:VALID tp {0: tensor(44), 1: tensor(253)},fn {0: tensor(1499), 1: tensor(4)},fp {0: tensor(4), 1: tensor(1499)}
INFO:root:VALID measures microavg - precision 0.1650 - recall 0.1650 - f1 0.1650 
INFO:root:VALID measures for class 0 - precision 0.9167 - recall 0.0285 - f1 0.0553 
INFO:root:VALID measures for class 1 - precision 0.1444 - recall 0.9844 - f1 0.2519 
INFO:root:VALID measures@10 microavg - precision 0.7000 - recall 0.0156 - f1 0.0304 
INFO:root:VALID measures@10 for class 0 - precision 0.8500 - recall 0.0110 - f1 0.0218 
INFO:root:VALID measures@10 for class 1 - precision 0.5500 - recall 0.0428 - f1 0.0794 
INFO:root:VALID measures@100 microavg - precision 0.5081 - recall 0.0700 - f1 0.1230 
INFO:root:VALID measures@100 for class 0 - precision 0.9167 - recall 0.0285 - f1 0.0553 
INFO:root:VALID measures@100 for class 1 - precision 0.4100 - recall 0.3191 - f1 0.3589 
INFO:root:VALID measures@1000 microavg - precision 0.1650 - recall 0.1650 - f1 0.1650 
INFO:root:VALID measures@1000 for class 0 - precision 0.9167 - recall 0.0285 - f1 0.0553 
INFO:root:VALID measures@1000 for class 1 - precision 0.1444 - recall 0.9844 - f1 0.2519 
INFO:root:VALID Total epoch time: 0.06111959999543615
INFO:root:################ TEST epoch 9 ###################
INFO:root:TEST batch 1 / 5 - partial error 0.8067 - partial loss 0.2089 - partial MRR  0.1404 - partial MAP 0.2026
INFO:root:TEST batch 1 / 5 -  partial tp {0: tensor(81), 1: tensor(93)},fn {0: tensor(724), 1: tensor(2)},fp {0: tensor(2), 1: tensor(724)}
INFO:root:TEST batch 1 / 5 - measures partial microavg - precision 0.1933 - recall 0.1933 - f1 0.1933 
INFO:root:TEST batch 1 / 5 - measures partial for class 0 - precision 0.9759 - recall 0.1006 - f1 0.1824 
INFO:root:TEST batch 1 / 5 - measures partial for class 1 - precision 0.1138 - recall 0.9789 - f1 0.2039 
INFO:root:TEST batch 1 / 5 - Batch time 0 
INFO:root:TEST batch 2 / 5 - partial error 0.7778 - partial loss 0.2102 - partial MRR  0.1182 - partial MAP 0.2402
INFO:root:TEST batch 2 / 5 -  partial tp {0: tensor(81), 1: tensor(145)},fn {0: tensor(669), 1: tensor(5)},fp {0: tensor(5), 1: tensor(669)}
INFO:root:TEST batch 2 / 5 - measures partial microavg - precision 0.2511 - recall 0.2511 - f1 0.2511 
INFO:root:TEST batch 2 / 5 - measures partial for class 0 - precision 0.9419 - recall 0.1080 - f1 0.1938 
INFO:root:TEST batch 2 / 5 - measures partial for class 1 - precision 0.1781 - recall 0.9667 - f1 0.3008 
INFO:root:TEST batch 2 / 5 - Batch time 0 
INFO:root:TEST batch 3 / 5 - partial error 0.7633 - partial loss 0.2138 - partial MRR  0.1051 - partial MAP 0.2517
INFO:root:TEST batch 3 / 5 -  partial tp {0: tensor(84), 1: tensor(155)},fn {0: tensor(656), 1: tensor(5)},fp {0: tensor(5), 1: tensor(656)}
INFO:root:TEST batch 3 / 5 - measures partial microavg - precision 0.2656 - recall 0.2656 - f1 0.2656 
INFO:root:TEST batch 3 / 5 - measures partial for class 0 - precision 0.9438 - recall 0.1135 - f1 0.2027 
INFO:root:TEST batch 3 / 5 - measures partial for class 1 - precision 0.1911 - recall 0.9688 - f1 0.3193 
INFO:root:TEST batch 3 / 5 - Batch time 0 
INFO:root:TEST batch 4 / 5 - partial error 0.7703 - partial loss 0.2140 - partial MRR  0.1118 - partial MAP 0.2677
INFO:root:TEST batch 4 / 5 -  partial tp {0: tensor(59), 1: tensor(129)},fn {0: tensor(710), 1: tensor(2)},fp {0: tensor(2), 1: tensor(710)}
INFO:root:TEST batch 4 / 5 - measures partial microavg - precision 0.2089 - recall 0.2089 - f1 0.2089 
INFO:root:TEST batch 4 / 5 - measures partial for class 0 - precision 0.9672 - recall 0.0767 - f1 0.1422 
INFO:root:TEST batch 4 / 5 - measures partial for class 1 - precision 0.1538 - recall 0.9847 - f1 0.2660 
INFO:root:TEST batch 4 / 5 - Batch time 0 
INFO:root:TEST batch 5 / 5 - partial error 0.7773 - partial loss 0.2130 - partial MRR  0.1087 - partial MAP 0.2667
INFO:root:TEST batch 5 / 5 -  partial tp {0: tensor(87), 1: tensor(88)},fn {0: tensor(724), 1: tensor(1)},fp {0: tensor(1), 1: tensor(724)}
INFO:root:TEST batch 5 / 5 - measures partial microavg - precision 0.1944 - recall 0.1944 - f1 0.1944 
INFO:root:TEST batch 5 / 5 - measures partial for class 0 - precision 0.9886 - recall 0.1073 - f1 0.1935 
INFO:root:TEST batch 5 / 5 - measures partial for class 1 - precision 0.1084 - recall 0.9888 - f1 0.1953 
INFO:root:TEST batch 5 / 5 - Batch time 0 
INFO:root:TEST mean losses tensor(0.2130)
INFO:root:TEST mean errors 0.7773333191871643
INFO:root:TEST mean MRR 0.10869602113962173 - mean MAP 0.26665809750556946
INFO:root:TEST tp {0: tensor(392), 1: tensor(610)},fn {0: tensor(3483), 1: tensor(15)},fp {0: tensor(15), 1: tensor(3483)}
INFO:root:TEST measures microavg - precision 0.2227 - recall 0.2227 - f1 0.2227 
INFO:root:TEST measures for class 0 - precision 0.9631 - recall 0.1012 - f1 0.1831 
INFO:root:TEST measures for class 1 - precision 0.1490 - recall 0.9760 - f1 0.2586 
INFO:root:TEST measures@10 microavg - precision 0.6800 - recall 0.0151 - f1 0.0296 
INFO:root:TEST measures@10 for class 0 - precision 1.0000 - recall 0.0129 - f1 0.0255 
INFO:root:TEST measures@10 for class 1 - precision 0.3600 - recall 0.0288 - f1 0.0533 
INFO:root:TEST measures@100 microavg - precision 0.5987 - recall 0.1207 - f1 0.2009 
INFO:root:TEST measures@100 for class 0 - precision 0.9631 - recall 0.1012 - f1 0.1831 
INFO:root:TEST measures@100 for class 1 - precision 0.3020 - recall 0.2416 - f1 0.2684 
INFO:root:TEST measures@1000 microavg - precision 0.2227 - recall 0.2227 - f1 0.2227 
INFO:root:TEST measures@1000 for class 0 - precision 0.9631 - recall 0.1012 - f1 0.1831 
INFO:root:TEST measures@1000 for class 1 - precision 0.1490 - recall 0.9760 - f1 0.2586 
INFO:root:TEST Total epoch time: 0.1408870999875944
