INFO:root:*** PARAMETERS ***
INFO:root:{'adj_mat_time_window': 1,
 'class_weights': [0.1, 0.9],
 'comments': ['comments'],
 'data': 'sbm50',
 'data_loading_params': {'batch_size': 1, 'num_workers': 0},
 'dev_proportion': 0.1,
 'device': 'cpu',
 'early_stop_patience': 50,
 'eval_after_epochs': 5,
 'gcn_parameters': {'cls_feats': 100,
                    'cls_feats_max': 800,
                    'cls_feats_min': 100,
                    'feats_per_node': 100,
                    'feats_per_node_max': 256,
                    'feats_per_node_min': 50,
                    'k_top_grcu': 200,
                    'layer_1_feats': 100,
                    'layer_1_feats_max': 200,
                    'layer_1_feats_min': 10,
                    'layer_2_feats': 100,
                    'layer_2_feats_same_as_l1': True,
                    'lstm_l1_feats': 100,
                    'lstm_l1_feats_max': 200,
                    'lstm_l1_feats_min': 10,
                    'lstm_l1_layers': 1,
                    'lstm_l2_feats': 100,
                    'lstm_l2_feats_same_as_l1': True,
                    'lstm_l2_layers': 1,
                    'num_layers': 2},
 'learning_rate': 0.037649358067924674,
 'learning_rate_max': 0.1,
 'learning_rate_min': 0.0001,
 'model': 'egcn_o',
 'negative_mult_test': 100,
 'negative_mult_training': 50,
 'num_epochs': 10,
 'num_hist_steps': 1,
 'num_hist_steps_max': 10,
 'num_hist_steps_min': 1,
 'rank': 0,
 'save_node_embeddings': False,
 'sbm50_args': {'aggr_time': 1,
                'edges_file': 'adj_monthly_sparse.csv',
                'feats_per_node': 3,
                'folder': './data/'},
 'sbm_args': <utils.Namespace object at 0x7f2de8d1a048>,
 'seed': 1234,
 'smart_neg_sampling': True,
 'steps_accum_gradients': 1,
 'target_class': 1,
 'target_measure': 'MAP',
 'task': 'link_pred',
 'train_proportion': 0.7,
 'use_1_hot_node_feats': True,
 'use_2_hot_node_feats': False,
 'use_cuda': False,
 'use_logfile': True,
 'wsize': 1}
INFO:root:
INFO:root:################ TRAIN epoch 0 ###################
INFO:root:TRAIN mean losses tensor(0.3388)
INFO:root:TRAIN mean errors 0.6457147002220154
INFO:root:TRAIN mean MRR 0.0 - mean MAP 0.42875680327415466
INFO:root:TRAIN tp {0: tensor(1080), 1: tensor(3525)},fn {0: tensor(7920), 1: tensor(473)},fp {0: tensor(473), 1: tensor(7920)}
INFO:root:TRAIN measures microavg - precision 0.3543 - recall 0.3543 - f1 0.3543 
INFO:root:TRAIN measures for class 0 - precision 0.6954 - recall 0.1200 - f1 0.2047 
INFO:root:TRAIN measures for class 1 - precision 0.3080 - recall 0.8817 - f1 0.4565 
INFO:root:TRAIN measures@10 microavg - precision 0.7066 - recall 0.0091 - f1 0.0179 
INFO:root:TRAIN measures@10 for class 0 - precision 0.6296 - recall 0.0019 - f1 0.0038 
INFO:root:TRAIN measures@10 for class 1 - precision 0.7214 - recall 0.0253 - f1 0.0488 
INFO:root:TRAIN measures@100 microavg - precision 0.5678 - recall 0.0702 - f1 0.1250 
INFO:root:TRAIN measures@100 for class 0 - precision 0.6459 - recall 0.0150 - f1 0.0293 
INFO:root:TRAIN measures@100 for class 1 - precision 0.5561 - recall 0.1946 - f1 0.2883 
INFO:root:TRAIN measures@1000 microavg - precision 0.3543 - recall 0.3543 - f1 0.3543 
INFO:root:TRAIN measures@1000 for class 0 - precision 0.6954 - recall 0.1200 - f1 0.2047 
INFO:root:TRAIN measures@1000 for class 1 - precision 0.3080 - recall 0.8817 - f1 0.4565 
INFO:root:TRAIN Total epoch time: 1.2336088999873027
INFO:root:################ TRAIN epoch 1 ###################
INFO:root:TRAIN mean losses tensor(0.2185)
INFO:root:TRAIN mean errors 0.6789506077766418
INFO:root:TRAIN mean MRR 0.0 - mean MAP 0.4722823202610016
INFO:root:TRAIN tp {0: tensor(244), 1: tensor(3929)},fn {0: tensor(8756), 1: tensor(69)},fp {0: tensor(69), 1: tensor(8756)}
INFO:root:TRAIN measures microavg - precision 0.3210 - recall 0.3210 - f1 0.3210 
INFO:root:TRAIN measures for class 0 - precision 0.7796 - recall 0.0271 - f1 0.0524 
INFO:root:TRAIN measures for class 1 - precision 0.3097 - recall 0.9827 - f1 0.4710 
INFO:root:TRAIN measures@10 microavg - precision 0.6860 - recall 0.0091 - f1 0.0179 
INFO:root:TRAIN measures@10 for class 0 - precision 0.8182 - recall 0.0020 - f1 0.0040 
INFO:root:TRAIN measures@10 for class 1 - precision 0.6667 - recall 0.0250 - f1 0.0482 
INFO:root:TRAIN measures@100 microavg - precision 0.5906 - recall 0.0770 - f1 0.1363 
INFO:root:TRAIN measures@100 for class 0 - precision 0.7538 - recall 0.0163 - f1 0.0320 
INFO:root:TRAIN measures@100 for class 1 - precision 0.5693 - recall 0.2136 - f1 0.3107 
INFO:root:TRAIN measures@1000 microavg - precision 0.3210 - recall 0.3210 - f1 0.3210 
INFO:root:TRAIN measures@1000 for class 0 - precision 0.7796 - recall 0.0271 - f1 0.0524 
INFO:root:TRAIN measures@1000 for class 1 - precision 0.3097 - recall 0.9827 - f1 0.4710 
INFO:root:TRAIN Total epoch time: 1.3795433999912348
INFO:root:################ TRAIN epoch 2 ###################
INFO:root:TRAIN mean losses tensor(0.1659)
INFO:root:TRAIN mean errors 0.6894667744636536
INFO:root:TRAIN mean MRR 0.0 - mean MAP 0.5268611907958984
INFO:root:TRAIN tp {0: tensor(57), 1: tensor(3979)},fn {0: tensor(8942), 1: tensor(19)},fp {0: tensor(19), 1: tensor(8942)}
INFO:root:TRAIN measures microavg - precision 0.3105 - recall 0.3105 - f1 0.3105 
INFO:root:TRAIN measures for class 0 - precision 0.7500 - recall 0.0063 - f1 0.0126 
INFO:root:TRAIN measures for class 1 - precision 0.3079 - recall 0.9952 - f1 0.4704 
INFO:root:TRAIN measures@10 microavg - precision 0.7457 - recall 0.0099 - f1 0.0196 
INFO:root:TRAIN measures@10 for class 0 - precision 0.5217 - recall 0.0013 - f1 0.0027 
INFO:root:TRAIN measures@10 for class 1 - precision 0.7800 - recall 0.0293 - f1 0.0564 
INFO:root:TRAIN measures@100 microavg - precision 0.6590 - recall 0.0799 - f1 0.1425 
INFO:root:TRAIN measures@100 for class 0 - precision 0.7467 - recall 0.0062 - f1 0.0123 
INFO:root:TRAIN measures@100 for class 1 - precision 0.6547 - recall 0.2456 - f1 0.3572 
INFO:root:TRAIN measures@1000 microavg - precision 0.3105 - recall 0.3105 - f1 0.3105 
INFO:root:TRAIN measures@1000 for class 0 - precision 0.7500 - recall 0.0063 - f1 0.0126 
INFO:root:TRAIN measures@1000 for class 1 - precision 0.3079 - recall 0.9952 - f1 0.4704 
INFO:root:TRAIN Total epoch time: 1.2495499999786261
INFO:root:################ TRAIN epoch 3 ###################
INFO:root:TRAIN mean losses tensor(0.1621)
INFO:root:TRAIN mean errors 0.692366898059845
INFO:root:TRAIN mean MRR 0.0 - mean MAP 0.5303848385810852
INFO:root:TRAIN tp {0: tensor(0), 1: tensor(3998)},fn {0: tensor(8998), 1: tensor(0)},fp {0: tensor(0), 1: tensor(8998)}
INFO:root:TRAIN measures microavg - precision 0.3076 - recall 0.3076 - f1 0.3076 
INFO:root:TRAIN measures for class 0 - precision 0.0000 - recall 0.0000 - f1 0.0000 
INFO:root:TRAIN measures for class 1 - precision 0.3076 - recall 1.0000 - f1 0.4705 
INFO:root:TRAIN measures@10 microavg - precision 0.7867 - recall 0.0091 - f1 0.0180 
INFO:root:TRAIN measures@10 for class 0 - precision 0.0000 - recall 0.0000 - f1 0.0000 
INFO:root:TRAIN measures@10 for class 1 - precision 0.7867 - recall 0.0295 - f1 0.0569 
INFO:root:TRAIN measures@100 microavg - precision 0.6580 - recall 0.0759 - f1 0.1362 
INFO:root:TRAIN measures@100 for class 0 - precision 0.0000 - recall 0.0000 - f1 0.0000 
INFO:root:TRAIN measures@100 for class 1 - precision 0.6580 - recall 0.2469 - f1 0.3590 
INFO:root:TRAIN measures@1000 microavg - precision 0.3076 - recall 0.3076 - f1 0.3076 
INFO:root:TRAIN measures@1000 for class 0 - precision 0.0000 - recall 0.0000 - f1 0.0000 
INFO:root:TRAIN measures@1000 for class 1 - precision 0.3076 - recall 1.0000 - f1 0.4705 
INFO:root:TRAIN Total epoch time: 1.4436426000029314
INFO:root:################ TRAIN epoch 4 ###################
INFO:root:TRAIN mean losses tensor(0.1628)
INFO:root:TRAIN mean errors 0.6923905611038208
INFO:root:TRAIN mean MRR 0.0 - mean MAP 0.5323042869567871
INFO:root:TRAIN tp {0: tensor(0), 1: tensor(3998)},fn {0: tensor(8999), 1: tensor(0)},fp {0: tensor(0), 1: tensor(8999)}
INFO:root:TRAIN measures microavg - precision 0.3076 - recall 0.3076 - f1 0.3076 
INFO:root:TRAIN measures for class 0 - precision 0.0000 - recall 0.0000 - f1 0.0000 
INFO:root:TRAIN measures for class 1 - precision 0.3076 - recall 1.0000 - f1 0.4705 
INFO:root:TRAIN measures@10 microavg - precision 0.7867 - recall 0.0091 - f1 0.0180 
INFO:root:TRAIN measures@10 for class 0 - precision 0.0000 - recall 0.0000 - f1 0.0000 
INFO:root:TRAIN measures@10 for class 1 - precision 0.7867 - recall 0.0295 - f1 0.0569 
INFO:root:TRAIN measures@100 microavg - precision 0.6660 - recall 0.0769 - f1 0.1378 
INFO:root:TRAIN measures@100 for class 0 - precision 0.0000 - recall 0.0000 - f1 0.0000 
INFO:root:TRAIN measures@100 for class 1 - precision 0.6660 - recall 0.2499 - f1 0.3634 
INFO:root:TRAIN measures@1000 microavg - precision 0.3076 - recall 0.3076 - f1 0.3076 
INFO:root:TRAIN measures@1000 for class 0 - precision 0.0000 - recall 0.0000 - f1 0.0000 
INFO:root:TRAIN measures@1000 for class 1 - precision 0.3076 - recall 1.0000 - f1 0.4705 
INFO:root:TRAIN Total epoch time: 1.3403862999984995
INFO:root:################ TRAIN epoch 5 ###################
INFO:root:TRAIN mean losses tensor(0.1637)
INFO:root:TRAIN mean errors 0.6924142241477966
INFO:root:TRAIN mean MRR 0.0 - mean MAP 0.5364546179771423
INFO:root:TRAIN tp {0: tensor(0), 1: tensor(3998)},fn {0: tensor(9000), 1: tensor(0)},fp {0: tensor(0), 1: tensor(9000)}
INFO:root:TRAIN measures microavg - precision 0.3076 - recall 0.3076 - f1 0.3076 
INFO:root:TRAIN measures for class 0 - precision 0.0000 - recall 0.0000 - f1 0.0000 
INFO:root:TRAIN measures for class 1 - precision 0.3076 - recall 1.0000 - f1 0.4705 
INFO:root:TRAIN measures@10 microavg - precision 0.7800 - recall 0.0090 - f1 0.0178 
INFO:root:TRAIN measures@10 for class 0 - precision 0.0000 - recall 0.0000 - f1 0.0000 
INFO:root:TRAIN measures@10 for class 1 - precision 0.7800 - recall 0.0293 - f1 0.0564 
INFO:root:TRAIN measures@100 microavg - precision 0.6593 - recall 0.0761 - f1 0.1364 
INFO:root:TRAIN measures@100 for class 0 - precision 0.0000 - recall 0.0000 - f1 0.0000 
INFO:root:TRAIN measures@100 for class 1 - precision 0.6593 - recall 0.2474 - f1 0.3598 
INFO:root:TRAIN measures@1000 microavg - precision 0.3076 - recall 0.3076 - f1 0.3076 
INFO:root:TRAIN measures@1000 for class 0 - precision 0.0000 - recall 0.0000 - f1 0.0000 
INFO:root:TRAIN measures@1000 for class 1 - precision 0.3076 - recall 1.0000 - f1 0.4705 
INFO:root:TRAIN Total epoch time: 1.21329070001957
INFO:root:################ TRAIN epoch 6 ###################
INFO:root:TRAIN mean losses tensor(0.1624)
INFO:root:TRAIN mean errors 0.6890529990196228
INFO:root:TRAIN mean MRR 0.0 - mean MAP 0.5338389873504639
INFO:root:TRAIN tp {0: tensor(47), 1: tensor(3995)},fn {0: tensor(8954), 1: tensor(3)},fp {0: tensor(3), 1: tensor(8954)}
INFO:root:TRAIN measures microavg - precision 0.3109 - recall 0.3109 - f1 0.3109 
INFO:root:TRAIN measures for class 0 - precision 0.9400 - recall 0.0052 - f1 0.0104 
INFO:root:TRAIN measures for class 1 - precision 0.3085 - recall 0.9992 - f1 0.4715 
INFO:root:TRAIN measures@10 microavg - precision 0.7784 - recall 0.0100 - f1 0.0197 
INFO:root:TRAIN measures@10 for class 0 - precision 0.9412 - recall 0.0018 - f1 0.0035 
INFO:root:TRAIN measures@10 for class 1 - precision 0.7600 - recall 0.0285 - f1 0.0550 
INFO:root:TRAIN measures@100 microavg - precision 0.6684 - recall 0.0797 - f1 0.1424 
INFO:root:TRAIN measures@100 for class 0 - precision 0.9400 - recall 0.0052 - f1 0.0104 
INFO:root:TRAIN measures@100 for class 1 - precision 0.6593 - recall 0.2474 - f1 0.3598 
INFO:root:TRAIN measures@1000 microavg - precision 0.3109 - recall 0.3109 - f1 0.3109 
INFO:root:TRAIN measures@1000 for class 0 - precision 0.9400 - recall 0.0052 - f1 0.0104 
INFO:root:TRAIN measures@1000 for class 1 - precision 0.3085 - recall 0.9992 - f1 0.4715 
INFO:root:TRAIN Total epoch time: 1.3184848999953829
INFO:root:################ VALID epoch 6 ###################
INFO:root:VALID mean losses tensor(0.2055)
INFO:root:VALID mean errors 0.8572221994400024
INFO:root:VALID mean MRR 0.11002066731452942 - mean MAP 0.310684472322464
INFO:root:VALID tp {0: tensor(0), 1: tensor(257)},fn {0: tensor(1543), 1: tensor(0)},fp {0: tensor(0), 1: tensor(1543)}
INFO:root:VALID measures microavg - precision 0.1428 - recall 0.1428 - f1 0.1428 
INFO:root:VALID measures for class 0 - precision 0.0000 - recall 0.0000 - f1 0.0000 
INFO:root:VALID measures for class 1 - precision 0.1428 - recall 1.0000 - f1 0.2499 
INFO:root:VALID measures@10 microavg - precision 0.4500 - recall 0.0050 - f1 0.0099 
INFO:root:VALID measures@10 for class 0 - precision 0.0000 - recall 0.0000 - f1 0.0000 
INFO:root:VALID measures@10 for class 1 - precision 0.4500 - recall 0.0350 - f1 0.0650 
INFO:root:VALID measures@100 microavg - precision 0.3750 - recall 0.0417 - f1 0.0750 
INFO:root:VALID measures@100 for class 0 - precision 0.0000 - recall 0.0000 - f1 0.0000 
INFO:root:VALID measures@100 for class 1 - precision 0.3750 - recall 0.2918 - f1 0.3282 
INFO:root:VALID measures@1000 microavg - precision 0.1428 - recall 0.1428 - f1 0.1428 
INFO:root:VALID measures@1000 for class 0 - precision 0.0000 - recall 0.0000 - f1 0.0000 
INFO:root:VALID measures@1000 for class 1 - precision 0.1428 - recall 1.0000 - f1 0.2499 
INFO:root:VALID Total epoch time: 0.06063730001915246
INFO:root:################ TEST epoch 6 ###################
INFO:root:TEST batch 1 / 5 - partial error 0.8944 - partial loss 0.2273 - partial MRR  0.1745 - partial MAP 0.1958
INFO:root:TEST batch 1 / 5 -  partial tp {0: tensor(0), 1: tensor(95)},fn {0: tensor(805), 1: tensor(0)},fp {0: tensor(0), 1: tensor(805)}
INFO:root:TEST batch 1 / 5 - measures partial microavg - precision 0.1056 - recall 0.1056 - f1 0.1056 
INFO:root:TEST batch 1 / 5 - measures partial for class 0 - precision 0.0000 - recall 0.0000 - f1 0.0000 
INFO:root:TEST batch 1 / 5 - measures partial for class 1 - precision 0.1056 - recall 1.0000 - f1 0.1910 
INFO:root:TEST batch 1 / 5 - Batch time 0 
INFO:root:TEST batch 2 / 5 - partial error 0.8639 - partial loss 0.2100 - partial MRR  0.1405 - partial MAP 0.2484
INFO:root:TEST batch 2 / 5 -  partial tp {0: tensor(0), 1: tensor(150)},fn {0: tensor(750), 1: tensor(0)},fp {0: tensor(0), 1: tensor(750)}
INFO:root:TEST batch 2 / 5 - measures partial microavg - precision 0.1667 - recall 0.1667 - f1 0.1667 
INFO:root:TEST batch 2 / 5 - measures partial for class 0 - precision 0.0000 - recall 0.0000 - f1 0.0000 
INFO:root:TEST batch 2 / 5 - measures partial for class 1 - precision 0.1667 - recall 1.0000 - f1 0.2857 
INFO:root:TEST batch 2 / 5 - Batch time 0 
INFO:root:TEST batch 3 / 5 - partial error 0.8500 - partial loss 0.2131 - partial MRR  0.1357 - partial MAP 0.2710
INFO:root:TEST batch 3 / 5 -  partial tp {0: tensor(0), 1: tensor(160)},fn {0: tensor(740), 1: tensor(0)},fp {0: tensor(0), 1: tensor(740)}
INFO:root:TEST batch 3 / 5 - measures partial microavg - precision 0.1778 - recall 0.1778 - f1 0.1778 
INFO:root:TEST batch 3 / 5 - measures partial for class 0 - precision 0.0000 - recall 0.0000 - f1 0.0000 
INFO:root:TEST batch 3 / 5 - measures partial for class 1 - precision 0.1778 - recall 1.0000 - f1 0.3019 
INFO:root:TEST batch 3 / 5 - Batch time 0 
INFO:root:TEST batch 4 / 5 - partial error 0.8511 - partial loss 0.2092 - partial MRR  0.1271 - partial MAP 0.2799
INFO:root:TEST batch 4 / 5 -  partial tp {0: tensor(0), 1: tensor(131)},fn {0: tensor(769), 1: tensor(0)},fp {0: tensor(0), 1: tensor(769)}
INFO:root:TEST batch 4 / 5 - measures partial microavg - precision 0.1456 - recall 0.1456 - f1 0.1456 
INFO:root:TEST batch 4 / 5 - measures partial for class 0 - precision 0.0000 - recall 0.0000 - f1 0.0000 
INFO:root:TEST batch 4 / 5 - measures partial for class 1 - precision 0.1456 - recall 1.0000 - f1 0.2541 
INFO:root:TEST batch 4 / 5 - Batch time 0 
INFO:root:TEST batch 5 / 5 - partial error 0.8611 - partial loss 0.2071 - partial MRR  0.1177 - partial MAP 0.2788
INFO:root:TEST batch 5 / 5 -  partial tp {0: tensor(0), 1: tensor(89)},fn {0: tensor(811), 1: tensor(0)},fp {0: tensor(0), 1: tensor(811)}
INFO:root:TEST batch 5 / 5 - measures partial microavg - precision 0.0989 - recall 0.0989 - f1 0.0989 
INFO:root:TEST batch 5 / 5 - measures partial for class 0 - precision 0.0000 - recall 0.0000 - f1 0.0000 
INFO:root:TEST batch 5 / 5 - measures partial for class 1 - precision 0.0989 - recall 1.0000 - f1 0.1800 
INFO:root:TEST batch 5 / 5 - Batch time 0 
INFO:root:TEST mean losses tensor(0.2071)
INFO:root:TEST mean errors 0.8611111044883728
INFO:root:TEST mean MRR 0.11772964149713516 - mean MAP 0.2787688374519348
INFO:root:TEST tp {0: tensor(0), 1: tensor(625)},fn {0: tensor(3875), 1: tensor(0)},fp {0: tensor(0), 1: tensor(3875)}
INFO:root:TEST measures microavg - precision 0.1389 - recall 0.1389 - f1 0.1389 
INFO:root:TEST measures for class 0 - precision 0.0000 - recall 0.0000 - f1 0.0000 
INFO:root:TEST measures for class 1 - precision 0.1389 - recall 1.0000 - f1 0.2439 
INFO:root:TEST measures@10 microavg - precision 0.5000 - recall 0.0056 - f1 0.0110 
INFO:root:TEST measures@10 for class 0 - precision 0.0000 - recall 0.0000 - f1 0.0000 
INFO:root:TEST measures@10 for class 1 - precision 0.5000 - recall 0.0400 - f1 0.0741 
INFO:root:TEST measures@100 microavg - precision 0.3180 - recall 0.0353 - f1 0.0636 
INFO:root:TEST measures@100 for class 0 - precision 0.0000 - recall 0.0000 - f1 0.0000 
INFO:root:TEST measures@100 for class 1 - precision 0.3180 - recall 0.2544 - f1 0.2827 
INFO:root:TEST measures@1000 microavg - precision 0.1389 - recall 0.1389 - f1 0.1389 
INFO:root:TEST measures@1000 for class 0 - precision 0.0000 - recall 0.0000 - f1 0.0000 
INFO:root:TEST measures@1000 for class 1 - precision 0.1389 - recall 1.0000 - f1 0.2439 
INFO:root:TEST Total epoch time: 0.11889310000697151
INFO:root:################ TRAIN epoch 7 ###################
INFO:root:TRAIN mean losses tensor(0.1851)
INFO:root:TRAIN mean errors 0.6907454133033752
INFO:root:TRAIN mean MRR 0.0 - mean MAP 0.4945515990257263
INFO:root:TRAIN tp {0: tensor(30), 1: tensor(3990)},fn {0: tensor(8971), 1: tensor(8)},fp {0: tensor(8), 1: tensor(8971)}
INFO:root:TRAIN measures microavg - precision 0.3093 - recall 0.3093 - f1 0.3093 
INFO:root:TRAIN measures for class 0 - precision 0.7895 - recall 0.0033 - f1 0.0066 
INFO:root:TRAIN measures for class 1 - precision 0.3078 - recall 0.9980 - f1 0.4705 
INFO:root:TRAIN measures@10 microavg - precision 0.7688 - recall 0.0095 - f1 0.0187 
INFO:root:TRAIN measures@10 for class 0 - precision 0.7000 - recall 0.0008 - f1 0.0016 
INFO:root:TRAIN measures@10 for class 1 - precision 0.7733 - recall 0.0290 - f1 0.0559 
INFO:root:TRAIN measures@100 microavg - precision 0.6125 - recall 0.0725 - f1 0.1296 
INFO:root:TRAIN measures@100 for class 0 - precision 0.7895 - recall 0.0033 - f1 0.0066 
INFO:root:TRAIN measures@100 for class 1 - precision 0.6080 - recall 0.2281 - f1 0.3318 
INFO:root:TRAIN measures@1000 microavg - precision 0.3093 - recall 0.3093 - f1 0.3093 
INFO:root:TRAIN measures@1000 for class 0 - precision 0.7895 - recall 0.0033 - f1 0.0066 
INFO:root:TRAIN measures@1000 for class 1 - precision 0.3078 - recall 0.9980 - f1 0.4705 
INFO:root:TRAIN Total epoch time: 1.176594999997178
INFO:root:################ VALID epoch 7 ###################
INFO:root:VALID mean losses tensor(0.1387)
INFO:root:VALID mean errors 0.8572221994400024
INFO:root:VALID mean MRR 0.14564266800880432 - mean MAP 0.29857611656188965
INFO:root:VALID tp {0: tensor(0), 1: tensor(257)},fn {0: tensor(1543), 1: tensor(0)},fp {0: tensor(0), 1: tensor(1543)}
INFO:root:VALID measures microavg - precision 0.1428 - recall 0.1428 - f1 0.1428 
INFO:root:VALID measures for class 0 - precision 0.0000 - recall 0.0000 - f1 0.0000 
INFO:root:VALID measures for class 1 - precision 0.1428 - recall 1.0000 - f1 0.2499 
INFO:root:VALID measures@10 microavg - precision 0.5500 - recall 0.0061 - f1 0.0121 
INFO:root:VALID measures@10 for class 0 - precision 0.0000 - recall 0.0000 - f1 0.0000 
INFO:root:VALID measures@10 for class 1 - precision 0.5500 - recall 0.0428 - f1 0.0794 
INFO:root:VALID measures@100 microavg - precision 0.3750 - recall 0.0417 - f1 0.0750 
INFO:root:VALID measures@100 for class 0 - precision 0.0000 - recall 0.0000 - f1 0.0000 
INFO:root:VALID measures@100 for class 1 - precision 0.3750 - recall 0.2918 - f1 0.3282 
INFO:root:VALID measures@1000 microavg - precision 0.1428 - recall 0.1428 - f1 0.1428 
INFO:root:VALID measures@1000 for class 0 - precision 0.0000 - recall 0.0000 - f1 0.0000 
INFO:root:VALID measures@1000 for class 1 - precision 0.1428 - recall 1.0000 - f1 0.2499 
INFO:root:VALID Total epoch time: 0.0403783000074327
INFO:root:################ TEST epoch 7 ###################
INFO:root:TEST batch 1 / 5 - partial error 0.8944 - partial loss 0.1317 - partial MRR  0.1053 - partial MAP 0.2105
INFO:root:TEST batch 1 / 5 -  partial tp {0: tensor(0), 1: tensor(95)},fn {0: tensor(805), 1: tensor(0)},fp {0: tensor(0), 1: tensor(805)}
INFO:root:TEST batch 1 / 5 - measures partial microavg - precision 0.1056 - recall 0.1056 - f1 0.1056 
INFO:root:TEST batch 1 / 5 - measures partial for class 0 - precision 0.0000 - recall 0.0000 - f1 0.0000 
INFO:root:TEST batch 1 / 5 - measures partial for class 1 - precision 0.1056 - recall 1.0000 - f1 0.1910 
INFO:root:TEST batch 1 / 5 - Batch time 0 
INFO:root:TEST batch 2 / 5 - partial error 0.8639 - partial loss 0.1395 - partial MRR  0.1208 - partial MAP 0.2439
INFO:root:TEST batch 2 / 5 -  partial tp {0: tensor(0), 1: tensor(150)},fn {0: tensor(750), 1: tensor(0)},fp {0: tensor(0), 1: tensor(750)}
INFO:root:TEST batch 2 / 5 - measures partial microavg - precision 0.1667 - recall 0.1667 - f1 0.1667 
INFO:root:TEST batch 2 / 5 - measures partial for class 0 - precision 0.0000 - recall 0.0000 - f1 0.0000 
INFO:root:TEST batch 2 / 5 - measures partial for class 1 - precision 0.1667 - recall 1.0000 - f1 0.2857 
INFO:root:TEST batch 2 / 5 - Batch time 0 
INFO:root:TEST batch 3 / 5 - partial error 0.8500 - partial loss 0.1433 - partial MRR  0.1283 - partial MAP 0.2574
INFO:root:TEST batch 3 / 5 -  partial tp {0: tensor(0), 1: tensor(160)},fn {0: tensor(740), 1: tensor(0)},fp {0: tensor(0), 1: tensor(740)}
INFO:root:TEST batch 3 / 5 - measures partial microavg - precision 0.1778 - recall 0.1778 - f1 0.1778 
INFO:root:TEST batch 3 / 5 - measures partial for class 0 - precision 0.0000 - recall 0.0000 - f1 0.0000 
INFO:root:TEST batch 3 / 5 - measures partial for class 1 - precision 0.1778 - recall 1.0000 - f1 0.3019 
INFO:root:TEST batch 3 / 5 - Batch time 0 
INFO:root:TEST batch 4 / 5 - partial error 0.8511 - partial loss 0.1428 - partial MRR  0.1243 - partial MAP 0.2642
INFO:root:TEST batch 4 / 5 -  partial tp {0: tensor(0), 1: tensor(131)},fn {0: tensor(769), 1: tensor(0)},fp {0: tensor(0), 1: tensor(769)}
INFO:root:TEST batch 4 / 5 - measures partial microavg - precision 0.1456 - recall 0.1456 - f1 0.1456 
INFO:root:TEST batch 4 / 5 - measures partial for class 0 - precision 0.0000 - recall 0.0000 - f1 0.0000 
INFO:root:TEST batch 4 / 5 - measures partial for class 1 - precision 0.1456 - recall 1.0000 - f1 0.2541 
INFO:root:TEST batch 4 / 5 - Batch time 0 
INFO:root:TEST batch 5 / 5 - partial error 0.8611 - partial loss 0.1398 - partial MRR  0.1247 - partial MAP 0.2615
INFO:root:TEST batch 5 / 5 -  partial tp {0: tensor(0), 1: tensor(89)},fn {0: tensor(811), 1: tensor(0)},fp {0: tensor(0), 1: tensor(811)}
INFO:root:TEST batch 5 / 5 - measures partial microavg - precision 0.0989 - recall 0.0989 - f1 0.0989 
INFO:root:TEST batch 5 / 5 - measures partial for class 0 - precision 0.0000 - recall 0.0000 - f1 0.0000 
INFO:root:TEST batch 5 / 5 - measures partial for class 1 - precision 0.0989 - recall 1.0000 - f1 0.1800 
INFO:root:TEST batch 5 / 5 - Batch time 0 
INFO:root:TEST mean losses tensor(0.1398)
INFO:root:TEST mean errors 0.8611111044883728
INFO:root:TEST mean MRR 0.12469150125980377 - mean MAP 0.2615147531032562
INFO:root:TEST tp {0: tensor(0), 1: tensor(625)},fn {0: tensor(3875), 1: tensor(0)},fp {0: tensor(0), 1: tensor(3875)}
INFO:root:TEST measures microavg - precision 0.1389 - recall 0.1389 - f1 0.1389 
INFO:root:TEST measures for class 0 - precision 0.0000 - recall 0.0000 - f1 0.0000 
INFO:root:TEST measures for class 1 - precision 0.1389 - recall 1.0000 - f1 0.2439 
INFO:root:TEST measures@10 microavg - precision 0.5400 - recall 0.0060 - f1 0.0119 
INFO:root:TEST measures@10 for class 0 - precision 0.0000 - recall 0.0000 - f1 0.0000 
INFO:root:TEST measures@10 for class 1 - precision 0.5400 - recall 0.0432 - f1 0.0800 
INFO:root:TEST measures@100 microavg - precision 0.3240 - recall 0.0360 - f1 0.0648 
INFO:root:TEST measures@100 for class 0 - precision 0.0000 - recall 0.0000 - f1 0.0000 
INFO:root:TEST measures@100 for class 1 - precision 0.3240 - recall 0.2592 - f1 0.2880 
INFO:root:TEST measures@1000 microavg - precision 0.1389 - recall 0.1389 - f1 0.1389 
INFO:root:TEST measures@1000 for class 0 - precision 0.0000 - recall 0.0000 - f1 0.0000 
INFO:root:TEST measures@1000 for class 1 - precision 0.1389 - recall 1.0000 - f1 0.2439 
INFO:root:TEST Total epoch time: 0.14348130000871606
INFO:root:################ TRAIN epoch 8 ###################
INFO:root:TRAIN mean losses tensor(0.1878)
INFO:root:TRAIN mean errors 0.6550503969192505
INFO:root:TRAIN mean MRR 0.0 - mean MAP 0.5165093541145325
INFO:root:TRAIN tp {0: tensor(674), 1: tensor(3810)},fn {0: tensor(8327), 1: tensor(188)},fp {0: tensor(188), 1: tensor(8327)}
INFO:root:TRAIN measures microavg - precision 0.3449 - recall 0.3449 - f1 0.3449 
INFO:root:TRAIN measures for class 0 - precision 0.7819 - recall 0.0749 - f1 0.1367 
INFO:root:TRAIN measures for class 1 - precision 0.3139 - recall 0.9530 - f1 0.4723 
INFO:root:TRAIN measures@10 microavg - precision 0.7556 - recall 0.0105 - f1 0.0206 
INFO:root:TRAIN measures@10 for class 0 - precision 0.6667 - recall 0.0022 - f1 0.0044 
INFO:root:TRAIN measures@10 for class 1 - precision 0.7733 - recall 0.0290 - f1 0.0559 
INFO:root:TRAIN measures@100 microavg - precision 0.6493 - recall 0.0852 - f1 0.1506 
INFO:root:TRAIN measures@100 for class 0 - precision 0.7642 - recall 0.0180 - f1 0.0352 
INFO:root:TRAIN measures@100 for class 1 - precision 0.6330 - recall 0.2364 - f1 0.3442 
INFO:root:TRAIN measures@1000 microavg - precision 0.3449 - recall 0.3449 - f1 0.3449 
INFO:root:TRAIN measures@1000 for class 0 - precision 0.7819 - recall 0.0749 - f1 0.1367 
INFO:root:TRAIN measures@1000 for class 1 - precision 0.3139 - recall 0.9530 - f1 0.4723 
INFO:root:TRAIN Total epoch time: 1.3077101999951992
INFO:root:################ VALID epoch 8 ###################
INFO:root:VALID mean losses tensor(0.2609)
INFO:root:VALID mean errors 0.820555567741394
INFO:root:VALID mean MRR 0.11199521273374557 - mean MAP 0.31051620841026306
INFO:root:VALID tp {0: tensor(74), 1: tensor(249)},fn {0: tensor(1469), 1: tensor(8)},fp {0: tensor(8), 1: tensor(1469)}
INFO:root:VALID measures microavg - precision 0.1794 - recall 0.1794 - f1 0.1794 
INFO:root:VALID measures for class 0 - precision 0.9024 - recall 0.0480 - f1 0.0911 
INFO:root:VALID measures for class 1 - precision 0.1449 - recall 0.9689 - f1 0.2522 
INFO:root:VALID measures@10 microavg - precision 0.6250 - recall 0.0139 - f1 0.0272 
INFO:root:VALID measures@10 for class 0 - precision 0.8000 - recall 0.0104 - f1 0.0205 
INFO:root:VALID measures@10 for class 1 - precision 0.4500 - recall 0.0350 - f1 0.0650 
INFO:root:VALID measures@100 microavg - precision 0.5461 - recall 0.0856 - f1 0.1479 
INFO:root:VALID measures@100 for class 0 - precision 0.9024 - recall 0.0480 - f1 0.0911 
INFO:root:VALID measures@100 for class 1 - precision 0.4000 - recall 0.3113 - f1 0.3501 
INFO:root:VALID measures@1000 microavg - precision 0.1794 - recall 0.1794 - f1 0.1794 
INFO:root:VALID measures@1000 for class 0 - precision 0.9024 - recall 0.0480 - f1 0.0911 
INFO:root:VALID measures@1000 for class 1 - precision 0.1449 - recall 0.9689 - f1 0.2522 
INFO:root:VALID Total epoch time: 0.07305350000387989
INFO:root:################ TEST epoch 8 ###################
INFO:root:TEST batch 1 / 5 - partial error 0.7967 - partial loss 0.2477 - partial MRR  0.1723 - partial MAP 0.1809
INFO:root:TEST batch 1 / 5 -  partial tp {0: tensor(93), 1: tensor(90)},fn {0: tensor(712), 1: tensor(5)},fp {0: tensor(5), 1: tensor(712)}
INFO:root:TEST batch 1 / 5 - measures partial microavg - precision 0.2033 - recall 0.2033 - f1 0.2033 
INFO:root:TEST batch 1 / 5 - measures partial for class 0 - precision 0.9490 - recall 0.1155 - f1 0.2060 
INFO:root:TEST batch 1 / 5 - measures partial for class 1 - precision 0.1122 - recall 0.9474 - f1 0.2007 
INFO:root:TEST batch 1 / 5 - Batch time 0 
INFO:root:TEST batch 2 / 5 - partial error 0.7717 - partial loss 0.2220 - partial MRR  0.1400 - partial MAP 0.2302
INFO:root:TEST batch 2 / 5 -  partial tp {0: tensor(85), 1: tensor(143)},fn {0: tensor(665), 1: tensor(7)},fp {0: tensor(7), 1: tensor(665)}
INFO:root:TEST batch 2 / 5 - measures partial microavg - precision 0.2533 - recall 0.2533 - f1 0.2533 
INFO:root:TEST batch 2 / 5 - measures partial for class 0 - precision 0.9239 - recall 0.1133 - f1 0.2019 
INFO:root:TEST batch 2 / 5 - measures partial for class 1 - precision 0.1770 - recall 0.9533 - f1 0.2985 
INFO:root:TEST batch 2 / 5 - Batch time 0 
INFO:root:TEST batch 3 / 5 - partial error 0.7593 - partial loss 0.2270 - partial MRR  0.1392 - partial MAP 0.2498
INFO:root:TEST batch 3 / 5 -  partial tp {0: tensor(84), 1: tensor(155)},fn {0: tensor(656), 1: tensor(5)},fp {0: tensor(5), 1: tensor(656)}
INFO:root:TEST batch 3 / 5 - measures partial microavg - precision 0.2656 - recall 0.2656 - f1 0.2656 
INFO:root:TEST batch 3 / 5 - measures partial for class 0 - precision 0.9438 - recall 0.1135 - f1 0.2027 
INFO:root:TEST batch 3 / 5 - measures partial for class 1 - precision 0.1911 - recall 0.9688 - f1 0.3193 
INFO:root:TEST batch 3 / 5 - Batch time 0 
INFO:root:TEST batch 4 / 5 - partial error 0.7636 - partial loss 0.2317 - partial MRR  0.1377 - partial MAP 0.2595
INFO:root:TEST batch 4 / 5 -  partial tp {0: tensor(71), 1: tensor(130)},fn {0: tensor(698), 1: tensor(1)},fp {0: tensor(1), 1: tensor(698)}
INFO:root:TEST batch 4 / 5 - measures partial microavg - precision 0.2233 - recall 0.2233 - f1 0.2233 
INFO:root:TEST batch 4 / 5 - measures partial for class 0 - precision 0.9861 - recall 0.0923 - f1 0.1688 
INFO:root:TEST batch 4 / 5 - measures partial for class 1 - precision 0.1570 - recall 0.9924 - f1 0.2711 
INFO:root:TEST batch 4 / 5 - Batch time 0 
INFO:root:TEST batch 5 / 5 - partial error 0.7736 - partial loss 0.2330 - partial MRR  0.1325 - partial MAP 0.2691
INFO:root:TEST batch 5 / 5 -  partial tp {0: tensor(82), 1: tensor(86)},fn {0: tensor(729), 1: tensor(3)},fp {0: tensor(3), 1: tensor(729)}
INFO:root:TEST batch 5 / 5 - measures partial microavg - precision 0.1867 - recall 0.1867 - f1 0.1867 
INFO:root:TEST batch 5 / 5 - measures partial for class 0 - precision 0.9647 - recall 0.1011 - f1 0.1830 
INFO:root:TEST batch 5 / 5 - measures partial for class 1 - precision 0.1055 - recall 0.9663 - f1 0.1903 
INFO:root:TEST batch 5 / 5 - Batch time 0 
INFO:root:TEST mean losses tensor(0.2330)
INFO:root:TEST mean errors 0.7735555768013
INFO:root:TEST mean MRR 0.13247743248939514 - mean MAP 0.26912787556648254
INFO:root:TEST tp {0: tensor(415), 1: tensor(604)},fn {0: tensor(3460), 1: tensor(21)},fp {0: tensor(21), 1: tensor(3460)}
INFO:root:TEST measures microavg - precision 0.2264 - recall 0.2264 - f1 0.2264 
INFO:root:TEST measures for class 0 - precision 0.9518 - recall 0.1071 - f1 0.1925 
INFO:root:TEST measures for class 1 - precision 0.1486 - recall 0.9664 - f1 0.2576 
INFO:root:TEST measures@10 microavg - precision 0.6900 - recall 0.0153 - f1 0.0300 
INFO:root:TEST measures@10 for class 0 - precision 0.9600 - recall 0.0124 - f1 0.0245 
INFO:root:TEST measures@10 for class 1 - precision 0.4200 - recall 0.0336 - f1 0.0622 
INFO:root:TEST measures@100 microavg - precision 0.6083 - recall 0.1242 - f1 0.2063 
INFO:root:TEST measures@100 for class 0 - precision 0.9499 - recall 0.1027 - f1 0.1854 
INFO:root:TEST measures@100 for class 1 - precision 0.3220 - recall 0.2576 - f1 0.2862 
INFO:root:TEST measures@1000 microavg - precision 0.2264 - recall 0.2264 - f1 0.2264 
INFO:root:TEST measures@1000 for class 0 - precision 0.9518 - recall 0.1071 - f1 0.1925 
INFO:root:TEST measures@1000 for class 1 - precision 0.1486 - recall 0.9664 - f1 0.2576 
INFO:root:TEST Total epoch time: 0.14137929998105392
INFO:root:################ TRAIN epoch 9 ###################
INFO:root:TRAIN mean losses tensor(0.2233)
INFO:root:TRAIN mean errors 0.6715131998062134
INFO:root:TRAIN mean MRR 0.0 - mean MAP 0.4605606198310852
INFO:root:TRAIN tp {0: tensor(372), 1: tensor(3898)},fn {0: tensor(8629), 1: tensor(100)},fp {0: tensor(100), 1: tensor(8629)}
INFO:root:TRAIN measures microavg - precision 0.3285 - recall 0.3285 - f1 0.3285 
INFO:root:TRAIN measures for class 0 - precision 0.7881 - recall 0.0413 - f1 0.0785 
INFO:root:TRAIN measures for class 1 - precision 0.3112 - recall 0.9750 - f1 0.4718 
INFO:root:TRAIN measures@10 microavg - precision 0.6333 - recall 0.0088 - f1 0.0173 
INFO:root:TRAIN measures@10 for class 0 - precision 0.7000 - recall 0.0023 - f1 0.0047 
INFO:root:TRAIN measures@10 for class 1 - precision 0.6200 - recall 0.0233 - f1 0.0448 
INFO:root:TRAIN measures@100 microavg - precision 0.5878 - recall 0.0765 - f1 0.1353 
INFO:root:TRAIN measures@100 for class 0 - precision 0.8586 - recall 0.0182 - f1 0.0357 
INFO:root:TRAIN measures@100 for class 1 - precision 0.5533 - recall 0.2076 - f1 0.3019 
INFO:root:TRAIN measures@1000 microavg - precision 0.3285 - recall 0.3285 - f1 0.3285 
INFO:root:TRAIN measures@1000 for class 0 - precision 0.7881 - recall 0.0413 - f1 0.0785 
INFO:root:TRAIN measures@1000 for class 1 - precision 0.3112 - recall 0.9750 - f1 0.4718 
INFO:root:TRAIN Total epoch time: 1.4607392000034451
INFO:root:################ VALID epoch 9 ###################
INFO:root:VALID mean losses tensor(0.1723)
INFO:root:VALID mean errors 0.8572221994400024
INFO:root:VALID mean MRR 0.09920444339513779 - mean MAP 0.2533327639102936
INFO:root:VALID tp {0: tensor(0), 1: tensor(257)},fn {0: tensor(1543), 1: tensor(0)},fp {0: tensor(0), 1: tensor(1543)}
INFO:root:VALID measures microavg - precision 0.1428 - recall 0.1428 - f1 0.1428 
INFO:root:VALID measures for class 0 - precision 0.0000 - recall 0.0000 - f1 0.0000 
INFO:root:VALID measures for class 1 - precision 0.1428 - recall 1.0000 - f1 0.2499 
INFO:root:VALID measures@10 microavg - precision 0.3000 - recall 0.0033 - f1 0.0066 
INFO:root:VALID measures@10 for class 0 - precision 0.0000 - recall 0.0000 - f1 0.0000 
INFO:root:VALID measures@10 for class 1 - precision 0.3000 - recall 0.0233 - f1 0.0433 
INFO:root:VALID measures@100 microavg - precision 0.3350 - recall 0.0372 - f1 0.0670 
INFO:root:VALID measures@100 for class 0 - precision 0.0000 - recall 0.0000 - f1 0.0000 
INFO:root:VALID measures@100 for class 1 - precision 0.3350 - recall 0.2607 - f1 0.2932 
INFO:root:VALID measures@1000 microavg - precision 0.1428 - recall 0.1428 - f1 0.1428 
INFO:root:VALID measures@1000 for class 0 - precision 0.0000 - recall 0.0000 - f1 0.0000 
INFO:root:VALID measures@1000 for class 1 - precision 0.1428 - recall 1.0000 - f1 0.2499 
INFO:root:VALID Total epoch time: 0.06617629999527708
