INFO:root:*** PARAMETERS ***
INFO:root:{'adj_mat_time_window': 1,
 'class_weights': [0.1, 0.9],
 'comments': ['comments'],
 'data': 'sbm50',
 'data_loading_params': {'batch_size': 1, 'num_workers': 0},
 'dev_proportion': 0.1,
 'device': 'cpu',
 'early_stop_patience': 50,
 'eval_after_epochs': 5,
 'gcn_parameters': {'cls_feats': 100,
                    'cls_feats_max': 800,
                    'cls_feats_min': 100,
                    'feats_per_node': 100,
                    'feats_per_node_max': 256,
                    'feats_per_node_min': 50,
                    'k_top_grcu': 200,
                    'layer_1_feats': 100,
                    'layer_1_feats_max': 200,
                    'layer_1_feats_min': 10,
                    'layer_2_feats': 100,
                    'layer_2_feats_same_as_l1': True,
                    'lstm_l1_feats': 100,
                    'lstm_l1_feats_max': 200,
                    'lstm_l1_feats_min': 10,
                    'lstm_l1_layers': 1,
                    'lstm_l2_feats': 100,
                    'lstm_l2_feats_same_as_l1': True,
                    'lstm_l2_layers': 1,
                    'num_layers': 2},
 'learning_rate': 0.0004037,
 'learning_rate_max': 0.1,
 'learning_rate_min': 0.0001,
 'model': 'egcn_o',
 'negative_mult_test': 100,
 'negative_mult_training': 50,
 'num_epochs': 10,
 'num_hist_steps': 3,
 'num_hist_steps_max': 10,
 'num_hist_steps_min': 1,
 'rank': 0,
 'save_node_embeddings': False,
 'sbm50_args': {'aggr_time': 1,
                'edges_file': 'adj_monthly_sparse.csv',
                'feats_per_node': 3,
                'folder': './data/'},
 'sbm_args': <utils.Namespace object at 0x7f800b1e7048>,
 'seed': 1234,
 'smart_neg_sampling': True,
 'steps_accum_gradients': 1,
 'target_class': 1,
 'target_measure': 'MAP',
 'task': 'link_pred',
 'train_proportion': 0.7,
 'use_1_hot_node_feats': True,
 'use_2_hot_node_feats': False,
 'use_cuda': False,
 'use_logfile': True,
 'wsize': 1}
INFO:root:
INFO:root:################ TRAIN epoch 0 ###################
INFO:root:TRAIN mean losses tensor(0.2418)
INFO:root:TRAIN mean errors 0.507095992565155
INFO:root:TRAIN mean MRR 0.0 - mean MAP 0.43537604808807373
INFO:root:TRAIN tp {0: tensor(3626), 1: tensor(1931)},fn {0: tensor(4132), 1: tensor(1585)},fp {0: tensor(1585), 1: tensor(4132)}
INFO:root:TRAIN measures microavg - precision 0.4929 - recall 0.4929 - f1 0.4929 
INFO:root:TRAIN measures for class 0 - precision 0.6958 - recall 0.4674 - f1 0.5592 
INFO:root:TRAIN measures for class 1 - precision 0.3185 - recall 0.5492 - f1 0.4032 
INFO:root:TRAIN measures@10 microavg - precision 0.8385 - recall 0.0097 - f1 0.0191 
INFO:root:TRAIN measures@10 for class 0 - precision 0.9000 - recall 0.0070 - f1 0.0138 
INFO:root:TRAIN measures@10 for class 1 - precision 0.7857 - recall 0.0156 - f1 0.0307 
INFO:root:TRAIN measures@100 microavg - precision 0.6600 - recall 0.0761 - f1 0.1365 
INFO:root:TRAIN measures@100 for class 0 - precision 0.7650 - recall 0.0592 - f1 0.1098 
INFO:root:TRAIN measures@100 for class 1 - precision 0.5700 - recall 0.1135 - f1 0.1893 
INFO:root:TRAIN measures@1000 microavg - precision 0.4929 - recall 0.4929 - f1 0.4929 
INFO:root:TRAIN measures@1000 for class 0 - precision 0.6958 - recall 0.4674 - f1 0.5592 
INFO:root:TRAIN measures@1000 for class 1 - precision 0.3185 - recall 0.5492 - f1 0.4032 
INFO:root:TRAIN Total epoch time: 1.415646999987075
INFO:root:################ TRAIN epoch 1 ###################
INFO:root:TRAIN mean losses tensor(0.2322)
INFO:root:TRAIN mean errors 0.6880766749382019
INFO:root:TRAIN mean MRR 0.0 - mean MAP 0.4985419511795044
INFO:root:TRAIN tp {0: tensor(0), 1: tensor(3516)},fn {0: tensor(7756), 1: tensor(0)},fp {0: tensor(0), 1: tensor(7756)}
INFO:root:TRAIN measures microavg - precision 0.3119 - recall 0.3119 - f1 0.3119 
INFO:root:TRAIN measures for class 0 - precision 0.0000 - recall 0.0000 - f1 0.0000 
INFO:root:TRAIN measures for class 1 - precision 0.3119 - recall 1.0000 - f1 0.4755 
INFO:root:TRAIN measures@10 microavg - precision 0.8308 - recall 0.0096 - f1 0.0189 
INFO:root:TRAIN measures@10 for class 0 - precision 0.0000 - recall 0.0000 - f1 0.0000 
INFO:root:TRAIN measures@10 for class 1 - precision 0.8308 - recall 0.0307 - f1 0.0592 
INFO:root:TRAIN measures@100 microavg - precision 0.6131 - recall 0.0707 - f1 0.1268 
INFO:root:TRAIN measures@100 for class 0 - precision 0.0000 - recall 0.0000 - f1 0.0000 
INFO:root:TRAIN measures@100 for class 1 - precision 0.6131 - recall 0.2267 - f1 0.3310 
INFO:root:TRAIN measures@1000 microavg - precision 0.3119 - recall 0.3119 - f1 0.3119 
INFO:root:TRAIN measures@1000 for class 0 - precision 0.0000 - recall 0.0000 - f1 0.0000 
INFO:root:TRAIN measures@1000 for class 1 - precision 0.3119 - recall 1.0000 - f1 0.4755 
INFO:root:TRAIN Total epoch time: 1.589002900000196
INFO:root:################ TRAIN epoch 2 ###################
INFO:root:TRAIN mean losses tensor(0.1931)
INFO:root:TRAIN mean errors 0.6881043314933777
INFO:root:TRAIN mean MRR 0.0 - mean MAP 0.507997453212738
INFO:root:TRAIN tp {0: tensor(0), 1: tensor(3516)},fn {0: tensor(7757), 1: tensor(0)},fp {0: tensor(0), 1: tensor(7757)}
INFO:root:TRAIN measures microavg - precision 0.3119 - recall 0.3119 - f1 0.3119 
INFO:root:TRAIN measures for class 0 - precision 0.0000 - recall 0.0000 - f1 0.0000 
INFO:root:TRAIN measures for class 1 - precision 0.3119 - recall 1.0000 - f1 0.4755 
INFO:root:TRAIN measures@10 microavg - precision 0.7846 - recall 0.0090 - f1 0.0179 
INFO:root:TRAIN measures@10 for class 0 - precision 0.0000 - recall 0.0000 - f1 0.0000 
INFO:root:TRAIN measures@10 for class 1 - precision 0.7846 - recall 0.0290 - f1 0.0560 
INFO:root:TRAIN measures@100 microavg - precision 0.6238 - recall 0.0719 - f1 0.1290 
INFO:root:TRAIN measures@100 for class 0 - precision 0.0000 - recall 0.0000 - f1 0.0000 
INFO:root:TRAIN measures@100 for class 1 - precision 0.6238 - recall 0.2307 - f1 0.3368 
INFO:root:TRAIN measures@1000 microavg - precision 0.3119 - recall 0.3119 - f1 0.3119 
INFO:root:TRAIN measures@1000 for class 0 - precision 0.0000 - recall 0.0000 - f1 0.0000 
INFO:root:TRAIN measures@1000 for class 1 - precision 0.3119 - recall 1.0000 - f1 0.4755 
INFO:root:TRAIN Total epoch time: 1.0324059999838937
INFO:root:################ TRAIN epoch 3 ###################
INFO:root:TRAIN mean losses tensor(0.1713)
INFO:root:TRAIN mean errors 0.6881043314933777
INFO:root:TRAIN mean MRR 0.0 - mean MAP 0.5259023904800415
INFO:root:TRAIN tp {0: tensor(0), 1: tensor(3516)},fn {0: tensor(7757), 1: tensor(0)},fp {0: tensor(0), 1: tensor(7757)}
INFO:root:TRAIN measures microavg - precision 0.3119 - recall 0.3119 - f1 0.3119 
INFO:root:TRAIN measures for class 0 - precision 0.0000 - recall 0.0000 - f1 0.0000 
INFO:root:TRAIN measures for class 1 - precision 0.3119 - recall 1.0000 - f1 0.4755 
INFO:root:TRAIN measures@10 microavg - precision 0.8462 - recall 0.0098 - f1 0.0193 
INFO:root:TRAIN measures@10 for class 0 - precision 0.0000 - recall 0.0000 - f1 0.0000 
INFO:root:TRAIN measures@10 for class 1 - precision 0.8462 - recall 0.0313 - f1 0.0603 
INFO:root:TRAIN measures@100 microavg - precision 0.6354 - recall 0.0733 - f1 0.1314 
INFO:root:TRAIN measures@100 for class 0 - precision 0.0000 - recall 0.0000 - f1 0.0000 
INFO:root:TRAIN measures@100 for class 1 - precision 0.6354 - recall 0.2349 - f1 0.3430 
INFO:root:TRAIN measures@1000 microavg - precision 0.3119 - recall 0.3119 - f1 0.3119 
INFO:root:TRAIN measures@1000 for class 0 - precision 0.0000 - recall 0.0000 - f1 0.0000 
INFO:root:TRAIN measures@1000 for class 1 - precision 0.3119 - recall 1.0000 - f1 0.4755 
INFO:root:TRAIN Total epoch time: 1.1973735000065062
INFO:root:################ TRAIN epoch 4 ###################
INFO:root:TRAIN mean losses tensor(0.1650)
INFO:root:TRAIN mean errors 0.6880766749382019
INFO:root:TRAIN mean MRR 0.0 - mean MAP 0.5444357991218567
INFO:root:TRAIN tp {0: tensor(0), 1: tensor(3516)},fn {0: tensor(7756), 1: tensor(0)},fp {0: tensor(0), 1: tensor(7756)}
INFO:root:TRAIN measures microavg - precision 0.3119 - recall 0.3119 - f1 0.3119 
INFO:root:TRAIN measures for class 0 - precision 0.0000 - recall 0.0000 - f1 0.0000 
INFO:root:TRAIN measures for class 1 - precision 0.3119 - recall 1.0000 - f1 0.4755 
INFO:root:TRAIN measures@10 microavg - precision 0.8846 - recall 0.0102 - f1 0.0202 
INFO:root:TRAIN measures@10 for class 0 - precision 0.0000 - recall 0.0000 - f1 0.0000 
INFO:root:TRAIN measures@10 for class 1 - precision 0.8846 - recall 0.0327 - f1 0.0631 
INFO:root:TRAIN measures@100 microavg - precision 0.6669 - recall 0.0769 - f1 0.1379 
INFO:root:TRAIN measures@100 for class 0 - precision 0.0000 - recall 0.0000 - f1 0.0000 
INFO:root:TRAIN measures@100 for class 1 - precision 0.6669 - recall 0.2466 - f1 0.3600 
INFO:root:TRAIN measures@1000 microavg - precision 0.3119 - recall 0.3119 - f1 0.3119 
INFO:root:TRAIN measures@1000 for class 0 - precision 0.0000 - recall 0.0000 - f1 0.0000 
INFO:root:TRAIN measures@1000 for class 1 - precision 0.3119 - recall 1.0000 - f1 0.4755 
INFO:root:TRAIN Total epoch time: 1.3369318000040948
INFO:root:################ TRAIN epoch 5 ###################
INFO:root:TRAIN mean losses tensor(0.1632)
INFO:root:TRAIN mean errors 0.6881319880485535
INFO:root:TRAIN mean MRR 0.0 - mean MAP 0.5601422190666199
INFO:root:TRAIN tp {0: tensor(0), 1: tensor(3516)},fn {0: tensor(7758), 1: tensor(0)},fp {0: tensor(0), 1: tensor(7758)}
INFO:root:TRAIN measures microavg - precision 0.3119 - recall 0.3119 - f1 0.3119 
INFO:root:TRAIN measures for class 0 - precision 0.0000 - recall 0.0000 - f1 0.0000 
INFO:root:TRAIN measures for class 1 - precision 0.3119 - recall 1.0000 - f1 0.4755 
INFO:root:TRAIN measures@10 microavg - precision 0.8769 - recall 0.0101 - f1 0.0200 
INFO:root:TRAIN measures@10 for class 0 - precision 0.0000 - recall 0.0000 - f1 0.0000 
INFO:root:TRAIN measures@10 for class 1 - precision 0.8769 - recall 0.0324 - f1 0.0625 
INFO:root:TRAIN measures@100 microavg - precision 0.6723 - recall 0.0775 - f1 0.1390 
INFO:root:TRAIN measures@100 for class 0 - precision 0.0000 - recall 0.0000 - f1 0.0000 
INFO:root:TRAIN measures@100 for class 1 - precision 0.6723 - recall 0.2486 - f1 0.3630 
INFO:root:TRAIN measures@1000 microavg - precision 0.3119 - recall 0.3119 - f1 0.3119 
INFO:root:TRAIN measures@1000 for class 0 - precision 0.0000 - recall 0.0000 - f1 0.0000 
INFO:root:TRAIN measures@1000 for class 1 - precision 0.3119 - recall 1.0000 - f1 0.4755 
INFO:root:TRAIN Total epoch time: 1.200130299985176
INFO:root:################ TRAIN epoch 6 ###################
INFO:root:TRAIN mean losses tensor(0.1622)
INFO:root:TRAIN mean errors 0.6880213022232056
INFO:root:TRAIN mean MRR 0.0 - mean MAP 0.5744631886482239
INFO:root:TRAIN tp {0: tensor(0), 1: tensor(3516)},fn {0: tensor(7754), 1: tensor(0)},fp {0: tensor(0), 1: tensor(7754)}
INFO:root:TRAIN measures microavg - precision 0.3120 - recall 0.3120 - f1 0.3120 
INFO:root:TRAIN measures for class 0 - precision 0.0000 - recall 0.0000 - f1 0.0000 
INFO:root:TRAIN measures for class 1 - precision 0.3120 - recall 1.0000 - f1 0.4756 
INFO:root:TRAIN measures@10 microavg - precision 0.8846 - recall 0.0102 - f1 0.0202 
INFO:root:TRAIN measures@10 for class 0 - precision 0.0000 - recall 0.0000 - f1 0.0000 
INFO:root:TRAIN measures@10 for class 1 - precision 0.8846 - recall 0.0327 - f1 0.0631 
INFO:root:TRAIN measures@100 microavg - precision 0.6915 - recall 0.0798 - f1 0.1430 
INFO:root:TRAIN measures@100 for class 0 - precision 0.0000 - recall 0.0000 - f1 0.0000 
INFO:root:TRAIN measures@100 for class 1 - precision 0.6915 - recall 0.2557 - f1 0.3733 
INFO:root:TRAIN measures@1000 microavg - precision 0.3120 - recall 0.3120 - f1 0.3120 
INFO:root:TRAIN measures@1000 for class 0 - precision 0.0000 - recall 0.0000 - f1 0.0000 
INFO:root:TRAIN measures@1000 for class 1 - precision 0.3120 - recall 1.0000 - f1 0.4756 
INFO:root:TRAIN Total epoch time: 1.2884725000185426
INFO:root:################ VALID epoch 6 ###################
INFO:root:VALID mean losses tensor(0.1543)
INFO:root:VALID mean errors 0.8572221994400024
INFO:root:VALID mean MRR 0.24677377939224243 - mean MAP 0.3656524419784546
INFO:root:VALID tp {0: tensor(0), 1: tensor(257)},fn {0: tensor(1543), 1: tensor(0)},fp {0: tensor(0), 1: tensor(1543)}
INFO:root:VALID measures microavg - precision 0.1428 - recall 0.1428 - f1 0.1428 
INFO:root:VALID measures for class 0 - precision 0.0000 - recall 0.0000 - f1 0.0000 
INFO:root:VALID measures for class 1 - precision 0.1428 - recall 1.0000 - f1 0.2499 
INFO:root:VALID measures@10 microavg - precision 0.6000 - recall 0.0067 - f1 0.0132 
INFO:root:VALID measures@10 for class 0 - precision 0.0000 - recall 0.0000 - f1 0.0000 
INFO:root:VALID measures@10 for class 1 - precision 0.6000 - recall 0.0467 - f1 0.0866 
INFO:root:VALID measures@100 microavg - precision 0.4500 - recall 0.0500 - f1 0.0900 
INFO:root:VALID measures@100 for class 0 - precision 0.0000 - recall 0.0000 - f1 0.0000 
INFO:root:VALID measures@100 for class 1 - precision 0.4500 - recall 0.3502 - f1 0.3939 
INFO:root:VALID measures@1000 microavg - precision 0.1428 - recall 0.1428 - f1 0.1428 
INFO:root:VALID measures@1000 for class 0 - precision 0.0000 - recall 0.0000 - f1 0.0000 
INFO:root:VALID measures@1000 for class 1 - precision 0.1428 - recall 1.0000 - f1 0.2499 
INFO:root:VALID Total epoch time: 0.1055456000030972
INFO:root:################ TEST epoch 6 ###################
INFO:root:TEST batch 1 / 5 - partial error 0.8944 - partial loss 0.1566 - partial MRR  0.1846 - partial MAP 0.2377
INFO:root:TEST batch 1 / 5 -  partial tp {0: tensor(0), 1: tensor(95)},fn {0: tensor(805), 1: tensor(0)},fp {0: tensor(0), 1: tensor(805)}
INFO:root:TEST batch 1 / 5 - measures partial microavg - precision 0.1056 - recall 0.1056 - f1 0.1056 
INFO:root:TEST batch 1 / 5 - measures partial for class 0 - precision 0.0000 - recall 0.0000 - f1 0.0000 
INFO:root:TEST batch 1 / 5 - measures partial for class 1 - precision 0.1056 - recall 1.0000 - f1 0.1910 
INFO:root:TEST batch 1 / 5 - Batch time 0 
INFO:root:TEST batch 2 / 5 - partial error 0.8639 - partial loss 0.1553 - partial MRR  0.1759 - partial MAP 0.3168
INFO:root:TEST batch 2 / 5 -  partial tp {0: tensor(0), 1: tensor(150)},fn {0: tensor(750), 1: tensor(0)},fp {0: tensor(0), 1: tensor(750)}
INFO:root:TEST batch 2 / 5 - measures partial microavg - precision 0.1667 - recall 0.1667 - f1 0.1667 
INFO:root:TEST batch 2 / 5 - measures partial for class 0 - precision 0.0000 - recall 0.0000 - f1 0.0000 
INFO:root:TEST batch 2 / 5 - measures partial for class 1 - precision 0.1667 - recall 1.0000 - f1 0.2857 
INFO:root:TEST batch 2 / 5 - Batch time 0 
INFO:root:TEST batch 3 / 5 - partial error 0.8500 - partial loss 0.1561 - partial MRR  0.1803 - partial MAP 0.3381
INFO:root:TEST batch 3 / 5 -  partial tp {0: tensor(0), 1: tensor(160)},fn {0: tensor(740), 1: tensor(0)},fp {0: tensor(0), 1: tensor(740)}
INFO:root:TEST batch 3 / 5 - measures partial microavg - precision 0.1778 - recall 0.1778 - f1 0.1778 
INFO:root:TEST batch 3 / 5 - measures partial for class 0 - precision 0.0000 - recall 0.0000 - f1 0.0000 
INFO:root:TEST batch 3 / 5 - measures partial for class 1 - precision 0.1778 - recall 1.0000 - f1 0.3019 
INFO:root:TEST batch 3 / 5 - Batch time 0 
INFO:root:TEST batch 4 / 5 - partial error 0.8511 - partial loss 0.1552 - partial MRR  0.1885 - partial MAP 0.3389
INFO:root:TEST batch 4 / 5 -  partial tp {0: tensor(0), 1: tensor(131)},fn {0: tensor(769), 1: tensor(0)},fp {0: tensor(0), 1: tensor(769)}
INFO:root:TEST batch 4 / 5 - measures partial microavg - precision 0.1456 - recall 0.1456 - f1 0.1456 
INFO:root:TEST batch 4 / 5 - measures partial for class 0 - precision 0.0000 - recall 0.0000 - f1 0.0000 
INFO:root:TEST batch 4 / 5 - measures partial for class 1 - precision 0.1456 - recall 1.0000 - f1 0.2541 
INFO:root:TEST batch 4 / 5 - Batch time 0 
INFO:root:TEST batch 5 / 5 - partial error 0.8611 - partial loss 0.1545 - partial MRR  0.2197 - partial MAP 0.3434
INFO:root:TEST batch 5 / 5 -  partial tp {0: tensor(0), 1: tensor(89)},fn {0: tensor(811), 1: tensor(0)},fp {0: tensor(0), 1: tensor(811)}
INFO:root:TEST batch 5 / 5 - measures partial microavg - precision 0.0989 - recall 0.0989 - f1 0.0989 
INFO:root:TEST batch 5 / 5 - measures partial for class 0 - precision 0.0000 - recall 0.0000 - f1 0.0000 
INFO:root:TEST batch 5 / 5 - measures partial for class 1 - precision 0.0989 - recall 1.0000 - f1 0.1800 
INFO:root:TEST batch 5 / 5 - Batch time 0 
INFO:root:TEST mean losses tensor(0.1545)
INFO:root:TEST mean errors 0.8611111044883728
INFO:root:TEST mean MRR 0.21969610452651978 - mean MAP 0.34338492155075073
INFO:root:TEST tp {0: tensor(0), 1: tensor(625)},fn {0: tensor(3875), 1: tensor(0)},fp {0: tensor(0), 1: tensor(3875)}
INFO:root:TEST measures microavg - precision 0.1389 - recall 0.1389 - f1 0.1389 
INFO:root:TEST measures for class 0 - precision 0.0000 - recall 0.0000 - f1 0.0000 
INFO:root:TEST measures for class 1 - precision 0.1389 - recall 1.0000 - f1 0.2439 
INFO:root:TEST measures@10 microavg - precision 0.5200 - recall 0.0058 - f1 0.0114 
INFO:root:TEST measures@10 for class 0 - precision 0.0000 - recall 0.0000 - f1 0.0000 
INFO:root:TEST measures@10 for class 1 - precision 0.5200 - recall 0.0416 - f1 0.0770 
INFO:root:TEST measures@100 microavg - precision 0.4080 - recall 0.0453 - f1 0.0816 
INFO:root:TEST measures@100 for class 0 - precision 0.0000 - recall 0.0000 - f1 0.0000 
INFO:root:TEST measures@100 for class 1 - precision 0.4080 - recall 0.3264 - f1 0.3627 
INFO:root:TEST measures@1000 microavg - precision 0.1389 - recall 0.1389 - f1 0.1389 
INFO:root:TEST measures@1000 for class 0 - precision 0.0000 - recall 0.0000 - f1 0.0000 
INFO:root:TEST measures@1000 for class 1 - precision 0.1389 - recall 1.0000 - f1 0.2439 
INFO:root:TEST Total epoch time: 0.1403351000044495
INFO:root:################ TRAIN epoch 7 ###################
INFO:root:TRAIN mean losses tensor(0.1607)
INFO:root:TRAIN mean errors 0.6880766749382019
INFO:root:TRAIN mean MRR 0.0 - mean MAP 0.5791205167770386
INFO:root:TRAIN tp {0: tensor(0), 1: tensor(3516)},fn {0: tensor(7756), 1: tensor(0)},fp {0: tensor(0), 1: tensor(7756)}
INFO:root:TRAIN measures microavg - precision 0.3119 - recall 0.3119 - f1 0.3119 
INFO:root:TRAIN measures for class 0 - precision 0.0000 - recall 0.0000 - f1 0.0000 
INFO:root:TRAIN measures for class 1 - precision 0.3119 - recall 1.0000 - f1 0.4755 
INFO:root:TRAIN measures@10 microavg - precision 0.9000 - recall 0.0104 - f1 0.0205 
INFO:root:TRAIN measures@10 for class 0 - precision 0.0000 - recall 0.0000 - f1 0.0000 
INFO:root:TRAIN measures@10 for class 1 - precision 0.9000 - recall 0.0333 - f1 0.0642 
INFO:root:TRAIN measures@100 microavg - precision 0.6985 - recall 0.0806 - f1 0.1444 
INFO:root:TRAIN measures@100 for class 0 - precision 0.0000 - recall 0.0000 - f1 0.0000 
INFO:root:TRAIN measures@100 for class 1 - precision 0.6985 - recall 0.2582 - f1 0.3771 
INFO:root:TRAIN measures@1000 microavg - precision 0.3119 - recall 0.3119 - f1 0.3119 
INFO:root:TRAIN measures@1000 for class 0 - precision 0.0000 - recall 0.0000 - f1 0.0000 
INFO:root:TRAIN measures@1000 for class 1 - precision 0.3119 - recall 1.0000 - f1 0.4755 
INFO:root:TRAIN Total epoch time: 1.3768923000025097
INFO:root:################ VALID epoch 7 ###################
INFO:root:VALID mean losses tensor(0.1529)
INFO:root:VALID mean errors 0.8572221994400024
INFO:root:VALID mean MRR 0.2212819755077362 - mean MAP 0.36541056632995605
INFO:root:VALID tp {0: tensor(0), 1: tensor(257)},fn {0: tensor(1543), 1: tensor(0)},fp {0: tensor(0), 1: tensor(1543)}
INFO:root:VALID measures microavg - precision 0.1428 - recall 0.1428 - f1 0.1428 
INFO:root:VALID measures for class 0 - precision 0.0000 - recall 0.0000 - f1 0.0000 
INFO:root:VALID measures for class 1 - precision 0.1428 - recall 1.0000 - f1 0.2499 
INFO:root:VALID measures@10 microavg - precision 0.6500 - recall 0.0072 - f1 0.0143 
INFO:root:VALID measures@10 for class 0 - precision 0.0000 - recall 0.0000 - f1 0.0000 
INFO:root:VALID measures@10 for class 1 - precision 0.6500 - recall 0.0506 - f1 0.0939 
INFO:root:VALID measures@100 microavg - precision 0.4450 - recall 0.0494 - f1 0.0890 
INFO:root:VALID measures@100 for class 0 - precision 0.0000 - recall 0.0000 - f1 0.0000 
INFO:root:VALID measures@100 for class 1 - precision 0.4450 - recall 0.3463 - f1 0.3895 
INFO:root:VALID measures@1000 microavg - precision 0.1428 - recall 0.1428 - f1 0.1428 
INFO:root:VALID measures@1000 for class 0 - precision 0.0000 - recall 0.0000 - f1 0.0000 
INFO:root:VALID measures@1000 for class 1 - precision 0.1428 - recall 1.0000 - f1 0.2499 
INFO:root:VALID Total epoch time: 0.06756479997420684
INFO:root:################ TEST epoch 7 ###################
INFO:root:TEST batch 1 / 5 - partial error 0.8944 - partial loss 0.1534 - partial MRR  0.1990 - partial MAP 0.2361
INFO:root:TEST batch 1 / 5 -  partial tp {0: tensor(0), 1: tensor(95)},fn {0: tensor(805), 1: tensor(0)},fp {0: tensor(0), 1: tensor(805)}
INFO:root:TEST batch 1 / 5 - measures partial microavg - precision 0.1056 - recall 0.1056 - f1 0.1056 
INFO:root:TEST batch 1 / 5 - measures partial for class 0 - precision 0.0000 - recall 0.0000 - f1 0.0000 
INFO:root:TEST batch 1 / 5 - measures partial for class 1 - precision 0.1056 - recall 1.0000 - f1 0.1910 
INFO:root:TEST batch 1 / 5 - Batch time 0 
INFO:root:TEST batch 2 / 5 - partial error 0.8639 - partial loss 0.1522 - partial MRR  0.2032 - partial MAP 0.3065
INFO:root:TEST batch 2 / 5 -  partial tp {0: tensor(0), 1: tensor(150)},fn {0: tensor(750), 1: tensor(0)},fp {0: tensor(0), 1: tensor(750)}
INFO:root:TEST batch 2 / 5 - measures partial microavg - precision 0.1667 - recall 0.1667 - f1 0.1667 
INFO:root:TEST batch 2 / 5 - measures partial for class 0 - precision 0.0000 - recall 0.0000 - f1 0.0000 
INFO:root:TEST batch 2 / 5 - measures partial for class 1 - precision 0.1667 - recall 1.0000 - f1 0.2857 
INFO:root:TEST batch 2 / 5 - Batch time 0 
INFO:root:TEST batch 3 / 5 - partial error 0.8500 - partial loss 0.1534 - partial MRR  0.1990 - partial MAP 0.3254
INFO:root:TEST batch 3 / 5 -  partial tp {0: tensor(0), 1: tensor(160)},fn {0: tensor(740), 1: tensor(0)},fp {0: tensor(0), 1: tensor(740)}
INFO:root:TEST batch 3 / 5 - measures partial microavg - precision 0.1778 - recall 0.1778 - f1 0.1778 
INFO:root:TEST batch 3 / 5 - measures partial for class 0 - precision 0.0000 - recall 0.0000 - f1 0.0000 
INFO:root:TEST batch 3 / 5 - measures partial for class 1 - precision 0.1778 - recall 1.0000 - f1 0.3019 
INFO:root:TEST batch 3 / 5 - Batch time 0 
INFO:root:TEST batch 4 / 5 - partial error 0.8511 - partial loss 0.1527 - partial MRR  0.2017 - partial MAP 0.3296
INFO:root:TEST batch 4 / 5 -  partial tp {0: tensor(0), 1: tensor(131)},fn {0: tensor(769), 1: tensor(0)},fp {0: tensor(0), 1: tensor(769)}
INFO:root:TEST batch 4 / 5 - measures partial microavg - precision 0.1456 - recall 0.1456 - f1 0.1456 
INFO:root:TEST batch 4 / 5 - measures partial for class 0 - precision 0.0000 - recall 0.0000 - f1 0.0000 
INFO:root:TEST batch 4 / 5 - measures partial for class 1 - precision 0.1456 - recall 1.0000 - f1 0.2541 
INFO:root:TEST batch 4 / 5 - Batch time 0 
INFO:root:TEST batch 5 / 5 - partial error 0.8611 - partial loss 0.1520 - partial MRR  0.2307 - partial MAP 0.3335
INFO:root:TEST batch 5 / 5 -  partial tp {0: tensor(0), 1: tensor(89)},fn {0: tensor(811), 1: tensor(0)},fp {0: tensor(0), 1: tensor(811)}
INFO:root:TEST batch 5 / 5 - measures partial microavg - precision 0.0989 - recall 0.0989 - f1 0.0989 
INFO:root:TEST batch 5 / 5 - measures partial for class 0 - precision 0.0000 - recall 0.0000 - f1 0.0000 
INFO:root:TEST batch 5 / 5 - measures partial for class 1 - precision 0.0989 - recall 1.0000 - f1 0.1800 
INFO:root:TEST batch 5 / 5 - Batch time 0 
INFO:root:TEST mean losses tensor(0.1520)
INFO:root:TEST mean errors 0.8611111044883728
INFO:root:TEST mean MRR 0.23067396879196167 - mean MAP 0.33354538679122925
INFO:root:TEST tp {0: tensor(0), 1: tensor(625)},fn {0: tensor(3875), 1: tensor(0)},fp {0: tensor(0), 1: tensor(3875)}
INFO:root:TEST measures microavg - precision 0.1389 - recall 0.1389 - f1 0.1389 
INFO:root:TEST measures for class 0 - precision 0.0000 - recall 0.0000 - f1 0.0000 
INFO:root:TEST measures for class 1 - precision 0.1389 - recall 1.0000 - f1 0.2439 
INFO:root:TEST measures@10 microavg - precision 0.5200 - recall 0.0058 - f1 0.0114 
INFO:root:TEST measures@10 for class 0 - precision 0.0000 - recall 0.0000 - f1 0.0000 
INFO:root:TEST measures@10 for class 1 - precision 0.5200 - recall 0.0416 - f1 0.0770 
INFO:root:TEST measures@100 microavg - precision 0.4020 - recall 0.0447 - f1 0.0804 
INFO:root:TEST measures@100 for class 0 - precision 0.0000 - recall 0.0000 - f1 0.0000 
INFO:root:TEST measures@100 for class 1 - precision 0.4020 - recall 0.3216 - f1 0.3573 
INFO:root:TEST measures@1000 microavg - precision 0.1389 - recall 0.1389 - f1 0.1389 
INFO:root:TEST measures@1000 for class 0 - precision 0.0000 - recall 0.0000 - f1 0.0000 
INFO:root:TEST measures@1000 for class 1 - precision 0.1389 - recall 1.0000 - f1 0.2439 
INFO:root:TEST Total epoch time: 0.15565120000974275
INFO:root:################ TRAIN epoch 8 ###################
INFO:root:TRAIN mean losses tensor(0.1594)
INFO:root:TRAIN mean errors 0.6881319880485535
INFO:root:TRAIN mean MRR 0.0 - mean MAP 0.5752602815628052
INFO:root:TRAIN tp {0: tensor(0), 1: tensor(3516)},fn {0: tensor(7758), 1: tensor(0)},fp {0: tensor(0), 1: tensor(7758)}
INFO:root:TRAIN measures microavg - precision 0.3119 - recall 0.3119 - f1 0.3119 
INFO:root:TRAIN measures for class 0 - precision 0.0000 - recall 0.0000 - f1 0.0000 
INFO:root:TRAIN measures for class 1 - precision 0.3119 - recall 1.0000 - f1 0.4755 
INFO:root:TRAIN measures@10 microavg - precision 0.9077 - recall 0.0105 - f1 0.0207 
INFO:root:TRAIN measures@10 for class 0 - precision 0.0000 - recall 0.0000 - f1 0.0000 
INFO:root:TRAIN measures@10 for class 1 - precision 0.9077 - recall 0.0336 - f1 0.0647 
INFO:root:TRAIN measures@100 microavg - precision 0.6985 - recall 0.0805 - f1 0.1444 
INFO:root:TRAIN measures@100 for class 0 - precision 0.0000 - recall 0.0000 - f1 0.0000 
INFO:root:TRAIN measures@100 for class 1 - precision 0.6985 - recall 0.2582 - f1 0.3771 
INFO:root:TRAIN measures@1000 microavg - precision 0.3119 - recall 0.3119 - f1 0.3119 
INFO:root:TRAIN measures@1000 for class 0 - precision 0.0000 - recall 0.0000 - f1 0.0000 
INFO:root:TRAIN measures@1000 for class 1 - precision 0.3119 - recall 1.0000 - f1 0.4755 
INFO:root:TRAIN Total epoch time: 1.0607249999884516
INFO:root:################ VALID epoch 8 ###################
INFO:root:VALID mean losses tensor(0.1522)
INFO:root:VALID mean errors 0.8572221994400024
INFO:root:VALID mean MRR 0.11035378277301788 - mean MAP 0.348797470331192
INFO:root:VALID tp {0: tensor(0), 1: tensor(257)},fn {0: tensor(1543), 1: tensor(0)},fp {0: tensor(0), 1: tensor(1543)}
INFO:root:VALID measures microavg - precision 0.1428 - recall 0.1428 - f1 0.1428 
INFO:root:VALID measures for class 0 - precision 0.0000 - recall 0.0000 - f1 0.0000 
INFO:root:VALID measures for class 1 - precision 0.1428 - recall 1.0000 - f1 0.2499 
INFO:root:VALID measures@10 microavg - precision 0.6000 - recall 0.0067 - f1 0.0132 
INFO:root:VALID measures@10 for class 0 - precision 0.0000 - recall 0.0000 - f1 0.0000 
INFO:root:VALID measures@10 for class 1 - precision 0.6000 - recall 0.0467 - f1 0.0866 
INFO:root:VALID measures@100 microavg - precision 0.4400 - recall 0.0489 - f1 0.0880 
INFO:root:VALID measures@100 for class 0 - precision 0.0000 - recall 0.0000 - f1 0.0000 
INFO:root:VALID measures@100 for class 1 - precision 0.4400 - recall 0.3424 - f1 0.3851 
INFO:root:VALID measures@1000 microavg - precision 0.1428 - recall 0.1428 - f1 0.1428 
INFO:root:VALID measures@1000 for class 0 - precision 0.0000 - recall 0.0000 - f1 0.0000 
INFO:root:VALID measures@1000 for class 1 - precision 0.1428 - recall 1.0000 - f1 0.2499 
INFO:root:VALID Total epoch time: 0.07020400001783855
INFO:root:################ TEST epoch 8 ###################
INFO:root:TEST batch 1 / 5 - partial error 0.8944 - partial loss 0.1515 - partial MRR  0.1054 - partial MAP 0.2153
INFO:root:TEST batch 1 / 5 -  partial tp {0: tensor(0), 1: tensor(95)},fn {0: tensor(805), 1: tensor(0)},fp {0: tensor(0), 1: tensor(805)}
INFO:root:TEST batch 1 / 5 - measures partial microavg - precision 0.1056 - recall 0.1056 - f1 0.1056 
INFO:root:TEST batch 1 / 5 - measures partial for class 0 - precision 0.0000 - recall 0.0000 - f1 0.0000 
INFO:root:TEST batch 1 / 5 - measures partial for class 1 - precision 0.1056 - recall 1.0000 - f1 0.1910 
INFO:root:TEST batch 1 / 5 - Batch time 0 
INFO:root:TEST batch 2 / 5 - partial error 0.8639 - partial loss 0.1505 - partial MRR  0.1045 - partial MAP 0.2819
INFO:root:TEST batch 2 / 5 -  partial tp {0: tensor(0), 1: tensor(150)},fn {0: tensor(750), 1: tensor(0)},fp {0: tensor(0), 1: tensor(750)}
INFO:root:TEST batch 2 / 5 - measures partial microavg - precision 0.1667 - recall 0.1667 - f1 0.1667 
INFO:root:TEST batch 2 / 5 - measures partial for class 0 - precision 0.0000 - recall 0.0000 - f1 0.0000 
INFO:root:TEST batch 2 / 5 - measures partial for class 1 - precision 0.1667 - recall 1.0000 - f1 0.2857 
INFO:root:TEST batch 2 / 5 - Batch time 0 
INFO:root:TEST batch 3 / 5 - partial error 0.8500 - partial loss 0.1520 - partial MRR  0.0974 - partial MAP 0.3019
INFO:root:TEST batch 3 / 5 -  partial tp {0: tensor(0), 1: tensor(160)},fn {0: tensor(740), 1: tensor(0)},fp {0: tensor(0), 1: tensor(740)}
INFO:root:TEST batch 3 / 5 - measures partial microavg - precision 0.1778 - recall 0.1778 - f1 0.1778 
INFO:root:TEST batch 3 / 5 - measures partial for class 0 - precision 0.0000 - recall 0.0000 - f1 0.0000 
INFO:root:TEST batch 3 / 5 - measures partial for class 1 - precision 0.1778 - recall 1.0000 - f1 0.3019 
INFO:root:TEST batch 3 / 5 - Batch time 0 
INFO:root:TEST batch 4 / 5 - partial error 0.8511 - partial loss 0.1514 - partial MRR  0.1058 - partial MAP 0.3135
INFO:root:TEST batch 4 / 5 -  partial tp {0: tensor(0), 1: tensor(131)},fn {0: tensor(769), 1: tensor(0)},fp {0: tensor(0), 1: tensor(769)}
INFO:root:TEST batch 4 / 5 - measures partial microavg - precision 0.1456 - recall 0.1456 - f1 0.1456 
INFO:root:TEST batch 4 / 5 - measures partial for class 0 - precision 0.0000 - recall 0.0000 - f1 0.0000 
INFO:root:TEST batch 4 / 5 - measures partial for class 1 - precision 0.1456 - recall 1.0000 - f1 0.2541 
INFO:root:TEST batch 4 / 5 - Batch time 0 
INFO:root:TEST batch 5 / 5 - partial error 0.8611 - partial loss 0.1507 - partial MRR  0.1030 - partial MAP 0.3170
INFO:root:TEST batch 5 / 5 -  partial tp {0: tensor(0), 1: tensor(89)},fn {0: tensor(811), 1: tensor(0)},fp {0: tensor(0), 1: tensor(811)}
INFO:root:TEST batch 5 / 5 - measures partial microavg - precision 0.0989 - recall 0.0989 - f1 0.0989 
INFO:root:TEST batch 5 / 5 - measures partial for class 0 - precision 0.0000 - recall 0.0000 - f1 0.0000 
INFO:root:TEST batch 5 / 5 - measures partial for class 1 - precision 0.0989 - recall 1.0000 - f1 0.1800 
INFO:root:TEST batch 5 / 5 - Batch time 0 
INFO:root:TEST mean losses tensor(0.1507)
INFO:root:TEST mean errors 0.8611111044883728
INFO:root:TEST mean MRR 0.10303692519664764 - mean MAP 0.31697770953178406
INFO:root:TEST tp {0: tensor(0), 1: tensor(625)},fn {0: tensor(3875), 1: tensor(0)},fp {0: tensor(0), 1: tensor(3875)}
INFO:root:TEST measures microavg - precision 0.1389 - recall 0.1389 - f1 0.1389 
INFO:root:TEST measures for class 0 - precision 0.0000 - recall 0.0000 - f1 0.0000 
INFO:root:TEST measures for class 1 - precision 0.1389 - recall 1.0000 - f1 0.2439 
INFO:root:TEST measures@10 microavg - precision 0.5400 - recall 0.0060 - f1 0.0119 
INFO:root:TEST measures@10 for class 0 - precision 0.0000 - recall 0.0000 - f1 0.0000 
INFO:root:TEST measures@10 for class 1 - precision 0.5400 - recall 0.0432 - f1 0.0800 
INFO:root:TEST measures@100 microavg - precision 0.3840 - recall 0.0427 - f1 0.0768 
INFO:root:TEST measures@100 for class 0 - precision 0.0000 - recall 0.0000 - f1 0.0000 
INFO:root:TEST measures@100 for class 1 - precision 0.3840 - recall 0.3072 - f1 0.3413 
INFO:root:TEST measures@1000 microavg - precision 0.1389 - recall 0.1389 - f1 0.1389 
INFO:root:TEST measures@1000 for class 0 - precision 0.0000 - recall 0.0000 - f1 0.0000 
INFO:root:TEST measures@1000 for class 1 - precision 0.1389 - recall 1.0000 - f1 0.2439 
INFO:root:TEST Total epoch time: 0.15921630000229925
INFO:root:################ TRAIN epoch 9 ###################
INFO:root:TRAIN mean losses tensor(0.1586)
INFO:root:TRAIN mean errors 0.6881043314933777
INFO:root:TRAIN mean MRR 0.0 - mean MAP 0.5641466379165649
INFO:root:TRAIN tp {0: tensor(0), 1: tensor(3516)},fn {0: tensor(7757), 1: tensor(0)},fp {0: tensor(0), 1: tensor(7757)}
INFO:root:TRAIN measures microavg - precision 0.3119 - recall 0.3119 - f1 0.3119 
INFO:root:TRAIN measures for class 0 - precision 0.0000 - recall 0.0000 - f1 0.0000 
INFO:root:TRAIN measures for class 1 - precision 0.3119 - recall 1.0000 - f1 0.4755 
INFO:root:TRAIN measures@10 microavg - precision 0.8615 - recall 0.0099 - f1 0.0196 
INFO:root:TRAIN measures@10 for class 0 - precision 0.0000 - recall 0.0000 - f1 0.0000 
INFO:root:TRAIN measures@10 for class 1 - precision 0.8615 - recall 0.0319 - f1 0.0614 
INFO:root:TRAIN measures@100 microavg - precision 0.6862 - recall 0.0791 - f1 0.1419 
INFO:root:TRAIN measures@100 for class 0 - precision 0.0000 - recall 0.0000 - f1 0.0000 
INFO:root:TRAIN measures@100 for class 1 - precision 0.6862 - recall 0.2537 - f1 0.3704 
INFO:root:TRAIN measures@1000 microavg - precision 0.3119 - recall 0.3119 - f1 0.3119 
INFO:root:TRAIN measures@1000 for class 0 - precision 0.0000 - recall 0.0000 - f1 0.0000 
INFO:root:TRAIN measures@1000 for class 1 - precision 0.3119 - recall 1.0000 - f1 0.4755 
INFO:root:TRAIN Total epoch time: 1.2814174000232015
INFO:root:################ VALID epoch 9 ###################
INFO:root:VALID mean losses tensor(0.1520)
INFO:root:VALID mean errors 0.8572221994400024
INFO:root:VALID mean MRR 0.12675830721855164 - mean MAP 0.3484136760234833
INFO:root:VALID tp {0: tensor(0), 1: tensor(257)},fn {0: tensor(1543), 1: tensor(0)},fp {0: tensor(0), 1: tensor(1543)}
INFO:root:VALID measures microavg - precision 0.1428 - recall 0.1428 - f1 0.1428 
INFO:root:VALID measures for class 0 - precision 0.0000 - recall 0.0000 - f1 0.0000 
INFO:root:VALID measures for class 1 - precision 0.1428 - recall 1.0000 - f1 0.2499 
INFO:root:VALID measures@10 microavg - precision 0.6000 - recall 0.0067 - f1 0.0132 
INFO:root:VALID measures@10 for class 0 - precision 0.0000 - recall 0.0000 - f1 0.0000 
INFO:root:VALID measures@10 for class 1 - precision 0.6000 - recall 0.0467 - f1 0.0866 
INFO:root:VALID measures@100 microavg - precision 0.4200 - recall 0.0467 - f1 0.0840 
INFO:root:VALID measures@100 for class 0 - precision 0.0000 - recall 0.0000 - f1 0.0000 
INFO:root:VALID measures@100 for class 1 - precision 0.4200 - recall 0.3268 - f1 0.3676 
INFO:root:VALID measures@1000 microavg - precision 0.1428 - recall 0.1428 - f1 0.1428 
INFO:root:VALID measures@1000 for class 0 - precision 0.0000 - recall 0.0000 - f1 0.0000 
INFO:root:VALID measures@1000 for class 1 - precision 0.1428 - recall 1.0000 - f1 0.2499 
INFO:root:VALID Total epoch time: 0.07897279999451712
INFO:root:################ TEST epoch 9 ###################
INFO:root:TEST batch 1 / 5 - partial error 0.8944 - partial loss 0.1508 - partial MRR  0.1176 - partial MAP 0.2235
INFO:root:TEST batch 1 / 5 -  partial tp {0: tensor(0), 1: tensor(95)},fn {0: tensor(805), 1: tensor(0)},fp {0: tensor(0), 1: tensor(805)}
INFO:root:TEST batch 1 / 5 - measures partial microavg - precision 0.1056 - recall 0.1056 - f1 0.1056 
INFO:root:TEST batch 1 / 5 - measures partial for class 0 - precision 0.0000 - recall 0.0000 - f1 0.0000 
INFO:root:TEST batch 1 / 5 - measures partial for class 1 - precision 0.1056 - recall 1.0000 - f1 0.1910 
INFO:root:TEST batch 1 / 5 - Batch time 0 
INFO:root:TEST batch 2 / 5 - partial error 0.8639 - partial loss 0.1497 - partial MRR  0.1000 - partial MAP 0.2802
INFO:root:TEST batch 2 / 5 -  partial tp {0: tensor(0), 1: tensor(150)},fn {0: tensor(750), 1: tensor(0)},fp {0: tensor(0), 1: tensor(750)}
INFO:root:TEST batch 2 / 5 - measures partial microavg - precision 0.1667 - recall 0.1667 - f1 0.1667 
INFO:root:TEST batch 2 / 5 - measures partial for class 0 - precision 0.0000 - recall 0.0000 - f1 0.0000 
INFO:root:TEST batch 2 / 5 - measures partial for class 1 - precision 0.1667 - recall 1.0000 - f1 0.2857 
INFO:root:TEST batch 2 / 5 - Batch time 0 
INFO:root:TEST batch 3 / 5 - partial error 0.8500 - partial loss 0.1515 - partial MRR  0.0972 - partial MAP 0.2975
INFO:root:TEST batch 3 / 5 -  partial tp {0: tensor(0), 1: tensor(160)},fn {0: tensor(740), 1: tensor(0)},fp {0: tensor(0), 1: tensor(740)}
INFO:root:TEST batch 3 / 5 - measures partial microavg - precision 0.1778 - recall 0.1778 - f1 0.1778 
INFO:root:TEST batch 3 / 5 - measures partial for class 0 - precision 0.0000 - recall 0.0000 - f1 0.0000 
INFO:root:TEST batch 3 / 5 - measures partial for class 1 - precision 0.1778 - recall 1.0000 - f1 0.3019 
INFO:root:TEST batch 3 / 5 - Batch time 0 
INFO:root:TEST batch 4 / 5 - partial error 0.8511 - partial loss 0.1508 - partial MRR  0.1069 - partial MAP 0.3092
INFO:root:TEST batch 4 / 5 -  partial tp {0: tensor(0), 1: tensor(131)},fn {0: tensor(769), 1: tensor(0)},fp {0: tensor(0), 1: tensor(769)}
INFO:root:TEST batch 4 / 5 - measures partial microavg - precision 0.1456 - recall 0.1456 - f1 0.1456 
INFO:root:TEST batch 4 / 5 - measures partial for class 0 - precision 0.0000 - recall 0.0000 - f1 0.0000 
INFO:root:TEST batch 4 / 5 - measures partial for class 1 - precision 0.1456 - recall 1.0000 - f1 0.2541 
INFO:root:TEST batch 4 / 5 - Batch time 0 
INFO:root:TEST batch 5 / 5 - partial error 0.8611 - partial loss 0.1502 - partial MRR  0.1035 - partial MAP 0.3099
INFO:root:TEST batch 5 / 5 -  partial tp {0: tensor(0), 1: tensor(89)},fn {0: tensor(811), 1: tensor(0)},fp {0: tensor(0), 1: tensor(811)}
INFO:root:TEST batch 5 / 5 - measures partial microavg - precision 0.0989 - recall 0.0989 - f1 0.0989 
INFO:root:TEST batch 5 / 5 - measures partial for class 0 - precision 0.0000 - recall 0.0000 - f1 0.0000 
INFO:root:TEST batch 5 / 5 - measures partial for class 1 - precision 0.0989 - recall 1.0000 - f1 0.1800 
INFO:root:TEST batch 5 / 5 - Batch time 0 
INFO:root:TEST mean losses tensor(0.1502)
INFO:root:TEST mean errors 0.8611111044883728
INFO:root:TEST mean MRR 0.10352341085672379 - mean MAP 0.3098829984664917
INFO:root:TEST tp {0: tensor(0), 1: tensor(625)},fn {0: tensor(3875), 1: tensor(0)},fp {0: tensor(0), 1: tensor(3875)}
INFO:root:TEST measures microavg - precision 0.1389 - recall 0.1389 - f1 0.1389 
INFO:root:TEST measures for class 0 - precision 0.0000 - recall 0.0000 - f1 0.0000 
INFO:root:TEST measures for class 1 - precision 0.1389 - recall 1.0000 - f1 0.2439 
INFO:root:TEST measures@10 microavg - precision 0.4800 - recall 0.0053 - f1 0.0105 
INFO:root:TEST measures@10 for class 0 - precision 0.0000 - recall 0.0000 - f1 0.0000 
INFO:root:TEST measures@10 for class 1 - precision 0.4800 - recall 0.0384 - f1 0.0711 
INFO:root:TEST measures@100 microavg - precision 0.3620 - recall 0.0402 - f1 0.0724 
INFO:root:TEST measures@100 for class 0 - precision 0.0000 - recall 0.0000 - f1 0.0000 
INFO:root:TEST measures@100 for class 1 - precision 0.3620 - recall 0.2896 - f1 0.3218 
INFO:root:TEST measures@1000 microavg - precision 0.1389 - recall 0.1389 - f1 0.1389 
INFO:root:TEST measures@1000 for class 0 - precision 0.0000 - recall 0.0000 - f1 0.0000 
INFO:root:TEST measures@1000 for class 1 - precision 0.1389 - recall 1.0000 - f1 0.2439 
INFO:root:TEST Total epoch time: 0.142278899991652
