INFO:root:*** PARAMETERS ***
INFO:root:{'adj_mat_time_window': 1,
 'class_weights': [0.1, 0.9],
 'comments': ['comments'],
 'data': 'sbm50',
 'data_loading_params': {'batch_size': 1, 'num_workers': 0},
 'dev_proportion': 0.1,
 'device': 'cpu',
 'early_stop_patience': 50,
 'eval_after_epochs': 5,
 'gcn_parameters': {'cls_feats': 100,
                    'cls_feats_max': 800,
                    'cls_feats_min': 100,
                    'feats_per_node': 100,
                    'feats_per_node_max': 256,
                    'feats_per_node_min': 50,
                    'k_top_grcu': 200,
                    'layer_1_feats': 100,
                    'layer_1_feats_max': 200,
                    'layer_1_feats_min': 10,
                    'layer_2_feats': 100,
                    'layer_2_feats_same_as_l1': True,
                    'lstm_l1_feats': 100,
                    'lstm_l1_feats_max': 200,
                    'lstm_l1_feats_min': 10,
                    'lstm_l1_layers': 1,
                    'lstm_l2_feats': 100,
                    'lstm_l2_feats_same_as_l1': True,
                    'lstm_l2_layers': 1,
                    'num_layers': 2},
 'learning_rate': 0.0004037,
 'learning_rate_max': 0.1,
 'learning_rate_min': 0.0001,
 'model': 'egcn_o',
 'negative_mult_test': 100,
 'negative_mult_training': 50,
 'num_epochs': 10,
 'num_hist_steps': 6,
 'num_hist_steps_max': 10,
 'num_hist_steps_min': 1,
 'rank': 0,
 'save_node_embeddings': False,
 'sbm50_args': {'aggr_time': 1,
                'edges_file': 'adj_monthly_sparse.csv',
                'feats_per_node': 3,
                'folder': './data/'},
 'sbm_args': <utils.Namespace object at 0x7f05d540b048>,
 'seed': 1234,
 'smart_neg_sampling': True,
 'steps_accum_gradients': 1,
 'target_class': 1,
 'target_measure': 'MAP',
 'task': 'link_pred',
 'train_proportion': 0.7,
 'use_1_hot_node_feats': True,
 'use_2_hot_node_feats': False,
 'use_cuda': False,
 'use_logfile': True,
 'wsize': 1}
INFO:root:
INFO:root:################ TRAIN epoch 0 ###################
INFO:root:TRAIN mean losses tensor(0.2480)
INFO:root:TRAIN mean errors 0.48656749725341797
INFO:root:TRAIN mean MRR 0.0 - mean MAP 0.4784694015979767
INFO:root:TRAIN tp {0: tensor(3456), 1: tensor(997)},fn {0: tensor(2428), 1: tensor(1792)},fp {0: tensor(1792), 1: tensor(2428)}
INFO:root:TRAIN measures microavg - precision 0.5134 - recall 0.5134 - f1 0.5134 
INFO:root:TRAIN measures for class 0 - precision 0.6585 - recall 0.5874 - f1 0.6209 
INFO:root:TRAIN measures for class 1 - precision 0.2911 - recall 0.3575 - f1 0.3209 
INFO:root:TRAIN measures@10 microavg - precision 0.7200 - recall 0.0083 - f1 0.0164 
INFO:root:TRAIN measures@10 for class 0 - precision 0.6833 - recall 0.0070 - f1 0.0138 
INFO:root:TRAIN measures@10 for class 1 - precision 0.7750 - recall 0.0111 - f1 0.0219 
INFO:root:TRAIN measures@100 microavg - precision 0.6780 - recall 0.0782 - f1 0.1402 
INFO:root:TRAIN measures@100 for class 0 - precision 0.7350 - recall 0.0749 - f1 0.1360 
INFO:root:TRAIN measures@100 for class 1 - precision 0.5925 - recall 0.0850 - f1 0.1486 
INFO:root:TRAIN measures@1000 microavg - precision 0.5134 - recall 0.5134 - f1 0.5134 
INFO:root:TRAIN measures@1000 for class 0 - precision 0.6585 - recall 0.5874 - f1 0.6209 
INFO:root:TRAIN measures@1000 for class 1 - precision 0.2911 - recall 0.3575 - f1 0.3209 
INFO:root:TRAIN Total epoch time: 1.1976724000123795
INFO:root:################ TRAIN epoch 1 ###################
INFO:root:TRAIN mean losses tensor(0.2402)
INFO:root:TRAIN mean errors 0.6783902049064636
INFO:root:TRAIN mean MRR 0.0 - mean MAP 0.5176583528518677
INFO:root:TRAIN tp {0: tensor(0), 1: tensor(2789)},fn {0: tensor(5883), 1: tensor(0)},fp {0: tensor(0), 1: tensor(5883)}
INFO:root:TRAIN measures microavg - precision 0.3216 - recall 0.3216 - f1 0.3216 
INFO:root:TRAIN measures for class 0 - precision 0.0000 - recall 0.0000 - f1 0.0000 
INFO:root:TRAIN measures for class 1 - precision 0.3216 - recall 1.0000 - f1 0.4867 
INFO:root:TRAIN measures@10 microavg - precision 0.8400 - recall 0.0097 - f1 0.0192 
INFO:root:TRAIN measures@10 for class 0 - precision 0.0000 - recall 0.0000 - f1 0.0000 
INFO:root:TRAIN measures@10 for class 1 - precision 0.8400 - recall 0.0301 - f1 0.0582 
INFO:root:TRAIN measures@100 microavg - precision 0.6340 - recall 0.0731 - f1 0.1311 
INFO:root:TRAIN measures@100 for class 0 - precision 0.0000 - recall 0.0000 - f1 0.0000 
INFO:root:TRAIN measures@100 for class 1 - precision 0.6340 - recall 0.2273 - f1 0.3347 
INFO:root:TRAIN measures@1000 microavg - precision 0.3216 - recall 0.3216 - f1 0.3216 
INFO:root:TRAIN measures@1000 for class 0 - precision 0.0000 - recall 0.0000 - f1 0.0000 
INFO:root:TRAIN measures@1000 for class 1 - precision 0.3216 - recall 1.0000 - f1 0.4867 
INFO:root:TRAIN Total epoch time: 1.244385699974373
INFO:root:################ TRAIN epoch 2 ###################
INFO:root:TRAIN mean losses tensor(0.2021)
INFO:root:TRAIN mean errors 0.6784272789955139
INFO:root:TRAIN mean MRR 0.0 - mean MAP 0.5189868807792664
INFO:root:TRAIN tp {0: tensor(0), 1: tensor(2789)},fn {0: tensor(5884), 1: tensor(0)},fp {0: tensor(0), 1: tensor(5884)}
INFO:root:TRAIN measures microavg - precision 0.3216 - recall 0.3216 - f1 0.3216 
INFO:root:TRAIN measures for class 0 - precision 0.0000 - recall 0.0000 - f1 0.0000 
INFO:root:TRAIN measures for class 1 - precision 0.3216 - recall 1.0000 - f1 0.4867 
INFO:root:TRAIN measures@10 microavg - precision 0.8300 - recall 0.0096 - f1 0.0189 
INFO:root:TRAIN measures@10 for class 0 - precision 0.0000 - recall 0.0000 - f1 0.0000 
INFO:root:TRAIN measures@10 for class 1 - precision 0.8300 - recall 0.0298 - f1 0.0575 
INFO:root:TRAIN measures@100 microavg - precision 0.6410 - recall 0.0739 - f1 0.1325 
INFO:root:TRAIN measures@100 for class 0 - precision 0.0000 - recall 0.0000 - f1 0.0000 
INFO:root:TRAIN measures@100 for class 1 - precision 0.6410 - recall 0.2298 - f1 0.3383 
INFO:root:TRAIN measures@1000 microavg - precision 0.3216 - recall 0.3216 - f1 0.3216 
INFO:root:TRAIN measures@1000 for class 0 - precision 0.0000 - recall 0.0000 - f1 0.0000 
INFO:root:TRAIN measures@1000 for class 1 - precision 0.3216 - recall 1.0000 - f1 0.4867 
INFO:root:TRAIN Total epoch time: 1.1386269000067841
INFO:root:################ TRAIN epoch 3 ###################
INFO:root:TRAIN mean losses tensor(0.1705)
INFO:root:TRAIN mean errors 0.6784272789955139
INFO:root:TRAIN mean MRR 0.0 - mean MAP 0.5341538190841675
INFO:root:TRAIN tp {0: tensor(0), 1: tensor(2789)},fn {0: tensor(5884), 1: tensor(0)},fp {0: tensor(0), 1: tensor(5884)}
INFO:root:TRAIN measures microavg - precision 0.3216 - recall 0.3216 - f1 0.3216 
INFO:root:TRAIN measures for class 0 - precision 0.0000 - recall 0.0000 - f1 0.0000 
INFO:root:TRAIN measures for class 1 - precision 0.3216 - recall 1.0000 - f1 0.4867 
INFO:root:TRAIN measures@10 microavg - precision 0.8200 - recall 0.0095 - f1 0.0187 
INFO:root:TRAIN measures@10 for class 0 - precision 0.0000 - recall 0.0000 - f1 0.0000 
INFO:root:TRAIN measures@10 for class 1 - precision 0.8200 - recall 0.0294 - f1 0.0568 
INFO:root:TRAIN measures@100 microavg - precision 0.6470 - recall 0.0746 - f1 0.1338 
INFO:root:TRAIN measures@100 for class 0 - precision 0.0000 - recall 0.0000 - f1 0.0000 
INFO:root:TRAIN measures@100 for class 1 - precision 0.6470 - recall 0.2320 - f1 0.3415 
INFO:root:TRAIN measures@1000 microavg - precision 0.3216 - recall 0.3216 - f1 0.3216 
INFO:root:TRAIN measures@1000 for class 0 - precision 0.0000 - recall 0.0000 - f1 0.0000 
INFO:root:TRAIN measures@1000 for class 1 - precision 0.3216 - recall 1.0000 - f1 0.4867 
INFO:root:TRAIN Total epoch time: 1.1432224999880418
INFO:root:################ TRAIN epoch 4 ###################
INFO:root:TRAIN mean losses tensor(0.1697)
INFO:root:TRAIN mean errors 0.6783902049064636
INFO:root:TRAIN mean MRR 0.0 - mean MAP 0.5523087382316589
INFO:root:TRAIN tp {0: tensor(0), 1: tensor(2789)},fn {0: tensor(5883), 1: tensor(0)},fp {0: tensor(0), 1: tensor(5883)}
INFO:root:TRAIN measures microavg - precision 0.3216 - recall 0.3216 - f1 0.3216 
INFO:root:TRAIN measures for class 0 - precision 0.0000 - recall 0.0000 - f1 0.0000 
INFO:root:TRAIN measures for class 1 - precision 0.3216 - recall 1.0000 - f1 0.4867 
INFO:root:TRAIN measures@10 microavg - precision 0.8400 - recall 0.0097 - f1 0.0192 
INFO:root:TRAIN measures@10 for class 0 - precision 0.0000 - recall 0.0000 - f1 0.0000 
INFO:root:TRAIN measures@10 for class 1 - precision 0.8400 - recall 0.0301 - f1 0.0582 
INFO:root:TRAIN measures@100 microavg - precision 0.6750 - recall 0.0778 - f1 0.1396 
INFO:root:TRAIN measures@100 for class 0 - precision 0.0000 - recall 0.0000 - f1 0.0000 
INFO:root:TRAIN measures@100 for class 1 - precision 0.6750 - recall 0.2420 - f1 0.3563 
INFO:root:TRAIN measures@1000 microavg - precision 0.3216 - recall 0.3216 - f1 0.3216 
INFO:root:TRAIN measures@1000 for class 0 - precision 0.0000 - recall 0.0000 - f1 0.0000 
INFO:root:TRAIN measures@1000 for class 1 - precision 0.3216 - recall 1.0000 - f1 0.4867 
INFO:root:TRAIN Total epoch time: 1.3525894000194967
INFO:root:################ TRAIN epoch 5 ###################
INFO:root:TRAIN mean losses tensor(0.1644)
INFO:root:TRAIN mean errors 0.6784272789955139
INFO:root:TRAIN mean MRR 0.0 - mean MAP 0.5662660598754883
INFO:root:TRAIN tp {0: tensor(0), 1: tensor(2789)},fn {0: tensor(5884), 1: tensor(0)},fp {0: tensor(0), 1: tensor(5884)}
INFO:root:TRAIN measures microavg - precision 0.3216 - recall 0.3216 - f1 0.3216 
INFO:root:TRAIN measures for class 0 - precision 0.0000 - recall 0.0000 - f1 0.0000 
INFO:root:TRAIN measures for class 1 - precision 0.3216 - recall 1.0000 - f1 0.4867 
INFO:root:TRAIN measures@10 microavg - precision 0.8700 - recall 0.0100 - f1 0.0198 
INFO:root:TRAIN measures@10 for class 0 - precision 0.0000 - recall 0.0000 - f1 0.0000 
INFO:root:TRAIN measures@10 for class 1 - precision 0.8700 - recall 0.0312 - f1 0.0602 
INFO:root:TRAIN measures@100 microavg - precision 0.6890 - recall 0.0794 - f1 0.1425 
INFO:root:TRAIN measures@100 for class 0 - precision 0.0000 - recall 0.0000 - f1 0.0000 
INFO:root:TRAIN measures@100 for class 1 - precision 0.6890 - recall 0.2470 - f1 0.3637 
INFO:root:TRAIN measures@1000 microavg - precision 0.3216 - recall 0.3216 - f1 0.3216 
INFO:root:TRAIN measures@1000 for class 0 - precision 0.0000 - recall 0.0000 - f1 0.0000 
INFO:root:TRAIN measures@1000 for class 1 - precision 0.3216 - recall 1.0000 - f1 0.4867 
INFO:root:TRAIN Total epoch time: 1.5019494000007398
INFO:root:################ TRAIN epoch 6 ###################
INFO:root:TRAIN mean losses tensor(0.1639)
INFO:root:TRAIN mean errors 0.6783902049064636
INFO:root:TRAIN mean MRR 0.0 - mean MAP 0.5792158246040344
INFO:root:TRAIN tp {0: tensor(0), 1: tensor(2789)},fn {0: tensor(5883), 1: tensor(0)},fp {0: tensor(0), 1: tensor(5883)}
INFO:root:TRAIN measures microavg - precision 0.3216 - recall 0.3216 - f1 0.3216 
INFO:root:TRAIN measures for class 0 - precision 0.0000 - recall 0.0000 - f1 0.0000 
INFO:root:TRAIN measures for class 1 - precision 0.3216 - recall 1.0000 - f1 0.4867 
INFO:root:TRAIN measures@10 microavg - precision 0.8700 - recall 0.0100 - f1 0.0198 
INFO:root:TRAIN measures@10 for class 0 - precision 0.0000 - recall 0.0000 - f1 0.0000 
INFO:root:TRAIN measures@10 for class 1 - precision 0.8700 - recall 0.0312 - f1 0.0602 
INFO:root:TRAIN measures@100 microavg - precision 0.7050 - recall 0.0813 - f1 0.1458 
INFO:root:TRAIN measures@100 for class 0 - precision 0.0000 - recall 0.0000 - f1 0.0000 
INFO:root:TRAIN measures@100 for class 1 - precision 0.7050 - recall 0.2528 - f1 0.3721 
INFO:root:TRAIN measures@1000 microavg - precision 0.3216 - recall 0.3216 - f1 0.3216 
INFO:root:TRAIN measures@1000 for class 0 - precision 0.0000 - recall 0.0000 - f1 0.0000 
INFO:root:TRAIN measures@1000 for class 1 - precision 0.3216 - recall 1.0000 - f1 0.4867 
INFO:root:TRAIN Total epoch time: 1.0932053000142332
INFO:root:################ VALID epoch 6 ###################
INFO:root:VALID mean losses tensor(0.1540)
INFO:root:VALID mean errors 0.8572221994400024
INFO:root:VALID mean MRR 0.2141755372285843 - mean MAP 0.3466895818710327
INFO:root:VALID tp {0: tensor(0), 1: tensor(257)},fn {0: tensor(1543), 1: tensor(0)},fp {0: tensor(0), 1: tensor(1543)}
INFO:root:VALID measures microavg - precision 0.1428 - recall 0.1428 - f1 0.1428 
INFO:root:VALID measures for class 0 - precision 0.0000 - recall 0.0000 - f1 0.0000 
INFO:root:VALID measures for class 1 - precision 0.1428 - recall 1.0000 - f1 0.2499 
INFO:root:VALID measures@10 microavg - precision 0.5000 - recall 0.0056 - f1 0.0110 
INFO:root:VALID measures@10 for class 0 - precision 0.0000 - recall 0.0000 - f1 0.0000 
INFO:root:VALID measures@10 for class 1 - precision 0.5000 - recall 0.0389 - f1 0.0722 
INFO:root:VALID measures@100 microavg - precision 0.4200 - recall 0.0467 - f1 0.0840 
INFO:root:VALID measures@100 for class 0 - precision 0.0000 - recall 0.0000 - f1 0.0000 
INFO:root:VALID measures@100 for class 1 - precision 0.4200 - recall 0.3268 - f1 0.3676 
INFO:root:VALID measures@1000 microavg - precision 0.1428 - recall 0.1428 - f1 0.1428 
INFO:root:VALID measures@1000 for class 0 - precision 0.0000 - recall 0.0000 - f1 0.0000 
INFO:root:VALID measures@1000 for class 1 - precision 0.1428 - recall 1.0000 - f1 0.2499 
INFO:root:VALID Total epoch time: 0.09612540001398884
INFO:root:################ TEST epoch 6 ###################
INFO:root:TEST batch 1 / 5 - partial error 0.8944 - partial loss 0.1596 - partial MRR  0.1842 - partial MAP 0.2385
INFO:root:TEST batch 1 / 5 -  partial tp {0: tensor(0), 1: tensor(95)},fn {0: tensor(805), 1: tensor(0)},fp {0: tensor(0), 1: tensor(805)}
INFO:root:TEST batch 1 / 5 - measures partial microavg - precision 0.1056 - recall 0.1056 - f1 0.1056 
INFO:root:TEST batch 1 / 5 - measures partial for class 0 - precision 0.0000 - recall 0.0000 - f1 0.0000 
INFO:root:TEST batch 1 / 5 - measures partial for class 1 - precision 0.1056 - recall 1.0000 - f1 0.1910 
INFO:root:TEST batch 1 / 5 - Batch time 0 
INFO:root:TEST batch 2 / 5 - partial error 0.8639 - partial loss 0.1588 - partial MRR  0.1796 - partial MAP 0.3141
INFO:root:TEST batch 2 / 5 -  partial tp {0: tensor(0), 1: tensor(150)},fn {0: tensor(750), 1: tensor(0)},fp {0: tensor(0), 1: tensor(750)}
INFO:root:TEST batch 2 / 5 - measures partial microavg - precision 0.1667 - recall 0.1667 - f1 0.1667 
INFO:root:TEST batch 2 / 5 - measures partial for class 0 - precision 0.0000 - recall 0.0000 - f1 0.0000 
INFO:root:TEST batch 2 / 5 - measures partial for class 1 - precision 0.1667 - recall 1.0000 - f1 0.2857 
INFO:root:TEST batch 2 / 5 - Batch time 0 
INFO:root:TEST batch 3 / 5 - partial error 0.8500 - partial loss 0.1584 - partial MRR  0.1826 - partial MAP 0.3373
INFO:root:TEST batch 3 / 5 -  partial tp {0: tensor(0), 1: tensor(160)},fn {0: tensor(740), 1: tensor(0)},fp {0: tensor(0), 1: tensor(740)}
INFO:root:TEST batch 3 / 5 - measures partial microavg - precision 0.1778 - recall 0.1778 - f1 0.1778 
INFO:root:TEST batch 3 / 5 - measures partial for class 0 - precision 0.0000 - recall 0.0000 - f1 0.0000 
INFO:root:TEST batch 3 / 5 - measures partial for class 1 - precision 0.1778 - recall 1.0000 - f1 0.3019 
INFO:root:TEST batch 3 / 5 - Batch time 0 
INFO:root:TEST batch 4 / 5 - partial error 0.8511 - partial loss 0.1576 - partial MRR  0.1903 - partial MAP 0.3370
INFO:root:TEST batch 4 / 5 -  partial tp {0: tensor(0), 1: tensor(131)},fn {0: tensor(769), 1: tensor(0)},fp {0: tensor(0), 1: tensor(769)}
INFO:root:TEST batch 4 / 5 - measures partial microavg - precision 0.1456 - recall 0.1456 - f1 0.1456 
INFO:root:TEST batch 4 / 5 - measures partial for class 0 - precision 0.0000 - recall 0.0000 - f1 0.0000 
INFO:root:TEST batch 4 / 5 - measures partial for class 1 - precision 0.1456 - recall 1.0000 - f1 0.2541 
INFO:root:TEST batch 4 / 5 - Batch time 0 
INFO:root:TEST batch 5 / 5 - partial error 0.8611 - partial loss 0.1571 - partial MRR  0.2208 - partial MAP 0.3438
INFO:root:TEST batch 5 / 5 -  partial tp {0: tensor(0), 1: tensor(89)},fn {0: tensor(811), 1: tensor(0)},fp {0: tensor(0), 1: tensor(811)}
INFO:root:TEST batch 5 / 5 - measures partial microavg - precision 0.0989 - recall 0.0989 - f1 0.0989 
INFO:root:TEST batch 5 / 5 - measures partial for class 0 - precision 0.0000 - recall 0.0000 - f1 0.0000 
INFO:root:TEST batch 5 / 5 - measures partial for class 1 - precision 0.0989 - recall 1.0000 - f1 0.1800 
INFO:root:TEST batch 5 / 5 - Batch time 0 
INFO:root:TEST mean losses tensor(0.1571)
INFO:root:TEST mean errors 0.8611111044883728
INFO:root:TEST mean MRR 0.22076714038848877 - mean MAP 0.34382203221321106
INFO:root:TEST tp {0: tensor(0), 1: tensor(625)},fn {0: tensor(3875), 1: tensor(0)},fp {0: tensor(0), 1: tensor(3875)}
INFO:root:TEST measures microavg - precision 0.1389 - recall 0.1389 - f1 0.1389 
INFO:root:TEST measures for class 0 - precision 0.0000 - recall 0.0000 - f1 0.0000 
INFO:root:TEST measures for class 1 - precision 0.1389 - recall 1.0000 - f1 0.2439 
INFO:root:TEST measures@10 microavg - precision 0.5400 - recall 0.0060 - f1 0.0119 
INFO:root:TEST measures@10 for class 0 - precision 0.0000 - recall 0.0000 - f1 0.0000 
INFO:root:TEST measures@10 for class 1 - precision 0.5400 - recall 0.0432 - f1 0.0800 
INFO:root:TEST measures@100 microavg - precision 0.4120 - recall 0.0458 - f1 0.0824 
INFO:root:TEST measures@100 for class 0 - precision 0.0000 - recall 0.0000 - f1 0.0000 
INFO:root:TEST measures@100 for class 1 - precision 0.4120 - recall 0.3296 - f1 0.3662 
INFO:root:TEST measures@1000 microavg - precision 0.1389 - recall 0.1389 - f1 0.1389 
INFO:root:TEST measures@1000 for class 0 - precision 0.0000 - recall 0.0000 - f1 0.0000 
INFO:root:TEST measures@1000 for class 1 - precision 0.1389 - recall 1.0000 - f1 0.2439 
INFO:root:TEST Total epoch time: 0.1845284000155516
INFO:root:################ TRAIN epoch 7 ###################
INFO:root:TRAIN mean losses tensor(0.1617)
INFO:root:TRAIN mean errors 0.6784272789955139
INFO:root:TRAIN mean MRR 0.0 - mean MAP 0.586436927318573
INFO:root:TRAIN tp {0: tensor(0), 1: tensor(2789)},fn {0: tensor(5884), 1: tensor(0)},fp {0: tensor(0), 1: tensor(5884)}
INFO:root:TRAIN measures microavg - precision 0.3216 - recall 0.3216 - f1 0.3216 
INFO:root:TRAIN measures for class 0 - precision 0.0000 - recall 0.0000 - f1 0.0000 
INFO:root:TRAIN measures for class 1 - precision 0.3216 - recall 1.0000 - f1 0.4867 
INFO:root:TRAIN measures@10 microavg - precision 0.8800 - recall 0.0101 - f1 0.0201 
INFO:root:TRAIN measures@10 for class 0 - precision 0.0000 - recall 0.0000 - f1 0.0000 
INFO:root:TRAIN measures@10 for class 1 - precision 0.8800 - recall 0.0316 - f1 0.0609 
INFO:root:TRAIN measures@100 microavg - precision 0.7190 - recall 0.0829 - f1 0.1487 
INFO:root:TRAIN measures@100 for class 0 - precision 0.0000 - recall 0.0000 - f1 0.0000 
INFO:root:TRAIN measures@100 for class 1 - precision 0.7190 - recall 0.2578 - f1 0.3795 
INFO:root:TRAIN measures@1000 microavg - precision 0.3216 - recall 0.3216 - f1 0.3216 
INFO:root:TRAIN measures@1000 for class 0 - precision 0.0000 - recall 0.0000 - f1 0.0000 
INFO:root:TRAIN measures@1000 for class 1 - precision 0.3216 - recall 1.0000 - f1 0.4867 
INFO:root:TRAIN Total epoch time: 1.019346899993252
INFO:root:################ VALID epoch 7 ###################
INFO:root:VALID mean losses tensor(0.1492)
INFO:root:VALID mean errors 0.8572221994400024
INFO:root:VALID mean MRR 0.21435730159282684 - mean MAP 0.35342204570770264
INFO:root:VALID tp {0: tensor(0), 1: tensor(257)},fn {0: tensor(1543), 1: tensor(0)},fp {0: tensor(0), 1: tensor(1543)}
INFO:root:VALID measures microavg - precision 0.1428 - recall 0.1428 - f1 0.1428 
INFO:root:VALID measures for class 0 - precision 0.0000 - recall 0.0000 - f1 0.0000 
INFO:root:VALID measures for class 1 - precision 0.1428 - recall 1.0000 - f1 0.2499 
INFO:root:VALID measures@10 microavg - precision 0.5500 - recall 0.0061 - f1 0.0121 
INFO:root:VALID measures@10 for class 0 - precision 0.0000 - recall 0.0000 - f1 0.0000 
INFO:root:VALID measures@10 for class 1 - precision 0.5500 - recall 0.0428 - f1 0.0794 
INFO:root:VALID measures@100 microavg - precision 0.4350 - recall 0.0483 - f1 0.0870 
INFO:root:VALID measures@100 for class 0 - precision 0.0000 - recall 0.0000 - f1 0.0000 
INFO:root:VALID measures@100 for class 1 - precision 0.4350 - recall 0.3385 - f1 0.3807 
INFO:root:VALID measures@1000 microavg - precision 0.1428 - recall 0.1428 - f1 0.1428 
INFO:root:VALID measures@1000 for class 0 - precision 0.0000 - recall 0.0000 - f1 0.0000 
INFO:root:VALID measures@1000 for class 1 - precision 0.1428 - recall 1.0000 - f1 0.2499 
INFO:root:VALID Total epoch time: 0.1027192999899853
INFO:root:################ TEST epoch 7 ###################
INFO:root:TEST batch 1 / 5 - partial error 0.8944 - partial loss 0.1508 - partial MRR  0.1822 - partial MAP 0.2378
INFO:root:TEST batch 1 / 5 -  partial tp {0: tensor(0), 1: tensor(95)},fn {0: tensor(805), 1: tensor(0)},fp {0: tensor(0), 1: tensor(805)}
INFO:root:TEST batch 1 / 5 - measures partial microavg - precision 0.1056 - recall 0.1056 - f1 0.1056 
INFO:root:TEST batch 1 / 5 - measures partial for class 0 - precision 0.0000 - recall 0.0000 - f1 0.0000 
INFO:root:TEST batch 1 / 5 - measures partial for class 1 - precision 0.1056 - recall 1.0000 - f1 0.1910 
INFO:root:TEST batch 1 / 5 - Batch time 0 
INFO:root:TEST batch 2 / 5 - partial error 0.8639 - partial loss 0.1512 - partial MRR  0.1760 - partial MAP 0.3156
INFO:root:TEST batch 2 / 5 -  partial tp {0: tensor(0), 1: tensor(150)},fn {0: tensor(750), 1: tensor(0)},fp {0: tensor(0), 1: tensor(750)}
INFO:root:TEST batch 2 / 5 - measures partial microavg - precision 0.1667 - recall 0.1667 - f1 0.1667 
INFO:root:TEST batch 2 / 5 - measures partial for class 0 - precision 0.0000 - recall 0.0000 - f1 0.0000 
INFO:root:TEST batch 2 / 5 - measures partial for class 1 - precision 0.1667 - recall 1.0000 - f1 0.2857 
INFO:root:TEST batch 2 / 5 - Batch time 0 
INFO:root:TEST batch 3 / 5 - partial error 0.8500 - partial loss 0.1518 - partial MRR  0.1788 - partial MAP 0.3340
INFO:root:TEST batch 3 / 5 -  partial tp {0: tensor(0), 1: tensor(160)},fn {0: tensor(740), 1: tensor(0)},fp {0: tensor(0), 1: tensor(740)}
INFO:root:TEST batch 3 / 5 - measures partial microavg - precision 0.1778 - recall 0.1778 - f1 0.1778 
INFO:root:TEST batch 3 / 5 - measures partial for class 0 - precision 0.0000 - recall 0.0000 - f1 0.0000 
INFO:root:TEST batch 3 / 5 - measures partial for class 1 - precision 0.1778 - recall 1.0000 - f1 0.3019 
INFO:root:TEST batch 3 / 5 - Batch time 0 
INFO:root:TEST batch 4 / 5 - partial error 0.8511 - partial loss 0.1513 - partial MRR  0.1874 - partial MAP 0.3348
INFO:root:TEST batch 4 / 5 -  partial tp {0: tensor(0), 1: tensor(131)},fn {0: tensor(769), 1: tensor(0)},fp {0: tensor(0), 1: tensor(769)}
INFO:root:TEST batch 4 / 5 - measures partial microavg - precision 0.1456 - recall 0.1456 - f1 0.1456 
INFO:root:TEST batch 4 / 5 - measures partial for class 0 - precision 0.0000 - recall 0.0000 - f1 0.0000 
INFO:root:TEST batch 4 / 5 - measures partial for class 1 - precision 0.1456 - recall 1.0000 - f1 0.2541 
INFO:root:TEST batch 4 / 5 - Batch time 0 
INFO:root:TEST batch 5 / 5 - partial error 0.8611 - partial loss 0.1505 - partial MRR  0.2187 - partial MAP 0.3398
INFO:root:TEST batch 5 / 5 -  partial tp {0: tensor(0), 1: tensor(89)},fn {0: tensor(811), 1: tensor(0)},fp {0: tensor(0), 1: tensor(811)}
INFO:root:TEST batch 5 / 5 - measures partial microavg - precision 0.0989 - recall 0.0989 - f1 0.0989 
INFO:root:TEST batch 5 / 5 - measures partial for class 0 - precision 0.0000 - recall 0.0000 - f1 0.0000 
INFO:root:TEST batch 5 / 5 - measures partial for class 1 - precision 0.0989 - recall 1.0000 - f1 0.1800 
INFO:root:TEST batch 5 / 5 - Batch time 0 
INFO:root:TEST mean losses tensor(0.1505)
INFO:root:TEST mean errors 0.8611111044883728
INFO:root:TEST mean MRR 0.21871499717235565 - mean MAP 0.33975502848625183
INFO:root:TEST tp {0: tensor(0), 1: tensor(625)},fn {0: tensor(3875), 1: tensor(0)},fp {0: tensor(0), 1: tensor(3875)}
INFO:root:TEST measures microavg - precision 0.1389 - recall 0.1389 - f1 0.1389 
INFO:root:TEST measures for class 0 - precision 0.0000 - recall 0.0000 - f1 0.0000 
INFO:root:TEST measures for class 1 - precision 0.1389 - recall 1.0000 - f1 0.2439 
INFO:root:TEST measures@10 microavg - precision 0.5800 - recall 0.0064 - f1 0.0127 
INFO:root:TEST measures@10 for class 0 - precision 0.0000 - recall 0.0000 - f1 0.0000 
INFO:root:TEST measures@10 for class 1 - precision 0.5800 - recall 0.0464 - f1 0.0859 
INFO:root:TEST measures@100 microavg - precision 0.4040 - recall 0.0449 - f1 0.0808 
INFO:root:TEST measures@100 for class 0 - precision 0.0000 - recall 0.0000 - f1 0.0000 
INFO:root:TEST measures@100 for class 1 - precision 0.4040 - recall 0.3232 - f1 0.3591 
INFO:root:TEST measures@1000 microavg - precision 0.1389 - recall 0.1389 - f1 0.1389 
INFO:root:TEST measures@1000 for class 0 - precision 0.0000 - recall 0.0000 - f1 0.0000 
INFO:root:TEST measures@1000 for class 1 - precision 0.1389 - recall 1.0000 - f1 0.2439 
INFO:root:TEST Total epoch time: 0.15995949998614378
INFO:root:################ TRAIN epoch 8 ###################
INFO:root:TRAIN mean losses tensor(0.1611)
INFO:root:TRAIN mean errors 0.6784272789955139
INFO:root:TRAIN mean MRR 0.0 - mean MAP 0.5887165069580078
INFO:root:TRAIN tp {0: tensor(0), 1: tensor(2789)},fn {0: tensor(5884), 1: tensor(0)},fp {0: tensor(0), 1: tensor(5884)}
INFO:root:TRAIN measures microavg - precision 0.3216 - recall 0.3216 - f1 0.3216 
INFO:root:TRAIN measures for class 0 - precision 0.0000 - recall 0.0000 - f1 0.0000 
INFO:root:TRAIN measures for class 1 - precision 0.3216 - recall 1.0000 - f1 0.4867 
INFO:root:TRAIN measures@10 microavg - precision 0.8800 - recall 0.0101 - f1 0.0201 
INFO:root:TRAIN measures@10 for class 0 - precision 0.0000 - recall 0.0000 - f1 0.0000 
INFO:root:TRAIN measures@10 for class 1 - precision 0.8800 - recall 0.0316 - f1 0.0609 
INFO:root:TRAIN measures@100 microavg - precision 0.7070 - recall 0.0815 - f1 0.1462 
INFO:root:TRAIN measures@100 for class 0 - precision 0.0000 - recall 0.0000 - f1 0.0000 
INFO:root:TRAIN measures@100 for class 1 - precision 0.7070 - recall 0.2535 - f1 0.3732 
INFO:root:TRAIN measures@1000 microavg - precision 0.3216 - recall 0.3216 - f1 0.3216 
INFO:root:TRAIN measures@1000 for class 0 - precision 0.0000 - recall 0.0000 - f1 0.0000 
INFO:root:TRAIN measures@1000 for class 1 - precision 0.3216 - recall 1.0000 - f1 0.4867 
INFO:root:TRAIN Total epoch time: 1.1897835999843664
INFO:root:################ VALID epoch 8 ###################
INFO:root:VALID mean losses tensor(0.1521)
INFO:root:VALID mean errors 0.8572221994400024
INFO:root:VALID mean MRR 0.21436618268489838 - mean MAP 0.3492860794067383
INFO:root:VALID tp {0: tensor(0), 1: tensor(257)},fn {0: tensor(1543), 1: tensor(0)},fp {0: tensor(0), 1: tensor(1543)}
INFO:root:VALID measures microavg - precision 0.1428 - recall 0.1428 - f1 0.1428 
INFO:root:VALID measures for class 0 - precision 0.0000 - recall 0.0000 - f1 0.0000 
INFO:root:VALID measures for class 1 - precision 0.1428 - recall 1.0000 - f1 0.2499 
INFO:root:VALID measures@10 microavg - precision 0.5500 - recall 0.0061 - f1 0.0121 
INFO:root:VALID measures@10 for class 0 - precision 0.0000 - recall 0.0000 - f1 0.0000 
INFO:root:VALID measures@10 for class 1 - precision 0.5500 - recall 0.0428 - f1 0.0794 
INFO:root:VALID measures@100 microavg - precision 0.4350 - recall 0.0483 - f1 0.0870 
INFO:root:VALID measures@100 for class 0 - precision 0.0000 - recall 0.0000 - f1 0.0000 
INFO:root:VALID measures@100 for class 1 - precision 0.4350 - recall 0.3385 - f1 0.3807 
INFO:root:VALID measures@1000 microavg - precision 0.1428 - recall 0.1428 - f1 0.1428 
INFO:root:VALID measures@1000 for class 0 - precision 0.0000 - recall 0.0000 - f1 0.0000 
INFO:root:VALID measures@1000 for class 1 - precision 0.1428 - recall 1.0000 - f1 0.2499 
INFO:root:VALID Total epoch time: 0.11347670000395738
INFO:root:################ TEST epoch 8 ###################
INFO:root:TEST batch 1 / 5 - partial error 0.8944 - partial loss 0.1546 - partial MRR  0.1846 - partial MAP 0.2304
INFO:root:TEST batch 1 / 5 -  partial tp {0: tensor(0), 1: tensor(95)},fn {0: tensor(805), 1: tensor(0)},fp {0: tensor(0), 1: tensor(805)}
INFO:root:TEST batch 1 / 5 - measures partial microavg - precision 0.1056 - recall 0.1056 - f1 0.1056 
INFO:root:TEST batch 1 / 5 - measures partial for class 0 - precision 0.0000 - recall 0.0000 - f1 0.0000 
INFO:root:TEST batch 1 / 5 - measures partial for class 1 - precision 0.1056 - recall 1.0000 - f1 0.1910 
INFO:root:TEST batch 1 / 5 - Batch time 0 
INFO:root:TEST batch 2 / 5 - partial error 0.8639 - partial loss 0.1537 - partial MRR  0.1957 - partial MAP 0.3033
INFO:root:TEST batch 2 / 5 -  partial tp {0: tensor(0), 1: tensor(150)},fn {0: tensor(750), 1: tensor(0)},fp {0: tensor(0), 1: tensor(750)}
INFO:root:TEST batch 2 / 5 - measures partial microavg - precision 0.1667 - recall 0.1667 - f1 0.1667 
INFO:root:TEST batch 2 / 5 - measures partial for class 0 - precision 0.0000 - recall 0.0000 - f1 0.0000 
INFO:root:TEST batch 2 / 5 - measures partial for class 1 - precision 0.1667 - recall 1.0000 - f1 0.2857 
INFO:root:TEST batch 2 / 5 - Batch time 0 
INFO:root:TEST batch 3 / 5 - partial error 0.8500 - partial loss 0.1541 - partial MRR  0.1946 - partial MAP 0.3229
INFO:root:TEST batch 3 / 5 -  partial tp {0: tensor(0), 1: tensor(160)},fn {0: tensor(740), 1: tensor(0)},fp {0: tensor(0), 1: tensor(740)}
INFO:root:TEST batch 3 / 5 - measures partial microavg - precision 0.1778 - recall 0.1778 - f1 0.1778 
INFO:root:TEST batch 3 / 5 - measures partial for class 0 - precision 0.0000 - recall 0.0000 - f1 0.0000 
INFO:root:TEST batch 3 / 5 - measures partial for class 1 - precision 0.1778 - recall 1.0000 - f1 0.3019 
INFO:root:TEST batch 3 / 5 - Batch time 0 
INFO:root:TEST batch 4 / 5 - partial error 0.8511 - partial loss 0.1535 - partial MRR  0.1993 - partial MAP 0.3258
INFO:root:TEST batch 4 / 5 -  partial tp {0: tensor(0), 1: tensor(131)},fn {0: tensor(769), 1: tensor(0)},fp {0: tensor(0), 1: tensor(769)}
INFO:root:TEST batch 4 / 5 - measures partial microavg - precision 0.1456 - recall 0.1456 - f1 0.1456 
INFO:root:TEST batch 4 / 5 - measures partial for class 0 - precision 0.0000 - recall 0.0000 - f1 0.0000 
INFO:root:TEST batch 4 / 5 - measures partial for class 1 - precision 0.1456 - recall 1.0000 - f1 0.2541 
INFO:root:TEST batch 4 / 5 - Batch time 0 
INFO:root:TEST batch 5 / 5 - partial error 0.8611 - partial loss 0.1530 - partial MRR  0.2278 - partial MAP 0.3296
INFO:root:TEST batch 5 / 5 -  partial tp {0: tensor(0), 1: tensor(89)},fn {0: tensor(811), 1: tensor(0)},fp {0: tensor(0), 1: tensor(811)}
INFO:root:TEST batch 5 / 5 - measures partial microavg - precision 0.0989 - recall 0.0989 - f1 0.0989 
INFO:root:TEST batch 5 / 5 - measures partial for class 0 - precision 0.0000 - recall 0.0000 - f1 0.0000 
INFO:root:TEST batch 5 / 5 - measures partial for class 1 - precision 0.0989 - recall 1.0000 - f1 0.1800 
INFO:root:TEST batch 5 / 5 - Batch time 0 
INFO:root:TEST mean losses tensor(0.1530)
INFO:root:TEST mean errors 0.8611111044883728
INFO:root:TEST mean MRR 0.22783631086349487 - mean MAP 0.3295542299747467
INFO:root:TEST tp {0: tensor(0), 1: tensor(625)},fn {0: tensor(3875), 1: tensor(0)},fp {0: tensor(0), 1: tensor(3875)}
INFO:root:TEST measures microavg - precision 0.1389 - recall 0.1389 - f1 0.1389 
INFO:root:TEST measures for class 0 - precision 0.0000 - recall 0.0000 - f1 0.0000 
INFO:root:TEST measures for class 1 - precision 0.1389 - recall 1.0000 - f1 0.2439 
INFO:root:TEST measures@10 microavg - precision 0.4800 - recall 0.0053 - f1 0.0105 
INFO:root:TEST measures@10 for class 0 - precision 0.0000 - recall 0.0000 - f1 0.0000 
INFO:root:TEST measures@10 for class 1 - precision 0.4800 - recall 0.0384 - f1 0.0711 
INFO:root:TEST measures@100 microavg - precision 0.3900 - recall 0.0433 - f1 0.0780 
INFO:root:TEST measures@100 for class 0 - precision 0.0000 - recall 0.0000 - f1 0.0000 
INFO:root:TEST measures@100 for class 1 - precision 0.3900 - recall 0.3120 - f1 0.3467 
INFO:root:TEST measures@1000 microavg - precision 0.1389 - recall 0.1389 - f1 0.1389 
INFO:root:TEST measures@1000 for class 0 - precision 0.0000 - recall 0.0000 - f1 0.0000 
INFO:root:TEST measures@1000 for class 1 - precision 0.1389 - recall 1.0000 - f1 0.2439 
INFO:root:TEST Total epoch time: 0.16212459999951534
INFO:root:################ TRAIN epoch 9 ###################
INFO:root:TRAIN mean losses tensor(0.1596)
INFO:root:TRAIN mean errors 0.6783902049064636
INFO:root:TRAIN mean MRR 0.0 - mean MAP 0.584204912185669
INFO:root:TRAIN tp {0: tensor(0), 1: tensor(2789)},fn {0: tensor(5883), 1: tensor(0)},fp {0: tensor(0), 1: tensor(5883)}
INFO:root:TRAIN measures microavg - precision 0.3216 - recall 0.3216 - f1 0.3216 
INFO:root:TRAIN measures for class 0 - precision 0.0000 - recall 0.0000 - f1 0.0000 
INFO:root:TRAIN measures for class 1 - precision 0.3216 - recall 1.0000 - f1 0.4867 
INFO:root:TRAIN measures@10 microavg - precision 0.8500 - recall 0.0098 - f1 0.0194 
INFO:root:TRAIN measures@10 for class 0 - precision 0.0000 - recall 0.0000 - f1 0.0000 
INFO:root:TRAIN measures@10 for class 1 - precision 0.8500 - recall 0.0305 - f1 0.0588 
INFO:root:TRAIN measures@100 microavg - precision 0.7090 - recall 0.0818 - f1 0.1466 
INFO:root:TRAIN measures@100 for class 0 - precision 0.0000 - recall 0.0000 - f1 0.0000 
INFO:root:TRAIN measures@100 for class 1 - precision 0.7090 - recall 0.2542 - f1 0.3742 
INFO:root:TRAIN measures@1000 microavg - precision 0.3216 - recall 0.3216 - f1 0.3216 
INFO:root:TRAIN measures@1000 for class 0 - precision 0.0000 - recall 0.0000 - f1 0.0000 
INFO:root:TRAIN measures@1000 for class 1 - precision 0.3216 - recall 1.0000 - f1 0.4867 
INFO:root:TRAIN Total epoch time: 1.3937267000146676
INFO:root:################ VALID epoch 9 ###################
INFO:root:VALID mean losses tensor(0.1486)
INFO:root:VALID mean errors 0.8572221994400024
INFO:root:VALID mean MRR 0.11771847307682037 - mean MAP 0.343399316072464
INFO:root:VALID tp {0: tensor(0), 1: tensor(257)},fn {0: tensor(1543), 1: tensor(0)},fp {0: tensor(0), 1: tensor(1543)}
INFO:root:VALID measures microavg - precision 0.1428 - recall 0.1428 - f1 0.1428 
INFO:root:VALID measures for class 0 - precision 0.0000 - recall 0.0000 - f1 0.0000 
INFO:root:VALID measures for class 1 - precision 0.1428 - recall 1.0000 - f1 0.2499 
INFO:root:VALID measures@10 microavg - precision 0.6500 - recall 0.0072 - f1 0.0143 
INFO:root:VALID measures@10 for class 0 - precision 0.0000 - recall 0.0000 - f1 0.0000 
INFO:root:VALID measures@10 for class 1 - precision 0.6500 - recall 0.0506 - f1 0.0939 
INFO:root:VALID measures@100 microavg - precision 0.4400 - recall 0.0489 - f1 0.0880 
INFO:root:VALID measures@100 for class 0 - precision 0.0000 - recall 0.0000 - f1 0.0000 
INFO:root:VALID measures@100 for class 1 - precision 0.4400 - recall 0.3424 - f1 0.3851 
INFO:root:VALID measures@1000 microavg - precision 0.1428 - recall 0.1428 - f1 0.1428 
INFO:root:VALID measures@1000 for class 0 - precision 0.0000 - recall 0.0000 - f1 0.0000 
INFO:root:VALID measures@1000 for class 1 - precision 0.1428 - recall 1.0000 - f1 0.2499 
INFO:root:VALID Total epoch time: 0.09358490002341568
INFO:root:################ TEST epoch 9 ###################
INFO:root:TEST batch 1 / 5 - partial error 0.8944 - partial loss 0.1489 - partial MRR  0.1071 - partial MAP 0.2161
INFO:root:TEST batch 1 / 5 -  partial tp {0: tensor(0), 1: tensor(95)},fn {0: tensor(805), 1: tensor(0)},fp {0: tensor(0), 1: tensor(805)}
INFO:root:TEST batch 1 / 5 - measures partial microavg - precision 0.1056 - recall 0.1056 - f1 0.1056 
INFO:root:TEST batch 1 / 5 - measures partial for class 0 - precision 0.0000 - recall 0.0000 - f1 0.0000 
INFO:root:TEST batch 1 / 5 - measures partial for class 1 - precision 0.1056 - recall 1.0000 - f1 0.1910 
INFO:root:TEST batch 1 / 5 - Batch time 0 
INFO:root:TEST batch 2 / 5 - partial error 0.8639 - partial loss 0.1488 - partial MRR  0.1185 - partial MAP 0.2885
INFO:root:TEST batch 2 / 5 -  partial tp {0: tensor(0), 1: tensor(150)},fn {0: tensor(750), 1: tensor(0)},fp {0: tensor(0), 1: tensor(750)}
INFO:root:TEST batch 2 / 5 - measures partial microavg - precision 0.1667 - recall 0.1667 - f1 0.1667 
INFO:root:TEST batch 2 / 5 - measures partial for class 0 - precision 0.0000 - recall 0.0000 - f1 0.0000 
INFO:root:TEST batch 2 / 5 - measures partial for class 1 - precision 0.1667 - recall 1.0000 - f1 0.2857 
INFO:root:TEST batch 2 / 5 - Batch time 0 
INFO:root:TEST batch 3 / 5 - partial error 0.8500 - partial loss 0.1498 - partial MRR  0.1106 - partial MAP 0.3049
INFO:root:TEST batch 3 / 5 -  partial tp {0: tensor(0), 1: tensor(160)},fn {0: tensor(740), 1: tensor(0)},fp {0: tensor(0), 1: tensor(740)}
INFO:root:TEST batch 3 / 5 - measures partial microavg - precision 0.1778 - recall 0.1778 - f1 0.1778 
INFO:root:TEST batch 3 / 5 - measures partial for class 0 - precision 0.0000 - recall 0.0000 - f1 0.0000 
INFO:root:TEST batch 3 / 5 - measures partial for class 1 - precision 0.1778 - recall 1.0000 - f1 0.3019 
INFO:root:TEST batch 3 / 5 - Batch time 0 
INFO:root:TEST batch 4 / 5 - partial error 0.8511 - partial loss 0.1493 - partial MRR  0.1190 - partial MAP 0.3158
INFO:root:TEST batch 4 / 5 -  partial tp {0: tensor(0), 1: tensor(131)},fn {0: tensor(769), 1: tensor(0)},fp {0: tensor(0), 1: tensor(769)}
INFO:root:TEST batch 4 / 5 - measures partial microavg - precision 0.1456 - recall 0.1456 - f1 0.1456 
INFO:root:TEST batch 4 / 5 - measures partial for class 0 - precision 0.0000 - recall 0.0000 - f1 0.0000 
INFO:root:TEST batch 4 / 5 - measures partial for class 1 - precision 0.1456 - recall 1.0000 - f1 0.2541 
INFO:root:TEST batch 4 / 5 - Batch time 0 
INFO:root:TEST batch 5 / 5 - partial error 0.8611 - partial loss 0.1486 - partial MRR  0.1141 - partial MAP 0.3170
INFO:root:TEST batch 5 / 5 -  partial tp {0: tensor(0), 1: tensor(89)},fn {0: tensor(811), 1: tensor(0)},fp {0: tensor(0), 1: tensor(811)}
INFO:root:TEST batch 5 / 5 - measures partial microavg - precision 0.0989 - recall 0.0989 - f1 0.0989 
INFO:root:TEST batch 5 / 5 - measures partial for class 0 - precision 0.0000 - recall 0.0000 - f1 0.0000 
INFO:root:TEST batch 5 / 5 - measures partial for class 1 - precision 0.0989 - recall 1.0000 - f1 0.1800 
INFO:root:TEST batch 5 / 5 - Batch time 0 
INFO:root:TEST mean losses tensor(0.1486)
INFO:root:TEST mean errors 0.8611111044883728
INFO:root:TEST mean MRR 0.11414288729429245 - mean MAP 0.3170059025287628
INFO:root:TEST tp {0: tensor(0), 1: tensor(625)},fn {0: tensor(3875), 1: tensor(0)},fp {0: tensor(0), 1: tensor(3875)}
INFO:root:TEST measures microavg - precision 0.1389 - recall 0.1389 - f1 0.1389 
INFO:root:TEST measures for class 0 - precision 0.0000 - recall 0.0000 - f1 0.0000 
INFO:root:TEST measures for class 1 - precision 0.1389 - recall 1.0000 - f1 0.2439 
INFO:root:TEST measures@10 microavg - precision 0.4400 - recall 0.0049 - f1 0.0097 
INFO:root:TEST measures@10 for class 0 - precision 0.0000 - recall 0.0000 - f1 0.0000 
INFO:root:TEST measures@10 for class 1 - precision 0.4400 - recall 0.0352 - f1 0.0652 
INFO:root:TEST measures@100 microavg - precision 0.3780 - recall 0.0420 - f1 0.0756 
INFO:root:TEST measures@100 for class 0 - precision 0.0000 - recall 0.0000 - f1 0.0000 
INFO:root:TEST measures@100 for class 1 - precision 0.3780 - recall 0.3024 - f1 0.3360 
INFO:root:TEST measures@1000 microavg - precision 0.1389 - recall 0.1389 - f1 0.1389 
INFO:root:TEST measures@1000 for class 0 - precision 0.0000 - recall 0.0000 - f1 0.0000 
INFO:root:TEST measures@1000 for class 1 - precision 0.1389 - recall 1.0000 - f1 0.2439 
INFO:root:TEST Total epoch time: 0.1657087000203319
