INFO:root:*** PARAMETERS ***
INFO:root:{'adj_mat_time_window': 1,
 'bitcoin_args': <utils.Namespace object at 0x7fa972e3e810>,
 'bitcoinalpha_args': {'aggr_time': 1,
                       'edges_file': 'Twitter_30countries.csv',
                       'feats_per_node': 3,
                       'folder': './data/'},
 'class_weights': [0.5, 0.5],
 'comments': ['comments'],
 'data': 'bitcoinalpha',
 'data_loading_params': {'batch_size': 1, 'num_workers': 0},
 'dev_proportion': 0.1,
 'device': 'cpu',
 'early_stop_patience': 50,
 'eval_after_epochs': 5,
 'gcn_parameters': {'cls_feats': 100,
                    'cls_feats_max': 800,
                    'cls_feats_min': 100,
                    'feats_per_node': 100,
                    'feats_per_node_max': 256,
                    'feats_per_node_min': 50,
                    'k_top_grcu': 200,
                    'layer_1_feats': 25,
                    'layer_1_feats_max': 200,
                    'layer_1_feats_min': 10,
                    'layer_2_feats': 25,
                    'layer_2_feats_same_as_l1': True,
                    'lstm_l1_feats': 100,
                    'lstm_l1_feats_max': 200,
                    'lstm_l1_feats_min': 10,
                    'lstm_l1_layers': 1,
                    'lstm_l2_feats': 100,
                    'lstm_l2_feats_same_as_l1': True,
                    'lstm_l2_layers': 1,
                    'num_layers': 2},
 'learning_rate': 0.0004328761281083057,
 'learning_rate_max': 0.1,
 'learning_rate_min': 0.0001,
 'model': 'gcn',
 'negative_mult_test': 100,
 'negative_mult_training': 50,
 'num_epochs': 1000,
 'num_hist_steps': 0,
 'num_hist_steps_max': 10,
 'num_hist_steps_min': 1,
 'rank': 0,
 'save_node_embeddings': False,
 'seed': 1234,
 'smart_neg_sampling': True,
 'steps_accum_gradients': 1,
 'target_class': 1,
 'target_measure': 'F1',
 'task': 'link_pred',
 'train_proportion': 0.55,
 'use_1_hot_node_feats': True,
 'use_2_hot_node_feats': False,
 'use_cuda': False,
 'use_logfile': True,
 'wsize': 1}
INFO:root:
INFO:root:################ TRAIN epoch 0 ###################
INFO:root:TRAIN mean losses tensor(0.3493)
INFO:root:TRAIN mean errors 0.5791335105895996
INFO:root:TRAIN mean MRR 0.0 - mean MAP 0.3206088875235325
INFO:root:TRAIN tp {0: tensor(5978), 1: tensor(3542)},fn {0: tensor(9610), 1: tensor(3490)},fp {0: tensor(3490), 1: tensor(9610)}
INFO:root:TRAIN measures microavg - precision 0.4209 - recall 0.4209 - f1 0.4209 
INFO:root:TRAIN measures for class 0 - precision 0.6314 - recall 0.3835 - f1 0.4772 
INFO:root:TRAIN measures for class 1 - precision 0.2693 - recall 0.5037 - f1 0.3510 
INFO:root:TRAIN measures@10 microavg - precision 0.3039 - recall 0.0041 - f1 0.0081 
INFO:root:TRAIN measures@10 for class 0 - precision 0.2074 - recall 0.0018 - f1 0.0036 
INFO:root:TRAIN measures@10 for class 1 - precision 0.3801 - recall 0.0092 - f1 0.0180 
INFO:root:TRAIN measures@100 microavg - precision 0.3729 - recall 0.0493 - f1 0.0871 
INFO:root:TRAIN measures@100 for class 0 - precision 0.4130 - recall 0.0339 - f1 0.0627 
INFO:root:TRAIN measures@100 for class 1 - precision 0.3429 - recall 0.0833 - f1 0.1341 
INFO:root:TRAIN measures@1000 microavg - precision 0.4209 - recall 0.4209 - f1 0.4209 
INFO:root:TRAIN measures@1000 for class 0 - precision 0.6314 - recall 0.3835 - f1 0.4772 
INFO:root:TRAIN measures@1000 for class 1 - precision 0.2693 - recall 0.5037 - f1 0.3510 
INFO:root:TRAIN Total epoch time: 0.8892143659999998
INFO:root:################ TRAIN epoch 1 ###################
INFO:root:TRAIN mean losses tensor(0.3354)
INFO:root:TRAIN mean errors 0.3108753263950348
INFO:root:TRAIN mean MRR 0.0 - mean MAP 0.23660033500094585
INFO:root:TRAIN tp {0: tensor(15588), 1: tensor(0)},fn {0: tensor(0), 1: tensor(7032)},fp {0: tensor(7032), 1: tensor(0)}
INFO:root:TRAIN measures microavg - precision 0.6891 - recall 0.6891 - f1 0.6891 
INFO:root:TRAIN measures for class 0 - precision 0.6891 - recall 1.0000 - f1 0.8160 
INFO:root:TRAIN measures for class 1 - precision 0.0000 - recall 0.0000 - f1 0.0000 
INFO:root:TRAIN measures@10 microavg - precision 0.2000 - recall 0.0023 - f1 0.0045 
INFO:root:TRAIN measures@10 for class 0 - precision 0.2000 - recall 0.0033 - f1 0.0066 
INFO:root:TRAIN measures@10 for class 1 - precision 0.0000 - recall 0.0000 - f1 0.0000 
INFO:root:TRAIN measures@100 microavg - precision 0.3600 - recall 0.0414 - f1 0.0742 
INFO:root:TRAIN measures@100 for class 0 - precision 0.3600 - recall 0.0600 - f1 0.1029 
INFO:root:TRAIN measures@100 for class 1 - precision 0.0000 - recall 0.0000 - f1 0.0000 
INFO:root:TRAIN measures@1000 microavg - precision 0.6891 - recall 0.6891 - f1 0.6891 
INFO:root:TRAIN measures@1000 for class 0 - precision 0.6891 - recall 1.0000 - f1 0.8160 
INFO:root:TRAIN measures@1000 for class 1 - precision 0.0000 - recall 0.0000 - f1 0.0000 
INFO:root:TRAIN Total epoch time: 0.8991152470000001
INFO:root:################ TRAIN epoch 2 ###################
INFO:root:TRAIN mean losses tensor(0.3236)
INFO:root:TRAIN mean errors 0.3108753263950348
INFO:root:TRAIN mean MRR 0.0 - mean MAP 0.2263708146615087
INFO:root:TRAIN tp {0: tensor(15588), 1: tensor(0)},fn {0: tensor(0), 1: tensor(7032)},fp {0: tensor(7032), 1: tensor(0)}
INFO:root:TRAIN measures microavg - precision 0.6891 - recall 0.6891 - f1 0.6891 
INFO:root:TRAIN measures for class 0 - precision 0.6891 - recall 1.0000 - f1 0.8160 
INFO:root:TRAIN measures for class 1 - precision 0.0000 - recall 0.0000 - f1 0.0000 
INFO:root:TRAIN measures@10 microavg - precision 0.0923 - recall 0.0011 - f1 0.0021 
INFO:root:TRAIN measures@10 for class 0 - precision 0.0923 - recall 0.0015 - f1 0.0030 
INFO:root:TRAIN measures@10 for class 1 - precision 0.0000 - recall 0.0000 - f1 0.0000 
INFO:root:TRAIN measures@100 microavg - precision 0.2969 - recall 0.0341 - f1 0.0612 
INFO:root:TRAIN measures@100 for class 0 - precision 0.2969 - recall 0.0495 - f1 0.0849 
INFO:root:TRAIN measures@100 for class 1 - precision 0.0000 - recall 0.0000 - f1 0.0000 
INFO:root:TRAIN measures@1000 microavg - precision 0.6891 - recall 0.6891 - f1 0.6891 
INFO:root:TRAIN measures@1000 for class 0 - precision 0.6891 - recall 1.0000 - f1 0.8160 
INFO:root:TRAIN measures@1000 for class 1 - precision 0.0000 - recall 0.0000 - f1 0.0000 
INFO:root:TRAIN Total epoch time: 0.9115287979999995
INFO:root:################ TRAIN epoch 3 ###################
