INFO:root:*** PARAMETERS ***
INFO:root:{'adj_mat_time_window': 1,
 'bitcoin_args': <utils.Namespace object at 0x7fac13607390>,
 'bitcoinalpha_args': {'aggr_time': 1,
                       'edges_file': 'Twitter_25countries.csv',
                       'feats_per_node': 3,
                       'folder': './data/'},
 'class_weights': [0.5, 0.5],
 'comments': ['comments'],
 'data': 'bitcoinalpha',
 'data_loading_params': {'batch_size': 1, 'num_workers': 0},
 'dev_proportion': 0.1,
 'device': 'cpu',
 'early_stop_patience': 50,
 'eval_after_epochs': 5,
 'gcn_parameters': {'cls_feats': 100,
                    'cls_feats_max': 800,
                    'cls_feats_min': 100,
                    'feats_per_node': 100,
                    'feats_per_node_max': 256,
                    'feats_per_node_min': 50,
                    'k_top_grcu': 200,
                    'layer_1_feats': 25,
                    'layer_1_feats_max': 200,
                    'layer_1_feats_min': 10,
                    'layer_2_feats': 25,
                    'layer_2_feats_same_as_l1': True,
                    'lstm_l1_feats': 100,
                    'lstm_l1_feats_max': 200,
                    'lstm_l1_feats_min': 10,
                    'lstm_l1_layers': 1,
                    'lstm_l2_feats': 100,
                    'lstm_l2_feats_same_as_l1': True,
                    'lstm_l2_layers': 1,
                    'num_layers': 2},
 'learning_rate': 0.0004328761281083057,
 'learning_rate_max': 0.1,
 'learning_rate_min': 0.0001,
 'model': 'gcn',
 'negative_mult_test': 100,
 'negative_mult_training': 50,
 'num_epochs': 1000,
 'num_hist_steps': 0,
 'num_hist_steps_max': 10,
 'num_hist_steps_min': 1,
 'rank': 0,
 'save_node_embeddings': False,
 'seed': 1234,
 'smart_neg_sampling': True,
 'steps_accum_gradients': 1,
 'target_class': 1,
 'target_measure': 'F1',
 'task': 'link_pred',
 'train_proportion': 0.5,
 'use_1_hot_node_feats': True,
 'use_2_hot_node_feats': False,
 'use_cuda': False,
 'use_logfile': True,
 'wsize': 1}
INFO:root:
INFO:root:################ TRAIN epoch 0 ###################
INFO:root:TRAIN mean losses tensor(0.3394)
INFO:root:TRAIN mean errors 0.35874998569488525
INFO:root:TRAIN mean MRR 0.0 - mean MAP 0.3116172489312888
INFO:root:TRAIN tp {0: tensor(9234), 1: tensor(0)},fn {0: tensor(0), 1: tensor(5166)},fp {0: tensor(5166), 1: tensor(0)}
INFO:root:TRAIN measures microavg - precision 0.6412 - recall 0.6412 - f1 0.6412 
INFO:root:TRAIN measures for class 0 - precision 0.6412 - recall 1.0000 - f1 0.7814 
INFO:root:TRAIN measures for class 1 - precision 0.0000 - recall 0.0000 - f1 0.0000 
INFO:root:TRAIN measures@10 microavg - precision 0.3917 - recall 0.0065 - f1 0.0128 
INFO:root:TRAIN measures@10 for class 0 - precision 0.3917 - recall 0.0102 - f1 0.0198 
INFO:root:TRAIN measures@10 for class 1 - precision 0.0000 - recall 0.0000 - f1 0.0000 
INFO:root:TRAIN measures@100 microavg - precision 0.5092 - recall 0.0849 - f1 0.1455 
INFO:root:TRAIN measures@100 for class 0 - precision 0.5092 - recall 0.1323 - f1 0.2101 
INFO:root:TRAIN measures@100 for class 1 - precision 0.0000 - recall 0.0000 - f1 0.0000 
INFO:root:TRAIN measures@1000 microavg - precision 0.6412 - recall 0.6412 - f1 0.6412 
INFO:root:TRAIN measures@1000 for class 0 - precision 0.6412 - recall 1.0000 - f1 0.7814 
INFO:root:TRAIN measures@1000 for class 1 - precision 0.0000 - recall 0.0000 - f1 0.0000 
INFO:root:TRAIN Total epoch time: 0.7575376179999997
INFO:root:################ TRAIN epoch 1 ###################
INFO:root:TRAIN mean losses tensor(0.3329)
INFO:root:TRAIN mean errors 0.35874998569488525
INFO:root:TRAIN mean MRR 0.0 - mean MAP 0.2850465766635674
INFO:root:TRAIN tp {0: tensor(9234), 1: tensor(0)},fn {0: tensor(0), 1: tensor(5166)},fp {0: tensor(5166), 1: tensor(0)}
INFO:root:TRAIN measures microavg - precision 0.6412 - recall 0.6412 - f1 0.6412 
INFO:root:TRAIN measures for class 0 - precision 0.6412 - recall 1.0000 - f1 0.7814 
INFO:root:TRAIN measures for class 1 - precision 0.0000 - recall 0.0000 - f1 0.0000 
INFO:root:TRAIN measures@10 microavg - precision 0.1958 - recall 0.0033 - f1 0.0064 
INFO:root:TRAIN measures@10 for class 0 - precision 0.1958 - recall 0.0051 - f1 0.0099 
INFO:root:TRAIN measures@10 for class 1 - precision 0.0000 - recall 0.0000 - f1 0.0000 
INFO:root:TRAIN measures@100 microavg - precision 0.3933 - recall 0.0656 - f1 0.1124 
INFO:root:TRAIN measures@100 for class 0 - precision 0.3933 - recall 0.1022 - f1 0.1623 
INFO:root:TRAIN measures@100 for class 1 - precision 0.0000 - recall 0.0000 - f1 0.0000 
INFO:root:TRAIN measures@1000 microavg - precision 0.6412 - recall 0.6412 - f1 0.6412 
INFO:root:TRAIN measures@1000 for class 0 - precision 0.6412 - recall 1.0000 - f1 0.7814 
INFO:root:TRAIN measures@1000 for class 1 - precision 0.0000 - recall 0.0000 - f1 0.0000 
INFO:root:TRAIN Total epoch time: 0.7646108179999995
INFO:root:################ TRAIN epoch 2 ###################
