INFO:root:*** PARAMETERS ***
INFO:root:{'adj_mat_time_window': 1,
 'bitcoin_args': <utils.Namespace object at 0x7fe2697005d0>,
 'bitcoinalpha_args': {'aggr_time': 1,
                       'edges_file': 'Twitter_30countries.csv',
                       'feats_per_node': 3,
                       'folder': './data/'},
 'class_weights': [0.3, 0.7],
 'comments': ['comments'],
 'data': 'bitcoinalpha',
 'data_loading_params': {'batch_size': 1, 'num_workers': 0},
 'dev_proportion': 0.1,
 'device': 'cpu',
 'early_stop_patience': 50,
 'eval_after_epochs': 5,
 'gcn_parameters': {'cls_feats': 100,
                    'cls_feats_max': 800,
                    'cls_feats_min': 100,
                    'feats_per_node': 100,
                    'feats_per_node_max': 256,
                    'feats_per_node_min': 50,
                    'k_top_grcu': 200,
                    'layer_1_feats': 25,
                    'layer_1_feats_max': 200,
                    'layer_1_feats_min': 10,
                    'layer_2_feats': 25,
                    'layer_2_feats_same_as_l1': True,
                    'lstm_l1_feats': 100,
                    'lstm_l1_feats_max': 200,
                    'lstm_l1_feats_min': 10,
                    'lstm_l1_layers': 1,
                    'lstm_l2_feats': 100,
                    'lstm_l2_feats_same_as_l1': True,
                    'lstm_l2_layers': 1,
                    'num_layers': 2},
 'learning_rate': 0.0004328761281083057,
 'learning_rate_max': 0.1,
 'learning_rate_min': 0.0001,
 'model': 'egcn_h',
 'negative_mult_test': 100,
 'negative_mult_training': 50,
 'num_epochs': 1000,
 'num_hist_steps': 1,
 'num_hist_steps_max': 10,
 'num_hist_steps_min': 1,
 'rank': 0,
 'save_node_embeddings': False,
 'seed': 1234,
 'smart_neg_sampling': True,
 'steps_accum_gradients': 1,
 'target_class': 1,
 'target_measure': 'F1',
 'task': 'link_pred',
 'train_proportion': 0.75,
 'use_1_hot_node_feats': True,
 'use_2_hot_node_feats': False,
 'use_cuda': False,
 'use_logfile': True,
 'wsize': 1}
INFO:root:
INFO:root:################ TRAIN epoch 0 ###################
INFO:root:TRAIN mean losses tensor(0.3077)
INFO:root:TRAIN mean errors 0.354417085647583
INFO:root:TRAIN mean MRR 0.0 - mean MAP 0.5749816689760101
INFO:root:TRAIN tp {0: tensor(19234), 1: tensor(424)},fn {0: tensor(446), 1: tensor(10346)},fp {0: tensor(10346), 1: tensor(446)}
INFO:root:TRAIN measures microavg - precision 0.6456 - recall 0.6456 - f1 0.6456 
INFO:root:TRAIN measures for class 0 - precision 0.6502 - recall 0.9773 - f1 0.7809 
INFO:root:TRAIN measures for class 1 - precision 0.4874 - recall 0.0394 - f1 0.0729 
INFO:root:TRAIN measures@10 microavg - precision 0.8571 - recall 0.0099 - f1 0.0195 
INFO:root:TRAIN measures@10 for class 0 - precision 0.8529 - recall 0.0147 - f1 0.0290 
INFO:root:TRAIN measures@10 for class 1 - precision 1.0000 - recall 0.0009 - f1 0.0019 
INFO:root:TRAIN measures@100 microavg - precision 0.8151 - recall 0.0937 - f1 0.1681 
INFO:root:TRAIN measures@100 for class 0 - precision 0.8109 - recall 0.1401 - f1 0.2389 
INFO:root:TRAIN measures@100 for class 1 - precision 0.9600 - recall 0.0089 - f1 0.0177 
INFO:root:TRAIN measures@1000 microavg - precision 0.6456 - recall 0.6456 - f1 0.6456 
INFO:root:TRAIN measures@1000 for class 0 - precision 0.6502 - recall 0.9773 - f1 0.7809 
INFO:root:TRAIN measures@1000 for class 1 - precision 0.4874 - recall 0.0394 - f1 0.0729 
INFO:root:TRAIN Total epoch time: 1.674306547
INFO:root:################ TRAIN epoch 1 ###################
INFO:root:TRAIN mean losses tensor(0.3025)
INFO:root:TRAIN mean errors 0.6463054418563843
INFO:root:TRAIN mean MRR 0.0 - mean MAP 0.6468436935127159
INFO:root:TRAIN tp {0: tensor(0), 1: tensor(10770)},fn {0: tensor(19680), 1: tensor(0)},fp {0: tensor(0), 1: tensor(19680)}
INFO:root:TRAIN measures microavg - precision 0.3537 - recall 0.3537 - f1 0.3537 
INFO:root:TRAIN measures for class 0 - precision 0.0000 - recall 0.0000 - f1 0.0000 
INFO:root:TRAIN measures for class 1 - precision 0.3537 - recall 1.0000 - f1 0.5226 
INFO:root:TRAIN measures@10 microavg - precision 0.9743 - recall 0.0112 - f1 0.0221 
INFO:root:TRAIN measures@10 for class 0 - precision 0.0000 - recall 0.0000 - f1 0.0000 
INFO:root:TRAIN measures@10 for class 1 - precision 0.9743 - recall 0.0317 - f1 0.0613 
INFO:root:TRAIN measures@100 microavg - precision 0.7871 - recall 0.0905 - f1 0.1623 
INFO:root:TRAIN measures@100 for class 0 - precision 0.0000 - recall 0.0000 - f1 0.0000 
INFO:root:TRAIN measures@100 for class 1 - precision 0.7871 - recall 0.2558 - f1 0.3861 
INFO:root:TRAIN measures@1000 microavg - precision 0.3537 - recall 0.3537 - f1 0.3537 
INFO:root:TRAIN measures@1000 for class 0 - precision 0.0000 - recall 0.0000 - f1 0.0000 
INFO:root:TRAIN measures@1000 for class 1 - precision 0.3537 - recall 1.0000 - f1 0.5226 
INFO:root:TRAIN Total epoch time: 1.6524213380000004
INFO:root:################ TRAIN epoch 2 ###################
