INFO:root:*** PARAMETERS ***
INFO:root:{'adj_mat_time_window': 1,
 'class_weights': [0.1, 0.9],
 'comments': ['comments'],
 'data': 'sbm50',
 'data_loading_params': {'batch_size': 1, 'num_workers': 0},
 'dev_proportion': 0.1,
 'device': 'cpu',
 'early_stop_patience': 50,
 'eval_after_epochs': 5,
 'gcn_parameters': {'cls_feats': 100,
                    'cls_feats_max': 800,
                    'cls_feats_min': 100,
                    'feats_per_node': 100,
                    'feats_per_node_max': 256,
                    'feats_per_node_min': 50,
                    'k_top_grcu': 200,
                    'layer_1_feats': 100,
                    'layer_1_feats_max': 200,
                    'layer_1_feats_min': 10,
                    'layer_2_feats': 100,
                    'layer_2_feats_same_as_l1': True,
                    'lstm_l1_feats': 100,
                    'lstm_l1_feats_max': 200,
                    'lstm_l1_feats_min': 10,
                    'lstm_l1_layers': 1,
                    'lstm_l2_feats': 100,
                    'lstm_l2_feats_same_as_l1': True,
                    'lstm_l2_layers': 1,
                    'num_layers': 2},
 'learning_rate': 0.0013219411484660286,
 'learning_rate_max': 0.1,
 'learning_rate_min': 0.0001,
 'model': 'egcn_o',
 'negative_mult_test': 100,
 'negative_mult_training': 50,
 'num_epochs': 10,
 'num_hist_steps': 6,
 'num_hist_steps_max': 10,
 'num_hist_steps_min': 1,
 'rank': 0,
 'save_node_embeddings': False,
 'sbm50_args': {'aggr_time': 1,
                'edges_file': 'adj_monthly_sparse.csv',
                'feats_per_node': 3,
                'folder': './data/'},
 'sbm_args': <utils.Namespace object at 0x7f2fb1d2f080>,
 'seed': 1234,
 'smart_neg_sampling': True,
 'steps_accum_gradients': 1,
 'target_class': 1,
 'target_measure': 'MAP',
 'task': 'link_pred',
 'train_proportion': 0.7,
 'use_1_hot_node_feats': True,
 'use_2_hot_node_feats': False,
 'use_cuda': False,
 'use_logfile': True,
 'wsize': 1}
INFO:root:
INFO:root:################ TRAIN epoch 0 ###################
INFO:root:TRAIN mean losses tensor(0.2399)
INFO:root:TRAIN mean errors 0.6027902960777283
INFO:root:TRAIN mean MRR 0.0 - mean MAP 0.48622071743011475
INFO:root:TRAIN tp {0: tensor(1208), 1: tensor(2237)},fn {0: tensor(4676), 1: tensor(552)},fp {0: tensor(552), 1: tensor(4676)}
INFO:root:TRAIN measures microavg - precision 0.3972 - recall 0.3972 - f1 0.3972 
INFO:root:TRAIN measures for class 0 - precision 0.6864 - recall 0.2053 - f1 0.3161 
INFO:root:TRAIN measures for class 1 - precision 0.3236 - recall 0.8021 - f1 0.4611 
INFO:root:TRAIN measures@10 microavg - precision 0.7900 - recall 0.0091 - f1 0.0180 
INFO:root:TRAIN measures@10 for class 0 - precision 0.5000 - recall 0.0017 - f1 0.0034 
INFO:root:TRAIN measures@10 for class 1 - precision 0.8625 - recall 0.0247 - f1 0.0481 
INFO:root:TRAIN measures@100 microavg - precision 0.6350 - recall 0.0732 - f1 0.1313 
INFO:root:TRAIN measures@100 for class 0 - precision 0.6250 - recall 0.0212 - f1 0.0411 
INFO:root:TRAIN measures@100 for class 1 - precision 0.6375 - recall 0.1829 - f1 0.2842 
INFO:root:TRAIN measures@1000 microavg - precision 0.3972 - recall 0.3972 - f1 0.3972 
INFO:root:TRAIN measures@1000 for class 0 - precision 0.6864 - recall 0.2053 - f1 0.3161 
INFO:root:TRAIN measures@1000 for class 1 - precision 0.3236 - recall 0.8021 - f1 0.4611 
INFO:root:TRAIN Total epoch time: 1.3533475000003818
INFO:root:################ TRAIN epoch 1 ###################
INFO:root:TRAIN mean losses tensor(0.1727)
INFO:root:TRAIN mean errors 0.6783902049064636
INFO:root:TRAIN mean MRR 0.0 - mean MAP 0.5386559367179871
INFO:root:TRAIN tp {0: tensor(0), 1: tensor(2789)},fn {0: tensor(5883), 1: tensor(0)},fp {0: tensor(0), 1: tensor(5883)}
INFO:root:TRAIN measures microavg - precision 0.3216 - recall 0.3216 - f1 0.3216 
INFO:root:TRAIN measures for class 0 - precision 0.0000 - recall 0.0000 - f1 0.0000 
INFO:root:TRAIN measures for class 1 - precision 0.3216 - recall 1.0000 - f1 0.4867 
INFO:root:TRAIN measures@10 microavg - precision 0.8400 - recall 0.0097 - f1 0.0192 
INFO:root:TRAIN measures@10 for class 0 - precision 0.0000 - recall 0.0000 - f1 0.0000 
INFO:root:TRAIN measures@10 for class 1 - precision 0.8400 - recall 0.0301 - f1 0.0582 
INFO:root:TRAIN measures@100 microavg - precision 0.6580 - recall 0.0759 - f1 0.1361 
INFO:root:TRAIN measures@100 for class 0 - precision 0.0000 - recall 0.0000 - f1 0.0000 
INFO:root:TRAIN measures@100 for class 1 - precision 0.6580 - recall 0.2359 - f1 0.3473 
INFO:root:TRAIN measures@1000 microavg - precision 0.3216 - recall 0.3216 - f1 0.3216 
INFO:root:TRAIN measures@1000 for class 0 - precision 0.0000 - recall 0.0000 - f1 0.0000 
INFO:root:TRAIN measures@1000 for class 1 - precision 0.3216 - recall 1.0000 - f1 0.4867 
INFO:root:TRAIN Total epoch time: 1.1424503999878652
INFO:root:################ TRAIN epoch 2 ###################
INFO:root:TRAIN mean losses tensor(0.1698)
INFO:root:TRAIN mean errors 0.6784272789955139
INFO:root:TRAIN mean MRR 0.0 - mean MAP 0.5687673687934875
INFO:root:TRAIN tp {0: tensor(0), 1: tensor(2789)},fn {0: tensor(5884), 1: tensor(0)},fp {0: tensor(0), 1: tensor(5884)}
INFO:root:TRAIN measures microavg - precision 0.3216 - recall 0.3216 - f1 0.3216 
INFO:root:TRAIN measures for class 0 - precision 0.0000 - recall 0.0000 - f1 0.0000 
INFO:root:TRAIN measures for class 1 - precision 0.3216 - recall 1.0000 - f1 0.4867 
INFO:root:TRAIN measures@10 microavg - precision 0.8800 - recall 0.0101 - f1 0.0201 
INFO:root:TRAIN measures@10 for class 0 - precision 0.0000 - recall 0.0000 - f1 0.0000 
INFO:root:TRAIN measures@10 for class 1 - precision 0.8800 - recall 0.0316 - f1 0.0609 
INFO:root:TRAIN measures@100 microavg - precision 0.6860 - recall 0.0791 - f1 0.1418 
INFO:root:TRAIN measures@100 for class 0 - precision 0.0000 - recall 0.0000 - f1 0.0000 
INFO:root:TRAIN measures@100 for class 1 - precision 0.6860 - recall 0.2460 - f1 0.3621 
INFO:root:TRAIN measures@1000 microavg - precision 0.3216 - recall 0.3216 - f1 0.3216 
INFO:root:TRAIN measures@1000 for class 0 - precision 0.0000 - recall 0.0000 - f1 0.0000 
INFO:root:TRAIN measures@1000 for class 1 - precision 0.3216 - recall 1.0000 - f1 0.4867 
INFO:root:TRAIN Total epoch time: 1.2212620999926003
INFO:root:################ TRAIN epoch 3 ###################
INFO:root:TRAIN mean losses tensor(0.1758)
INFO:root:TRAIN mean errors 0.6784272789955139
INFO:root:TRAIN mean MRR 0.0 - mean MAP 0.5858575105667114
INFO:root:TRAIN tp {0: tensor(0), 1: tensor(2789)},fn {0: tensor(5884), 1: tensor(0)},fp {0: tensor(0), 1: tensor(5884)}
INFO:root:TRAIN measures microavg - precision 0.3216 - recall 0.3216 - f1 0.3216 
INFO:root:TRAIN measures for class 0 - precision 0.0000 - recall 0.0000 - f1 0.0000 
INFO:root:TRAIN measures for class 1 - precision 0.3216 - recall 1.0000 - f1 0.4867 
INFO:root:TRAIN measures@10 microavg - precision 0.8600 - recall 0.0099 - f1 0.0196 
INFO:root:TRAIN measures@10 for class 0 - precision 0.0000 - recall 0.0000 - f1 0.0000 
INFO:root:TRAIN measures@10 for class 1 - precision 0.8600 - recall 0.0308 - f1 0.0595 
INFO:root:TRAIN measures@100 microavg - precision 0.7080 - recall 0.0816 - f1 0.1464 
INFO:root:TRAIN measures@100 for class 0 - precision 0.0000 - recall 0.0000 - f1 0.0000 
INFO:root:TRAIN measures@100 for class 1 - precision 0.7080 - recall 0.2539 - f1 0.3737 
INFO:root:TRAIN measures@1000 microavg - precision 0.3216 - recall 0.3216 - f1 0.3216 
INFO:root:TRAIN measures@1000 for class 0 - precision 0.0000 - recall 0.0000 - f1 0.0000 
INFO:root:TRAIN measures@1000 for class 1 - precision 0.3216 - recall 1.0000 - f1 0.4867 
INFO:root:TRAIN Total epoch time: 1.158674999998766
INFO:root:################ TRAIN epoch 4 ###################
INFO:root:TRAIN mean losses tensor(0.1631)
INFO:root:TRAIN mean errors 0.6783902049064636
INFO:root:TRAIN mean MRR 0.0 - mean MAP 0.5865792632102966
INFO:root:TRAIN tp {0: tensor(0), 1: tensor(2789)},fn {0: tensor(5883), 1: tensor(0)},fp {0: tensor(0), 1: tensor(5883)}
INFO:root:TRAIN measures microavg - precision 0.3216 - recall 0.3216 - f1 0.3216 
INFO:root:TRAIN measures for class 0 - precision 0.0000 - recall 0.0000 - f1 0.0000 
INFO:root:TRAIN measures for class 1 - precision 0.3216 - recall 1.0000 - f1 0.4867 
INFO:root:TRAIN measures@10 microavg - precision 0.8900 - recall 0.0103 - f1 0.0203 
INFO:root:TRAIN measures@10 for class 0 - precision 0.0000 - recall 0.0000 - f1 0.0000 
INFO:root:TRAIN measures@10 for class 1 - precision 0.8900 - recall 0.0319 - f1 0.0616 
INFO:root:TRAIN measures@100 microavg - precision 0.7100 - recall 0.0819 - f1 0.1468 
INFO:root:TRAIN measures@100 for class 0 - precision 0.0000 - recall 0.0000 - f1 0.0000 
INFO:root:TRAIN measures@100 for class 1 - precision 0.7100 - recall 0.2546 - f1 0.3748 
INFO:root:TRAIN measures@1000 microavg - precision 0.3216 - recall 0.3216 - f1 0.3216 
INFO:root:TRAIN measures@1000 for class 0 - precision 0.0000 - recall 0.0000 - f1 0.0000 
INFO:root:TRAIN measures@1000 for class 1 - precision 0.3216 - recall 1.0000 - f1 0.4867 
INFO:root:TRAIN Total epoch time: 1.1411356999888085
INFO:root:################ TRAIN epoch 5 ###################
INFO:root:TRAIN mean losses tensor(0.1609)
INFO:root:TRAIN mean errors 0.6784272789955139
INFO:root:TRAIN mean MRR 0.0 - mean MAP 0.5795419216156006
INFO:root:TRAIN tp {0: tensor(0), 1: tensor(2789)},fn {0: tensor(5884), 1: tensor(0)},fp {0: tensor(0), 1: tensor(5884)}
INFO:root:TRAIN measures microavg - precision 0.3216 - recall 0.3216 - f1 0.3216 
INFO:root:TRAIN measures for class 0 - precision 0.0000 - recall 0.0000 - f1 0.0000 
INFO:root:TRAIN measures for class 1 - precision 0.3216 - recall 1.0000 - f1 0.4867 
INFO:root:TRAIN measures@10 microavg - precision 0.8700 - recall 0.0100 - f1 0.0198 
INFO:root:TRAIN measures@10 for class 0 - precision 0.0000 - recall 0.0000 - f1 0.0000 
INFO:root:TRAIN measures@10 for class 1 - precision 0.8700 - recall 0.0312 - f1 0.0602 
INFO:root:TRAIN measures@100 microavg - precision 0.6970 - recall 0.0804 - f1 0.1441 
INFO:root:TRAIN measures@100 for class 0 - precision 0.0000 - recall 0.0000 - f1 0.0000 
INFO:root:TRAIN measures@100 for class 1 - precision 0.6970 - recall 0.2499 - f1 0.3679 
INFO:root:TRAIN measures@1000 microavg - precision 0.3216 - recall 0.3216 - f1 0.3216 
INFO:root:TRAIN measures@1000 for class 0 - precision 0.0000 - recall 0.0000 - f1 0.0000 
INFO:root:TRAIN measures@1000 for class 1 - precision 0.3216 - recall 1.0000 - f1 0.4867 
INFO:root:TRAIN Total epoch time: 1.111040600007982
INFO:root:################ TRAIN epoch 6 ###################
INFO:root:TRAIN mean losses tensor(0.1610)
INFO:root:TRAIN mean errors 0.6783902049064636
INFO:root:TRAIN mean MRR 0.0 - mean MAP 0.5740798115730286
INFO:root:TRAIN tp {0: tensor(0), 1: tensor(2789)},fn {0: tensor(5883), 1: tensor(0)},fp {0: tensor(0), 1: tensor(5883)}
INFO:root:TRAIN measures microavg - precision 0.3216 - recall 0.3216 - f1 0.3216 
INFO:root:TRAIN measures for class 0 - precision 0.0000 - recall 0.0000 - f1 0.0000 
INFO:root:TRAIN measures for class 1 - precision 0.3216 - recall 1.0000 - f1 0.4867 
INFO:root:TRAIN measures@10 microavg - precision 0.8400 - recall 0.0097 - f1 0.0192 
INFO:root:TRAIN measures@10 for class 0 - precision 0.0000 - recall 0.0000 - f1 0.0000 
INFO:root:TRAIN measures@10 for class 1 - precision 0.8400 - recall 0.0301 - f1 0.0582 
INFO:root:TRAIN measures@100 microavg - precision 0.7040 - recall 0.0812 - f1 0.1456 
INFO:root:TRAIN measures@100 for class 0 - precision 0.0000 - recall 0.0000 - f1 0.0000 
INFO:root:TRAIN measures@100 for class 1 - precision 0.7040 - recall 0.2524 - f1 0.3716 
INFO:root:TRAIN measures@1000 microavg - precision 0.3216 - recall 0.3216 - f1 0.3216 
INFO:root:TRAIN measures@1000 for class 0 - precision 0.0000 - recall 0.0000 - f1 0.0000 
INFO:root:TRAIN measures@1000 for class 1 - precision 0.3216 - recall 1.0000 - f1 0.4867 
INFO:root:TRAIN Total epoch time: 1.2259678999980679
INFO:root:################ VALID epoch 6 ###################
INFO:root:VALID mean losses tensor(0.1538)
INFO:root:VALID mean errors 0.8572221994400024
INFO:root:VALID mean MRR 0.12477674335241318 - mean MAP 0.3437517583370209
INFO:root:VALID tp {0: tensor(0), 1: tensor(257)},fn {0: tensor(1543), 1: tensor(0)},fp {0: tensor(0), 1: tensor(1543)}
INFO:root:VALID measures microavg - precision 0.1428 - recall 0.1428 - f1 0.1428 
INFO:root:VALID measures for class 0 - precision 0.0000 - recall 0.0000 - f1 0.0000 
INFO:root:VALID measures for class 1 - precision 0.1428 - recall 1.0000 - f1 0.2499 
INFO:root:VALID measures@10 microavg - precision 0.6000 - recall 0.0067 - f1 0.0132 
INFO:root:VALID measures@10 for class 0 - precision 0.0000 - recall 0.0000 - f1 0.0000 
INFO:root:VALID measures@10 for class 1 - precision 0.6000 - recall 0.0467 - f1 0.0866 
INFO:root:VALID measures@100 microavg - precision 0.4350 - recall 0.0483 - f1 0.0870 
INFO:root:VALID measures@100 for class 0 - precision 0.0000 - recall 0.0000 - f1 0.0000 
INFO:root:VALID measures@100 for class 1 - precision 0.4350 - recall 0.3385 - f1 0.3807 
INFO:root:VALID measures@1000 microavg - precision 0.1428 - recall 0.1428 - f1 0.1428 
INFO:root:VALID measures@1000 for class 0 - precision 0.0000 - recall 0.0000 - f1 0.0000 
INFO:root:VALID measures@1000 for class 1 - precision 0.1428 - recall 1.0000 - f1 0.2499 
INFO:root:VALID Total epoch time: 0.10008659999584779
INFO:root:################ TEST epoch 6 ###################
INFO:root:TEST batch 1 / 5 - partial error 0.8944 - partial loss 0.1537 - partial MRR  0.1960 - partial MAP 0.2138
INFO:root:TEST batch 1 / 5 -  partial tp {0: tensor(0), 1: tensor(95)},fn {0: tensor(805), 1: tensor(0)},fp {0: tensor(0), 1: tensor(805)}
INFO:root:TEST batch 1 / 5 - measures partial microavg - precision 0.1056 - recall 0.1056 - f1 0.1056 
INFO:root:TEST batch 1 / 5 - measures partial for class 0 - precision 0.0000 - recall 0.0000 - f1 0.0000 
INFO:root:TEST batch 1 / 5 - measures partial for class 1 - precision 0.1056 - recall 1.0000 - f1 0.1910 
INFO:root:TEST batch 1 / 5 - Batch time 0 
INFO:root:TEST batch 2 / 5 - partial error 0.8639 - partial loss 0.1524 - partial MRR  0.1472 - partial MAP 0.2785
INFO:root:TEST batch 2 / 5 -  partial tp {0: tensor(0), 1: tensor(150)},fn {0: tensor(750), 1: tensor(0)},fp {0: tensor(0), 1: tensor(750)}
INFO:root:TEST batch 2 / 5 - measures partial microavg - precision 0.1667 - recall 0.1667 - f1 0.1667 
INFO:root:TEST batch 2 / 5 - measures partial for class 0 - precision 0.0000 - recall 0.0000 - f1 0.0000 
INFO:root:TEST batch 2 / 5 - measures partial for class 1 - precision 0.1667 - recall 1.0000 - f1 0.2857 
INFO:root:TEST batch 2 / 5 - Batch time 0 
INFO:root:TEST batch 3 / 5 - partial error 0.8500 - partial loss 0.1541 - partial MRR  0.1281 - partial MAP 0.2924
INFO:root:TEST batch 3 / 5 -  partial tp {0: tensor(0), 1: tensor(160)},fn {0: tensor(740), 1: tensor(0)},fp {0: tensor(0), 1: tensor(740)}
INFO:root:TEST batch 3 / 5 - measures partial microavg - precision 0.1778 - recall 0.1778 - f1 0.1778 
INFO:root:TEST batch 3 / 5 - measures partial for class 0 - precision 0.0000 - recall 0.0000 - f1 0.0000 
INFO:root:TEST batch 3 / 5 - measures partial for class 1 - precision 0.1778 - recall 1.0000 - f1 0.3019 
INFO:root:TEST batch 3 / 5 - Batch time 0 
INFO:root:TEST batch 4 / 5 - partial error 0.8511 - partial loss 0.1533 - partial MRR  0.1316 - partial MAP 0.3042
INFO:root:TEST batch 4 / 5 -  partial tp {0: tensor(0), 1: tensor(131)},fn {0: tensor(769), 1: tensor(0)},fp {0: tensor(0), 1: tensor(769)}
INFO:root:TEST batch 4 / 5 - measures partial microavg - precision 0.1456 - recall 0.1456 - f1 0.1456 
INFO:root:TEST batch 4 / 5 - measures partial for class 0 - precision 0.0000 - recall 0.0000 - f1 0.0000 
INFO:root:TEST batch 4 / 5 - measures partial for class 1 - precision 0.1456 - recall 1.0000 - f1 0.2541 
INFO:root:TEST batch 4 / 5 - Batch time 0 
INFO:root:TEST batch 5 / 5 - partial error 0.8611 - partial loss 0.1528 - partial MRR  0.1243 - partial MAP 0.3089
INFO:root:TEST batch 5 / 5 -  partial tp {0: tensor(0), 1: tensor(89)},fn {0: tensor(811), 1: tensor(0)},fp {0: tensor(0), 1: tensor(811)}
INFO:root:TEST batch 5 / 5 - measures partial microavg - precision 0.0989 - recall 0.0989 - f1 0.0989 
INFO:root:TEST batch 5 / 5 - measures partial for class 0 - precision 0.0000 - recall 0.0000 - f1 0.0000 
INFO:root:TEST batch 5 / 5 - measures partial for class 1 - precision 0.0989 - recall 1.0000 - f1 0.1800 
INFO:root:TEST batch 5 / 5 - Batch time 0 
INFO:root:TEST mean losses tensor(0.1528)
INFO:root:TEST mean errors 0.8611111044883728
INFO:root:TEST mean MRR 0.12431114166975021 - mean MAP 0.3089136779308319
INFO:root:TEST tp {0: tensor(0), 1: tensor(625)},fn {0: tensor(3875), 1: tensor(0)},fp {0: tensor(0), 1: tensor(3875)}
INFO:root:TEST measures microavg - precision 0.1389 - recall 0.1389 - f1 0.1389 
INFO:root:TEST measures for class 0 - precision 0.0000 - recall 0.0000 - f1 0.0000 
INFO:root:TEST measures for class 1 - precision 0.1389 - recall 1.0000 - f1 0.2439 
INFO:root:TEST measures@10 microavg - precision 0.5000 - recall 0.0056 - f1 0.0110 
INFO:root:TEST measures@10 for class 0 - precision 0.0000 - recall 0.0000 - f1 0.0000 
INFO:root:TEST measures@10 for class 1 - precision 0.5000 - recall 0.0400 - f1 0.0741 
INFO:root:TEST measures@100 microavg - precision 0.3480 - recall 0.0387 - f1 0.0696 
INFO:root:TEST measures@100 for class 0 - precision 0.0000 - recall 0.0000 - f1 0.0000 
INFO:root:TEST measures@100 for class 1 - precision 0.3480 - recall 0.2784 - f1 0.3093 
INFO:root:TEST measures@1000 microavg - precision 0.1389 - recall 0.1389 - f1 0.1389 
INFO:root:TEST measures@1000 for class 0 - precision 0.0000 - recall 0.0000 - f1 0.0000 
INFO:root:TEST measures@1000 for class 1 - precision 0.1389 - recall 1.0000 - f1 0.2439 
INFO:root:TEST Total epoch time: 0.1711446999979671
INFO:root:################ TRAIN epoch 7 ###################
INFO:root:TRAIN mean losses tensor(0.1606)
INFO:root:TRAIN mean errors 0.6784272789955139
INFO:root:TRAIN mean MRR 0.0 - mean MAP 0.571384608745575
INFO:root:TRAIN tp {0: tensor(0), 1: tensor(2789)},fn {0: tensor(5884), 1: tensor(0)},fp {0: tensor(0), 1: tensor(5884)}
INFO:root:TRAIN measures microavg - precision 0.3216 - recall 0.3216 - f1 0.3216 
INFO:root:TRAIN measures for class 0 - precision 0.0000 - recall 0.0000 - f1 0.0000 
INFO:root:TRAIN measures for class 1 - precision 0.3216 - recall 1.0000 - f1 0.4867 
INFO:root:TRAIN measures@10 microavg - precision 0.8400 - recall 0.0097 - f1 0.0191 
INFO:root:TRAIN measures@10 for class 0 - precision 0.0000 - recall 0.0000 - f1 0.0000 
INFO:root:TRAIN measures@10 for class 1 - precision 0.8400 - recall 0.0301 - f1 0.0582 
INFO:root:TRAIN measures@100 microavg - precision 0.6990 - recall 0.0806 - f1 0.1445 
INFO:root:TRAIN measures@100 for class 0 - precision 0.0000 - recall 0.0000 - f1 0.0000 
INFO:root:TRAIN measures@100 for class 1 - precision 0.6990 - recall 0.2506 - f1 0.3690 
INFO:root:TRAIN measures@1000 microavg - precision 0.3216 - recall 0.3216 - f1 0.3216 
INFO:root:TRAIN measures@1000 for class 0 - precision 0.0000 - recall 0.0000 - f1 0.0000 
INFO:root:TRAIN measures@1000 for class 1 - precision 0.3216 - recall 1.0000 - f1 0.4867 
INFO:root:TRAIN Total epoch time: 1.398102299994207
INFO:root:################ VALID epoch 7 ###################
INFO:root:VALID mean losses tensor(0.1621)
INFO:root:VALID mean errors 0.8572221994400024
INFO:root:VALID mean MRR 0.12359800189733505 - mean MAP 0.34689608216285706
INFO:root:VALID tp {0: tensor(0), 1: tensor(257)},fn {0: tensor(1543), 1: tensor(0)},fp {0: tensor(0), 1: tensor(1543)}
INFO:root:VALID measures microavg - precision 0.1428 - recall 0.1428 - f1 0.1428 
INFO:root:VALID measures for class 0 - precision 0.0000 - recall 0.0000 - f1 0.0000 
INFO:root:VALID measures for class 1 - precision 0.1428 - recall 1.0000 - f1 0.2499 
INFO:root:VALID measures@10 microavg - precision 0.6000 - recall 0.0067 - f1 0.0132 
INFO:root:VALID measures@10 for class 0 - precision 0.0000 - recall 0.0000 - f1 0.0000 
INFO:root:VALID measures@10 for class 1 - precision 0.6000 - recall 0.0467 - f1 0.0866 
INFO:root:VALID measures@100 microavg - precision 0.4300 - recall 0.0478 - f1 0.0860 
INFO:root:VALID measures@100 for class 0 - precision 0.0000 - recall 0.0000 - f1 0.0000 
INFO:root:VALID measures@100 for class 1 - precision 0.4300 - recall 0.3346 - f1 0.3764 
INFO:root:VALID measures@1000 microavg - precision 0.1428 - recall 0.1428 - f1 0.1428 
INFO:root:VALID measures@1000 for class 0 - precision 0.0000 - recall 0.0000 - f1 0.0000 
INFO:root:VALID measures@1000 for class 1 - precision 0.1428 - recall 1.0000 - f1 0.2499 
INFO:root:VALID Total epoch time: 0.11156000000482891
INFO:root:################ TEST epoch 7 ###################
INFO:root:TEST batch 1 / 5 - partial error 0.8944 - partial loss 0.1604 - partial MRR  0.1753 - partial MAP 0.2187
INFO:root:TEST batch 1 / 5 -  partial tp {0: tensor(0), 1: tensor(95)},fn {0: tensor(805), 1: tensor(0)},fp {0: tensor(0), 1: tensor(805)}
INFO:root:TEST batch 1 / 5 - measures partial microavg - precision 0.1056 - recall 0.1056 - f1 0.1056 
INFO:root:TEST batch 1 / 5 - measures partial for class 0 - precision 0.0000 - recall 0.0000 - f1 0.0000 
INFO:root:TEST batch 1 / 5 - measures partial for class 1 - precision 0.1056 - recall 1.0000 - f1 0.1910 
INFO:root:TEST batch 1 / 5 - Batch time 0 
INFO:root:TEST batch 2 / 5 - partial error 0.8639 - partial loss 0.1568 - partial MRR  0.1400 - partial MAP 0.2714
INFO:root:TEST batch 2 / 5 -  partial tp {0: tensor(0), 1: tensor(150)},fn {0: tensor(750), 1: tensor(0)},fp {0: tensor(0), 1: tensor(750)}
INFO:root:TEST batch 2 / 5 - measures partial microavg - precision 0.1667 - recall 0.1667 - f1 0.1667 
INFO:root:TEST batch 2 / 5 - measures partial for class 0 - precision 0.0000 - recall 0.0000 - f1 0.0000 
INFO:root:TEST batch 2 / 5 - measures partial for class 1 - precision 0.1667 - recall 1.0000 - f1 0.2857 
INFO:root:TEST batch 2 / 5 - Batch time 0 
INFO:root:TEST batch 3 / 5 - partial error 0.8500 - partial loss 0.1587 - partial MRR  0.1221 - partial MAP 0.2888
INFO:root:TEST batch 3 / 5 -  partial tp {0: tensor(0), 1: tensor(160)},fn {0: tensor(740), 1: tensor(0)},fp {0: tensor(0), 1: tensor(740)}
INFO:root:TEST batch 3 / 5 - measures partial microavg - precision 0.1778 - recall 0.1778 - f1 0.1778 
INFO:root:TEST batch 3 / 5 - measures partial for class 0 - precision 0.0000 - recall 0.0000 - f1 0.0000 
INFO:root:TEST batch 3 / 5 - measures partial for class 1 - precision 0.1778 - recall 1.0000 - f1 0.3019 
INFO:root:TEST batch 3 / 5 - Batch time 0 
INFO:root:TEST batch 4 / 5 - partial error 0.8511 - partial loss 0.1580 - partial MRR  0.1286 - partial MAP 0.3006
INFO:root:TEST batch 4 / 5 -  partial tp {0: tensor(0), 1: tensor(131)},fn {0: tensor(769), 1: tensor(0)},fp {0: tensor(0), 1: tensor(769)}
INFO:root:TEST batch 4 / 5 - measures partial microavg - precision 0.1456 - recall 0.1456 - f1 0.1456 
INFO:root:TEST batch 4 / 5 - measures partial for class 0 - precision 0.0000 - recall 0.0000 - f1 0.0000 
INFO:root:TEST batch 4 / 5 - measures partial for class 1 - precision 0.1456 - recall 1.0000 - f1 0.2541 
INFO:root:TEST batch 4 / 5 - Batch time 0 
INFO:root:TEST batch 5 / 5 - partial error 0.8611 - partial loss 0.1582 - partial MRR  0.1201 - partial MAP 0.3017
INFO:root:TEST batch 5 / 5 -  partial tp {0: tensor(0), 1: tensor(89)},fn {0: tensor(811), 1: tensor(0)},fp {0: tensor(0), 1: tensor(811)}
INFO:root:TEST batch 5 / 5 - measures partial microavg - precision 0.0989 - recall 0.0989 - f1 0.0989 
INFO:root:TEST batch 5 / 5 - measures partial for class 0 - precision 0.0000 - recall 0.0000 - f1 0.0000 
INFO:root:TEST batch 5 / 5 - measures partial for class 1 - precision 0.0989 - recall 1.0000 - f1 0.1800 
INFO:root:TEST batch 5 / 5 - Batch time 0 
INFO:root:TEST mean losses tensor(0.1582)
INFO:root:TEST mean errors 0.8611111044883728
INFO:root:TEST mean MRR 0.12010551989078522 - mean MAP 0.30173489451408386
INFO:root:TEST tp {0: tensor(0), 1: tensor(625)},fn {0: tensor(3875), 1: tensor(0)},fp {0: tensor(0), 1: tensor(3875)}
INFO:root:TEST measures microavg - precision 0.1389 - recall 0.1389 - f1 0.1389 
INFO:root:TEST measures for class 0 - precision 0.0000 - recall 0.0000 - f1 0.0000 
INFO:root:TEST measures for class 1 - precision 0.1389 - recall 1.0000 - f1 0.2439 
INFO:root:TEST measures@10 microavg - precision 0.4600 - recall 0.0051 - f1 0.0101 
INFO:root:TEST measures@10 for class 0 - precision 0.0000 - recall 0.0000 - f1 0.0000 
INFO:root:TEST measures@10 for class 1 - precision 0.4600 - recall 0.0368 - f1 0.0681 
INFO:root:TEST measures@100 microavg - precision 0.3400 - recall 0.0378 - f1 0.0680 
INFO:root:TEST measures@100 for class 0 - precision 0.0000 - recall 0.0000 - f1 0.0000 
INFO:root:TEST measures@100 for class 1 - precision 0.3400 - recall 0.2720 - f1 0.3022 
INFO:root:TEST measures@1000 microavg - precision 0.1389 - recall 0.1389 - f1 0.1389 
INFO:root:TEST measures@1000 for class 0 - precision 0.0000 - recall 0.0000 - f1 0.0000 
INFO:root:TEST measures@1000 for class 1 - precision 0.1389 - recall 1.0000 - f1 0.2439 
INFO:root:TEST Total epoch time: 0.17812789999879897
INFO:root:################ TRAIN epoch 8 ###################
INFO:root:TRAIN mean losses tensor(0.1593)
INFO:root:TRAIN mean errors 0.6784272789955139
INFO:root:TRAIN mean MRR 0.0 - mean MAP 0.5720654726028442
INFO:root:TRAIN tp {0: tensor(0), 1: tensor(2789)},fn {0: tensor(5884), 1: tensor(0)},fp {0: tensor(0), 1: tensor(5884)}
INFO:root:TRAIN measures microavg - precision 0.3216 - recall 0.3216 - f1 0.3216 
INFO:root:TRAIN measures for class 0 - precision 0.0000 - recall 0.0000 - f1 0.0000 
INFO:root:TRAIN measures for class 1 - precision 0.3216 - recall 1.0000 - f1 0.4867 
INFO:root:TRAIN measures@10 microavg - precision 0.8400 - recall 0.0097 - f1 0.0191 
INFO:root:TRAIN measures@10 for class 0 - precision 0.0000 - recall 0.0000 - f1 0.0000 
INFO:root:TRAIN measures@10 for class 1 - precision 0.8400 - recall 0.0301 - f1 0.0582 
INFO:root:TRAIN measures@100 microavg - precision 0.7080 - recall 0.0816 - f1 0.1464 
INFO:root:TRAIN measures@100 for class 0 - precision 0.0000 - recall 0.0000 - f1 0.0000 
INFO:root:TRAIN measures@100 for class 1 - precision 0.7080 - recall 0.2539 - f1 0.3737 
INFO:root:TRAIN measures@1000 microavg - precision 0.3216 - recall 0.3216 - f1 0.3216 
INFO:root:TRAIN measures@1000 for class 0 - precision 0.0000 - recall 0.0000 - f1 0.0000 
INFO:root:TRAIN measures@1000 for class 1 - precision 0.3216 - recall 1.0000 - f1 0.4867 
INFO:root:TRAIN Total epoch time: 1.0915316000027815
INFO:root:################ VALID epoch 8 ###################
INFO:root:VALID mean losses tensor(0.1528)
INFO:root:VALID mean errors 0.8572221994400024
INFO:root:VALID mean MRR 0.12462339550256729 - mean MAP 0.3533712327480316
INFO:root:VALID tp {0: tensor(0), 1: tensor(257)},fn {0: tensor(1543), 1: tensor(0)},fp {0: tensor(0), 1: tensor(1543)}
INFO:root:VALID measures microavg - precision 0.1428 - recall 0.1428 - f1 0.1428 
INFO:root:VALID measures for class 0 - precision 0.0000 - recall 0.0000 - f1 0.0000 
INFO:root:VALID measures for class 1 - precision 0.1428 - recall 1.0000 - f1 0.2499 
INFO:root:VALID measures@10 microavg - precision 0.5500 - recall 0.0061 - f1 0.0121 
INFO:root:VALID measures@10 for class 0 - precision 0.0000 - recall 0.0000 - f1 0.0000 
INFO:root:VALID measures@10 for class 1 - precision 0.5500 - recall 0.0428 - f1 0.0794 
INFO:root:VALID measures@100 microavg - precision 0.4400 - recall 0.0489 - f1 0.0880 
INFO:root:VALID measures@100 for class 0 - precision 0.0000 - recall 0.0000 - f1 0.0000 
INFO:root:VALID measures@100 for class 1 - precision 0.4400 - recall 0.3424 - f1 0.3851 
INFO:root:VALID measures@1000 microavg - precision 0.1428 - recall 0.1428 - f1 0.1428 
INFO:root:VALID measures@1000 for class 0 - precision 0.0000 - recall 0.0000 - f1 0.0000 
INFO:root:VALID measures@1000 for class 1 - precision 0.1428 - recall 1.0000 - f1 0.2499 
INFO:root:VALID Total epoch time: 0.059926999994786456
INFO:root:################ TEST epoch 8 ###################
INFO:root:TEST batch 1 / 5 - partial error 0.8944 - partial loss 0.1478 - partial MRR  0.1440 - partial MAP 0.2302
INFO:root:TEST batch 1 / 5 -  partial tp {0: tensor(0), 1: tensor(95)},fn {0: tensor(805), 1: tensor(0)},fp {0: tensor(0), 1: tensor(805)}
INFO:root:TEST batch 1 / 5 - measures partial microavg - precision 0.1056 - recall 0.1056 - f1 0.1056 
INFO:root:TEST batch 1 / 5 - measures partial for class 0 - precision 0.0000 - recall 0.0000 - f1 0.0000 
INFO:root:TEST batch 1 / 5 - measures partial for class 1 - precision 0.1056 - recall 1.0000 - f1 0.1910 
INFO:root:TEST batch 1 / 5 - Batch time 0 
INFO:root:TEST batch 2 / 5 - partial error 0.8639 - partial loss 0.1470 - partial MRR  0.1194 - partial MAP 0.2720
INFO:root:TEST batch 2 / 5 -  partial tp {0: tensor(0), 1: tensor(150)},fn {0: tensor(750), 1: tensor(0)},fp {0: tensor(0), 1: tensor(750)}
INFO:root:TEST batch 2 / 5 - measures partial microavg - precision 0.1667 - recall 0.1667 - f1 0.1667 
INFO:root:TEST batch 2 / 5 - measures partial for class 0 - precision 0.0000 - recall 0.0000 - f1 0.0000 
INFO:root:TEST batch 2 / 5 - measures partial for class 1 - precision 0.1667 - recall 1.0000 - f1 0.2857 
INFO:root:TEST batch 2 / 5 - Batch time 0 
INFO:root:TEST batch 3 / 5 - partial error 0.8500 - partial loss 0.1490 - partial MRR  0.1132 - partial MAP 0.2889
INFO:root:TEST batch 3 / 5 -  partial tp {0: tensor(0), 1: tensor(160)},fn {0: tensor(740), 1: tensor(0)},fp {0: tensor(0), 1: tensor(740)}
INFO:root:TEST batch 3 / 5 - measures partial microavg - precision 0.1778 - recall 0.1778 - f1 0.1778 
INFO:root:TEST batch 3 / 5 - measures partial for class 0 - precision 0.0000 - recall 0.0000 - f1 0.0000 
INFO:root:TEST batch 3 / 5 - measures partial for class 1 - precision 0.1778 - recall 1.0000 - f1 0.3019 
INFO:root:TEST batch 3 / 5 - Batch time 0 
INFO:root:TEST batch 4 / 5 - partial error 0.8511 - partial loss 0.1493 - partial MRR  0.1172 - partial MAP 0.3022
INFO:root:TEST batch 4 / 5 -  partial tp {0: tensor(0), 1: tensor(131)},fn {0: tensor(769), 1: tensor(0)},fp {0: tensor(0), 1: tensor(769)}
INFO:root:TEST batch 4 / 5 - measures partial microavg - precision 0.1456 - recall 0.1456 - f1 0.1456 
INFO:root:TEST batch 4 / 5 - measures partial for class 0 - precision 0.0000 - recall 0.0000 - f1 0.0000 
INFO:root:TEST batch 4 / 5 - measures partial for class 1 - precision 0.1456 - recall 1.0000 - f1 0.2541 
INFO:root:TEST batch 4 / 5 - Batch time 0 
INFO:root:TEST batch 5 / 5 - partial error 0.8611 - partial loss 0.1495 - partial MRR  0.1121 - partial MAP 0.2991
INFO:root:TEST batch 5 / 5 -  partial tp {0: tensor(0), 1: tensor(89)},fn {0: tensor(811), 1: tensor(0)},fp {0: tensor(0), 1: tensor(811)}
INFO:root:TEST batch 5 / 5 - measures partial microavg - precision 0.0989 - recall 0.0989 - f1 0.0989 
INFO:root:TEST batch 5 / 5 - measures partial for class 0 - precision 0.0000 - recall 0.0000 - f1 0.0000 
INFO:root:TEST batch 5 / 5 - measures partial for class 1 - precision 0.0989 - recall 1.0000 - f1 0.1800 
INFO:root:TEST batch 5 / 5 - Batch time 0 
INFO:root:TEST mean losses tensor(0.1495)
INFO:root:TEST mean errors 0.8611111044883728
INFO:root:TEST mean MRR 0.11207439005374908 - mean MAP 0.29912763833999634
INFO:root:TEST tp {0: tensor(0), 1: tensor(625)},fn {0: tensor(3875), 1: tensor(0)},fp {0: tensor(0), 1: tensor(3875)}
INFO:root:TEST measures microavg - precision 0.1389 - recall 0.1389 - f1 0.1389 
INFO:root:TEST measures for class 0 - precision 0.0000 - recall 0.0000 - f1 0.0000 
INFO:root:TEST measures for class 1 - precision 0.1389 - recall 1.0000 - f1 0.2439 
INFO:root:TEST measures@10 microavg - precision 0.4000 - recall 0.0044 - f1 0.0088 
INFO:root:TEST measures@10 for class 0 - precision 0.0000 - recall 0.0000 - f1 0.0000 
INFO:root:TEST measures@10 for class 1 - precision 0.4000 - recall 0.0320 - f1 0.0593 
INFO:root:TEST measures@100 microavg - precision 0.3320 - recall 0.0369 - f1 0.0664 
INFO:root:TEST measures@100 for class 0 - precision 0.0000 - recall 0.0000 - f1 0.0000 
INFO:root:TEST measures@100 for class 1 - precision 0.3320 - recall 0.2656 - f1 0.2951 
INFO:root:TEST measures@1000 microavg - precision 0.1389 - recall 0.1389 - f1 0.1389 
INFO:root:TEST measures@1000 for class 0 - precision 0.0000 - recall 0.0000 - f1 0.0000 
INFO:root:TEST measures@1000 for class 1 - precision 0.1389 - recall 1.0000 - f1 0.2439 
INFO:root:TEST Total epoch time: 0.19696629999089055
INFO:root:################ TRAIN epoch 9 ###################
INFO:root:TRAIN mean losses tensor(0.1585)
INFO:root:TRAIN mean errors 0.6783902049064636
INFO:root:TRAIN mean MRR 0.0 - mean MAP 0.575085461139679
INFO:root:TRAIN tp {0: tensor(0), 1: tensor(2789)},fn {0: tensor(5883), 1: tensor(0)},fp {0: tensor(0), 1: tensor(5883)}
INFO:root:TRAIN measures microavg - precision 0.3216 - recall 0.3216 - f1 0.3216 
INFO:root:TRAIN measures for class 0 - precision 0.0000 - recall 0.0000 - f1 0.0000 
INFO:root:TRAIN measures for class 1 - precision 0.3216 - recall 1.0000 - f1 0.4867 
INFO:root:TRAIN measures@10 microavg - precision 0.8300 - recall 0.0096 - f1 0.0189 
INFO:root:TRAIN measures@10 for class 0 - precision 0.0000 - recall 0.0000 - f1 0.0000 
INFO:root:TRAIN measures@10 for class 1 - precision 0.8300 - recall 0.0298 - f1 0.0575 
INFO:root:TRAIN measures@100 microavg - precision 0.7080 - recall 0.0816 - f1 0.1464 
INFO:root:TRAIN measures@100 for class 0 - precision 0.0000 - recall 0.0000 - f1 0.0000 
INFO:root:TRAIN measures@100 for class 1 - precision 0.7080 - recall 0.2539 - f1 0.3737 
INFO:root:TRAIN measures@1000 microavg - precision 0.3216 - recall 0.3216 - f1 0.3216 
INFO:root:TRAIN measures@1000 for class 0 - precision 0.0000 - recall 0.0000 - f1 0.0000 
INFO:root:TRAIN measures@1000 for class 1 - precision 0.3216 - recall 1.0000 - f1 0.4867 
INFO:root:TRAIN Total epoch time: 1.5045021999976598
INFO:root:################ VALID epoch 9 ###################
INFO:root:VALID mean losses tensor(0.1467)
INFO:root:VALID mean errors 0.8572221994400024
INFO:root:VALID mean MRR 0.1264345347881317 - mean MAP 0.34611275792121887
INFO:root:VALID tp {0: tensor(0), 1: tensor(257)},fn {0: tensor(1543), 1: tensor(0)},fp {0: tensor(0), 1: tensor(1543)}
INFO:root:VALID measures microavg - precision 0.1428 - recall 0.1428 - f1 0.1428 
INFO:root:VALID measures for class 0 - precision 0.0000 - recall 0.0000 - f1 0.0000 
INFO:root:VALID measures for class 1 - precision 0.1428 - recall 1.0000 - f1 0.2499 
INFO:root:VALID measures@10 microavg - precision 0.5500 - recall 0.0061 - f1 0.0121 
INFO:root:VALID measures@10 for class 0 - precision 0.0000 - recall 0.0000 - f1 0.0000 
INFO:root:VALID measures@10 for class 1 - precision 0.5500 - recall 0.0428 - f1 0.0794 
INFO:root:VALID measures@100 microavg - precision 0.4150 - recall 0.0461 - f1 0.0830 
INFO:root:VALID measures@100 for class 0 - precision 0.0000 - recall 0.0000 - f1 0.0000 
INFO:root:VALID measures@100 for class 1 - precision 0.4150 - recall 0.3230 - f1 0.3632 
INFO:root:VALID measures@1000 microavg - precision 0.1428 - recall 0.1428 - f1 0.1428 
INFO:root:VALID measures@1000 for class 0 - precision 0.0000 - recall 0.0000 - f1 0.0000 
INFO:root:VALID measures@1000 for class 1 - precision 0.1428 - recall 1.0000 - f1 0.2499 
INFO:root:VALID Total epoch time: 0.1216368000023067
INFO:root:################ TEST epoch 9 ###################
INFO:root:TEST batch 1 / 5 - partial error 0.8944 - partial loss 0.1413 - partial MRR  0.1281 - partial MAP 0.2322
INFO:root:TEST batch 1 / 5 -  partial tp {0: tensor(0), 1: tensor(95)},fn {0: tensor(805), 1: tensor(0)},fp {0: tensor(0), 1: tensor(805)}
INFO:root:TEST batch 1 / 5 - measures partial microavg - precision 0.1056 - recall 0.1056 - f1 0.1056 
INFO:root:TEST batch 1 / 5 - measures partial for class 0 - precision 0.0000 - recall 0.0000 - f1 0.0000 
INFO:root:TEST batch 1 / 5 - measures partial for class 1 - precision 0.1056 - recall 1.0000 - f1 0.1910 
INFO:root:TEST batch 1 / 5 - Batch time 0 
INFO:root:TEST batch 2 / 5 - partial error 0.8639 - partial loss 0.1427 - partial MRR  0.1221 - partial MAP 0.2975
INFO:root:TEST batch 2 / 5 -  partial tp {0: tensor(0), 1: tensor(150)},fn {0: tensor(750), 1: tensor(0)},fp {0: tensor(0), 1: tensor(750)}
INFO:root:TEST batch 2 / 5 - measures partial microavg - precision 0.1667 - recall 0.1667 - f1 0.1667 
INFO:root:TEST batch 2 / 5 - measures partial for class 0 - precision 0.0000 - recall 0.0000 - f1 0.0000 
INFO:root:TEST batch 2 / 5 - measures partial for class 1 - precision 0.1667 - recall 1.0000 - f1 0.2857 
INFO:root:TEST batch 2 / 5 - Batch time 0 
INFO:root:TEST batch 3 / 5 - partial error 0.8500 - partial loss 0.1451 - partial MRR  0.1085 - partial MAP 0.3021
INFO:root:TEST batch 3 / 5 -  partial tp {0: tensor(0), 1: tensor(160)},fn {0: tensor(740), 1: tensor(0)},fp {0: tensor(0), 1: tensor(740)}
INFO:root:TEST batch 3 / 5 - measures partial microavg - precision 0.1778 - recall 0.1778 - f1 0.1778 
INFO:root:TEST batch 3 / 5 - measures partial for class 0 - precision 0.0000 - recall 0.0000 - f1 0.0000 
INFO:root:TEST batch 3 / 5 - measures partial for class 1 - precision 0.1778 - recall 1.0000 - f1 0.3019 
INFO:root:TEST batch 3 / 5 - Batch time 0 
INFO:root:TEST batch 4 / 5 - partial error 0.8511 - partial loss 0.1453 - partial MRR  0.1220 - partial MAP 0.3104
INFO:root:TEST batch 4 / 5 -  partial tp {0: tensor(0), 1: tensor(131)},fn {0: tensor(769), 1: tensor(0)},fp {0: tensor(0), 1: tensor(769)}
INFO:root:TEST batch 4 / 5 - measures partial microavg - precision 0.1456 - recall 0.1456 - f1 0.1456 
INFO:root:TEST batch 4 / 5 - measures partial for class 0 - precision 0.0000 - recall 0.0000 - f1 0.0000 
INFO:root:TEST batch 4 / 5 - measures partial for class 1 - precision 0.1456 - recall 1.0000 - f1 0.2541 
INFO:root:TEST batch 4 / 5 - Batch time 0 
INFO:root:TEST batch 5 / 5 - partial error 0.8611 - partial loss 0.1451 - partial MRR  0.1181 - partial MAP 0.3047
INFO:root:TEST batch 5 / 5 -  partial tp {0: tensor(0), 1: tensor(89)},fn {0: tensor(811), 1: tensor(0)},fp {0: tensor(0), 1: tensor(811)}
INFO:root:TEST batch 5 / 5 - measures partial microavg - precision 0.0989 - recall 0.0989 - f1 0.0989 
INFO:root:TEST batch 5 / 5 - measures partial for class 0 - precision 0.0000 - recall 0.0000 - f1 0.0000 
INFO:root:TEST batch 5 / 5 - measures partial for class 1 - precision 0.0989 - recall 1.0000 - f1 0.1800 
INFO:root:TEST batch 5 / 5 - Batch time 0 
INFO:root:TEST mean losses tensor(0.1451)
INFO:root:TEST mean errors 0.8611111044883728
INFO:root:TEST mean MRR 0.11809800565242767 - mean MAP 0.304725706577301
INFO:root:TEST tp {0: tensor(0), 1: tensor(625)},fn {0: tensor(3875), 1: tensor(0)},fp {0: tensor(0), 1: tensor(3875)}
INFO:root:TEST measures microavg - precision 0.1389 - recall 0.1389 - f1 0.1389 
INFO:root:TEST measures for class 0 - precision 0.0000 - recall 0.0000 - f1 0.0000 
INFO:root:TEST measures for class 1 - precision 0.1389 - recall 1.0000 - f1 0.2439 
INFO:root:TEST measures@10 microavg - precision 0.5000 - recall 0.0056 - f1 0.0110 
INFO:root:TEST measures@10 for class 0 - precision 0.0000 - recall 0.0000 - f1 0.0000 
INFO:root:TEST measures@10 for class 1 - precision 0.5000 - recall 0.0400 - f1 0.0741 
INFO:root:TEST measures@100 microavg - precision 0.3320 - recall 0.0369 - f1 0.0664 
INFO:root:TEST measures@100 for class 0 - precision 0.0000 - recall 0.0000 - f1 0.0000 
INFO:root:TEST measures@100 for class 1 - precision 0.3320 - recall 0.2656 - f1 0.2951 
INFO:root:TEST measures@1000 microavg - precision 0.1389 - recall 0.1389 - f1 0.1389 
INFO:root:TEST measures@1000 for class 0 - precision 0.0000 - recall 0.0000 - f1 0.0000 
INFO:root:TEST measures@1000 for class 1 - precision 0.1389 - recall 1.0000 - f1 0.2439 
INFO:root:TEST Total epoch time: 0.17563480000535492
