INFO:root:*** PARAMETERS ***
INFO:root:{'adj_mat_time_window': 1,
 'class_weights': [0.1, 0.9],
 'comments': ['comments'],
 'data': 'sbm50',
 'data_loading_params': {'batch_size': 1, 'num_workers': 0},
 'dev_proportion': 0.1,
 'device': 'cpu',
 'early_stop_patience': 50,
 'eval_after_epochs': 5,
 'gcn_parameters': {'cls_feats': 100,
                    'cls_feats_max': 800,
                    'cls_feats_min': 100,
                    'feats_per_node': 100,
                    'feats_per_node_max': 256,
                    'feats_per_node_min': 50,
                    'k_top_grcu': 200,
                    'layer_1_feats': 100,
                    'layer_1_feats_max': 200,
                    'layer_1_feats_min': 10,
                    'layer_2_feats': 100,
                    'layer_2_feats_same_as_l1': True,
                    'lstm_l1_feats': 100,
                    'lstm_l1_feats_max': 200,
                    'lstm_l1_feats_min': 10,
                    'lstm_l1_layers': 1,
                    'lstm_l2_feats': 100,
                    'lstm_l2_feats_same_as_l1': True,
                    'lstm_l2_layers': 1,
                    'num_layers': 2},
 'learning_rate': 0.013219411484660288,
 'learning_rate_max': 0.1,
 'learning_rate_min': 0.0001,
 'model': 'egcn_o',
 'negative_mult_test': 100,
 'negative_mult_training': 50,
 'num_epochs': 10,
 'num_hist_steps': 7,
 'num_hist_steps_max': 10,
 'num_hist_steps_min': 1,
 'rank': 0,
 'save_node_embeddings': False,
 'sbm50_args': {'aggr_time': 1,
                'edges_file': 'adj_monthly_sparse.csv',
                'feats_per_node': 3,
                'folder': './data/'},
 'sbm_args': <utils.Namespace object at 0x7f9d905d5080>,
 'seed': 1234,
 'smart_neg_sampling': True,
 'steps_accum_gradients': 1,
 'target_class': 1,
 'target_measure': 'MAP',
 'task': 'link_pred',
 'train_proportion': 0.7,
 'use_1_hot_node_feats': True,
 'use_2_hot_node_feats': False,
 'use_cuda': False,
 'use_logfile': True,
 'wsize': 1}
INFO:root:
INFO:root:################ TRAIN epoch 0 ###################
INFO:root:TRAIN mean losses tensor(0.2619)
INFO:root:TRAIN mean errors 0.6359553337097168
INFO:root:TRAIN mean MRR 0.0 - mean MAP 0.4559181034564972
INFO:root:TRAIN tp {0: tensor(600), 1: tensor(2237)},fn {0: tensor(4676), 1: tensor(280)},fp {0: tensor(280), 1: tensor(4676)}
INFO:root:TRAIN measures microavg - precision 0.3640 - recall 0.3640 - f1 0.3640 
INFO:root:TRAIN measures for class 0 - precision 0.6818 - recall 0.1137 - f1 0.1949 
INFO:root:TRAIN measures for class 1 - precision 0.3236 - recall 0.8888 - f1 0.4744 
INFO:root:TRAIN measures@10 microavg - precision 0.7444 - recall 0.0086 - f1 0.0170 
INFO:root:TRAIN measures@10 for class 0 - precision 0.0000 - recall 0.0000 - f1 0.0000 
INFO:root:TRAIN measures@10 for class 1 - precision 0.8375 - recall 0.0266 - f1 0.0516 
INFO:root:TRAIN measures@100 microavg - precision 0.5422 - recall 0.0626 - f1 0.1123 
INFO:root:TRAIN measures@100 for class 0 - precision 0.3100 - recall 0.0059 - f1 0.0115 
INFO:root:TRAIN measures@100 for class 1 - precision 0.5713 - recall 0.1816 - f1 0.2756 
INFO:root:TRAIN measures@1000 microavg - precision 0.3640 - recall 0.3640 - f1 0.3640 
INFO:root:TRAIN measures@1000 for class 0 - precision 0.6818 - recall 0.1137 - f1 0.1949 
INFO:root:TRAIN measures@1000 for class 1 - precision 0.3236 - recall 0.8888 - f1 0.4744 
INFO:root:TRAIN Total epoch time: 0.9098017000069376
INFO:root:################ TRAIN epoch 1 ###################
INFO:root:TRAIN mean losses tensor(0.1852)
INFO:root:TRAIN mean errors 0.6770592927932739
INFO:root:TRAIN mean MRR 0.0 - mean MAP 0.5324891805648804
INFO:root:TRAIN tp {0: tensor(0), 1: tensor(2517)},fn {0: tensor(5277), 1: tensor(0)},fp {0: tensor(0), 1: tensor(5277)}
INFO:root:TRAIN measures microavg - precision 0.3229 - recall 0.3229 - f1 0.3229 
INFO:root:TRAIN measures for class 0 - precision 0.0000 - recall 0.0000 - f1 0.0000 
INFO:root:TRAIN measures for class 1 - precision 0.3229 - recall 1.0000 - f1 0.4882 
INFO:root:TRAIN measures@10 microavg - precision 0.7778 - recall 0.0090 - f1 0.0178 
INFO:root:TRAIN measures@10 for class 0 - precision 0.0000 - recall 0.0000 - f1 0.0000 
INFO:root:TRAIN measures@10 for class 1 - precision 0.7778 - recall 0.0278 - f1 0.0537 
INFO:root:TRAIN measures@100 microavg - precision 0.6444 - recall 0.0744 - f1 0.1334 
INFO:root:TRAIN measures@100 for class 0 - precision 0.0000 - recall 0.0000 - f1 0.0000 
INFO:root:TRAIN measures@100 for class 1 - precision 0.6444 - recall 0.2304 - f1 0.3395 
INFO:root:TRAIN measures@1000 microavg - precision 0.3229 - recall 0.3229 - f1 0.3229 
INFO:root:TRAIN measures@1000 for class 0 - precision 0.0000 - recall 0.0000 - f1 0.0000 
INFO:root:TRAIN measures@1000 for class 1 - precision 0.3229 - recall 1.0000 - f1 0.4882 
INFO:root:TRAIN Total epoch time: 1.6067117000056896
INFO:root:################ TRAIN epoch 2 ###################
INFO:root:TRAIN mean losses tensor(0.1791)
INFO:root:TRAIN mean errors 0.6770178079605103
INFO:root:TRAIN mean MRR 0.0 - mean MAP 0.5624812841415405
INFO:root:TRAIN tp {0: tensor(0), 1: tensor(2517)},fn {0: tensor(5276), 1: tensor(0)},fp {0: tensor(0), 1: tensor(5276)}
INFO:root:TRAIN measures microavg - precision 0.3230 - recall 0.3230 - f1 0.3230 
INFO:root:TRAIN measures for class 0 - precision 0.0000 - recall 0.0000 - f1 0.0000 
INFO:root:TRAIN measures for class 1 - precision 0.3230 - recall 1.0000 - f1 0.4883 
INFO:root:TRAIN measures@10 microavg - precision 0.8556 - recall 0.0099 - f1 0.0195 
INFO:root:TRAIN measures@10 for class 0 - precision 0.0000 - recall 0.0000 - f1 0.0000 
INFO:root:TRAIN measures@10 for class 1 - precision 0.8556 - recall 0.0306 - f1 0.0591 
INFO:root:TRAIN measures@100 microavg - precision 0.6811 - recall 0.0787 - f1 0.1410 
INFO:root:TRAIN measures@100 for class 0 - precision 0.0000 - recall 0.0000 - f1 0.0000 
INFO:root:TRAIN measures@100 for class 1 - precision 0.6811 - recall 0.2435 - f1 0.3588 
INFO:root:TRAIN measures@1000 microavg - precision 0.3230 - recall 0.3230 - f1 0.3230 
INFO:root:TRAIN measures@1000 for class 0 - precision 0.0000 - recall 0.0000 - f1 0.0000 
INFO:root:TRAIN measures@1000 for class 1 - precision 0.3230 - recall 1.0000 - f1 0.4883 
INFO:root:TRAIN Total epoch time: 1.0529563000018243
INFO:root:################ TRAIN epoch 3 ###################
INFO:root:TRAIN mean losses tensor(0.1718)
INFO:root:TRAIN mean errors 0.67522132396698
INFO:root:TRAIN mean MRR 0.0 - mean MAP 0.498332679271698
INFO:root:TRAIN tp {0: tensor(16), 1: tensor(2515)},fn {0: tensor(5260), 1: tensor(2)},fp {0: tensor(2), 1: tensor(5260)}
INFO:root:TRAIN measures microavg - precision 0.3248 - recall 0.3248 - f1 0.3248 
INFO:root:TRAIN measures for class 0 - precision 0.8889 - recall 0.0030 - f1 0.0060 
INFO:root:TRAIN measures for class 1 - precision 0.3235 - recall 0.9992 - f1 0.4887 
INFO:root:TRAIN measures@10 microavg - precision 0.6471 - recall 0.0085 - f1 0.0167 
INFO:root:TRAIN measures@10 for class 0 - precision 0.9167 - recall 0.0021 - f1 0.0042 
INFO:root:TRAIN measures@10 for class 1 - precision 0.6111 - recall 0.0219 - f1 0.0422 
INFO:root:TRAIN measures@100 microavg - precision 0.5588 - recall 0.0658 - f1 0.1178 
INFO:root:TRAIN measures@100 for class 0 - precision 0.8889 - recall 0.0030 - f1 0.0060 
INFO:root:TRAIN measures@100 for class 1 - precision 0.5522 - recall 0.1975 - f1 0.2909 
INFO:root:TRAIN measures@1000 microavg - precision 0.3248 - recall 0.3248 - f1 0.3248 
INFO:root:TRAIN measures@1000 for class 0 - precision 0.8889 - recall 0.0030 - f1 0.0060 
INFO:root:TRAIN measures@1000 for class 1 - precision 0.3235 - recall 0.9992 - f1 0.4887 
INFO:root:TRAIN Total epoch time: 0.9755236999917543
INFO:root:################ TRAIN epoch 4 ###################
INFO:root:TRAIN mean losses tensor(0.1660)
INFO:root:TRAIN mean errors 0.6770592927932739
INFO:root:TRAIN mean MRR 0.0 - mean MAP 0.5420882701873779
INFO:root:TRAIN tp {0: tensor(0), 1: tensor(2517)},fn {0: tensor(5277), 1: tensor(0)},fp {0: tensor(0), 1: tensor(5277)}
INFO:root:TRAIN measures microavg - precision 0.3229 - recall 0.3229 - f1 0.3229 
INFO:root:TRAIN measures for class 0 - precision 0.0000 - recall 0.0000 - f1 0.0000 
INFO:root:TRAIN measures for class 1 - precision 0.3229 - recall 1.0000 - f1 0.4882 
INFO:root:TRAIN measures@10 microavg - precision 0.7333 - recall 0.0085 - f1 0.0167 
INFO:root:TRAIN measures@10 for class 0 - precision 0.0000 - recall 0.0000 - f1 0.0000 
INFO:root:TRAIN measures@10 for class 1 - precision 0.7333 - recall 0.0262 - f1 0.0506 
INFO:root:TRAIN measures@100 microavg - precision 0.6311 - recall 0.0729 - f1 0.1307 
INFO:root:TRAIN measures@100 for class 0 - precision 0.0000 - recall 0.0000 - f1 0.0000 
INFO:root:TRAIN measures@100 for class 1 - precision 0.6311 - recall 0.2257 - f1 0.3325 
INFO:root:TRAIN measures@1000 microavg - precision 0.3229 - recall 0.3229 - f1 0.3229 
INFO:root:TRAIN measures@1000 for class 0 - precision 0.0000 - recall 0.0000 - f1 0.0000 
INFO:root:TRAIN measures@1000 for class 1 - precision 0.3229 - recall 1.0000 - f1 0.4882 
INFO:root:TRAIN Total epoch time: 1.2785585000092397
INFO:root:################ TRAIN epoch 5 ###################
INFO:root:TRAIN mean losses tensor(0.1639)
INFO:root:TRAIN mean errors 0.6770178079605103
INFO:root:TRAIN mean MRR 0.0 - mean MAP 0.5772110819816589
INFO:root:TRAIN tp {0: tensor(0), 1: tensor(2517)},fn {0: tensor(5276), 1: tensor(0)},fp {0: tensor(0), 1: tensor(5276)}
INFO:root:TRAIN measures microavg - precision 0.3230 - recall 0.3230 - f1 0.3230 
INFO:root:TRAIN measures for class 0 - precision 0.0000 - recall 0.0000 - f1 0.0000 
INFO:root:TRAIN measures for class 1 - precision 0.3230 - recall 1.0000 - f1 0.4883 
INFO:root:TRAIN measures@10 microavg - precision 0.8444 - recall 0.0098 - f1 0.0193 
INFO:root:TRAIN measures@10 for class 0 - precision 0.0000 - recall 0.0000 - f1 0.0000 
INFO:root:TRAIN measures@10 for class 1 - precision 0.8444 - recall 0.0302 - f1 0.0583 
INFO:root:TRAIN measures@100 microavg - precision 0.7011 - recall 0.0810 - f1 0.1452 
INFO:root:TRAIN measures@100 for class 0 - precision 0.0000 - recall 0.0000 - f1 0.0000 
INFO:root:TRAIN measures@100 for class 1 - precision 0.7011 - recall 0.2507 - f1 0.3693 
INFO:root:TRAIN measures@1000 microavg - precision 0.3230 - recall 0.3230 - f1 0.3230 
INFO:root:TRAIN measures@1000 for class 0 - precision 0.0000 - recall 0.0000 - f1 0.0000 
INFO:root:TRAIN measures@1000 for class 1 - precision 0.3230 - recall 1.0000 - f1 0.4883 
INFO:root:TRAIN Total epoch time: 1.384170900011668
INFO:root:################ TRAIN epoch 6 ###################
INFO:root:TRAIN mean losses tensor(0.1689)
INFO:root:TRAIN mean errors 0.6770592927932739
INFO:root:TRAIN mean MRR 0.0 - mean MAP 0.5607122778892517
INFO:root:TRAIN tp {0: tensor(0), 1: tensor(2517)},fn {0: tensor(5277), 1: tensor(0)},fp {0: tensor(0), 1: tensor(5277)}
INFO:root:TRAIN measures microavg - precision 0.3229 - recall 0.3229 - f1 0.3229 
INFO:root:TRAIN measures for class 0 - precision 0.0000 - recall 0.0000 - f1 0.0000 
INFO:root:TRAIN measures for class 1 - precision 0.3229 - recall 1.0000 - f1 0.4882 
INFO:root:TRAIN measures@10 microavg - precision 0.7778 - recall 0.0090 - f1 0.0178 
INFO:root:TRAIN measures@10 for class 0 - precision 0.0000 - recall 0.0000 - f1 0.0000 
INFO:root:TRAIN measures@10 for class 1 - precision 0.7778 - recall 0.0278 - f1 0.0537 
INFO:root:TRAIN measures@100 microavg - precision 0.6967 - recall 0.0804 - f1 0.1442 
INFO:root:TRAIN measures@100 for class 0 - precision 0.0000 - recall 0.0000 - f1 0.0000 
INFO:root:TRAIN measures@100 for class 1 - precision 0.6967 - recall 0.2491 - f1 0.3670 
INFO:root:TRAIN measures@1000 microavg - precision 0.3229 - recall 0.3229 - f1 0.3229 
INFO:root:TRAIN measures@1000 for class 0 - precision 0.0000 - recall 0.0000 - f1 0.0000 
INFO:root:TRAIN measures@1000 for class 1 - precision 0.3229 - recall 1.0000 - f1 0.4882 
INFO:root:TRAIN Total epoch time: 1.248218500011717
INFO:root:################ VALID epoch 6 ###################
INFO:root:VALID mean losses tensor(0.1468)
INFO:root:VALID mean errors 0.8572221994400024
INFO:root:VALID mean MRR 0.1623150110244751 - mean MAP 0.30615121126174927
INFO:root:VALID tp {0: tensor(0), 1: tensor(257)},fn {0: tensor(1543), 1: tensor(0)},fp {0: tensor(0), 1: tensor(1543)}
INFO:root:VALID measures microavg - precision 0.1428 - recall 0.1428 - f1 0.1428 
INFO:root:VALID measures for class 0 - precision 0.0000 - recall 0.0000 - f1 0.0000 
INFO:root:VALID measures for class 1 - precision 0.1428 - recall 1.0000 - f1 0.2499 
INFO:root:VALID measures@10 microavg - precision 0.2500 - recall 0.0028 - f1 0.0055 
INFO:root:VALID measures@10 for class 0 - precision 0.0000 - recall 0.0000 - f1 0.0000 
INFO:root:VALID measures@10 for class 1 - precision 0.2500 - recall 0.0195 - f1 0.0361 
INFO:root:VALID measures@100 microavg - precision 0.4100 - recall 0.0456 - f1 0.0820 
INFO:root:VALID measures@100 for class 0 - precision 0.0000 - recall 0.0000 - f1 0.0000 
INFO:root:VALID measures@100 for class 1 - precision 0.4100 - recall 0.3191 - f1 0.3589 
INFO:root:VALID measures@1000 microavg - precision 0.1428 - recall 0.1428 - f1 0.1428 
INFO:root:VALID measures@1000 for class 0 - precision 0.0000 - recall 0.0000 - f1 0.0000 
INFO:root:VALID measures@1000 for class 1 - precision 0.1428 - recall 1.0000 - f1 0.2499 
INFO:root:VALID Total epoch time: 0.05808439999236725
INFO:root:################ TEST epoch 6 ###################
INFO:root:TEST batch 1 / 5 - partial error 0.8944 - partial loss 0.1405 - partial MRR  0.1936 - partial MAP 0.1973
INFO:root:TEST batch 1 / 5 -  partial tp {0: tensor(0), 1: tensor(95)},fn {0: tensor(805), 1: tensor(0)},fp {0: tensor(0), 1: tensor(805)}
INFO:root:TEST batch 1 / 5 - measures partial microavg - precision 0.1056 - recall 0.1056 - f1 0.1056 
INFO:root:TEST batch 1 / 5 - measures partial for class 0 - precision 0.0000 - recall 0.0000 - f1 0.0000 
INFO:root:TEST batch 1 / 5 - measures partial for class 1 - precision 0.1056 - recall 1.0000 - f1 0.1910 
INFO:root:TEST batch 1 / 5 - Batch time 0 
INFO:root:TEST batch 2 / 5 - partial error 0.8639 - partial loss 0.1452 - partial MRR  0.1430 - partial MAP 0.2334
INFO:root:TEST batch 2 / 5 -  partial tp {0: tensor(0), 1: tensor(150)},fn {0: tensor(750), 1: tensor(0)},fp {0: tensor(0), 1: tensor(750)}
INFO:root:TEST batch 2 / 5 - measures partial microavg - precision 0.1667 - recall 0.1667 - f1 0.1667 
INFO:root:TEST batch 2 / 5 - measures partial for class 0 - precision 0.0000 - recall 0.0000 - f1 0.0000 
INFO:root:TEST batch 2 / 5 - measures partial for class 1 - precision 0.1667 - recall 1.0000 - f1 0.2857 
INFO:root:TEST batch 2 / 5 - Batch time 0 
INFO:root:TEST batch 3 / 5 - partial error 0.8500 - partial loss 0.1478 - partial MRR  0.1311 - partial MAP 0.2482
INFO:root:TEST batch 3 / 5 -  partial tp {0: tensor(0), 1: tensor(160)},fn {0: tensor(740), 1: tensor(0)},fp {0: tensor(0), 1: tensor(740)}
INFO:root:TEST batch 3 / 5 - measures partial microavg - precision 0.1778 - recall 0.1778 - f1 0.1778 
INFO:root:TEST batch 3 / 5 - measures partial for class 0 - precision 0.0000 - recall 0.0000 - f1 0.0000 
INFO:root:TEST batch 3 / 5 - measures partial for class 1 - precision 0.1778 - recall 1.0000 - f1 0.3019 
INFO:root:TEST batch 3 / 5 - Batch time 0 
INFO:root:TEST batch 4 / 5 - partial error 0.8511 - partial loss 0.1474 - partial MRR  0.1320 - partial MAP 0.2572
INFO:root:TEST batch 4 / 5 -  partial tp {0: tensor(0), 1: tensor(131)},fn {0: tensor(769), 1: tensor(0)},fp {0: tensor(0), 1: tensor(769)}
INFO:root:TEST batch 4 / 5 - measures partial microavg - precision 0.1456 - recall 0.1456 - f1 0.1456 
INFO:root:TEST batch 4 / 5 - measures partial for class 0 - precision 0.0000 - recall 0.0000 - f1 0.0000 
INFO:root:TEST batch 4 / 5 - measures partial for class 1 - precision 0.1456 - recall 1.0000 - f1 0.2541 
INFO:root:TEST batch 4 / 5 - Batch time 0 
INFO:root:TEST batch 5 / 5 - partial error 0.8611 - partial loss 0.1457 - partial MRR  0.1230 - partial MAP 0.2528
INFO:root:TEST batch 5 / 5 -  partial tp {0: tensor(0), 1: tensor(89)},fn {0: tensor(811), 1: tensor(0)},fp {0: tensor(0), 1: tensor(811)}
INFO:root:TEST batch 5 / 5 - measures partial microavg - precision 0.0989 - recall 0.0989 - f1 0.0989 
INFO:root:TEST batch 5 / 5 - measures partial for class 0 - precision 0.0000 - recall 0.0000 - f1 0.0000 
INFO:root:TEST batch 5 / 5 - measures partial for class 1 - precision 0.0989 - recall 1.0000 - f1 0.1800 
INFO:root:TEST batch 5 / 5 - Batch time 0 
INFO:root:TEST mean losses tensor(0.1457)
INFO:root:TEST mean errors 0.8611111044883728
INFO:root:TEST mean MRR 0.12301516532897949 - mean MAP 0.2527512311935425
INFO:root:TEST tp {0: tensor(0), 1: tensor(625)},fn {0: tensor(3875), 1: tensor(0)},fp {0: tensor(0), 1: tensor(3875)}
INFO:root:TEST measures microavg - precision 0.1389 - recall 0.1389 - f1 0.1389 
INFO:root:TEST measures for class 0 - precision 0.0000 - recall 0.0000 - f1 0.0000 
INFO:root:TEST measures for class 1 - precision 0.1389 - recall 1.0000 - f1 0.2439 
INFO:root:TEST measures@10 microavg - precision 0.4000 - recall 0.0044 - f1 0.0088 
INFO:root:TEST measures@10 for class 0 - precision 0.0000 - recall 0.0000 - f1 0.0000 
INFO:root:TEST measures@10 for class 1 - precision 0.4000 - recall 0.0320 - f1 0.0593 
INFO:root:TEST measures@100 microavg - precision 0.2900 - recall 0.0322 - f1 0.0580 
INFO:root:TEST measures@100 for class 0 - precision 0.0000 - recall 0.0000 - f1 0.0000 
INFO:root:TEST measures@100 for class 1 - precision 0.2900 - recall 0.2320 - f1 0.2578 
INFO:root:TEST measures@1000 microavg - precision 0.1389 - recall 0.1389 - f1 0.1389 
INFO:root:TEST measures@1000 for class 0 - precision 0.0000 - recall 0.0000 - f1 0.0000 
INFO:root:TEST measures@1000 for class 1 - precision 0.1389 - recall 1.0000 - f1 0.2439 
INFO:root:TEST Total epoch time: 0.18188139999983832
INFO:root:################ TRAIN epoch 7 ###################
INFO:root:TRAIN mean losses tensor(0.1730)
INFO:root:TRAIN mean errors 0.6703451871871948
INFO:root:TRAIN mean MRR 0.0 - mean MAP 0.5196018815040588
INFO:root:TRAIN tp {0: tensor(56), 1: tensor(2513)},fn {0: tensor(5220), 1: tensor(4)},fp {0: tensor(4), 1: tensor(5220)}
INFO:root:TRAIN measures microavg - precision 0.3297 - recall 0.3297 - f1 0.3297 
INFO:root:TRAIN measures for class 0 - precision 0.9333 - recall 0.0106 - f1 0.0210 
INFO:root:TRAIN measures for class 1 - precision 0.3250 - recall 0.9984 - f1 0.4903 
INFO:root:TRAIN measures@10 microavg - precision 0.7946 - recall 0.0114 - f1 0.0225 
INFO:root:TRAIN measures@10 for class 0 - precision 0.9545 - recall 0.0040 - f1 0.0079 
INFO:root:TRAIN measures@10 for class 1 - precision 0.7556 - recall 0.0270 - f1 0.0522 
INFO:root:TRAIN measures@100 microavg - precision 0.6375 - recall 0.0785 - f1 0.1398 
INFO:root:TRAIN measures@100 for class 0 - precision 0.9333 - recall 0.0106 - f1 0.0210 
INFO:root:TRAIN measures@100 for class 1 - precision 0.6178 - recall 0.2209 - f1 0.3254 
INFO:root:TRAIN measures@1000 microavg - precision 0.3297 - recall 0.3297 - f1 0.3297 
INFO:root:TRAIN measures@1000 for class 0 - precision 0.9333 - recall 0.0106 - f1 0.0210 
INFO:root:TRAIN measures@1000 for class 1 - precision 0.3250 - recall 0.9984 - f1 0.4903 
INFO:root:TRAIN Total epoch time: 0.8755141000001458
INFO:root:################ VALID epoch 7 ###################
INFO:root:VALID mean losses tensor(0.1769)
INFO:root:VALID mean errors 0.8416666388511658
INFO:root:VALID mean MRR 0.13079161942005157 - mean MAP 0.33418008685112
INFO:root:VALID tp {0: tensor(29), 1: tensor(256)},fn {0: tensor(1514), 1: tensor(1)},fp {0: tensor(1), 1: tensor(1514)}
INFO:root:VALID measures microavg - precision 0.1583 - recall 0.1583 - f1 0.1583 
INFO:root:VALID measures for class 0 - precision 0.9667 - recall 0.0188 - f1 0.0369 
INFO:root:VALID measures for class 1 - precision 0.1446 - recall 0.9961 - f1 0.2526 
INFO:root:VALID measures@10 microavg - precision 0.6000 - recall 0.0100 - f1 0.0197 
INFO:root:VALID measures@10 for class 0 - precision 0.9000 - recall 0.0058 - f1 0.0116 
INFO:root:VALID measures@10 for class 1 - precision 0.4500 - recall 0.0350 - f1 0.0650 
INFO:root:VALID measures@100 microavg - precision 0.4913 - recall 0.0628 - f1 0.1113 
INFO:root:VALID measures@100 for class 0 - precision 0.9667 - recall 0.0188 - f1 0.0369 
INFO:root:VALID measures@100 for class 1 - precision 0.4200 - recall 0.3268 - f1 0.3676 
INFO:root:VALID measures@1000 microavg - precision 0.1583 - recall 0.1583 - f1 0.1583 
INFO:root:VALID measures@1000 for class 0 - precision 0.9667 - recall 0.0188 - f1 0.0369 
INFO:root:VALID measures@1000 for class 1 - precision 0.1446 - recall 0.9961 - f1 0.2526 
INFO:root:VALID Total epoch time: 0.06676890001108404
INFO:root:################ TEST epoch 7 ###################
INFO:root:TEST batch 1 / 5 - partial error 0.7656 - partial loss 0.1652 - partial MRR  0.1207 - partial MAP 0.2011
INFO:root:TEST batch 1 / 5 -  partial tp {0: tensor(118), 1: tensor(93)},fn {0: tensor(687), 1: tensor(2)},fp {0: tensor(2), 1: tensor(687)}
INFO:root:TEST batch 1 / 5 - measures partial microavg - precision 0.2344 - recall 0.2344 - f1 0.2344 
INFO:root:TEST batch 1 / 5 - measures partial for class 0 - precision 0.9833 - recall 0.1466 - f1 0.2551 
INFO:root:TEST batch 1 / 5 - measures partial for class 1 - precision 0.1192 - recall 0.9789 - f1 0.2126 
INFO:root:TEST batch 1 / 5 - Batch time 0 
INFO:root:TEST batch 2 / 5 - partial error 0.6917 - partial loss 0.1558 - partial MRR  0.1250 - partial MAP 0.2419
INFO:root:TEST batch 2 / 5 -  partial tp {0: tensor(202), 1: tensor(142)},fn {0: tensor(548), 1: tensor(8)},fp {0: tensor(8), 1: tensor(548)}
INFO:root:TEST batch 2 / 5 - measures partial microavg - precision 0.3822 - recall 0.3822 - f1 0.3822 
INFO:root:TEST batch 2 / 5 - measures partial for class 0 - precision 0.9619 - recall 0.2693 - f1 0.4208 
INFO:root:TEST batch 2 / 5 - measures partial for class 1 - precision 0.2058 - recall 0.9467 - f1 0.3381 
INFO:root:TEST batch 2 / 5 - Batch time 0 
INFO:root:TEST batch 3 / 5 - partial error 0.6937 - partial loss 0.1561 - partial MRR  0.1140 - partial MAP 0.2596
INFO:root:TEST batch 3 / 5 -  partial tp {0: tensor(116), 1: tensor(156)},fn {0: tensor(624), 1: tensor(4)},fp {0: tensor(4), 1: tensor(624)}
INFO:root:TEST batch 3 / 5 - measures partial microavg - precision 0.3022 - recall 0.3022 - f1 0.3022 
INFO:root:TEST batch 3 / 5 - measures partial for class 0 - precision 0.9667 - recall 0.1568 - f1 0.2698 
INFO:root:TEST batch 3 / 5 - measures partial for class 1 - precision 0.2000 - recall 0.9750 - f1 0.3319 
INFO:root:TEST batch 3 / 5 - Batch time 0 
INFO:root:TEST batch 4 / 5 - partial error 0.7089 - partial loss 0.1569 - partial MRR  0.1248 - partial MAP 0.2780
INFO:root:TEST batch 4 / 5 -  partial tp {0: tensor(90), 1: tensor(131)},fn {0: tensor(679), 1: tensor(0)},fp {0: tensor(0), 1: tensor(679)}
INFO:root:TEST batch 4 / 5 - measures partial microavg - precision 0.2456 - recall 0.2456 - f1 0.2456 
INFO:root:TEST batch 4 / 5 - measures partial for class 0 - precision 1.0000 - recall 0.1170 - f1 0.2095 
INFO:root:TEST batch 4 / 5 - measures partial for class 1 - precision 0.1617 - recall 1.0000 - f1 0.2784 
INFO:root:TEST batch 4 / 5 - Batch time 0 
INFO:root:TEST batch 5 / 5 - partial error 0.7207 - partial loss 0.1580 - partial MRR  0.1171 - partial MAP 0.2624
INFO:root:TEST batch 5 / 5 -  partial tp {0: tensor(120), 1: tensor(89)},fn {0: tensor(691), 1: tensor(0)},fp {0: tensor(0), 1: tensor(691)}
INFO:root:TEST batch 5 / 5 - measures partial microavg - precision 0.2322 - recall 0.2322 - f1 0.2322 
INFO:root:TEST batch 5 / 5 - measures partial for class 0 - precision 1.0000 - recall 0.1480 - f1 0.2578 
INFO:root:TEST batch 5 / 5 - measures partial for class 1 - precision 0.1141 - recall 1.0000 - f1 0.2048 
INFO:root:TEST batch 5 / 5 - Batch time 0 
INFO:root:TEST mean losses tensor(0.1580)
INFO:root:TEST mean errors 0.7206666469573975
INFO:root:TEST mean MRR 0.11712494492530823 - mean MAP 0.26240262389183044
INFO:root:TEST tp {0: tensor(646), 1: tensor(611)},fn {0: tensor(3229), 1: tensor(14)},fp {0: tensor(14), 1: tensor(3229)}
INFO:root:TEST measures microavg - precision 0.2793 - recall 0.2793 - f1 0.2793 
INFO:root:TEST measures for class 0 - precision 0.9788 - recall 0.1667 - f1 0.2849 
INFO:root:TEST measures for class 1 - precision 0.1591 - recall 0.9776 - f1 0.2737 
INFO:root:TEST measures@10 microavg - precision 0.7100 - recall 0.0158 - f1 0.0309 
INFO:root:TEST measures@10 for class 0 - precision 1.0000 - recall 0.0129 - f1 0.0255 
INFO:root:TEST measures@10 for class 1 - precision 0.4200 - recall 0.0336 - f1 0.0622 
INFO:root:TEST measures@100 microavg - precision 0.6374 - recall 0.1402 - f1 0.2299 
INFO:root:TEST measures@100 for class 0 - precision 0.9837 - recall 0.1244 - f1 0.2208 
INFO:root:TEST measures@100 for class 1 - precision 0.2980 - recall 0.2384 - f1 0.2649 
INFO:root:TEST measures@1000 microavg - precision 0.2793 - recall 0.2793 - f1 0.2793 
INFO:root:TEST measures@1000 for class 0 - precision 0.9788 - recall 0.1667 - f1 0.2849 
INFO:root:TEST measures@1000 for class 1 - precision 0.1591 - recall 0.9776 - f1 0.2737 
INFO:root:TEST Total epoch time: 0.20960260000720154
INFO:root:################ TRAIN epoch 8 ###################
INFO:root:TRAIN mean losses tensor(0.1626)
INFO:root:TRAIN mean errors 0.6743649244308472
INFO:root:TRAIN mean MRR 0.0 - mean MAP 0.5682955980300903
INFO:root:TRAIN tp {0: tensor(24), 1: tensor(2514)},fn {0: tensor(5253), 1: tensor(3)},fp {0: tensor(3), 1: tensor(5253)}
INFO:root:TRAIN measures microavg - precision 0.3256 - recall 0.3256 - f1 0.3256 
INFO:root:TRAIN measures for class 0 - precision 0.8889 - recall 0.0045 - f1 0.0090 
INFO:root:TRAIN measures for class 1 - precision 0.3237 - recall 0.9988 - f1 0.4889 
INFO:root:TRAIN measures@10 microavg - precision 0.8600 - recall 0.0110 - f1 0.0218 
INFO:root:TRAIN measures@10 for class 0 - precision 0.9000 - recall 0.0017 - f1 0.0034 
INFO:root:TRAIN measures@10 for class 1 - precision 0.8556 - recall 0.0306 - f1 0.0591 
INFO:root:TRAIN measures@100 microavg - precision 0.6796 - recall 0.0808 - f1 0.1445 
INFO:root:TRAIN measures@100 for class 0 - precision 0.8889 - recall 0.0045 - f1 0.0090 
INFO:root:TRAIN measures@100 for class 1 - precision 0.6733 - recall 0.2408 - f1 0.3547 
INFO:root:TRAIN measures@1000 microavg - precision 0.3256 - recall 0.3256 - f1 0.3256 
INFO:root:TRAIN measures@1000 for class 0 - precision 0.8889 - recall 0.0045 - f1 0.0090 
INFO:root:TRAIN measures@1000 for class 1 - precision 0.3237 - recall 0.9988 - f1 0.4889 
INFO:root:TRAIN Total epoch time: 0.9752512999984901
INFO:root:################ VALID epoch 8 ###################
INFO:root:VALID mean losses tensor(0.1556)
INFO:root:VALID mean errors 0.8572221994400024
INFO:root:VALID mean MRR 0.14109675586223602 - mean MAP 0.3110251724720001
INFO:root:VALID tp {0: tensor(0), 1: tensor(257)},fn {0: tensor(1543), 1: tensor(0)},fp {0: tensor(0), 1: tensor(1543)}
INFO:root:VALID measures microavg - precision 0.1428 - recall 0.1428 - f1 0.1428 
INFO:root:VALID measures for class 0 - precision 0.0000 - recall 0.0000 - f1 0.0000 
INFO:root:VALID measures for class 1 - precision 0.1428 - recall 1.0000 - f1 0.2499 
INFO:root:VALID measures@10 microavg - precision 0.5000 - recall 0.0056 - f1 0.0110 
INFO:root:VALID measures@10 for class 0 - precision 0.0000 - recall 0.0000 - f1 0.0000 
INFO:root:VALID measures@10 for class 1 - precision 0.5000 - recall 0.0389 - f1 0.0722 
INFO:root:VALID measures@100 microavg - precision 0.3600 - recall 0.0400 - f1 0.0720 
INFO:root:VALID measures@100 for class 0 - precision 0.0000 - recall 0.0000 - f1 0.0000 
INFO:root:VALID measures@100 for class 1 - precision 0.3600 - recall 0.2802 - f1 0.3151 
INFO:root:VALID measures@1000 microavg - precision 0.1428 - recall 0.1428 - f1 0.1428 
INFO:root:VALID measures@1000 for class 0 - precision 0.0000 - recall 0.0000 - f1 0.0000 
INFO:root:VALID measures@1000 for class 1 - precision 0.1428 - recall 1.0000 - f1 0.2499 
INFO:root:VALID Total epoch time: 0.06582099999650382
INFO:root:################ TRAIN epoch 9 ###################
INFO:root:TRAIN mean losses tensor(0.1620)
INFO:root:TRAIN mean errors 0.6729535460472107
INFO:root:TRAIN mean MRR 0.0 - mean MAP 0.5662941932678223
INFO:root:TRAIN tp {0: tensor(35), 1: tensor(2514)},fn {0: tensor(5242), 1: tensor(3)},fp {0: tensor(3), 1: tensor(5242)}
INFO:root:TRAIN measures microavg - precision 0.3270 - recall 0.3270 - f1 0.3270 
INFO:root:TRAIN measures for class 0 - precision 0.9211 - recall 0.0066 - f1 0.0132 
INFO:root:TRAIN measures for class 1 - precision 0.3241 - recall 0.9988 - f1 0.4894 
INFO:root:TRAIN measures@10 microavg - precision 0.8000 - recall 0.0108 - f1 0.0213 
INFO:root:TRAIN measures@10 for class 0 - precision 0.9333 - recall 0.0027 - f1 0.0053 
INFO:root:TRAIN measures@10 for class 1 - precision 0.7778 - recall 0.0278 - f1 0.0537 
INFO:root:TRAIN measures@100 microavg - precision 0.6823 - recall 0.0821 - f1 0.1466 
INFO:root:TRAIN measures@100 for class 0 - precision 0.9211 - recall 0.0066 - f1 0.0132 
INFO:root:TRAIN measures@100 for class 1 - precision 0.6722 - recall 0.2404 - f1 0.3541 
INFO:root:TRAIN measures@1000 microavg - precision 0.3270 - recall 0.3270 - f1 0.3270 
INFO:root:TRAIN measures@1000 for class 0 - precision 0.9211 - recall 0.0066 - f1 0.0132 
INFO:root:TRAIN measures@1000 for class 1 - precision 0.3241 - recall 0.9988 - f1 0.4894 
INFO:root:TRAIN Total epoch time: 0.8744504999922356
INFO:root:################ VALID epoch 9 ###################
INFO:root:VALID mean losses tensor(0.1484)
INFO:root:VALID mean errors 0.8416666388511658
INFO:root:VALID mean MRR 0.11773552745580673 - mean MAP 0.24947527050971985
INFO:root:VALID tp {0: tensor(29), 1: tensor(256)},fn {0: tensor(1514), 1: tensor(1)},fp {0: tensor(1), 1: tensor(1514)}
INFO:root:VALID measures microavg - precision 0.1583 - recall 0.1583 - f1 0.1583 
INFO:root:VALID measures for class 0 - precision 0.9667 - recall 0.0188 - f1 0.0369 
INFO:root:VALID measures for class 1 - precision 0.1446 - recall 0.9961 - f1 0.2526 
INFO:root:VALID measures@10 microavg - precision 0.4667 - recall 0.0078 - f1 0.0153 
INFO:root:VALID measures@10 for class 0 - precision 0.9000 - recall 0.0058 - f1 0.0116 
INFO:root:VALID measures@10 for class 1 - precision 0.2500 - recall 0.0195 - f1 0.0361 
INFO:root:VALID measures@100 microavg - precision 0.3739 - recall 0.0478 - f1 0.0847 
INFO:root:VALID measures@100 for class 0 - precision 0.9667 - recall 0.0188 - f1 0.0369 
INFO:root:VALID measures@100 for class 1 - precision 0.2850 - recall 0.2218 - f1 0.2495 
INFO:root:VALID measures@1000 microavg - precision 0.1583 - recall 0.1583 - f1 0.1583 
INFO:root:VALID measures@1000 for class 0 - precision 0.9667 - recall 0.0188 - f1 0.0369 
INFO:root:VALID measures@1000 for class 1 - precision 0.1446 - recall 0.9961 - f1 0.2526 
INFO:root:VALID Total epoch time: 0.07457870000507683
INFO:root:################ TEST epoch 9 ###################
INFO:root:TEST batch 1 / 5 - partial error 0.7600 - partial loss 0.1361 - partial MRR  0.1355 - partial MAP 0.1343
INFO:root:TEST batch 1 / 5 -  partial tp {0: tensor(125), 1: tensor(91)},fn {0: tensor(680), 1: tensor(4)},fp {0: tensor(4), 1: tensor(680)}
INFO:root:TEST batch 1 / 5 - measures partial microavg - precision 0.2400 - recall 0.2400 - f1 0.2400 
INFO:root:TEST batch 1 / 5 - measures partial for class 0 - precision 0.9690 - recall 0.1553 - f1 0.2677 
INFO:root:TEST batch 1 / 5 - measures partial for class 1 - precision 0.1180 - recall 0.9579 - f1 0.2102 
INFO:root:TEST batch 1 / 5 - Batch time 0 
INFO:root:TEST batch 2 / 5 - partial error 0.6889 - partial loss 0.1398 - partial MRR  0.1173 - partial MAP 0.1862
INFO:root:TEST batch 2 / 5 -  partial tp {0: tensor(202), 1: tensor(142)},fn {0: tensor(548), 1: tensor(8)},fp {0: tensor(8), 1: tensor(548)}
INFO:root:TEST batch 2 / 5 - measures partial microavg - precision 0.3822 - recall 0.3822 - f1 0.3822 
INFO:root:TEST batch 2 / 5 - measures partial for class 0 - precision 0.9619 - recall 0.2693 - f1 0.4208 
INFO:root:TEST batch 2 / 5 - measures partial for class 1 - precision 0.2058 - recall 0.9467 - f1 0.3381 
INFO:root:TEST batch 2 / 5 - Batch time 0 
INFO:root:TEST batch 3 / 5 - partial error 0.6919 - partial loss 0.1431 - partial MRR  0.1219 - partial MAP 0.2117
INFO:root:TEST batch 3 / 5 -  partial tp {0: tensor(116), 1: tensor(156)},fn {0: tensor(624), 1: tensor(4)},fp {0: tensor(4), 1: tensor(624)}
INFO:root:TEST batch 3 / 5 - measures partial microavg - precision 0.3022 - recall 0.3022 - f1 0.3022 
INFO:root:TEST batch 3 / 5 - measures partial for class 0 - precision 0.9667 - recall 0.1568 - f1 0.2698 
INFO:root:TEST batch 3 / 5 - measures partial for class 1 - precision 0.2000 - recall 0.9750 - f1 0.3319 
INFO:root:TEST batch 3 / 5 - Batch time 0 
INFO:root:TEST batch 4 / 5 - partial error 0.7075 - partial loss 0.1419 - partial MRR  0.1298 - partial MAP 0.2149
INFO:root:TEST batch 4 / 5 -  partial tp {0: tensor(90), 1: tensor(131)},fn {0: tensor(679), 1: tensor(0)},fp {0: tensor(0), 1: tensor(679)}
INFO:root:TEST batch 4 / 5 - measures partial microavg - precision 0.2456 - recall 0.2456 - f1 0.2456 
INFO:root:TEST batch 4 / 5 - measures partial for class 0 - precision 1.0000 - recall 0.1170 - f1 0.2095 
INFO:root:TEST batch 4 / 5 - measures partial for class 1 - precision 0.1617 - recall 1.0000 - f1 0.2784 
INFO:root:TEST batch 4 / 5 - Batch time 0 
INFO:root:TEST batch 5 / 5 - partial error 0.7196 - partial loss 0.1394 - partial MRR  0.1221 - partial MAP 0.2148
INFO:root:TEST batch 5 / 5 -  partial tp {0: tensor(120), 1: tensor(89)},fn {0: tensor(691), 1: tensor(0)},fp {0: tensor(0), 1: tensor(691)}
INFO:root:TEST batch 5 / 5 - measures partial microavg - precision 0.2322 - recall 0.2322 - f1 0.2322 
INFO:root:TEST batch 5 / 5 - measures partial for class 0 - precision 1.0000 - recall 0.1480 - f1 0.2578 
INFO:root:TEST batch 5 / 5 - measures partial for class 1 - precision 0.1141 - recall 1.0000 - f1 0.2048 
INFO:root:TEST batch 5 / 5 - Batch time 0 
INFO:root:TEST mean losses tensor(0.1394)
INFO:root:TEST mean errors 0.7195555567741394
INFO:root:TEST mean MRR 0.12212204188108444 - mean MAP 0.21479812264442444
INFO:root:TEST tp {0: tensor(653), 1: tensor(609)},fn {0: tensor(3222), 1: tensor(16)},fp {0: tensor(16), 1: tensor(3222)}
INFO:root:TEST measures microavg - precision 0.2804 - recall 0.2804 - f1 0.2804 
INFO:root:TEST measures for class 0 - precision 0.9761 - recall 0.1685 - f1 0.2874 
INFO:root:TEST measures for class 1 - precision 0.1590 - recall 0.9744 - f1 0.2733 
INFO:root:TEST measures@10 microavg - precision 0.6500 - recall 0.0144 - f1 0.0283 
INFO:root:TEST measures@10 for class 0 - precision 1.0000 - recall 0.0129 - f1 0.0255 
INFO:root:TEST measures@10 for class 1 - precision 0.3000 - recall 0.0240 - f1 0.0444 
INFO:root:TEST measures@100 microavg - precision 0.6030 - recall 0.1327 - f1 0.2175 
INFO:root:TEST measures@100 for class 0 - precision 0.9857 - recall 0.1246 - f1 0.2213 
INFO:root:TEST measures@100 for class 1 - precision 0.2280 - recall 0.1824 - f1 0.2027 
INFO:root:TEST measures@1000 microavg - precision 0.2804 - recall 0.2804 - f1 0.2804 
INFO:root:TEST measures@1000 for class 0 - precision 0.9761 - recall 0.1685 - f1 0.2874 
INFO:root:TEST measures@1000 for class 1 - precision 0.1590 - recall 0.9744 - f1 0.2733 
INFO:root:TEST Total epoch time: 0.18186890000652056
