INFO:root:*** PARAMETERS ***
INFO:root:{'adj_mat_time_window': 1,
 'class_weights': [0.1, 0.9],
 'comments': ['comments'],
 'data': 'sbm50',
 'data_loading_params': {'batch_size': 1, 'num_workers': 0},
 'dev_proportion': 0.1,
 'device': 'cpu',
 'early_stop_patience': 50,
 'eval_after_epochs': 5,
 'gcn_parameters': {'cls_feats': 100,
                    'cls_feats_max': 800,
                    'cls_feats_min': 100,
                    'feats_per_node': 100,
                    'feats_per_node_max': 256,
                    'feats_per_node_min': 50,
                    'k_top_grcu': 200,
                    'layer_1_feats': 100,
                    'layer_1_feats_max': 200,
                    'layer_1_feats_min': 10,
                    'layer_2_feats': 100,
                    'layer_2_feats_same_as_l1': True,
                    'lstm_l1_feats': 100,
                    'lstm_l1_feats_max': 200,
                    'lstm_l1_feats_min': 10,
                    'lstm_l1_layers': 1,
                    'lstm_l2_feats': 100,
                    'lstm_l2_feats_same_as_l1': True,
                    'lstm_l2_layers': 1,
                    'num_layers': 2},
 'learning_rate': 0.005,
 'learning_rate_max': 0.1,
 'learning_rate_min': 0.0001,
 'model': 'egcn_o',
 'negative_mult_test': 100,
 'negative_mult_training': 50,
 'num_epochs': 10,
 'num_hist_steps': 5,
 'num_hist_steps_max': 10,
 'num_hist_steps_min': 1,
 'rank': 0,
 'save_node_embeddings': False,
 'sbm50_args': {'aggr_time': 1,
                'edges_file': 'adj_monthly_sparse.csv',
                'feats_per_node': 3,
                'folder': './data/'},
 'sbm_args': <utils.Namespace object at 0x7f44724ad128>,
 'seed': 1234,
 'smart_neg_sampling': True,
 'steps_accum_gradients': 1,
 'target_class': 1,
 'target_measure': 'MAP',
 'task': 'link_pred',
 'train_proportion': 0.7,
 'use_1_hot_node_feats': True,
 'use_2_hot_node_feats': False,
 'use_cuda': False,
 'use_logfile': True,
 'wsize': 1}
INFO:root:
INFO:root:################ TRAIN epoch 0 ###################
INFO:root:TRAIN mean losses tensor(0.1996)
INFO:root:TRAIN mean errors 0.6446748375892639
INFO:root:TRAIN mean MRR 0.0 - mean MAP 0.4635918438434601
INFO:root:TRAIN tp {0: tensor(604), 1: tensor(2789)},fn {0: tensor(5883), 1: tensor(273)},fp {0: tensor(273), 1: tensor(5883)}
INFO:root:TRAIN measures microavg - precision 0.3553 - recall 0.3553 - f1 0.3553 
INFO:root:TRAIN measures for class 0 - precision 0.6887 - recall 0.0931 - f1 0.1640 
INFO:root:TRAIN measures for class 1 - precision 0.3216 - recall 0.9108 - f1 0.4754 
INFO:root:TRAIN measures@10 microavg - precision 0.7818 - recall 0.0090 - f1 0.0178 
INFO:root:TRAIN measures@10 for class 0 - precision 0.6000 - recall 0.0009 - f1 0.0018 
INFO:root:TRAIN measures@10 for class 1 - precision 0.8000 - recall 0.0261 - f1 0.0506 
INFO:root:TRAIN measures@100 microavg - precision 0.5509 - recall 0.0635 - f1 0.1138 
INFO:root:TRAIN measures@100 for class 0 - precision 0.4900 - recall 0.0076 - f1 0.0149 
INFO:root:TRAIN measures@100 for class 1 - precision 0.5570 - recall 0.1819 - f1 0.2742 
INFO:root:TRAIN measures@1000 microavg - precision 0.3553 - recall 0.3553 - f1 0.3553 
INFO:root:TRAIN measures@1000 for class 0 - precision 0.6887 - recall 0.0931 - f1 0.1640 
INFO:root:TRAIN measures@1000 for class 1 - precision 0.3216 - recall 0.9108 - f1 0.4754 
INFO:root:TRAIN Total epoch time: 1.1732526000050711
INFO:root:################ TRAIN epoch 1 ###################
INFO:root:TRAIN mean losses tensor(0.1995)
INFO:root:TRAIN mean errors 0.6793381571769714
INFO:root:TRAIN mean MRR 0.0 - mean MAP 0.5124631524085999
INFO:root:TRAIN tp {0: tensor(0), 1: tensor(3062)},fn {0: tensor(6487), 1: tensor(0)},fp {0: tensor(0), 1: tensor(6487)}
INFO:root:TRAIN measures microavg - precision 0.3207 - recall 0.3207 - f1 0.3207 
INFO:root:TRAIN measures for class 0 - precision 0.0000 - recall 0.0000 - f1 0.0000 
INFO:root:TRAIN measures for class 1 - precision 0.3207 - recall 1.0000 - f1 0.4856 
INFO:root:TRAIN measures@10 microavg - precision 0.8091 - recall 0.0093 - f1 0.0184 
INFO:root:TRAIN measures@10 for class 0 - precision 0.0000 - recall 0.0000 - f1 0.0000 
INFO:root:TRAIN measures@10 for class 1 - precision 0.8091 - recall 0.0291 - f1 0.0561 
INFO:root:TRAIN measures@100 microavg - precision 0.5873 - recall 0.0677 - f1 0.1213 
INFO:root:TRAIN measures@100 for class 0 - precision 0.0000 - recall 0.0000 - f1 0.0000 
INFO:root:TRAIN measures@100 for class 1 - precision 0.5873 - recall 0.2110 - f1 0.3104 
INFO:root:TRAIN measures@1000 microavg - precision 0.3207 - recall 0.3207 - f1 0.3207 
INFO:root:TRAIN measures@1000 for class 0 - precision 0.0000 - recall 0.0000 - f1 0.0000 
INFO:root:TRAIN measures@1000 for class 1 - precision 0.3207 - recall 1.0000 - f1 0.4856 
INFO:root:TRAIN Total epoch time: 1.6874296000023605
INFO:root:################ TRAIN epoch 2 ###################
INFO:root:TRAIN mean losses tensor(0.2056)
INFO:root:TRAIN mean errors 0.6793045401573181
INFO:root:TRAIN mean MRR 0.0 - mean MAP 0.5365672707557678
INFO:root:TRAIN tp {0: tensor(0), 1: tensor(3062)},fn {0: tensor(6486), 1: tensor(0)},fp {0: tensor(0), 1: tensor(6486)}
INFO:root:TRAIN measures microavg - precision 0.3207 - recall 0.3207 - f1 0.3207 
INFO:root:TRAIN measures for class 0 - precision 0.0000 - recall 0.0000 - f1 0.0000 
INFO:root:TRAIN measures for class 1 - precision 0.3207 - recall 1.0000 - f1 0.4856 
INFO:root:TRAIN measures@10 microavg - precision 0.7818 - recall 0.0090 - f1 0.0178 
INFO:root:TRAIN measures@10 for class 0 - precision 0.0000 - recall 0.0000 - f1 0.0000 
INFO:root:TRAIN measures@10 for class 1 - precision 0.7818 - recall 0.0281 - f1 0.0542 
INFO:root:TRAIN measures@100 microavg - precision 0.6382 - recall 0.0735 - f1 0.1319 
INFO:root:TRAIN measures@100 for class 0 - precision 0.0000 - recall 0.0000 - f1 0.0000 
INFO:root:TRAIN measures@100 for class 1 - precision 0.6382 - recall 0.2293 - f1 0.3373 
INFO:root:TRAIN measures@1000 microavg - precision 0.3207 - recall 0.3207 - f1 0.3207 
INFO:root:TRAIN measures@1000 for class 0 - precision 0.0000 - recall 0.0000 - f1 0.0000 
INFO:root:TRAIN measures@1000 for class 1 - precision 0.3207 - recall 1.0000 - f1 0.4856 
INFO:root:TRAIN Total epoch time: 1.3805704999977024
INFO:root:################ TRAIN epoch 3 ###################
INFO:root:TRAIN mean losses tensor(0.1841)
INFO:root:TRAIN mean errors 0.67937171459198
INFO:root:TRAIN mean MRR 0.0 - mean MAP 0.5439909100532532
INFO:root:TRAIN tp {0: tensor(0), 1: tensor(3062)},fn {0: tensor(6488), 1: tensor(0)},fp {0: tensor(0), 1: tensor(6488)}
INFO:root:TRAIN measures microavg - precision 0.3206 - recall 0.3206 - f1 0.3206 
INFO:root:TRAIN measures for class 0 - precision 0.0000 - recall 0.0000 - f1 0.0000 
INFO:root:TRAIN measures for class 1 - precision 0.3206 - recall 1.0000 - f1 0.4856 
INFO:root:TRAIN measures@10 microavg - precision 0.8636 - recall 0.0099 - f1 0.0197 
INFO:root:TRAIN measures@10 for class 0 - precision 0.0000 - recall 0.0000 - f1 0.0000 
INFO:root:TRAIN measures@10 for class 1 - precision 0.8636 - recall 0.0310 - f1 0.0599 
INFO:root:TRAIN measures@100 microavg - precision 0.6418 - recall 0.0739 - f1 0.1326 
INFO:root:TRAIN measures@100 for class 0 - precision 0.0000 - recall 0.0000 - f1 0.0000 
INFO:root:TRAIN measures@100 for class 1 - precision 0.6418 - recall 0.2306 - f1 0.3393 
INFO:root:TRAIN measures@1000 microavg - precision 0.3206 - recall 0.3206 - f1 0.3206 
INFO:root:TRAIN measures@1000 for class 0 - precision 0.0000 - recall 0.0000 - f1 0.0000 
INFO:root:TRAIN measures@1000 for class 1 - precision 0.3206 - recall 1.0000 - f1 0.4856 
INFO:root:TRAIN Total epoch time: 1.3983342999999877
INFO:root:################ TRAIN epoch 4 ###################
INFO:root:TRAIN mean losses tensor(0.1893)
INFO:root:TRAIN mean errors 0.6793381571769714
INFO:root:TRAIN mean MRR 0.0 - mean MAP 0.505003035068512
INFO:root:TRAIN tp {0: tensor(0), 1: tensor(3062)},fn {0: tensor(6487), 1: tensor(0)},fp {0: tensor(0), 1: tensor(6487)}
INFO:root:TRAIN measures microavg - precision 0.3207 - recall 0.3207 - f1 0.3207 
INFO:root:TRAIN measures for class 0 - precision 0.0000 - recall 0.0000 - f1 0.0000 
INFO:root:TRAIN measures for class 1 - precision 0.3207 - recall 1.0000 - f1 0.4856 
INFO:root:TRAIN measures@10 microavg - precision 0.7273 - recall 0.0084 - f1 0.0166 
INFO:root:TRAIN measures@10 for class 0 - precision 0.0000 - recall 0.0000 - f1 0.0000 
INFO:root:TRAIN measures@10 for class 1 - precision 0.7273 - recall 0.0261 - f1 0.0504 
INFO:root:TRAIN measures@100 microavg - precision 0.6155 - recall 0.0709 - f1 0.1271 
INFO:root:TRAIN measures@100 for class 0 - precision 0.0000 - recall 0.0000 - f1 0.0000 
INFO:root:TRAIN measures@100 for class 1 - precision 0.6155 - recall 0.2211 - f1 0.3253 
INFO:root:TRAIN measures@1000 microavg - precision 0.3207 - recall 0.3207 - f1 0.3207 
INFO:root:TRAIN measures@1000 for class 0 - precision 0.0000 - recall 0.0000 - f1 0.0000 
INFO:root:TRAIN measures@1000 for class 1 - precision 0.3207 - recall 1.0000 - f1 0.4856 
INFO:root:TRAIN Total epoch time: 1.1562419999972917
INFO:root:################ TRAIN epoch 5 ###################
INFO:root:TRAIN mean losses tensor(0.1800)
INFO:root:TRAIN mean errors 0.67937171459198
INFO:root:TRAIN mean MRR 0.0 - mean MAP 0.553712785243988
INFO:root:TRAIN tp {0: tensor(0), 1: tensor(3062)},fn {0: tensor(6488), 1: tensor(0)},fp {0: tensor(0), 1: tensor(6488)}
INFO:root:TRAIN measures microavg - precision 0.3206 - recall 0.3206 - f1 0.3206 
INFO:root:TRAIN measures for class 0 - precision 0.0000 - recall 0.0000 - f1 0.0000 
INFO:root:TRAIN measures for class 1 - precision 0.3206 - recall 1.0000 - f1 0.4856 
INFO:root:TRAIN measures@10 microavg - precision 0.8182 - recall 0.0094 - f1 0.0186 
INFO:root:TRAIN measures@10 for class 0 - precision 0.0000 - recall 0.0000 - f1 0.0000 
INFO:root:TRAIN measures@10 for class 1 - precision 0.8182 - recall 0.0294 - f1 0.0567 
INFO:root:TRAIN measures@100 microavg - precision 0.6773 - recall 0.0780 - f1 0.1399 
INFO:root:TRAIN measures@100 for class 0 - precision 0.0000 - recall 0.0000 - f1 0.0000 
INFO:root:TRAIN measures@100 for class 1 - precision 0.6773 - recall 0.2433 - f1 0.3580 
INFO:root:TRAIN measures@1000 microavg - precision 0.3206 - recall 0.3206 - f1 0.3206 
INFO:root:TRAIN measures@1000 for class 0 - precision 0.0000 - recall 0.0000 - f1 0.0000 
INFO:root:TRAIN measures@1000 for class 1 - precision 0.3206 - recall 1.0000 - f1 0.4856 
INFO:root:TRAIN Total epoch time: 1.4674481999973068
INFO:root:################ TRAIN epoch 6 ###################
INFO:root:TRAIN mean losses tensor(0.1675)
INFO:root:TRAIN mean errors 0.6793381571769714
INFO:root:TRAIN mean MRR 0.0 - mean MAP 0.5477684736251831
INFO:root:TRAIN tp {0: tensor(0), 1: tensor(3062)},fn {0: tensor(6487), 1: tensor(0)},fp {0: tensor(0), 1: tensor(6487)}
INFO:root:TRAIN measures microavg - precision 0.3207 - recall 0.3207 - f1 0.3207 
INFO:root:TRAIN measures for class 0 - precision 0.0000 - recall 0.0000 - f1 0.0000 
INFO:root:TRAIN measures for class 1 - precision 0.3207 - recall 1.0000 - f1 0.4856 
INFO:root:TRAIN measures@10 microavg - precision 0.8182 - recall 0.0094 - f1 0.0186 
INFO:root:TRAIN measures@10 for class 0 - precision 0.0000 - recall 0.0000 - f1 0.0000 
INFO:root:TRAIN measures@10 for class 1 - precision 0.8182 - recall 0.0294 - f1 0.0567 
INFO:root:TRAIN measures@100 microavg - precision 0.6827 - recall 0.0786 - f1 0.1410 
INFO:root:TRAIN measures@100 for class 0 - precision 0.0000 - recall 0.0000 - f1 0.0000 
INFO:root:TRAIN measures@100 for class 1 - precision 0.6827 - recall 0.2453 - f1 0.3609 
INFO:root:TRAIN measures@1000 microavg - precision 0.3207 - recall 0.3207 - f1 0.3207 
INFO:root:TRAIN measures@1000 for class 0 - precision 0.0000 - recall 0.0000 - f1 0.0000 
INFO:root:TRAIN measures@1000 for class 1 - precision 0.3207 - recall 1.0000 - f1 0.4856 
INFO:root:TRAIN Total epoch time: 1.5976902000038535
INFO:root:################ VALID epoch 6 ###################
INFO:root:VALID mean losses tensor(0.1519)
INFO:root:VALID mean errors 0.8572221994400024
INFO:root:VALID mean MRR 0.14545464515686035 - mean MAP 0.28993839025497437
INFO:root:VALID tp {0: tensor(0), 1: tensor(257)},fn {0: tensor(1543), 1: tensor(0)},fp {0: tensor(0), 1: tensor(1543)}
INFO:root:VALID measures microavg - precision 0.1428 - recall 0.1428 - f1 0.1428 
INFO:root:VALID measures for class 0 - precision 0.0000 - recall 0.0000 - f1 0.0000 
INFO:root:VALID measures for class 1 - precision 0.1428 - recall 1.0000 - f1 0.2499 
INFO:root:VALID measures@10 microavg - precision 0.3500 - recall 0.0039 - f1 0.0077 
INFO:root:VALID measures@10 for class 0 - precision 0.0000 - recall 0.0000 - f1 0.0000 
INFO:root:VALID measures@10 for class 1 - precision 0.3500 - recall 0.0272 - f1 0.0505 
INFO:root:VALID measures@100 microavg - precision 0.3900 - recall 0.0433 - f1 0.0780 
INFO:root:VALID measures@100 for class 0 - precision 0.0000 - recall 0.0000 - f1 0.0000 
INFO:root:VALID measures@100 for class 1 - precision 0.3900 - recall 0.3035 - f1 0.3414 
INFO:root:VALID measures@1000 microavg - precision 0.1428 - recall 0.1428 - f1 0.1428 
INFO:root:VALID measures@1000 for class 0 - precision 0.0000 - recall 0.0000 - f1 0.0000 
INFO:root:VALID measures@1000 for class 1 - precision 0.1428 - recall 1.0000 - f1 0.2499 
INFO:root:VALID Total epoch time: 0.1226639000014984
INFO:root:################ TEST epoch 6 ###################
INFO:root:TEST batch 1 / 5 - partial error 0.8944 - partial loss 0.1479 - partial MRR  0.0851 - partial MAP 0.2049
INFO:root:TEST batch 1 / 5 -  partial tp {0: tensor(0), 1: tensor(95)},fn {0: tensor(805), 1: tensor(0)},fp {0: tensor(0), 1: tensor(805)}
INFO:root:TEST batch 1 / 5 - measures partial microavg - precision 0.1056 - recall 0.1056 - f1 0.1056 
INFO:root:TEST batch 1 / 5 - measures partial for class 0 - precision 0.0000 - recall 0.0000 - f1 0.0000 
INFO:root:TEST batch 1 / 5 - measures partial for class 1 - precision 0.1056 - recall 1.0000 - f1 0.1910 
INFO:root:TEST batch 1 / 5 - Batch time 0 
INFO:root:TEST batch 2 / 5 - partial error 0.8639 - partial loss 0.1511 - partial MRR  0.0909 - partial MAP 0.2285
INFO:root:TEST batch 2 / 5 -  partial tp {0: tensor(0), 1: tensor(150)},fn {0: tensor(750), 1: tensor(0)},fp {0: tensor(0), 1: tensor(750)}
INFO:root:TEST batch 2 / 5 - measures partial microavg - precision 0.1667 - recall 0.1667 - f1 0.1667 
INFO:root:TEST batch 2 / 5 - measures partial for class 0 - precision 0.0000 - recall 0.0000 - f1 0.0000 
INFO:root:TEST batch 2 / 5 - measures partial for class 1 - precision 0.1667 - recall 1.0000 - f1 0.2857 
INFO:root:TEST batch 2 / 5 - Batch time 0 
INFO:root:TEST batch 3 / 5 - partial error 0.8500 - partial loss 0.1529 - partial MRR  0.0963 - partial MAP 0.2275
INFO:root:TEST batch 3 / 5 -  partial tp {0: tensor(0), 1: tensor(160)},fn {0: tensor(740), 1: tensor(0)},fp {0: tensor(0), 1: tensor(740)}
INFO:root:TEST batch 3 / 5 - measures partial microavg - precision 0.1778 - recall 0.1778 - f1 0.1778 
INFO:root:TEST batch 3 / 5 - measures partial for class 0 - precision 0.0000 - recall 0.0000 - f1 0.0000 
INFO:root:TEST batch 3 / 5 - measures partial for class 1 - precision 0.1778 - recall 1.0000 - f1 0.3019 
INFO:root:TEST batch 3 / 5 - Batch time 0 
INFO:root:TEST batch 4 / 5 - partial error 0.8511 - partial loss 0.1529 - partial MRR  0.0957 - partial MAP 0.2243
INFO:root:TEST batch 4 / 5 -  partial tp {0: tensor(0), 1: tensor(131)},fn {0: tensor(769), 1: tensor(0)},fp {0: tensor(0), 1: tensor(769)}
INFO:root:TEST batch 4 / 5 - measures partial microavg - precision 0.1456 - recall 0.1456 - f1 0.1456 
INFO:root:TEST batch 4 / 5 - measures partial for class 0 - precision 0.0000 - recall 0.0000 - f1 0.0000 
INFO:root:TEST batch 4 / 5 - measures partial for class 1 - precision 0.1456 - recall 1.0000 - f1 0.2541 
INFO:root:TEST batch 4 / 5 - Batch time 0 
INFO:root:TEST batch 5 / 5 - partial error 0.8611 - partial loss 0.1519 - partial MRR  0.1079 - partial MAP 0.2199
INFO:root:TEST batch 5 / 5 -  partial tp {0: tensor(0), 1: tensor(89)},fn {0: tensor(811), 1: tensor(0)},fp {0: tensor(0), 1: tensor(811)}
INFO:root:TEST batch 5 / 5 - measures partial microavg - precision 0.0989 - recall 0.0989 - f1 0.0989 
INFO:root:TEST batch 5 / 5 - measures partial for class 0 - precision 0.0000 - recall 0.0000 - f1 0.0000 
INFO:root:TEST batch 5 / 5 - measures partial for class 1 - precision 0.0989 - recall 1.0000 - f1 0.1800 
INFO:root:TEST batch 5 / 5 - Batch time 0 
INFO:root:TEST mean losses tensor(0.1519)
INFO:root:TEST mean errors 0.8611111044883728
INFO:root:TEST mean MRR 0.10789423435926437 - mean MAP 0.21985319256782532
INFO:root:TEST tp {0: tensor(0), 1: tensor(625)},fn {0: tensor(3875), 1: tensor(0)},fp {0: tensor(0), 1: tensor(3875)}
INFO:root:TEST measures microavg - precision 0.1389 - recall 0.1389 - f1 0.1389 
INFO:root:TEST measures for class 0 - precision 0.0000 - recall 0.0000 - f1 0.0000 
INFO:root:TEST measures for class 1 - precision 0.1389 - recall 1.0000 - f1 0.2439 
INFO:root:TEST measures@10 microavg - precision 0.1600 - recall 0.0018 - f1 0.0035 
INFO:root:TEST measures@10 for class 0 - precision 0.0000 - recall 0.0000 - f1 0.0000 
INFO:root:TEST measures@10 for class 1 - precision 0.1600 - recall 0.0128 - f1 0.0237 
INFO:root:TEST measures@100 microavg - precision 0.2540 - recall 0.0282 - f1 0.0508 
INFO:root:TEST measures@100 for class 0 - precision 0.0000 - recall 0.0000 - f1 0.0000 
INFO:root:TEST measures@100 for class 1 - precision 0.2540 - recall 0.2032 - f1 0.2258 
INFO:root:TEST measures@1000 microavg - precision 0.1389 - recall 0.1389 - f1 0.1389 
INFO:root:TEST measures@1000 for class 0 - precision 0.0000 - recall 0.0000 - f1 0.0000 
INFO:root:TEST measures@1000 for class 1 - precision 0.1389 - recall 1.0000 - f1 0.2439 
INFO:root:TEST Total epoch time: 0.18673750000016298
INFO:root:################ TRAIN epoch 7 ###################
INFO:root:TRAIN mean losses tensor(0.1671)
INFO:root:TRAIN mean errors 0.67937171459198
INFO:root:TRAIN mean MRR 0.0 - mean MAP 0.5258586406707764
INFO:root:TRAIN tp {0: tensor(0), 1: tensor(3062)},fn {0: tensor(6488), 1: tensor(0)},fp {0: tensor(0), 1: tensor(6488)}
INFO:root:TRAIN measures microavg - precision 0.3206 - recall 0.3206 - f1 0.3206 
INFO:root:TRAIN measures for class 0 - precision 0.0000 - recall 0.0000 - f1 0.0000 
INFO:root:TRAIN measures for class 1 - precision 0.3206 - recall 1.0000 - f1 0.4856 
INFO:root:TRAIN measures@10 microavg - precision 0.7727 - recall 0.0089 - f1 0.0176 
INFO:root:TRAIN measures@10 for class 0 - precision 0.0000 - recall 0.0000 - f1 0.0000 
INFO:root:TRAIN measures@10 for class 1 - precision 0.7727 - recall 0.0278 - f1 0.0536 
INFO:root:TRAIN measures@100 microavg - precision 0.6555 - recall 0.0755 - f1 0.1354 
INFO:root:TRAIN measures@100 for class 0 - precision 0.0000 - recall 0.0000 - f1 0.0000 
INFO:root:TRAIN measures@100 for class 1 - precision 0.6555 - recall 0.2355 - f1 0.3465 
INFO:root:TRAIN measures@1000 microavg - precision 0.3206 - recall 0.3206 - f1 0.3206 
INFO:root:TRAIN measures@1000 for class 0 - precision 0.0000 - recall 0.0000 - f1 0.0000 
INFO:root:TRAIN measures@1000 for class 1 - precision 0.3206 - recall 1.0000 - f1 0.4856 
INFO:root:TRAIN Total epoch time: 1.4106683999998495
INFO:root:################ VALID epoch 7 ###################
INFO:root:VALID mean losses tensor(0.1543)
INFO:root:VALID mean errors 0.8572221994400024
INFO:root:VALID mean MRR 0.12950946390628815 - mean MAP 0.3112739324569702
INFO:root:VALID tp {0: tensor(0), 1: tensor(257)},fn {0: tensor(1543), 1: tensor(0)},fp {0: tensor(0), 1: tensor(1543)}
INFO:root:VALID measures microavg - precision 0.1428 - recall 0.1428 - f1 0.1428 
INFO:root:VALID measures for class 0 - precision 0.0000 - recall 0.0000 - f1 0.0000 
INFO:root:VALID measures for class 1 - precision 0.1428 - recall 1.0000 - f1 0.2499 
INFO:root:VALID measures@10 microavg - precision 0.4000 - recall 0.0044 - f1 0.0088 
INFO:root:VALID measures@10 for class 0 - precision 0.0000 - recall 0.0000 - f1 0.0000 
INFO:root:VALID measures@10 for class 1 - precision 0.4000 - recall 0.0311 - f1 0.0578 
INFO:root:VALID measures@100 microavg - precision 0.4150 - recall 0.0461 - f1 0.0830 
INFO:root:VALID measures@100 for class 0 - precision 0.0000 - recall 0.0000 - f1 0.0000 
INFO:root:VALID measures@100 for class 1 - precision 0.4150 - recall 0.3230 - f1 0.3632 
INFO:root:VALID measures@1000 microavg - precision 0.1428 - recall 0.1428 - f1 0.1428 
INFO:root:VALID measures@1000 for class 0 - precision 0.0000 - recall 0.0000 - f1 0.0000 
INFO:root:VALID measures@1000 for class 1 - precision 0.1428 - recall 1.0000 - f1 0.2499 
INFO:root:VALID Total epoch time: 0.075432899997395
INFO:root:################ TEST epoch 7 ###################
INFO:root:TEST batch 1 / 5 - partial error 0.8944 - partial loss 0.1514 - partial MRR  0.1477 - partial MAP 0.2060
INFO:root:TEST batch 1 / 5 -  partial tp {0: tensor(0), 1: tensor(95)},fn {0: tensor(805), 1: tensor(0)},fp {0: tensor(0), 1: tensor(805)}
INFO:root:TEST batch 1 / 5 - measures partial microavg - precision 0.1056 - recall 0.1056 - f1 0.1056 
INFO:root:TEST batch 1 / 5 - measures partial for class 0 - precision 0.0000 - recall 0.0000 - f1 0.0000 
INFO:root:TEST batch 1 / 5 - measures partial for class 1 - precision 0.1056 - recall 1.0000 - f1 0.1910 
INFO:root:TEST batch 1 / 5 - Batch time 0 
INFO:root:TEST batch 2 / 5 - partial error 0.8639 - partial loss 0.1533 - partial MRR  0.1277 - partial MAP 0.2380
INFO:root:TEST batch 2 / 5 -  partial tp {0: tensor(0), 1: tensor(150)},fn {0: tensor(750), 1: tensor(0)},fp {0: tensor(0), 1: tensor(750)}
INFO:root:TEST batch 2 / 5 - measures partial microavg - precision 0.1667 - recall 0.1667 - f1 0.1667 
INFO:root:TEST batch 2 / 5 - measures partial for class 0 - precision 0.0000 - recall 0.0000 - f1 0.0000 
INFO:root:TEST batch 2 / 5 - measures partial for class 1 - precision 0.1667 - recall 1.0000 - f1 0.2857 
INFO:root:TEST batch 2 / 5 - Batch time 0 
INFO:root:TEST batch 3 / 5 - partial error 0.8500 - partial loss 0.1545 - partial MRR  0.1181 - partial MAP 0.2550
INFO:root:TEST batch 3 / 5 -  partial tp {0: tensor(0), 1: tensor(160)},fn {0: tensor(740), 1: tensor(0)},fp {0: tensor(0), 1: tensor(740)}
INFO:root:TEST batch 3 / 5 - measures partial microavg - precision 0.1778 - recall 0.1778 - f1 0.1778 
INFO:root:TEST batch 3 / 5 - measures partial for class 0 - precision 0.0000 - recall 0.0000 - f1 0.0000 
INFO:root:TEST batch 3 / 5 - measures partial for class 1 - precision 0.1778 - recall 1.0000 - f1 0.3019 
INFO:root:TEST batch 3 / 5 - Batch time 0 
INFO:root:TEST batch 4 / 5 - partial error 0.8511 - partial loss 0.1545 - partial MRR  0.1197 - partial MAP 0.2618
INFO:root:TEST batch 4 / 5 -  partial tp {0: tensor(0), 1: tensor(131)},fn {0: tensor(769), 1: tensor(0)},fp {0: tensor(0), 1: tensor(769)}
INFO:root:TEST batch 4 / 5 - measures partial microavg - precision 0.1456 - recall 0.1456 - f1 0.1456 
INFO:root:TEST batch 4 / 5 - measures partial for class 0 - precision 0.0000 - recall 0.0000 - f1 0.0000 
INFO:root:TEST batch 4 / 5 - measures partial for class 1 - precision 0.1456 - recall 1.0000 - f1 0.2541 
INFO:root:TEST batch 4 / 5 - Batch time 0 
INFO:root:TEST batch 5 / 5 - partial error 0.8611 - partial loss 0.1538 - partial MRR  0.1129 - partial MAP 0.2623
INFO:root:TEST batch 5 / 5 -  partial tp {0: tensor(0), 1: tensor(89)},fn {0: tensor(811), 1: tensor(0)},fp {0: tensor(0), 1: tensor(811)}
INFO:root:TEST batch 5 / 5 - measures partial microavg - precision 0.0989 - recall 0.0989 - f1 0.0989 
INFO:root:TEST batch 5 / 5 - measures partial for class 0 - precision 0.0000 - recall 0.0000 - f1 0.0000 
INFO:root:TEST batch 5 / 5 - measures partial for class 1 - precision 0.0989 - recall 1.0000 - f1 0.1800 
INFO:root:TEST batch 5 / 5 - Batch time 0 
INFO:root:TEST mean losses tensor(0.1538)
INFO:root:TEST mean errors 0.8611111044883728
INFO:root:TEST mean MRR 0.11290009319782257 - mean MAP 0.2623251974582672
INFO:root:TEST tp {0: tensor(0), 1: tensor(625)},fn {0: tensor(3875), 1: tensor(0)},fp {0: tensor(0), 1: tensor(3875)}
INFO:root:TEST measures microavg - precision 0.1389 - recall 0.1389 - f1 0.1389 
INFO:root:TEST measures for class 0 - precision 0.0000 - recall 0.0000 - f1 0.0000 
INFO:root:TEST measures for class 1 - precision 0.1389 - recall 1.0000 - f1 0.2439 
INFO:root:TEST measures@10 microavg - precision 0.4600 - recall 0.0051 - f1 0.0101 
INFO:root:TEST measures@10 for class 0 - precision 0.0000 - recall 0.0000 - f1 0.0000 
INFO:root:TEST measures@10 for class 1 - precision 0.4600 - recall 0.0368 - f1 0.0681 
INFO:root:TEST measures@100 microavg - precision 0.2940 - recall 0.0327 - f1 0.0588 
INFO:root:TEST measures@100 for class 0 - precision 0.0000 - recall 0.0000 - f1 0.0000 
INFO:root:TEST measures@100 for class 1 - precision 0.2940 - recall 0.2352 - f1 0.2613 
INFO:root:TEST measures@1000 microavg - precision 0.1389 - recall 0.1389 - f1 0.1389 
INFO:root:TEST measures@1000 for class 0 - precision 0.0000 - recall 0.0000 - f1 0.0000 
INFO:root:TEST measures@1000 for class 1 - precision 0.1389 - recall 1.0000 - f1 0.2439 
INFO:root:TEST Total epoch time: 0.202360299997963
INFO:root:################ TRAIN epoch 8 ###################
INFO:root:TRAIN mean losses tensor(0.1665)
INFO:root:TRAIN mean errors 0.6793381571769714
INFO:root:TRAIN mean MRR 0.0 - mean MAP 0.5330708026885986
INFO:root:TRAIN tp {0: tensor(0), 1: tensor(3062)},fn {0: tensor(6487), 1: tensor(0)},fp {0: tensor(0), 1: tensor(6487)}
INFO:root:TRAIN measures microavg - precision 0.3207 - recall 0.3207 - f1 0.3207 
INFO:root:TRAIN measures for class 0 - precision 0.0000 - recall 0.0000 - f1 0.0000 
INFO:root:TRAIN measures for class 1 - precision 0.3207 - recall 1.0000 - f1 0.4856 
INFO:root:TRAIN measures@10 microavg - precision 0.7727 - recall 0.0089 - f1 0.0176 
INFO:root:TRAIN measures@10 for class 0 - precision 0.0000 - recall 0.0000 - f1 0.0000 
INFO:root:TRAIN measures@10 for class 1 - precision 0.7727 - recall 0.0278 - f1 0.0536 
INFO:root:TRAIN measures@100 microavg - precision 0.6491 - recall 0.0748 - f1 0.1341 
INFO:root:TRAIN measures@100 for class 0 - precision 0.0000 - recall 0.0000 - f1 0.0000 
INFO:root:TRAIN measures@100 for class 1 - precision 0.6491 - recall 0.2332 - f1 0.3431 
INFO:root:TRAIN measures@1000 microavg - precision 0.3207 - recall 0.3207 - f1 0.3207 
INFO:root:TRAIN measures@1000 for class 0 - precision 0.0000 - recall 0.0000 - f1 0.0000 
INFO:root:TRAIN measures@1000 for class 1 - precision 0.3207 - recall 1.0000 - f1 0.4856 
INFO:root:TRAIN Total epoch time: 1.465313900000183
INFO:root:################ VALID epoch 8 ###################
INFO:root:VALID mean losses tensor(0.1717)
INFO:root:VALID mean errors 0.8572221994400024
INFO:root:VALID mean MRR 0.12149568647146225 - mean MAP 0.3308061361312866
INFO:root:VALID tp {0: tensor(0), 1: tensor(257)},fn {0: tensor(1543), 1: tensor(0)},fp {0: tensor(0), 1: tensor(1543)}
INFO:root:VALID measures microavg - precision 0.1428 - recall 0.1428 - f1 0.1428 
INFO:root:VALID measures for class 0 - precision 0.0000 - recall 0.0000 - f1 0.0000 
INFO:root:VALID measures for class 1 - precision 0.1428 - recall 1.0000 - f1 0.2499 
INFO:root:VALID measures@10 microavg - precision 0.4000 - recall 0.0044 - f1 0.0088 
INFO:root:VALID measures@10 for class 0 - precision 0.0000 - recall 0.0000 - f1 0.0000 
INFO:root:VALID measures@10 for class 1 - precision 0.4000 - recall 0.0311 - f1 0.0578 
INFO:root:VALID measures@100 microavg - precision 0.4250 - recall 0.0472 - f1 0.0850 
INFO:root:VALID measures@100 for class 0 - precision 0.0000 - recall 0.0000 - f1 0.0000 
INFO:root:VALID measures@100 for class 1 - precision 0.4250 - recall 0.3307 - f1 0.3720 
INFO:root:VALID measures@1000 microavg - precision 0.1428 - recall 0.1428 - f1 0.1428 
INFO:root:VALID measures@1000 for class 0 - precision 0.0000 - recall 0.0000 - f1 0.0000 
INFO:root:VALID measures@1000 for class 1 - precision 0.1428 - recall 1.0000 - f1 0.2499 
INFO:root:VALID Total epoch time: 0.08525349999399623
INFO:root:################ TEST epoch 8 ###################
INFO:root:TEST batch 1 / 5 - partial error 0.8944 - partial loss 0.1691 - partial MRR  0.1759 - partial MAP 0.1654
INFO:root:TEST batch 1 / 5 -  partial tp {0: tensor(0), 1: tensor(95)},fn {0: tensor(805), 1: tensor(0)},fp {0: tensor(0), 1: tensor(805)}
INFO:root:TEST batch 1 / 5 - measures partial microavg - precision 0.1056 - recall 0.1056 - f1 0.1056 
INFO:root:TEST batch 1 / 5 - measures partial for class 0 - precision 0.0000 - recall 0.0000 - f1 0.0000 
INFO:root:TEST batch 1 / 5 - measures partial for class 1 - precision 0.1056 - recall 1.0000 - f1 0.1910 
INFO:root:TEST batch 1 / 5 - Batch time 0 
INFO:root:TEST batch 2 / 5 - partial error 0.8639 - partial loss 0.1657 - partial MRR  0.1401 - partial MAP 0.2156
INFO:root:TEST batch 2 / 5 -  partial tp {0: tensor(0), 1: tensor(150)},fn {0: tensor(750), 1: tensor(0)},fp {0: tensor(0), 1: tensor(750)}
INFO:root:TEST batch 2 / 5 - measures partial microavg - precision 0.1667 - recall 0.1667 - f1 0.1667 
INFO:root:TEST batch 2 / 5 - measures partial for class 0 - precision 0.0000 - recall 0.0000 - f1 0.0000 
INFO:root:TEST batch 2 / 5 - measures partial for class 1 - precision 0.1667 - recall 1.0000 - f1 0.2857 
INFO:root:TEST batch 2 / 5 - Batch time 0 
INFO:root:TEST batch 3 / 5 - partial error 0.8500 - partial loss 0.1662 - partial MRR  0.1217 - partial MAP 0.2358
INFO:root:TEST batch 3 / 5 -  partial tp {0: tensor(0), 1: tensor(160)},fn {0: tensor(740), 1: tensor(0)},fp {0: tensor(0), 1: tensor(740)}
INFO:root:TEST batch 3 / 5 - measures partial microavg - precision 0.1778 - recall 0.1778 - f1 0.1778 
INFO:root:TEST batch 3 / 5 - measures partial for class 0 - precision 0.0000 - recall 0.0000 - f1 0.0000 
INFO:root:TEST batch 3 / 5 - measures partial for class 1 - precision 0.1778 - recall 1.0000 - f1 0.3019 
INFO:root:TEST batch 3 / 5 - Batch time 0 
INFO:root:TEST batch 4 / 5 - partial error 0.8511 - partial loss 0.1658 - partial MRR  0.1254 - partial MAP 0.2525
INFO:root:TEST batch 4 / 5 -  partial tp {0: tensor(0), 1: tensor(131)},fn {0: tensor(769), 1: tensor(0)},fp {0: tensor(0), 1: tensor(769)}
INFO:root:TEST batch 4 / 5 - measures partial microavg - precision 0.1456 - recall 0.1456 - f1 0.1456 
INFO:root:TEST batch 4 / 5 - measures partial for class 0 - precision 0.0000 - recall 0.0000 - f1 0.0000 
INFO:root:TEST batch 4 / 5 - measures partial for class 1 - precision 0.1456 - recall 1.0000 - f1 0.2541 
INFO:root:TEST batch 4 / 5 - Batch time 0 
INFO:root:TEST batch 5 / 5 - partial error 0.8611 - partial loss 0.1657 - partial MRR  0.1178 - partial MAP 0.2550
INFO:root:TEST batch 5 / 5 -  partial tp {0: tensor(0), 1: tensor(89)},fn {0: tensor(811), 1: tensor(0)},fp {0: tensor(0), 1: tensor(811)}
INFO:root:TEST batch 5 / 5 - measures partial microavg - precision 0.0989 - recall 0.0989 - f1 0.0989 
INFO:root:TEST batch 5 / 5 - measures partial for class 0 - precision 0.0000 - recall 0.0000 - f1 0.0000 
INFO:root:TEST batch 5 / 5 - measures partial for class 1 - precision 0.0989 - recall 1.0000 - f1 0.1800 
INFO:root:TEST batch 5 / 5 - Batch time 0 
INFO:root:TEST mean losses tensor(0.1657)
INFO:root:TEST mean errors 0.8611111044883728
INFO:root:TEST mean MRR 0.11782228201627731 - mean MAP 0.25498560070991516
INFO:root:TEST tp {0: tensor(0), 1: tensor(625)},fn {0: tensor(3875), 1: tensor(0)},fp {0: tensor(0), 1: tensor(3875)}
INFO:root:TEST measures microavg - precision 0.1389 - recall 0.1389 - f1 0.1389 
INFO:root:TEST measures for class 0 - precision 0.0000 - recall 0.0000 - f1 0.0000 
INFO:root:TEST measures for class 1 - precision 0.1389 - recall 1.0000 - f1 0.2439 
INFO:root:TEST measures@10 microavg - precision 0.4600 - recall 0.0051 - f1 0.0101 
INFO:root:TEST measures@10 for class 0 - precision 0.0000 - recall 0.0000 - f1 0.0000 
INFO:root:TEST measures@10 for class 1 - precision 0.4600 - recall 0.0368 - f1 0.0681 
INFO:root:TEST measures@100 microavg - precision 0.2800 - recall 0.0311 - f1 0.0560 
INFO:root:TEST measures@100 for class 0 - precision 0.0000 - recall 0.0000 - f1 0.0000 
INFO:root:TEST measures@100 for class 1 - precision 0.2800 - recall 0.2240 - f1 0.2489 
INFO:root:TEST measures@1000 microavg - precision 0.1389 - recall 0.1389 - f1 0.1389 
INFO:root:TEST measures@1000 for class 0 - precision 0.0000 - recall 0.0000 - f1 0.0000 
INFO:root:TEST measures@1000 for class 1 - precision 0.1389 - recall 1.0000 - f1 0.2439 
INFO:root:TEST Total epoch time: 0.21064649999607354
INFO:root:################ TRAIN epoch 9 ###################
INFO:root:TRAIN mean losses tensor(0.1646)
INFO:root:TRAIN mean errors 0.67937171459198
INFO:root:TRAIN mean MRR 0.0 - mean MAP 0.5309256315231323
INFO:root:TRAIN tp {0: tensor(0), 1: tensor(3062)},fn {0: tensor(6488), 1: tensor(0)},fp {0: tensor(0), 1: tensor(6488)}
INFO:root:TRAIN measures microavg - precision 0.3206 - recall 0.3206 - f1 0.3206 
INFO:root:TRAIN measures for class 0 - precision 0.0000 - recall 0.0000 - f1 0.0000 
INFO:root:TRAIN measures for class 1 - precision 0.3206 - recall 1.0000 - f1 0.4856 
INFO:root:TRAIN measures@10 microavg - precision 0.7455 - recall 0.0086 - f1 0.0170 
INFO:root:TRAIN measures@10 for class 0 - precision 0.0000 - recall 0.0000 - f1 0.0000 
INFO:root:TRAIN measures@10 for class 1 - precision 0.7455 - recall 0.0268 - f1 0.0517 
INFO:root:TRAIN measures@100 microavg - precision 0.6345 - recall 0.0731 - f1 0.1311 
INFO:root:TRAIN measures@100 for class 0 - precision 0.0000 - recall 0.0000 - f1 0.0000 
INFO:root:TRAIN measures@100 for class 1 - precision 0.6345 - recall 0.2280 - f1 0.3354 
INFO:root:TRAIN measures@1000 microavg - precision 0.3206 - recall 0.3206 - f1 0.3206 
INFO:root:TRAIN measures@1000 for class 0 - precision 0.0000 - recall 0.0000 - f1 0.0000 
INFO:root:TRAIN measures@1000 for class 1 - precision 0.3206 - recall 1.0000 - f1 0.4856 
INFO:root:TRAIN Total epoch time: 1.3708026000022073
INFO:root:################ VALID epoch 9 ###################
INFO:root:VALID mean losses tensor(0.1625)
INFO:root:VALID mean errors 0.8572221994400024
INFO:root:VALID mean MRR 0.12054633349180222 - mean MAP 0.318265438079834
INFO:root:VALID tp {0: tensor(0), 1: tensor(257)},fn {0: tensor(1543), 1: tensor(0)},fp {0: tensor(0), 1: tensor(1543)}
INFO:root:VALID measures microavg - precision 0.1428 - recall 0.1428 - f1 0.1428 
INFO:root:VALID measures for class 0 - precision 0.0000 - recall 0.0000 - f1 0.0000 
INFO:root:VALID measures for class 1 - precision 0.1428 - recall 1.0000 - f1 0.2499 
INFO:root:VALID measures@10 microavg - precision 0.4000 - recall 0.0044 - f1 0.0088 
INFO:root:VALID measures@10 for class 0 - precision 0.0000 - recall 0.0000 - f1 0.0000 
INFO:root:VALID measures@10 for class 1 - precision 0.4000 - recall 0.0311 - f1 0.0578 
INFO:root:VALID measures@100 microavg - precision 0.4050 - recall 0.0450 - f1 0.0810 
INFO:root:VALID measures@100 for class 0 - precision 0.0000 - recall 0.0000 - f1 0.0000 
INFO:root:VALID measures@100 for class 1 - precision 0.4050 - recall 0.3152 - f1 0.3545 
INFO:root:VALID measures@1000 microavg - precision 0.1428 - recall 0.1428 - f1 0.1428 
INFO:root:VALID measures@1000 for class 0 - precision 0.0000 - recall 0.0000 - f1 0.0000 
INFO:root:VALID measures@1000 for class 1 - precision 0.1428 - recall 1.0000 - f1 0.2499 
INFO:root:VALID Total epoch time: 0.11215939999965485
INFO:root:################ TEST epoch 9 ###################
INFO:root:TEST batch 1 / 5 - partial error 0.8944 - partial loss 0.1580 - partial MRR  0.1479 - partial MAP 0.1877
INFO:root:TEST batch 1 / 5 -  partial tp {0: tensor(0), 1: tensor(95)},fn {0: tensor(805), 1: tensor(0)},fp {0: tensor(0), 1: tensor(805)}
INFO:root:TEST batch 1 / 5 - measures partial microavg - precision 0.1056 - recall 0.1056 - f1 0.1056 
INFO:root:TEST batch 1 / 5 - measures partial for class 0 - precision 0.0000 - recall 0.0000 - f1 0.0000 
INFO:root:TEST batch 1 / 5 - measures partial for class 1 - precision 0.1056 - recall 1.0000 - f1 0.1910 
INFO:root:TEST batch 1 / 5 - Batch time 0 
INFO:root:TEST batch 2 / 5 - partial error 0.8639 - partial loss 0.1568 - partial MRR  0.1258 - partial MAP 0.2250
INFO:root:TEST batch 2 / 5 -  partial tp {0: tensor(0), 1: tensor(150)},fn {0: tensor(750), 1: tensor(0)},fp {0: tensor(0), 1: tensor(750)}
INFO:root:TEST batch 2 / 5 - measures partial microavg - precision 0.1667 - recall 0.1667 - f1 0.1667 
INFO:root:TEST batch 2 / 5 - measures partial for class 0 - precision 0.0000 - recall 0.0000 - f1 0.0000 
INFO:root:TEST batch 2 / 5 - measures partial for class 1 - precision 0.1667 - recall 1.0000 - f1 0.2857 
INFO:root:TEST batch 2 / 5 - Batch time 0 
INFO:root:TEST batch 3 / 5 - partial error 0.8500 - partial loss 0.1576 - partial MRR  0.1198 - partial MAP 0.2374
INFO:root:TEST batch 3 / 5 -  partial tp {0: tensor(0), 1: tensor(160)},fn {0: tensor(740), 1: tensor(0)},fp {0: tensor(0), 1: tensor(740)}
INFO:root:TEST batch 3 / 5 - measures partial microavg - precision 0.1778 - recall 0.1778 - f1 0.1778 
INFO:root:TEST batch 3 / 5 - measures partial for class 0 - precision 0.0000 - recall 0.0000 - f1 0.0000 
INFO:root:TEST batch 3 / 5 - measures partial for class 1 - precision 0.1778 - recall 1.0000 - f1 0.3019 
INFO:root:TEST batch 3 / 5 - Batch time 0 
INFO:root:TEST batch 4 / 5 - partial error 0.8511 - partial loss 0.1577 - partial MRR  0.1224 - partial MAP 0.2503
INFO:root:TEST batch 4 / 5 -  partial tp {0: tensor(0), 1: tensor(131)},fn {0: tensor(769), 1: tensor(0)},fp {0: tensor(0), 1: tensor(769)}
INFO:root:TEST batch 4 / 5 - measures partial microavg - precision 0.1456 - recall 0.1456 - f1 0.1456 
INFO:root:TEST batch 4 / 5 - measures partial for class 0 - precision 0.0000 - recall 0.0000 - f1 0.0000 
INFO:root:TEST batch 4 / 5 - measures partial for class 1 - precision 0.1456 - recall 1.0000 - f1 0.2541 
INFO:root:TEST batch 4 / 5 - Batch time 0 
INFO:root:TEST batch 5 / 5 - partial error 0.8611 - partial loss 0.1577 - partial MRR  0.1159 - partial MAP 0.2448
INFO:root:TEST batch 5 / 5 -  partial tp {0: tensor(0), 1: tensor(89)},fn {0: tensor(811), 1: tensor(0)},fp {0: tensor(0), 1: tensor(811)}
INFO:root:TEST batch 5 / 5 - measures partial microavg - precision 0.0989 - recall 0.0989 - f1 0.0989 
INFO:root:TEST batch 5 / 5 - measures partial for class 0 - precision 0.0000 - recall 0.0000 - f1 0.0000 
INFO:root:TEST batch 5 / 5 - measures partial for class 1 - precision 0.0989 - recall 1.0000 - f1 0.1800 
INFO:root:TEST batch 5 / 5 - Batch time 0 
INFO:root:TEST mean losses tensor(0.1577)
INFO:root:TEST mean errors 0.8611111044883728
INFO:root:TEST mean MRR 0.11586395651102066 - mean MAP 0.2447587549686432
INFO:root:TEST tp {0: tensor(0), 1: tensor(625)},fn {0: tensor(3875), 1: tensor(0)},fp {0: tensor(0), 1: tensor(3875)}
INFO:root:TEST measures microavg - precision 0.1389 - recall 0.1389 - f1 0.1389 
INFO:root:TEST measures for class 0 - precision 0.0000 - recall 0.0000 - f1 0.0000 
INFO:root:TEST measures for class 1 - precision 0.1389 - recall 1.0000 - f1 0.2439 
INFO:root:TEST measures@10 microavg - precision 0.4200 - recall 0.0047 - f1 0.0092 
INFO:root:TEST measures@10 for class 0 - precision 0.0000 - recall 0.0000 - f1 0.0000 
INFO:root:TEST measures@10 for class 1 - precision 0.4200 - recall 0.0336 - f1 0.0622 
INFO:root:TEST measures@100 microavg - precision 0.2620 - recall 0.0291 - f1 0.0524 
INFO:root:TEST measures@100 for class 0 - precision 0.0000 - recall 0.0000 - f1 0.0000 
INFO:root:TEST measures@100 for class 1 - precision 0.2620 - recall 0.2096 - f1 0.2329 
INFO:root:TEST measures@1000 microavg - precision 0.1389 - recall 0.1389 - f1 0.1389 
INFO:root:TEST measures@1000 for class 0 - precision 0.0000 - recall 0.0000 - f1 0.0000 
INFO:root:TEST measures@1000 for class 1 - precision 0.1389 - recall 1.0000 - f1 0.2439 
INFO:root:TEST Total epoch time: 0.1943775999970967
